[1.623s] Invoking command in '/home/haodong/Swarm_Module/Swarm_Module_ws/src/dynamixel_motor': DEBUGINFOD_URLS=https://debuginfod.ubuntu.com PYTHONPATH=/home/haodong/Swarm_Module/Swarm_Module_ws/build/dynamixel_motor/prefix_override:/usr/lib/python3/dist-packages/colcon_core/task/python/colcon_distutils_commands:/home/haodong/Swarm_Module/Swarm_Module_ws/install/dynamixel_motor/lib/python3.12/site-packages:/home/haodong/Swarm_Module/Swarm_Module_ws/install/dynamixel_sdk_custom_interfaces/lib/python3.12/site-packages:/home/haodong/Swarm_Module/Swarm_Module_ws/install/dynamixel_motor/lib/python3.12/site-packages:/home/haodong/ws_moveit/install/moveit_task_constructor_core/lib/python3.12/site-packages:/home/haodong/ws_moveit/install/moveit_task_constructor_msgs/lib/python3.12/site-packages:/home/haodong/ws_moveit/install/moveit_py/lib/python3.12/site-packages:/home/haodong/ws_moveit/install/moveit_msgs/lib/python3.12/site-packages:/home/haodong/ws_moveit/install/moveit_configs_utils/lib/python3.12/site-packages:/home/haodong/ws/franka/install/lib/python3.12/site-packages:/opt/ros/jazzy/lib/python3.12/site-packages /usr/bin/python3 -W ignore:setup.py install is deprecated setup.py egg_info --egg-base ../../build/dynamixel_motor build --build-base /home/haodong/Swarm_Module/Swarm_Module_ws/build/dynamixel_motor/build install --record /home/haodong/Swarm_Module/Swarm_Module_ws/build/dynamixel_motor/install.log --single-version-externally-managed install_data
[2.046s] running egg_info
[2.046s] creating ../../build/dynamixel_motor/dynamixel_motor.egg-info
[2.081s] writing ../../build/dynamixel_motor/dynamixel_motor.egg-info/PKG-INFO
[2.081s] writing dependency_links to ../../build/dynamixel_motor/dynamixel_motor.egg-info/dependency_links.txt
[2.082s] writing entry points to ../../build/dynamixel_motor/dynamixel_motor.egg-info/entry_points.txt
[2.082s] writing requirements to ../../build/dynamixel_motor/dynamixel_motor.egg-info/requires.txt
[2.082s] writing top-level names to ../../build/dynamixel_motor/dynamixel_motor.egg-info/top_level.txt
[2.082s] writing manifest file '../../build/dynamixel_motor/dynamixel_motor.egg-info/SOURCES.txt'
[2.159s] reading manifest file '../../build/dynamixel_motor/dynamixel_motor.egg-info/SOURCES.txt'
[2.159s] adding license file 'LICENSE'
[2.160s] writing manifest file '../../build/dynamixel_motor/dynamixel_motor.egg-info/SOURCES.txt'
[2.160s] running build
[2.160s] running build_py
[2.160s] creating /home/haodong/Swarm_Module/Swarm_Module_ws/build/dynamixel_motor/build
[2.160s] creating /home/haodong/Swarm_Module/Swarm_Module_ws/build/dynamixel_motor/build/lib
[2.161s] creating /home/haodong/Swarm_Module/Swarm_Module_ws/build/dynamixel_motor/build/lib/dynamixel_motor
[2.161s] copying dynamixel_motor/MovementControl.py -> /home/haodong/Swarm_Module/Swarm_Module_ws/build/dynamixel_motor/build/lib/dynamixel_motor
[2.161s] copying dynamixel_motor/__init__.py -> /home/haodong/Swarm_Module/Swarm_Module_ws/build/dynamixel_motor/build/lib/dynamixel_motor
[2.161s] running install
[2.168s] running install_lib
[2.208s] creating /home/haodong/Swarm_Module/Swarm_Module_ws/install/dynamixel_motor/lib/python3.12/site-packages/dynamixel_motor
[2.208s] copying /home/haodong/Swarm_Module/Swarm_Module_ws/build/dynamixel_motor/build/lib/dynamixel_motor/MovementControl.py -> /home/haodong/Swarm_Module/Swarm_Module_ws/install/dynamixel_motor/lib/python3.12/site-packages/dynamixel_motor
[2.208s] copying /home/haodong/Swarm_Module/Swarm_Module_ws/build/dynamixel_motor/build/lib/dynamixel_motor/__init__.py -> /home/haodong/Swarm_Module/Swarm_Module_ws/install/dynamixel_motor/lib/python3.12/site-packages/dynamixel_motor
[2.209s] byte-compiling /home/haodong/Swarm_Module/Swarm_Module_ws/install/dynamixel_motor/lib/python3.12/site-packages/dynamixel_motor/MovementControl.py to MovementControl.cpython-312.pyc
[2.215s] byte-compiling /home/haodong/Swarm_Module/Swarm_Module_ws/install/dynamixel_motor/lib/python3.12/site-packages/dynamixel_motor/__init__.py to __init__.cpython-312.pyc
[2.216s] running install_data
[2.216s] creating /home/haodong/Swarm_Module/Swarm_Module_ws/install/dynamixel_motor/share/ament_index
[2.216s] creating /home/haodong/Swarm_Module/Swarm_Module_ws/install/dynamixel_motor/share/ament_index/resource_index
[2.217s] creating /home/haodong/Swarm_Module/Swarm_Module_ws/install/dynamixel_motor/share/ament_index/resource_index/packages
[2.217s] copying resource/dynamixel_motor -> /home/haodong/Swarm_Module/Swarm_Module_ws/install/dynamixel_motor/share/ament_index/resource_index/packages
[2.217s] copying package.xml -> /home/haodong/Swarm_Module/Swarm_Module_ws/install/dynamixel_motor/share/dynamixel_motor
[2.217s] copying launch/run_module.launch.xml -> /home/haodong/Swarm_Module/Swarm_Module_ws/install/dynamixel_motor/share/dynamixel_motor
[2.217s] running install_egg_info
[2.254s] Copying ../../build/dynamixel_motor/dynamixel_motor.egg-info to /home/haodong/Swarm_Module/Swarm_Module_ws/install/dynamixel_motor/lib/python3.12/site-packages/dynamixel_motor-0.0.0-py3.12.egg-info
[2.255s] running install_scripts
[2.484s] Installing MovementControl script to /home/haodong/Swarm_Module/Swarm_Module_ws/install/dynamixel_motor/lib/dynamixel_motor
[2.484s] writing list of installed files to '/home/haodong/Swarm_Module/Swarm_Module_ws/build/dynamixel_motor/install.log'
[2.509s] Invoked command in '/home/haodong/Swarm_Module/Swarm_Module_ws/src/dynamixel_motor' returned '0': DEBUGINFOD_URLS=https://debuginfod.ubuntu.com PYTHONPATH=/home/haodong/Swarm_Module/Swarm_Module_ws/build/dynamixel_motor/prefix_override:/usr/lib/python3/dist-packages/colcon_core/task/python/colcon_distutils_commands:/home/haodong/Swarm_Module/Swarm_Module_ws/install/dynamixel_motor/lib/python3.12/site-packages:/home/haodong/Swarm_Module/Swarm_Module_ws/install/dynamixel_sdk_custom_interfaces/lib/python3.12/site-packages:/home/haodong/Swarm_Module/Swarm_Module_ws/install/dynamixel_motor/lib/python3.12/site-packages:/home/haodong/ws_moveit/install/moveit_task_constructor_core/lib/python3.12/site-packages:/home/haodong/ws_moveit/install/moveit_task_constructor_msgs/lib/python3.12/site-packages:/home/haodong/ws_moveit/install/moveit_py/lib/python3.12/site-packages:/home/haodong/ws_moveit/install/moveit_msgs/lib/python3.12/site-packages:/home/haodong/ws_moveit/install/moveit_configs_utils/lib/python3.12/site-packages:/home/haodong/ws/franka/install/lib/python3.12/site-packages:/opt/ros/jazzy/lib/python3.12/site-packages /usr/bin/python3 -W ignore:setup.py install is deprecated setup.py egg_info --egg-base ../../build/dynamixel_motor build --build-base /home/haodong/Swarm_Module/Swarm_Module_ws/build/dynamixel_motor/build install --record /home/haodong/Swarm_Module/Swarm_Module_ws/build/dynamixel_motor/install.log --single-version-externally-managed install_data
