[0.021s] Invoking command in '/home/haodong/Swarm_Module/Swarm_Module_ws/build/dynamixel_sdk_custom_interfaces': CMAKE_PREFIX_PATH=${CMAKE_PREFIX_PATH}:/home/haodong/Swarm_Module/Swarm_Module_ws/install/dynamixel_motor:/home/haodong/ws_moveit/install/moveit_configs_utils:/opt/ros/jazzy DEBUGINFOD_URLS=https://debuginfod.ubuntu.com /usr/bin/cmake --build /home/haodong/Swarm_Module/Swarm_Module_ws/build/dynamixel_sdk_custom_interfaces -- -j12 -l12
[0.106s] [  1%] Built target dynamixel_sdk_custom_interfaces__rosidl_generator_type_description
[0.126s] [  1%] Built target ament_cmake_python_copy_dynamixel_sdk_custom_interfaces
[0.146s] [  1%] Built target dynamixel_sdk_custom_interfaces__cpp
[0.156s] [ 27%] Built target dynamixel_sdk_custom_interfaces__rosidl_generator_c
[0.207s] [ 37%] Built target dynamixel_sdk_custom_interfaces__rosidl_typesupport_introspection_c
[0.212s] [ 47%] Built target dynamixel_sdk_custom_interfaces__rosidl_typesupport_c
[0.215s] [ 65%] Built target dynamixel_sdk_custom_interfaces__rosidl_typesupport_cpp
[0.216s] [ 67%] Built target dynamixel_sdk_custom_interfaces__rosidl_typesupport_fastrtps_cpp
[0.220s] [ 76%] Built target dynamixel_sdk_custom_interfaces__rosidl_typesupport_introspection_cpp
[0.224s] [ 85%] Built target dynamixel_sdk_custom_interfaces__rosidl_typesupport_fastrtps_c
[0.264s] [ 85%] Built target dynamixel_sdk_custom_interfaces
[0.304s] [ 86%] Built target dynamixel_sdk_custom_interfaces__py
[0.354s] [ 94%] Built target dynamixel_sdk_custom_interfaces__rosidl_generator_py
[0.397s] [100%] Built target dynamixel_sdk_custom_interfaces_s__rosidl_typesupport_introspection_c
[0.397s] [100%] Built target dynamixel_sdk_custom_interfaces_s__rosidl_typesupport_c
[0.397s] [100%] Built target dynamixel_sdk_custom_interfaces_s__rosidl_typesupport_fastrtps_c
[0.526s] running egg_info
[0.562s] writing dynamixel_sdk_custom_interfaces.egg-info/PKG-INFO
[0.562s] writing dependency_links to dynamixel_sdk_custom_interfaces.egg-info/dependency_links.txt
[0.563s] writing top-level names to dynamixel_sdk_custom_interfaces.egg-info/top_level.txt
[0.664s] reading manifest file 'dynamixel_sdk_custom_interfaces.egg-info/SOURCES.txt'
[0.665s] writing manifest file 'dynamixel_sdk_custom_interfaces.egg-info/SOURCES.txt'
[0.694s] [100%] Built target ament_cmake_python_build_dynamixel_sdk_custom_interfaces_egg
[0.711s] Invoked command in '/home/haodong/Swarm_Module/Swarm_Module_ws/build/dynamixel_sdk_custom_interfaces' returned '0': CMAKE_PREFIX_PATH=${CMAKE_PREFIX_PATH}:/home/haodong/Swarm_Module/Swarm_Module_ws/install/dynamixel_motor:/home/haodong/ws_moveit/install/moveit_configs_utils:/opt/ros/jazzy DEBUGINFOD_URLS=https://debuginfod.ubuntu.com /usr/bin/cmake --build /home/haodong/Swarm_Module/Swarm_Module_ws/build/dynamixel_sdk_custom_interfaces -- -j12 -l12
[2.311s] Invoking command in '/home/haodong/Swarm_Module/Swarm_Module_ws/build/dynamixel_sdk_custom_interfaces': CMAKE_PREFIX_PATH=${CMAKE_PREFIX_PATH}:/home/haodong/Swarm_Module/Swarm_Module_ws/install/dynamixel_motor:/home/haodong/ws_moveit/install/moveit_configs_utils:/opt/ros/jazzy DEBUGINFOD_URLS=https://debuginfod.ubuntu.com /usr/bin/cmake --install /home/haodong/Swarm_Module/Swarm_Module_ws/build/dynamixel_sdk_custom_interfaces
[2.370s] -- Install configuration: ""
[2.371s] -- Up-to-date: /home/haodong/Swarm_Module/Swarm_Module_ws/install/dynamixel_sdk_custom_interfaces/share/ament_index/resource_index/rosidl_interfaces/dynamixel_sdk_custom_interfaces
[2.371s] -- Up-to-date: /home/haodong/Swarm_Module/Swarm_Module_ws/install/dynamixel_sdk_custom_interfaces/share/dynamixel_sdk_custom_interfaces/msg/SetPosition.json
[2.372s] -- Up-to-date: /home/haodong/Swarm_Module/Swarm_Module_ws/install/dynamixel_sdk_custom_interfaces/share/dynamixel_sdk_custom_interfaces/msg/Rolling.json
[2.373s] -- Up-to-date: /home/haodong/Swarm_Module/Swarm_Module_ws/install/dynamixel_sdk_custom_interfaces/share/dynamixel_sdk_custom_interfaces/msg/SetMode.json
[2.374s] -- Up-to-date: /home/haodong/Swarm_Module/Swarm_Module_ws/install/dynamixel_sdk_custom_interfaces/share/dynamixel_sdk_custom_interfaces/srv/GetPosition.json
[2.374s] -- Up-to-date: /home/haodong/Swarm_Module/Swarm_Module_ws/install/dynamixel_sdk_custom_interfaces/share/dynamixel_sdk_custom_interfaces/srv/SetVelocity.json
[2.375s] -- Up-to-date: /home/haodong/Swarm_Module/Swarm_Module_ws/install/dynamixel_sdk_custom_interfaces/share/dynamixel_sdk_custom_interfaces/srv/SetExtension.json
[2.375s] -- Up-to-date: /home/haodong/Swarm_Module/Swarm_Module_ws/install/dynamixel_sdk_custom_interfaces/share/dynamixel_sdk_custom_interfaces/srv/SetBending.json
[2.375s] -- Up-to-date: /home/haodong/Swarm_Module/Swarm_Module_ws/install/dynamixel_sdk_custom_interfaces/share/dynamixel_sdk_custom_interfaces/srv/Movement.json
[2.376s] -- Up-to-date: /home/haodong/Swarm_Module/Swarm_Module_ws/install/dynamixel_sdk_custom_interfaces/share/dynamixel_sdk_custom_interfaces/srv/SetTwisting.json
[2.376s] -- Up-to-date: /home/haodong/Swarm_Module/Swarm_Module_ws/install/dynamixel_sdk_custom_interfaces/include/dynamixel_sdk_custom_interfaces/dynamixel_sdk_custom_interfaces
[2.376s] -- Up-to-date: /home/haodong/Swarm_Module/Swarm_Module_ws/install/dynamixel_sdk_custom_interfaces/include/dynamixel_sdk_custom_interfaces/dynamixel_sdk_custom_interfaces/msg
[2.377s] -- Up-to-date: /home/haodong/Swarm_Module/Swarm_Module_ws/install/dynamixel_sdk_custom_interfaces/include/dynamixel_sdk_custom_interfaces/dynamixel_sdk_custom_interfaces/msg/rosidl_generator_c__visibility_control.h
[2.377s] -- Up-to-date: /home/haodong/Swarm_Module/Swarm_Module_ws/install/dynamixel_sdk_custom_interfaces/include/dynamixel_sdk_custom_interfaces/dynamixel_sdk_custom_interfaces/msg/set_mode.h
[2.378s] -- Up-to-date: /home/haodong/Swarm_Module/Swarm_Module_ws/install/dynamixel_sdk_custom_interfaces/include/dynamixel_sdk_custom_interfaces/dynamixel_sdk_custom_interfaces/msg/set_position.h
[2.378s] -- Up-to-date: /home/haodong/Swarm_Module/Swarm_Module_ws/install/dynamixel_sdk_custom_interfaces/include/dynamixel_sdk_custom_interfaces/dynamixel_sdk_custom_interfaces/msg/detail
[2.379s] -- Up-to-date: /home/haodong/Swarm_Module/Swarm_Module_ws/install/dynamixel_sdk_custom_interfaces/include/dynamixel_sdk_custom_interfaces/dynamixel_sdk_custom_interfaces/msg/detail/set_mode__type_support.h
[2.379s] -- Up-to-date: /home/haodong/Swarm_Module/Swarm_Module_ws/install/dynamixel_sdk_custom_interfaces/include/dynamixel_sdk_custom_interfaces/dynamixel_sdk_custom_interfaces/msg/detail/rolling__type_support.h
[2.380s] -- Up-to-date: /home/haodong/Swarm_Module/Swarm_Module_ws/install/dynamixel_sdk_custom_interfaces/include/dynamixel_sdk_custom_interfaces/dynamixel_sdk_custom_interfaces/msg/detail/set_mode__functions.h
[2.380s] -- Installing: /home/haodong/Swarm_Module/Swarm_Module_ws/install/dynamixel_sdk_custom_interfaces/include/dynamixel_sdk_custom_interfaces/dynamixel_sdk_custom_interfaces/msg/detail/set_position__type_support.c
[2.380s] -- Up-to-date: /home/haodong/Swarm_Module/Swarm_Module_ws/install/dynamixel_sdk_custom_interfaces/include/dynamixel_sdk_custom_interfaces/dynamixel_sdk_custom_interfaces/msg/detail/set_position__type_support.h
[2.381s] -- Up-to-date: /home/haodong/Swarm_Module/Swarm_Module_ws/install/dynamixel_sdk_custom_interfaces/include/dynamixel_sdk_custom_interfaces/dynamixel_sdk_custom_interfaces/msg/detail/rolling__functions.h
[2.381s] -- Up-to-date: /home/haodong/Swarm_Module/Swarm_Module_ws/install/dynamixel_sdk_custom_interfaces/include/dynamixel_sdk_custom_interfaces/dynamixel_sdk_custom_interfaces/msg/detail/set_mode__functions.c
[2.381s] -- Up-to-date: /home/haodong/Swarm_Module/Swarm_Module_ws/install/dynamixel_sdk_custom_interfaces/include/dynamixel_sdk_custom_interfaces/dynamixel_sdk_custom_interfaces/msg/detail/set_position__struct.h
[2.382s] -- Up-to-date: /home/haodong/Swarm_Module/Swarm_Module_ws/install/dynamixel_sdk_custom_interfaces/include/dynamixel_sdk_custom_interfaces/dynamixel_sdk_custom_interfaces/msg/detail/set_mode__description.c
[2.382s] -- Up-to-date: /home/haodong/Swarm_Module/Swarm_Module_ws/install/dynamixel_sdk_custom_interfaces/include/dynamixel_sdk_custom_interfaces/dynamixel_sdk_custom_interfaces/msg/detail/set_position__functions.h
[2.383s] -- Up-to-date: /home/haodong/Swarm_Module/Swarm_Module_ws/install/dynamixel_sdk_custom_interfaces/include/dynamixel_sdk_custom_interfaces/dynamixel_sdk_custom_interfaces/msg/detail/set_mode__struct.h
[2.383s] -- Up-to-date: /home/haodong/Swarm_Module/Swarm_Module_ws/install/dynamixel_sdk_custom_interfaces/include/dynamixel_sdk_custom_interfaces/dynamixel_sdk_custom_interfaces/msg/detail/set_position__description.c
[2.383s] -- Installing: /home/haodong/Swarm_Module/Swarm_Module_ws/install/dynamixel_sdk_custom_interfaces/include/dynamixel_sdk_custom_interfaces/dynamixel_sdk_custom_interfaces/msg/detail/set_mode__type_support.c
[2.384s] -- Up-to-date: /home/haodong/Swarm_Module/Swarm_Module_ws/install/dynamixel_sdk_custom_interfaces/include/dynamixel_sdk_custom_interfaces/dynamixel_sdk_custom_interfaces/msg/detail/set_position__functions.c
[2.384s] -- Up-to-date: /home/haodong/Swarm_Module/Swarm_Module_ws/install/dynamixel_sdk_custom_interfaces/include/dynamixel_sdk_custom_interfaces/dynamixel_sdk_custom_interfaces/msg/detail/rolling__description.c
[2.384s] -- Up-to-date: /home/haodong/Swarm_Module/Swarm_Module_ws/install/dynamixel_sdk_custom_interfaces/include/dynamixel_sdk_custom_interfaces/dynamixel_sdk_custom_interfaces/msg/detail/rolling__functions.c
[2.386s] -- Up-to-date: /home/haodong/Swarm_Module/Swarm_Module_ws/install/dynamixel_sdk_custom_interfaces/include/dynamixel_sdk_custom_interfaces/dynamixel_sdk_custom_interfaces/msg/detail/rolling__type_support.c
[2.386s] -- Up-to-date: /home/haodong/Swarm_Module/Swarm_Module_ws/install/dynamixel_sdk_custom_interfaces/include/dynamixel_sdk_custom_interfaces/dynamixel_sdk_custom_interfaces/msg/detail/rolling__struct.h
[2.387s] -- Up-to-date: /home/haodong/Swarm_Module/Swarm_Module_ws/install/dynamixel_sdk_custom_interfaces/include/dynamixel_sdk_custom_interfaces/dynamixel_sdk_custom_interfaces/msg/rolling.h
[2.388s] -- Up-to-date: /home/haodong/Swarm_Module/Swarm_Module_ws/install/dynamixel_sdk_custom_interfaces/include/dynamixel_sdk_custom_interfaces/dynamixel_sdk_custom_interfaces/srv
[2.388s] -- Up-to-date: /home/haodong/Swarm_Module/Swarm_Module_ws/install/dynamixel_sdk_custom_interfaces/include/dynamixel_sdk_custom_interfaces/dynamixel_sdk_custom_interfaces/srv/movement.h
[2.389s] -- Up-to-date: /home/haodong/Swarm_Module/Swarm_Module_ws/install/dynamixel_sdk_custom_interfaces/include/dynamixel_sdk_custom_interfaces/dynamixel_sdk_custom_interfaces/srv/detail
[2.389s] -- Installing: /home/haodong/Swarm_Module/Swarm_Module_ws/install/dynamixel_sdk_custom_interfaces/include/dynamixel_sdk_custom_interfaces/dynamixel_sdk_custom_interfaces/srv/detail/set_bending__type_support.c
[2.390s] -- Up-to-date: /home/haodong/Swarm_Module/Swarm_Module_ws/install/dynamixel_sdk_custom_interfaces/include/dynamixel_sdk_custom_interfaces/dynamixel_sdk_custom_interfaces/srv/detail/set_extension__description.c
[2.390s] -- Up-to-date: /home/haodong/Swarm_Module/Swarm_Module_ws/install/dynamixel_sdk_custom_interfaces/include/dynamixel_sdk_custom_interfaces/dynamixel_sdk_custom_interfaces/srv/detail/set_velocity__functions.h
[2.391s] -- Installing: /home/haodong/Swarm_Module/Swarm_Module_ws/install/dynamixel_sdk_custom_interfaces/include/dynamixel_sdk_custom_interfaces/dynamixel_sdk_custom_interfaces/srv/detail/set_twisting__type_support.c
[2.391s] -- Up-to-date: /home/haodong/Swarm_Module/Swarm_Module_ws/install/dynamixel_sdk_custom_interfaces/include/dynamixel_sdk_custom_interfaces/dynamixel_sdk_custom_interfaces/srv/detail/get_position__type_support.h
[2.391s] -- Up-to-date: /home/haodong/Swarm_Module/Swarm_Module_ws/install/dynamixel_sdk_custom_interfaces/include/dynamixel_sdk_custom_interfaces/dynamixel_sdk_custom_interfaces/srv/detail/set_bending__functions.h
[2.392s] -- Up-to-date: /home/haodong/Swarm_Module/Swarm_Module_ws/install/dynamixel_sdk_custom_interfaces/include/dynamixel_sdk_custom_interfaces/dynamixel_sdk_custom_interfaces/srv/detail/get_position__description.c
[2.392s] -- Up-to-date: /home/haodong/Swarm_Module/Swarm_Module_ws/install/dynamixel_sdk_custom_interfaces/include/dynamixel_sdk_custom_interfaces/dynamixel_sdk_custom_interfaces/srv/detail/set_bending__struct.h
[2.393s] -- Up-to-date: /home/haodong/Swarm_Module/Swarm_Module_ws/install/dynamixel_sdk_custom_interfaces/include/dynamixel_sdk_custom_interfaces/dynamixel_sdk_custom_interfaces/srv/detail/get_position__functions.c
[2.393s] -- Up-to-date: /home/haodong/Swarm_Module/Swarm_Module_ws/install/dynamixel_sdk_custom_interfaces/include/dynamixel_sdk_custom_interfaces/dynamixel_sdk_custom_interfaces/srv/detail/movement__struct.h
[2.394s] -- Up-to-date: /home/haodong/Swarm_Module/Swarm_Module_ws/install/dynamixel_sdk_custom_interfaces/include/dynamixel_sdk_custom_interfaces/dynamixel_sdk_custom_interfaces/srv/detail/set_velocity__functions.c
[2.394s] -- Up-to-date: /home/haodong/Swarm_Module/Swarm_Module_ws/install/dynamixel_sdk_custom_interfaces/include/dynamixel_sdk_custom_interfaces/dynamixel_sdk_custom_interfaces/srv/detail/movement__type_support.h
[2.394s] -- Up-to-date: /home/haodong/Swarm_Module/Swarm_Module_ws/install/dynamixel_sdk_custom_interfaces/include/dynamixel_sdk_custom_interfaces/dynamixel_sdk_custom_interfaces/srv/detail/set_velocity__description.c
[2.395s] -- Up-to-date: /home/haodong/Swarm_Module/Swarm_Module_ws/install/dynamixel_sdk_custom_interfaces/include/dynamixel_sdk_custom_interfaces/dynamixel_sdk_custom_interfaces/srv/detail/set_velocity__type_support.c
[2.396s] -- Up-to-date: /home/haodong/Swarm_Module/Swarm_Module_ws/install/dynamixel_sdk_custom_interfaces/include/dynamixel_sdk_custom_interfaces/dynamixel_sdk_custom_interfaces/srv/detail/set_velocity__struct.h
[2.396s] -- Up-to-date: /home/haodong/Swarm_Module/Swarm_Module_ws/install/dynamixel_sdk_custom_interfaces/include/dynamixel_sdk_custom_interfaces/dynamixel_sdk_custom_interfaces/srv/detail/movement__description.c
[2.397s] -- Up-to-date: /home/haodong/Swarm_Module/Swarm_Module_ws/install/dynamixel_sdk_custom_interfaces/include/dynamixel_sdk_custom_interfaces/dynamixel_sdk_custom_interfaces/srv/detail/set_velocity__type_support.h
[2.397s] -- Up-to-date: /home/haodong/Swarm_Module/Swarm_Module_ws/install/dynamixel_sdk_custom_interfaces/include/dynamixel_sdk_custom_interfaces/dynamixel_sdk_custom_interfaces/srv/detail/movement__functions.h
[2.397s] -- Installing: /home/haodong/Swarm_Module/Swarm_Module_ws/install/dynamixel_sdk_custom_interfaces/include/dynamixel_sdk_custom_interfaces/dynamixel_sdk_custom_interfaces/srv/detail/set_extension__type_support.c
[2.398s] -- Up-to-date: /home/haodong/Swarm_Module/Swarm_Module_ws/install/dynamixel_sdk_custom_interfaces/include/dynamixel_sdk_custom_interfaces/dynamixel_sdk_custom_interfaces/srv/detail/set_twisting__functions.h
[2.398s] -- Up-to-date: /home/haodong/Swarm_Module/Swarm_Module_ws/install/dynamixel_sdk_custom_interfaces/include/dynamixel_sdk_custom_interfaces/dynamixel_sdk_custom_interfaces/srv/detail/set_twisting__functions.c
[2.398s] -- Up-to-date: /home/haodong/Swarm_Module/Swarm_Module_ws/install/dynamixel_sdk_custom_interfaces/include/dynamixel_sdk_custom_interfaces/dynamixel_sdk_custom_interfaces/srv/detail/set_twisting__type_support.h
[2.399s] -- Up-to-date: /home/haodong/Swarm_Module/Swarm_Module_ws/install/dynamixel_sdk_custom_interfaces/include/dynamixel_sdk_custom_interfaces/dynamixel_sdk_custom_interfaces/srv/detail/set_bending__type_support.h
[2.399s] -- Up-to-date: /home/haodong/Swarm_Module/Swarm_Module_ws/install/dynamixel_sdk_custom_interfaces/include/dynamixel_sdk_custom_interfaces/dynamixel_sdk_custom_interfaces/srv/detail/set_extension__struct.h
[2.400s] -- Up-to-date: /home/haodong/Swarm_Module/Swarm_Module_ws/install/dynamixel_sdk_custom_interfaces/include/dynamixel_sdk_custom_interfaces/dynamixel_sdk_custom_interfaces/srv/detail/movement__functions.c
[2.400s] -- Up-to-date: /home/haodong/Swarm_Module/Swarm_Module_ws/install/dynamixel_sdk_custom_interfaces/include/dynamixel_sdk_custom_interfaces/dynamixel_sdk_custom_interfaces/srv/detail/set_bending__functions.c
[2.400s] -- Up-to-date: /home/haodong/Swarm_Module/Swarm_Module_ws/install/dynamixel_sdk_custom_interfaces/include/dynamixel_sdk_custom_interfaces/dynamixel_sdk_custom_interfaces/srv/detail/set_twisting__struct.h
[2.401s] -- Installing: /home/haodong/Swarm_Module/Swarm_Module_ws/install/dynamixel_sdk_custom_interfaces/include/dynamixel_sdk_custom_interfaces/dynamixel_sdk_custom_interfaces/srv/detail/movement__type_support.c
[2.402s] -- Up-to-date: /home/haodong/Swarm_Module/Swarm_Module_ws/install/dynamixel_sdk_custom_interfaces/include/dynamixel_sdk_custom_interfaces/dynamixel_sdk_custom_interfaces/srv/detail/set_twisting__description.c
[2.402s] -- Up-to-date: /home/haodong/Swarm_Module/Swarm_Module_ws/install/dynamixel_sdk_custom_interfaces/include/dynamixel_sdk_custom_interfaces/dynamixel_sdk_custom_interfaces/srv/detail/get_position__struct.h
[2.402s] -- Up-to-date: /home/haodong/Swarm_Module/Swarm_Module_ws/install/dynamixel_sdk_custom_interfaces/include/dynamixel_sdk_custom_interfaces/dynamixel_sdk_custom_interfaces/srv/detail/set_extension__type_support.h
[2.403s] -- Up-to-date: /home/haodong/Swarm_Module/Swarm_Module_ws/install/dynamixel_sdk_custom_interfaces/include/dynamixel_sdk_custom_interfaces/dynamixel_sdk_custom_interfaces/srv/detail/set_bending__description.c
[2.403s] -- Up-to-date: /home/haodong/Swarm_Module/Swarm_Module_ws/install/dynamixel_sdk_custom_interfaces/include/dynamixel_sdk_custom_interfaces/dynamixel_sdk_custom_interfaces/srv/detail/set_extension__functions.h
[2.404s] -- Installing: /home/haodong/Swarm_Module/Swarm_Module_ws/install/dynamixel_sdk_custom_interfaces/include/dynamixel_sdk_custom_interfaces/dynamixel_sdk_custom_interfaces/srv/detail/get_position__type_support.c
[2.404s] -- Up-to-date: /home/haodong/Swarm_Module/Swarm_Module_ws/install/dynamixel_sdk_custom_interfaces/include/dynamixel_sdk_custom_interfaces/dynamixel_sdk_custom_interfaces/srv/detail/set_extension__functions.c
[2.404s] -- Up-to-date: /home/haodong/Swarm_Module/Swarm_Module_ws/install/dynamixel_sdk_custom_interfaces/include/dynamixel_sdk_custom_interfaces/dynamixel_sdk_custom_interfaces/srv/detail/get_position__functions.h
[2.406s] -- Up-to-date: /home/haodong/Swarm_Module/Swarm_Module_ws/install/dynamixel_sdk_custom_interfaces/include/dynamixel_sdk_custom_interfaces/dynamixel_sdk_custom_interfaces/srv/set_bending.h
[2.407s] -- Up-to-date: /home/haodong/Swarm_Module/Swarm_Module_ws/install/dynamixel_sdk_custom_interfaces/include/dynamixel_sdk_custom_interfaces/dynamixel_sdk_custom_interfaces/srv/set_extension.h
[2.408s] -- Up-to-date: /home/haodong/Swarm_Module/Swarm_Module_ws/install/dynamixel_sdk_custom_interfaces/include/dynamixel_sdk_custom_interfaces/dynamixel_sdk_custom_interfaces/srv/set_twisting.h
[2.408s] -- Up-to-date: /home/haodong/Swarm_Module/Swarm_Module_ws/install/dynamixel_sdk_custom_interfaces/include/dynamixel_sdk_custom_interfaces/dynamixel_sdk_custom_interfaces/srv/get_position.h
[2.409s] -- Up-to-date: /home/haodong/Swarm_Module/Swarm_Module_ws/install/dynamixel_sdk_custom_interfaces/include/dynamixel_sdk_custom_interfaces/dynamixel_sdk_custom_interfaces/srv/set_velocity.h
[2.409s] -- Up-to-date: /home/haodong/Swarm_Module/Swarm_Module_ws/install/dynamixel_sdk_custom_interfaces/share/dynamixel_sdk_custom_interfaces/environment/library_path.sh
[2.410s] -- Up-to-date: /home/haodong/Swarm_Module/Swarm_Module_ws/install/dynamixel_sdk_custom_interfaces/share/dynamixel_sdk_custom_interfaces/environment/library_path.dsv
[2.410s] -- Up-to-date: /home/haodong/Swarm_Module/Swarm_Module_ws/install/dynamixel_sdk_custom_interfaces/lib/libdynamixel_sdk_custom_interfaces__rosidl_generator_c.so
[2.410s] -- Up-to-date: /home/haodong/Swarm_Module/Swarm_Module_ws/install/dynamixel_sdk_custom_interfaces/include/dynamixel_sdk_custom_interfaces/dynamixel_sdk_custom_interfaces
[2.411s] -- Up-to-date: /home/haodong/Swarm_Module/Swarm_Module_ws/install/dynamixel_sdk_custom_interfaces/include/dynamixel_sdk_custom_interfaces/dynamixel_sdk_custom_interfaces/msg
[2.411s] -- Up-to-date: /home/haodong/Swarm_Module/Swarm_Module_ws/install/dynamixel_sdk_custom_interfaces/include/dynamixel_sdk_custom_interfaces/dynamixel_sdk_custom_interfaces/msg/rosidl_typesupport_fastrtps_c__visibility_control.h
[2.412s] -- Up-to-date: /home/haodong/Swarm_Module/Swarm_Module_ws/install/dynamixel_sdk_custom_interfaces/include/dynamixel_sdk_custom_interfaces/dynamixel_sdk_custom_interfaces/msg/detail
[2.412s] -- Up-to-date: /home/haodong/Swarm_Module/Swarm_Module_ws/install/dynamixel_sdk_custom_interfaces/include/dynamixel_sdk_custom_interfaces/dynamixel_sdk_custom_interfaces/msg/detail/rolling__rosidl_typesupport_fastrtps_c.h
[2.412s] -- Up-to-date: /home/haodong/Swarm_Module/Swarm_Module_ws/install/dynamixel_sdk_custom_interfaces/include/dynamixel_sdk_custom_interfaces/dynamixel_sdk_custom_interfaces/msg/detail/set_mode__rosidl_typesupport_fastrtps_c.h
[2.413s] -- Up-to-date: /home/haodong/Swarm_Module/Swarm_Module_ws/install/dynamixel_sdk_custom_interfaces/include/dynamixel_sdk_custom_interfaces/dynamixel_sdk_custom_interfaces/msg/detail/set_position__rosidl_typesupport_fastrtps_c.h
[2.413s] -- Up-to-date: /home/haodong/Swarm_Module/Swarm_Module_ws/install/dynamixel_sdk_custom_interfaces/include/dynamixel_sdk_custom_interfaces/dynamixel_sdk_custom_interfaces/srv
[2.413s] -- Up-to-date: /home/haodong/Swarm_Module/Swarm_Module_ws/install/dynamixel_sdk_custom_interfaces/include/dynamixel_sdk_custom_interfaces/dynamixel_sdk_custom_interfaces/srv/detail
[2.414s] -- Up-to-date: /home/haodong/Swarm_Module/Swarm_Module_ws/install/dynamixel_sdk_custom_interfaces/include/dynamixel_sdk_custom_interfaces/dynamixel_sdk_custom_interfaces/srv/detail/set_velocity__rosidl_typesupport_fastrtps_c.h
[2.414s] -- Up-to-date: /home/haodong/Swarm_Module/Swarm_Module_ws/install/dynamixel_sdk_custom_interfaces/include/dynamixel_sdk_custom_interfaces/dynamixel_sdk_custom_interfaces/srv/detail/set_twisting__rosidl_typesupport_fastrtps_c.h
[2.415s] -- Up-to-date: /home/haodong/Swarm_Module/Swarm_Module_ws/install/dynamixel_sdk_custom_interfaces/include/dynamixel_sdk_custom_interfaces/dynamixel_sdk_custom_interfaces/srv/detail/set_extension__rosidl_typesupport_fastrtps_c.h
[2.415s] -- Up-to-date: /home/haodong/Swarm_Module/Swarm_Module_ws/install/dynamixel_sdk_custom_interfaces/include/dynamixel_sdk_custom_interfaces/dynamixel_sdk_custom_interfaces/srv/detail/movement__rosidl_typesupport_fastrtps_c.h
[2.416s] -- Up-to-date: /home/haodong/Swarm_Module/Swarm_Module_ws/install/dynamixel_sdk_custom_interfaces/include/dynamixel_sdk_custom_interfaces/dynamixel_sdk_custom_interfaces/srv/detail/set_bending__rosidl_typesupport_fastrtps_c.h
[2.417s] -- Up-to-date: /home/haodong/Swarm_Module/Swarm_Module_ws/install/dynamixel_sdk_custom_interfaces/include/dynamixel_sdk_custom_interfaces/dynamixel_sdk_custom_interfaces/srv/detail/get_position__rosidl_typesupport_fastrtps_c.h
[2.418s] -- Up-to-date: /home/haodong/Swarm_Module/Swarm_Module_ws/install/dynamixel_sdk_custom_interfaces/lib/libdynamixel_sdk_custom_interfaces__rosidl_typesupport_fastrtps_c.so
[2.418s] -- Up-to-date: /home/haodong/Swarm_Module/Swarm_Module_ws/install/dynamixel_sdk_custom_interfaces/include/dynamixel_sdk_custom_interfaces/dynamixel_sdk_custom_interfaces
[2.419s] -- Up-to-date: /home/haodong/Swarm_Module/Swarm_Module_ws/install/dynamixel_sdk_custom_interfaces/include/dynamixel_sdk_custom_interfaces/dynamixel_sdk_custom_interfaces/msg
[2.419s] -- Up-to-date: /home/haodong/Swarm_Module/Swarm_Module_ws/install/dynamixel_sdk_custom_interfaces/include/dynamixel_sdk_custom_interfaces/dynamixel_sdk_custom_interfaces/msg/set_mode.hpp
[2.420s] -- Up-to-date: /home/haodong/Swarm_Module/Swarm_Module_ws/install/dynamixel_sdk_custom_interfaces/include/dynamixel_sdk_custom_interfaces/dynamixel_sdk_custom_interfaces/msg/set_position.hpp
[2.420s] -- Up-to-date: /home/haodong/Swarm_Module/Swarm_Module_ws/install/dynamixel_sdk_custom_interfaces/include/dynamixel_sdk_custom_interfaces/dynamixel_sdk_custom_interfaces/msg/rolling.hpp
[2.420s] -- Up-to-date: /home/haodong/Swarm_Module/Swarm_Module_ws/install/dynamixel_sdk_custom_interfaces/include/dynamixel_sdk_custom_interfaces/dynamixel_sdk_custom_interfaces/msg/detail
[2.421s] -- Up-to-date: /home/haodong/Swarm_Module/Swarm_Module_ws/install/dynamixel_sdk_custom_interfaces/include/dynamixel_sdk_custom_interfaces/dynamixel_sdk_custom_interfaces/msg/detail/set_mode__type_support.hpp
[2.421s] -- Up-to-date: /home/haodong/Swarm_Module/Swarm_Module_ws/install/dynamixel_sdk_custom_interfaces/include/dynamixel_sdk_custom_interfaces/dynamixel_sdk_custom_interfaces/msg/detail/rolling__type_support.hpp
[2.422s] -- Up-to-date: /home/haodong/Swarm_Module/Swarm_Module_ws/install/dynamixel_sdk_custom_interfaces/include/dynamixel_sdk_custom_interfaces/dynamixel_sdk_custom_interfaces/msg/detail/set_mode__traits.hpp
[2.422s] -- Up-to-date: /home/haodong/Swarm_Module/Swarm_Module_ws/install/dynamixel_sdk_custom_interfaces/include/dynamixel_sdk_custom_interfaces/dynamixel_sdk_custom_interfaces/msg/detail/rolling__struct.hpp
[2.423s] -- Up-to-date: /home/haodong/Swarm_Module/Swarm_Module_ws/install/dynamixel_sdk_custom_interfaces/include/dynamixel_sdk_custom_interfaces/dynamixel_sdk_custom_interfaces/msg/detail/set_position__builder.hpp
[2.423s] -- Up-to-date: /home/haodong/Swarm_Module/Swarm_Module_ws/install/dynamixel_sdk_custom_interfaces/include/dynamixel_sdk_custom_interfaces/dynamixel_sdk_custom_interfaces/msg/detail/rolling__traits.hpp
[2.423s] -- Up-to-date: /home/haodong/Swarm_Module/Swarm_Module_ws/install/dynamixel_sdk_custom_interfaces/include/dynamixel_sdk_custom_interfaces/dynamixel_sdk_custom_interfaces/msg/detail/set_position__traits.hpp
[2.424s] -- Up-to-date: /home/haodong/Swarm_Module/Swarm_Module_ws/install/dynamixel_sdk_custom_interfaces/include/dynamixel_sdk_custom_interfaces/dynamixel_sdk_custom_interfaces/msg/detail/set_mode__builder.hpp
[2.424s] -- Up-to-date: /home/haodong/Swarm_Module/Swarm_Module_ws/install/dynamixel_sdk_custom_interfaces/include/dynamixel_sdk_custom_interfaces/dynamixel_sdk_custom_interfaces/msg/detail/set_position__struct.hpp
[2.424s] -- Up-to-date: /home/haodong/Swarm_Module/Swarm_Module_ws/install/dynamixel_sdk_custom_interfaces/include/dynamixel_sdk_custom_interfaces/dynamixel_sdk_custom_interfaces/msg/detail/set_mode__struct.hpp
[2.425s] -- Up-to-date: /home/haodong/Swarm_Module/Swarm_Module_ws/install/dynamixel_sdk_custom_interfaces/include/dynamixel_sdk_custom_interfaces/dynamixel_sdk_custom_interfaces/msg/detail/rolling__builder.hpp
[2.425s] -- Up-to-date: /home/haodong/Swarm_Module/Swarm_Module_ws/install/dynamixel_sdk_custom_interfaces/include/dynamixel_sdk_custom_interfaces/dynamixel_sdk_custom_interfaces/msg/detail/set_position__type_support.hpp
[2.426s] -- Up-to-date: /home/haodong/Swarm_Module/Swarm_Module_ws/install/dynamixel_sdk_custom_interfaces/include/dynamixel_sdk_custom_interfaces/dynamixel_sdk_custom_interfaces/msg/rosidl_generator_cpp__visibility_control.hpp
[2.426s] -- Up-to-date: /home/haodong/Swarm_Module/Swarm_Module_ws/install/dynamixel_sdk_custom_interfaces/include/dynamixel_sdk_custom_interfaces/dynamixel_sdk_custom_interfaces/srv
[2.426s] -- Up-to-date: /home/haodong/Swarm_Module/Swarm_Module_ws/install/dynamixel_sdk_custom_interfaces/include/dynamixel_sdk_custom_interfaces/dynamixel_sdk_custom_interfaces/srv/movement.hpp
[2.427s] -- Up-to-date: /home/haodong/Swarm_Module/Swarm_Module_ws/install/dynamixel_sdk_custom_interfaces/include/dynamixel_sdk_custom_interfaces/dynamixel_sdk_custom_interfaces/srv/get_position.hpp
[2.427s] -- Up-to-date: /home/haodong/Swarm_Module/Swarm_Module_ws/install/dynamixel_sdk_custom_interfaces/include/dynamixel_sdk_custom_interfaces/dynamixel_sdk_custom_interfaces/srv/set_twisting.hpp
[2.427s] -- Up-to-date: /home/haodong/Swarm_Module/Swarm_Module_ws/install/dynamixel_sdk_custom_interfaces/include/dynamixel_sdk_custom_interfaces/dynamixel_sdk_custom_interfaces/srv/set_velocity.hpp
[2.428s] -- Up-to-date: /home/haodong/Swarm_Module/Swarm_Module_ws/install/dynamixel_sdk_custom_interfaces/include/dynamixel_sdk_custom_interfaces/dynamixel_sdk_custom_interfaces/srv/detail
[2.428s] -- Up-to-date: /home/haodong/Swarm_Module/Swarm_Module_ws/install/dynamixel_sdk_custom_interfaces/include/dynamixel_sdk_custom_interfaces/dynamixel_sdk_custom_interfaces/srv/detail/movement__struct.hpp
[2.429s] -- Up-to-date: /home/haodong/Swarm_Module/Swarm_Module_ws/install/dynamixel_sdk_custom_interfaces/include/dynamixel_sdk_custom_interfaces/dynamixel_sdk_custom_interfaces/srv/detail/movement__type_support.hpp
[2.429s] -- Up-to-date: /home/haodong/Swarm_Module/Swarm_Module_ws/install/dynamixel_sdk_custom_interfaces/include/dynamixel_sdk_custom_interfaces/dynamixel_sdk_custom_interfaces/srv/detail/set_velocity__struct.hpp
[2.429s] -- Up-to-date: /home/haodong/Swarm_Module/Swarm_Module_ws/install/dynamixel_sdk_custom_interfaces/include/dynamixel_sdk_custom_interfaces/dynamixel_sdk_custom_interfaces/srv/detail/set_twisting__type_support.hpp
[2.430s] -- Up-to-date: /home/haodong/Swarm_Module/Swarm_Module_ws/install/dynamixel_sdk_custom_interfaces/include/dynamixel_sdk_custom_interfaces/dynamixel_sdk_custom_interfaces/srv/detail/set_twisting__traits.hpp
[2.430s] -- Up-to-date: /home/haodong/Swarm_Module/Swarm_Module_ws/install/dynamixel_sdk_custom_interfaces/include/dynamixel_sdk_custom_interfaces/dynamixel_sdk_custom_interfaces/srv/detail/set_twisting__builder.hpp
[2.431s] -- Up-to-date: /home/haodong/Swarm_Module/Swarm_Module_ws/install/dynamixel_sdk_custom_interfaces/include/dynamixel_sdk_custom_interfaces/dynamixel_sdk_custom_interfaces/srv/detail/set_bending__type_support.hpp
[2.431s] -- Up-to-date: /home/haodong/Swarm_Module/Swarm_Module_ws/install/dynamixel_sdk_custom_interfaces/include/dynamixel_sdk_custom_interfaces/dynamixel_sdk_custom_interfaces/srv/detail/set_extension__builder.hpp
[2.431s] -- Up-to-date: /home/haodong/Swarm_Module/Swarm_Module_ws/install/dynamixel_sdk_custom_interfaces/include/dynamixel_sdk_custom_interfaces/dynamixel_sdk_custom_interfaces/srv/detail/set_velocity__traits.hpp
[2.432s] -- Up-to-date: /home/haodong/Swarm_Module/Swarm_Module_ws/install/dynamixel_sdk_custom_interfaces/include/dynamixel_sdk_custom_interfaces/dynamixel_sdk_custom_interfaces/srv/detail/movement__traits.hpp
[2.432s] -- Up-to-date: /home/haodong/Swarm_Module/Swarm_Module_ws/install/dynamixel_sdk_custom_interfaces/include/dynamixel_sdk_custom_interfaces/dynamixel_sdk_custom_interfaces/srv/detail/get_position__struct.hpp
[2.432s] -- Up-to-date: /home/haodong/Swarm_Module/Swarm_Module_ws/install/dynamixel_sdk_custom_interfaces/include/dynamixel_sdk_custom_interfaces/dynamixel_sdk_custom_interfaces/srv/detail/get_position__traits.hpp
[2.432s] -- Up-to-date: /home/haodong/Swarm_Module/Swarm_Module_ws/install/dynamixel_sdk_custom_interfaces/include/dynamixel_sdk_custom_interfaces/dynamixel_sdk_custom_interfaces/srv/detail/get_position__builder.hpp
[2.433s] -- Up-to-date: /home/haodong/Swarm_Module/Swarm_Module_ws/install/dynamixel_sdk_custom_interfaces/include/dynamixel_sdk_custom_interfaces/dynamixel_sdk_custom_interfaces/srv/detail/movement__builder.hpp
[2.433s] -- Up-to-date: /home/haodong/Swarm_Module/Swarm_Module_ws/install/dynamixel_sdk_custom_interfaces/include/dynamixel_sdk_custom_interfaces/dynamixel_sdk_custom_interfaces/srv/detail/set_extension__traits.hpp
[2.434s] -- Up-to-date: /home/haodong/Swarm_Module/Swarm_Module_ws/install/dynamixel_sdk_custom_interfaces/include/dynamixel_sdk_custom_interfaces/dynamixel_sdk_custom_interfaces/srv/detail/set_velocity__type_support.hpp
[2.434s] -- Up-to-date: /home/haodong/Swarm_Module/Swarm_Module_ws/install/dynamixel_sdk_custom_interfaces/include/dynamixel_sdk_custom_interfaces/dynamixel_sdk_custom_interfaces/srv/detail/get_position__type_support.hpp
[2.434s] -- Up-to-date: /home/haodong/Swarm_Module/Swarm_Module_ws/install/dynamixel_sdk_custom_interfaces/include/dynamixel_sdk_custom_interfaces/dynamixel_sdk_custom_interfaces/srv/detail/set_bending__traits.hpp
[2.434s] -- Up-to-date: /home/haodong/Swarm_Module/Swarm_Module_ws/install/dynamixel_sdk_custom_interfaces/include/dynamixel_sdk_custom_interfaces/dynamixel_sdk_custom_interfaces/srv/detail/set_bending__struct.hpp
[2.435s] -- Up-to-date: /home/haodong/Swarm_Module/Swarm_Module_ws/install/dynamixel_sdk_custom_interfaces/include/dynamixel_sdk_custom_interfaces/dynamixel_sdk_custom_interfaces/srv/detail/set_twisting__struct.hpp
[2.435s] -- Up-to-date: /home/haodong/Swarm_Module/Swarm_Module_ws/install/dynamixel_sdk_custom_interfaces/include/dynamixel_sdk_custom_interfaces/dynamixel_sdk_custom_interfaces/srv/detail/set_velocity__builder.hpp
[2.435s] -- Up-to-date: /home/haodong/Swarm_Module/Swarm_Module_ws/install/dynamixel_sdk_custom_interfaces/include/dynamixel_sdk_custom_interfaces/dynamixel_sdk_custom_interfaces/srv/detail/set_extension__struct.hpp
[2.436s] -- Up-to-date: /home/haodong/Swarm_Module/Swarm_Module_ws/install/dynamixel_sdk_custom_interfaces/include/dynamixel_sdk_custom_interfaces/dynamixel_sdk_custom_interfaces/srv/detail/set_extension__type_support.hpp
[2.436s] -- Up-to-date: /home/haodong/Swarm_Module/Swarm_Module_ws/install/dynamixel_sdk_custom_interfaces/include/dynamixel_sdk_custom_interfaces/dynamixel_sdk_custom_interfaces/srv/detail/set_bending__builder.hpp
[2.436s] -- Up-to-date: /home/haodong/Swarm_Module/Swarm_Module_ws/install/dynamixel_sdk_custom_interfaces/include/dynamixel_sdk_custom_interfaces/dynamixel_sdk_custom_interfaces/srv/set_bending.hpp
[2.436s] -- Up-to-date: /home/haodong/Swarm_Module/Swarm_Module_ws/install/dynamixel_sdk_custom_interfaces/include/dynamixel_sdk_custom_interfaces/dynamixel_sdk_custom_interfaces/srv/set_extension.hpp
[2.437s] -- Up-to-date: /home/haodong/Swarm_Module/Swarm_Module_ws/install/dynamixel_sdk_custom_interfaces/include/dynamixel_sdk_custom_interfaces/dynamixel_sdk_custom_interfaces
[2.437s] -- Up-to-date: /home/haodong/Swarm_Module/Swarm_Module_ws/install/dynamixel_sdk_custom_interfaces/include/dynamixel_sdk_custom_interfaces/dynamixel_sdk_custom_interfaces/msg
[2.437s] -- Up-to-date: /home/haodong/Swarm_Module/Swarm_Module_ws/install/dynamixel_sdk_custom_interfaces/include/dynamixel_sdk_custom_interfaces/dynamixel_sdk_custom_interfaces/msg/rosidl_typesupport_fastrtps_cpp__visibility_control.h
[2.438s] -- Up-to-date: /home/haodong/Swarm_Module/Swarm_Module_ws/install/dynamixel_sdk_custom_interfaces/include/dynamixel_sdk_custom_interfaces/dynamixel_sdk_custom_interfaces/msg/detail
[2.438s] -- Up-to-date: /home/haodong/Swarm_Module/Swarm_Module_ws/install/dynamixel_sdk_custom_interfaces/include/dynamixel_sdk_custom_interfaces/dynamixel_sdk_custom_interfaces/msg/detail/set_mode__rosidl_typesupport_fastrtps_cpp.hpp
[2.438s] -- Up-to-date: /home/haodong/Swarm_Module/Swarm_Module_ws/install/dynamixel_sdk_custom_interfaces/include/dynamixel_sdk_custom_interfaces/dynamixel_sdk_custom_interfaces/msg/detail/rolling__rosidl_typesupport_fastrtps_cpp.hpp
[2.439s] -- Up-to-date: /home/haodong/Swarm_Module/Swarm_Module_ws/install/dynamixel_sdk_custom_interfaces/include/dynamixel_sdk_custom_interfaces/dynamixel_sdk_custom_interfaces/msg/detail/set_position__rosidl_typesupport_fastrtps_cpp.hpp
[2.439s] -- Up-to-date: /home/haodong/Swarm_Module/Swarm_Module_ws/install/dynamixel_sdk_custom_interfaces/include/dynamixel_sdk_custom_interfaces/dynamixel_sdk_custom_interfaces/msg/detail/dds_fastrtps
[2.439s] -- Up-to-date: /home/haodong/Swarm_Module/Swarm_Module_ws/install/dynamixel_sdk_custom_interfaces/include/dynamixel_sdk_custom_interfaces/dynamixel_sdk_custom_interfaces/srv
[2.440s] -- Up-to-date: /home/haodong/Swarm_Module/Swarm_Module_ws/install/dynamixel_sdk_custom_interfaces/include/dynamixel_sdk_custom_interfaces/dynamixel_sdk_custom_interfaces/srv/detail
[2.440s] -- Up-to-date: /home/haodong/Swarm_Module/Swarm_Module_ws/install/dynamixel_sdk_custom_interfaces/include/dynamixel_sdk_custom_interfaces/dynamixel_sdk_custom_interfaces/srv/detail/set_velocity__rosidl_typesupport_fastrtps_cpp.hpp
[2.440s] -- Up-to-date: /home/haodong/Swarm_Module/Swarm_Module_ws/install/dynamixel_sdk_custom_interfaces/include/dynamixel_sdk_custom_interfaces/dynamixel_sdk_custom_interfaces/srv/detail/set_twisting__rosidl_typesupport_fastrtps_cpp.hpp
[2.440s] -- Up-to-date: /home/haodong/Swarm_Module/Swarm_Module_ws/install/dynamixel_sdk_custom_interfaces/include/dynamixel_sdk_custom_interfaces/dynamixel_sdk_custom_interfaces/srv/detail/set_extension__rosidl_typesupport_fastrtps_cpp.hpp
[2.441s] -- Up-to-date: /home/haodong/Swarm_Module/Swarm_Module_ws/install/dynamixel_sdk_custom_interfaces/include/dynamixel_sdk_custom_interfaces/dynamixel_sdk_custom_interfaces/srv/detail/get_position__rosidl_typesupport_fastrtps_cpp.hpp
[2.441s] -- Up-to-date: /home/haodong/Swarm_Module/Swarm_Module_ws/install/dynamixel_sdk_custom_interfaces/include/dynamixel_sdk_custom_interfaces/dynamixel_sdk_custom_interfaces/srv/detail/movement__rosidl_typesupport_fastrtps_cpp.hpp
[2.441s] -- Up-to-date: /home/haodong/Swarm_Module/Swarm_Module_ws/install/dynamixel_sdk_custom_interfaces/include/dynamixel_sdk_custom_interfaces/dynamixel_sdk_custom_interfaces/srv/detail/set_bending__rosidl_typesupport_fastrtps_cpp.hpp
[2.442s] -- Up-to-date: /home/haodong/Swarm_Module/Swarm_Module_ws/install/dynamixel_sdk_custom_interfaces/include/dynamixel_sdk_custom_interfaces/dynamixel_sdk_custom_interfaces/srv/detail/dds_fastrtps
[2.442s] -- Up-to-date: /home/haodong/Swarm_Module/Swarm_Module_ws/install/dynamixel_sdk_custom_interfaces/lib/libdynamixel_sdk_custom_interfaces__rosidl_typesupport_fastrtps_cpp.so
[2.442s] -- Up-to-date: /home/haodong/Swarm_Module/Swarm_Module_ws/install/dynamixel_sdk_custom_interfaces/include/dynamixel_sdk_custom_interfaces/dynamixel_sdk_custom_interfaces
[2.442s] -- Up-to-date: /home/haodong/Swarm_Module/Swarm_Module_ws/install/dynamixel_sdk_custom_interfaces/include/dynamixel_sdk_custom_interfaces/dynamixel_sdk_custom_interfaces/msg
[2.442s] -- Up-to-date: /home/haodong/Swarm_Module/Swarm_Module_ws/install/dynamixel_sdk_custom_interfaces/include/dynamixel_sdk_custom_interfaces/dynamixel_sdk_custom_interfaces/msg/rosidl_typesupport_introspection_c__visibility_control.h
[2.443s] -- Up-to-date: /home/haodong/Swarm_Module/Swarm_Module_ws/install/dynamixel_sdk_custom_interfaces/include/dynamixel_sdk_custom_interfaces/dynamixel_sdk_custom_interfaces/msg/detail
[2.443s] -- Installing: /home/haodong/Swarm_Module/Swarm_Module_ws/install/dynamixel_sdk_custom_interfaces/include/dynamixel_sdk_custom_interfaces/dynamixel_sdk_custom_interfaces/msg/detail/set_position__type_support.c
[2.443s] -- Up-to-date: /home/haodong/Swarm_Module/Swarm_Module_ws/install/dynamixel_sdk_custom_interfaces/include/dynamixel_sdk_custom_interfaces/dynamixel_sdk_custom_interfaces/msg/detail/set_position__rosidl_typesupport_introspection_c.h
[2.443s] -- Up-to-date: /home/haodong/Swarm_Module/Swarm_Module_ws/install/dynamixel_sdk_custom_interfaces/include/dynamixel_sdk_custom_interfaces/dynamixel_sdk_custom_interfaces/msg/detail/rolling__rosidl_typesupport_introspection_c.h
[2.443s] -- Up-to-date: /home/haodong/Swarm_Module/Swarm_Module_ws/install/dynamixel_sdk_custom_interfaces/include/dynamixel_sdk_custom_interfaces/dynamixel_sdk_custom_interfaces/msg/detail/set_mode__rosidl_typesupport_introspection_c.h
[2.444s] -- Installing: /home/haodong/Swarm_Module/Swarm_Module_ws/install/dynamixel_sdk_custom_interfaces/include/dynamixel_sdk_custom_interfaces/dynamixel_sdk_custom_interfaces/msg/detail/set_mode__type_support.c
[2.444s] -- Up-to-date: /home/haodong/Swarm_Module/Swarm_Module_ws/install/dynamixel_sdk_custom_interfaces/include/dynamixel_sdk_custom_interfaces/dynamixel_sdk_custom_interfaces/msg/detail/rolling__type_support.c
[2.444s] -- Up-to-date: /home/haodong/Swarm_Module/Swarm_Module_ws/install/dynamixel_sdk_custom_interfaces/include/dynamixel_sdk_custom_interfaces/dynamixel_sdk_custom_interfaces/srv
[2.444s] -- Up-to-date: /home/haodong/Swarm_Module/Swarm_Module_ws/install/dynamixel_sdk_custom_interfaces/include/dynamixel_sdk_custom_interfaces/dynamixel_sdk_custom_interfaces/srv/detail
[2.444s] -- Installing: /home/haodong/Swarm_Module/Swarm_Module_ws/install/dynamixel_sdk_custom_interfaces/include/dynamixel_sdk_custom_interfaces/dynamixel_sdk_custom_interfaces/srv/detail/set_bending__type_support.c
[2.444s] -- Up-to-date: /home/haodong/Swarm_Module/Swarm_Module_ws/install/dynamixel_sdk_custom_interfaces/include/dynamixel_sdk_custom_interfaces/dynamixel_sdk_custom_interfaces/srv/detail/set_velocity__rosidl_typesupport_introspection_c.h
[2.445s] -- Installing: /home/haodong/Swarm_Module/Swarm_Module_ws/install/dynamixel_sdk_custom_interfaces/include/dynamixel_sdk_custom_interfaces/dynamixel_sdk_custom_interfaces/srv/detail/set_twisting__type_support.c
[2.445s] -- Up-to-date: /home/haodong/Swarm_Module/Swarm_Module_ws/install/dynamixel_sdk_custom_interfaces/include/dynamixel_sdk_custom_interfaces/dynamixel_sdk_custom_interfaces/srv/detail/set_bending__rosidl_typesupport_introspection_c.h
[2.445s] -- Up-to-date: /home/haodong/Swarm_Module/Swarm_Module_ws/install/dynamixel_sdk_custom_interfaces/include/dynamixel_sdk_custom_interfaces/dynamixel_sdk_custom_interfaces/srv/detail/get_position__rosidl_typesupport_introspection_c.h
[2.445s] -- Up-to-date: /home/haodong/Swarm_Module/Swarm_Module_ws/install/dynamixel_sdk_custom_interfaces/include/dynamixel_sdk_custom_interfaces/dynamixel_sdk_custom_interfaces/srv/detail/movement__rosidl_typesupport_introspection_c.h
[2.445s] -- Up-to-date: /home/haodong/Swarm_Module/Swarm_Module_ws/install/dynamixel_sdk_custom_interfaces/include/dynamixel_sdk_custom_interfaces/dynamixel_sdk_custom_interfaces/srv/detail/set_velocity__type_support.c
[2.445s] -- Installing: /home/haodong/Swarm_Module/Swarm_Module_ws/install/dynamixel_sdk_custom_interfaces/include/dynamixel_sdk_custom_interfaces/dynamixel_sdk_custom_interfaces/srv/detail/set_extension__type_support.c
[2.446s] -- Up-to-date: /home/haodong/Swarm_Module/Swarm_Module_ws/install/dynamixel_sdk_custom_interfaces/include/dynamixel_sdk_custom_interfaces/dynamixel_sdk_custom_interfaces/srv/detail/set_twisting__rosidl_typesupport_introspection_c.h
[2.446s] -- Installing: /home/haodong/Swarm_Module/Swarm_Module_ws/install/dynamixel_sdk_custom_interfaces/include/dynamixel_sdk_custom_interfaces/dynamixel_sdk_custom_interfaces/srv/detail/movement__type_support.c
[2.446s] -- Up-to-date: /home/haodong/Swarm_Module/Swarm_Module_ws/install/dynamixel_sdk_custom_interfaces/include/dynamixel_sdk_custom_interfaces/dynamixel_sdk_custom_interfaces/srv/detail/set_extension__rosidl_typesupport_introspection_c.h
[2.446s] -- Installing: /home/haodong/Swarm_Module/Swarm_Module_ws/install/dynamixel_sdk_custom_interfaces/include/dynamixel_sdk_custom_interfaces/dynamixel_sdk_custom_interfaces/srv/detail/get_position__type_support.c
[2.446s] -- Up-to-date: /home/haodong/Swarm_Module/Swarm_Module_ws/install/dynamixel_sdk_custom_interfaces/lib/libdynamixel_sdk_custom_interfaces__rosidl_typesupport_introspection_c.so
[2.446s] -- Up-to-date: /home/haodong/Swarm_Module/Swarm_Module_ws/install/dynamixel_sdk_custom_interfaces/lib/libdynamixel_sdk_custom_interfaces__rosidl_typesupport_c.so
[2.447s] -- Up-to-date: /home/haodong/Swarm_Module/Swarm_Module_ws/install/dynamixel_sdk_custom_interfaces/include/dynamixel_sdk_custom_interfaces/dynamixel_sdk_custom_interfaces
[2.447s] -- Up-to-date: /home/haodong/Swarm_Module/Swarm_Module_ws/install/dynamixel_sdk_custom_interfaces/include/dynamixel_sdk_custom_interfaces/dynamixel_sdk_custom_interfaces/msg
[2.447s] -- Up-to-date: /home/haodong/Swarm_Module/Swarm_Module_ws/install/dynamixel_sdk_custom_interfaces/include/dynamixel_sdk_custom_interfaces/dynamixel_sdk_custom_interfaces/msg/detail
[2.447s] -- Up-to-date: /home/haodong/Swarm_Module/Swarm_Module_ws/install/dynamixel_sdk_custom_interfaces/include/dynamixel_sdk_custom_interfaces/dynamixel_sdk_custom_interfaces/msg/detail/rolling__type_support.cpp
[2.447s] -- Up-to-date: /home/haodong/Swarm_Module/Swarm_Module_ws/install/dynamixel_sdk_custom_interfaces/include/dynamixel_sdk_custom_interfaces/dynamixel_sdk_custom_interfaces/msg/detail/set_position__type_support.cpp
[2.447s] -- Up-to-date: /home/haodong/Swarm_Module/Swarm_Module_ws/install/dynamixel_sdk_custom_interfaces/include/dynamixel_sdk_custom_interfaces/dynamixel_sdk_custom_interfaces/msg/detail/rolling__rosidl_typesupport_introspection_cpp.hpp
[2.448s] -- Up-to-date: /home/haodong/Swarm_Module/Swarm_Module_ws/install/dynamixel_sdk_custom_interfaces/include/dynamixel_sdk_custom_interfaces/dynamixel_sdk_custom_interfaces/msg/detail/set_mode__type_support.cpp
[2.448s] -- Up-to-date: /home/haodong/Swarm_Module/Swarm_Module_ws/install/dynamixel_sdk_custom_interfaces/include/dynamixel_sdk_custom_interfaces/dynamixel_sdk_custom_interfaces/msg/detail/set_position__rosidl_typesupport_introspection_cpp.hpp
[2.448s] -- Up-to-date: /home/haodong/Swarm_Module/Swarm_Module_ws/install/dynamixel_sdk_custom_interfaces/include/dynamixel_sdk_custom_interfaces/dynamixel_sdk_custom_interfaces/msg/detail/set_mode__rosidl_typesupport_introspection_cpp.hpp
[2.448s] -- Up-to-date: /home/haodong/Swarm_Module/Swarm_Module_ws/install/dynamixel_sdk_custom_interfaces/include/dynamixel_sdk_custom_interfaces/dynamixel_sdk_custom_interfaces/srv
[2.448s] -- Up-to-date: /home/haodong/Swarm_Module/Swarm_Module_ws/install/dynamixel_sdk_custom_interfaces/include/dynamixel_sdk_custom_interfaces/dynamixel_sdk_custom_interfaces/srv/detail
[2.448s] -- Up-to-date: /home/haodong/Swarm_Module/Swarm_Module_ws/install/dynamixel_sdk_custom_interfaces/include/dynamixel_sdk_custom_interfaces/dynamixel_sdk_custom_interfaces/srv/detail/set_twisting__rosidl_typesupport_introspection_cpp.hpp
[2.449s] -- Up-to-date: /home/haodong/Swarm_Module/Swarm_Module_ws/install/dynamixel_sdk_custom_interfaces/include/dynamixel_sdk_custom_interfaces/dynamixel_sdk_custom_interfaces/srv/detail/movement__type_support.cpp
[2.449s] -- Up-to-date: /home/haodong/Swarm_Module/Swarm_Module_ws/install/dynamixel_sdk_custom_interfaces/include/dynamixel_sdk_custom_interfaces/dynamixel_sdk_custom_interfaces/srv/detail/get_position__type_support.cpp
[2.449s] -- Up-to-date: /home/haodong/Swarm_Module/Swarm_Module_ws/install/dynamixel_sdk_custom_interfaces/include/dynamixel_sdk_custom_interfaces/dynamixel_sdk_custom_interfaces/srv/detail/set_velocity__rosidl_typesupport_introspection_cpp.hpp
[2.449s] -- Up-to-date: /home/haodong/Swarm_Module/Swarm_Module_ws/install/dynamixel_sdk_custom_interfaces/include/dynamixel_sdk_custom_interfaces/dynamixel_sdk_custom_interfaces/srv/detail/set_velocity__type_support.cpp
[2.449s] -- Up-to-date: /home/haodong/Swarm_Module/Swarm_Module_ws/install/dynamixel_sdk_custom_interfaces/include/dynamixel_sdk_custom_interfaces/dynamixel_sdk_custom_interfaces/srv/detail/movement__rosidl_typesupport_introspection_cpp.hpp
[2.450s] -- Up-to-date: /home/haodong/Swarm_Module/Swarm_Module_ws/install/dynamixel_sdk_custom_interfaces/include/dynamixel_sdk_custom_interfaces/dynamixel_sdk_custom_interfaces/srv/detail/get_position__rosidl_typesupport_introspection_cpp.hpp
[2.450s] -- Up-to-date: /home/haodong/Swarm_Module/Swarm_Module_ws/install/dynamixel_sdk_custom_interfaces/include/dynamixel_sdk_custom_interfaces/dynamixel_sdk_custom_interfaces/srv/detail/set_bending__type_support.cpp
[2.450s] -- Up-to-date: /home/haodong/Swarm_Module/Swarm_Module_ws/install/dynamixel_sdk_custom_interfaces/include/dynamixel_sdk_custom_interfaces/dynamixel_sdk_custom_interfaces/srv/detail/set_extension__type_support.cpp
[2.450s] -- Up-to-date: /home/haodong/Swarm_Module/Swarm_Module_ws/install/dynamixel_sdk_custom_interfaces/include/dynamixel_sdk_custom_interfaces/dynamixel_sdk_custom_interfaces/srv/detail/set_extension__rosidl_typesupport_introspection_cpp.hpp
[2.450s] -- Up-to-date: /home/haodong/Swarm_Module/Swarm_Module_ws/install/dynamixel_sdk_custom_interfaces/include/dynamixel_sdk_custom_interfaces/dynamixel_sdk_custom_interfaces/srv/detail/set_bending__rosidl_typesupport_introspection_cpp.hpp
[2.450s] -- Up-to-date: /home/haodong/Swarm_Module/Swarm_Module_ws/install/dynamixel_sdk_custom_interfaces/include/dynamixel_sdk_custom_interfaces/dynamixel_sdk_custom_interfaces/srv/detail/set_twisting__type_support.cpp
[2.451s] -- Up-to-date: /home/haodong/Swarm_Module/Swarm_Module_ws/install/dynamixel_sdk_custom_interfaces/lib/libdynamixel_sdk_custom_interfaces__rosidl_typesupport_introspection_cpp.so
[2.451s] -- Up-to-date: /home/haodong/Swarm_Module/Swarm_Module_ws/install/dynamixel_sdk_custom_interfaces/lib/libdynamixel_sdk_custom_interfaces__rosidl_typesupport_cpp.so
[2.451s] -- Up-to-date: /home/haodong/Swarm_Module/Swarm_Module_ws/install/dynamixel_sdk_custom_interfaces/share/dynamixel_sdk_custom_interfaces/environment/pythonpath.sh
[2.451s] -- Up-to-date: /home/haodong/Swarm_Module/Swarm_Module_ws/install/dynamixel_sdk_custom_interfaces/share/dynamixel_sdk_custom_interfaces/environment/pythonpath.dsv
[2.451s] -- Up-to-date: /home/haodong/Swarm_Module/Swarm_Module_ws/install/dynamixel_sdk_custom_interfaces/lib/python3.12/site-packages/dynamixel_sdk_custom_interfaces-3.7.60-py3.12.egg-info
[2.451s] -- Installing: /home/haodong/Swarm_Module/Swarm_Module_ws/install/dynamixel_sdk_custom_interfaces/lib/python3.12/site-packages/dynamixel_sdk_custom_interfaces-3.7.60-py3.12.egg-info/dependency_links.txt
[2.452s] -- Installing: /home/haodong/Swarm_Module/Swarm_Module_ws/install/dynamixel_sdk_custom_interfaces/lib/python3.12/site-packages/dynamixel_sdk_custom_interfaces-3.7.60-py3.12.egg-info/PKG-INFO
[2.452s] -- Installing: /home/haodong/Swarm_Module/Swarm_Module_ws/install/dynamixel_sdk_custom_interfaces/lib/python3.12/site-packages/dynamixel_sdk_custom_interfaces-3.7.60-py3.12.egg-info/SOURCES.txt
[2.452s] -- Installing: /home/haodong/Swarm_Module/Swarm_Module_ws/install/dynamixel_sdk_custom_interfaces/lib/python3.12/site-packages/dynamixel_sdk_custom_interfaces-3.7.60-py3.12.egg-info/top_level.txt
[2.452s] -- Up-to-date: /home/haodong/Swarm_Module/Swarm_Module_ws/install/dynamixel_sdk_custom_interfaces/lib/python3.12/site-packages/dynamixel_sdk_custom_interfaces
[2.452s] -- Up-to-date: /home/haodong/Swarm_Module/Swarm_Module_ws/install/dynamixel_sdk_custom_interfaces/lib/python3.12/site-packages/dynamixel_sdk_custom_interfaces/dynamixel_sdk_custom_interfaces_s__rosidl_typesupport_fastrtps_c.so
[2.452s] -- Up-to-date: /home/haodong/Swarm_Module/Swarm_Module_ws/install/dynamixel_sdk_custom_interfaces/lib/python3.12/site-packages/dynamixel_sdk_custom_interfaces/msg
[2.453s] -- Up-to-date: /home/haodong/Swarm_Module/Swarm_Module_ws/install/dynamixel_sdk_custom_interfaces/lib/python3.12/site-packages/dynamixel_sdk_custom_interfaces/msg/_set_position_s.c
[2.453s] -- Up-to-date: /home/haodong/Swarm_Module/Swarm_Module_ws/install/dynamixel_sdk_custom_interfaces/lib/python3.12/site-packages/dynamixel_sdk_custom_interfaces/msg/_rolling.py
[2.453s] -- Up-to-date: /home/haodong/Swarm_Module/Swarm_Module_ws/install/dynamixel_sdk_custom_interfaces/lib/python3.12/site-packages/dynamixel_sdk_custom_interfaces/msg/_set_mode_s.c
[2.453s] -- Up-to-date: /home/haodong/Swarm_Module/Swarm_Module_ws/install/dynamixel_sdk_custom_interfaces/lib/python3.12/site-packages/dynamixel_sdk_custom_interfaces/msg/_set_position.py
[2.453s] -- Up-to-date: /home/haodong/Swarm_Module/Swarm_Module_ws/install/dynamixel_sdk_custom_interfaces/lib/python3.12/site-packages/dynamixel_sdk_custom_interfaces/msg/_set_mode.py
[2.453s] -- Up-to-date: /home/haodong/Swarm_Module/Swarm_Module_ws/install/dynamixel_sdk_custom_interfaces/lib/python3.12/site-packages/dynamixel_sdk_custom_interfaces/msg/__init__.py
[2.454s] -- Up-to-date: /home/haodong/Swarm_Module/Swarm_Module_ws/install/dynamixel_sdk_custom_interfaces/lib/python3.12/site-packages/dynamixel_sdk_custom_interfaces/msg/_rolling_s.c
[2.454s] -- Up-to-date: /home/haodong/Swarm_Module/Swarm_Module_ws/install/dynamixel_sdk_custom_interfaces/lib/python3.12/site-packages/dynamixel_sdk_custom_interfaces/srv
[2.454s] -- Up-to-date: /home/haodong/Swarm_Module/Swarm_Module_ws/install/dynamixel_sdk_custom_interfaces/lib/python3.12/site-packages/dynamixel_sdk_custom_interfaces/srv/_movement.py
[2.454s] -- Up-to-date: /home/haodong/Swarm_Module/Swarm_Module_ws/install/dynamixel_sdk_custom_interfaces/lib/python3.12/site-packages/dynamixel_sdk_custom_interfaces/srv/_set_velocity.py
[2.454s] -- Up-to-date: /home/haodong/Swarm_Module/Swarm_Module_ws/install/dynamixel_sdk_custom_interfaces/lib/python3.12/site-packages/dynamixel_sdk_custom_interfaces/srv/_set_extension.py
[2.454s] -- Up-to-date: /home/haodong/Swarm_Module/Swarm_Module_ws/install/dynamixel_sdk_custom_interfaces/lib/python3.12/site-packages/dynamixel_sdk_custom_interfaces/srv/_get_position.py
[2.455s] -- Up-to-date: /home/haodong/Swarm_Module/Swarm_Module_ws/install/dynamixel_sdk_custom_interfaces/lib/python3.12/site-packages/dynamixel_sdk_custom_interfaces/srv/_get_position_s.c
[2.455s] -- Up-to-date: /home/haodong/Swarm_Module/Swarm_Module_ws/install/dynamixel_sdk_custom_interfaces/lib/python3.12/site-packages/dynamixel_sdk_custom_interfaces/srv/_set_bending.py
[2.455s] -- Up-to-date: /home/haodong/Swarm_Module/Swarm_Module_ws/install/dynamixel_sdk_custom_interfaces/lib/python3.12/site-packages/dynamixel_sdk_custom_interfaces/srv/__init__.py
[2.455s] -- Up-to-date: /home/haodong/Swarm_Module/Swarm_Module_ws/install/dynamixel_sdk_custom_interfaces/lib/python3.12/site-packages/dynamixel_sdk_custom_interfaces/srv/_set_twisting_s.c
[2.455s] -- Up-to-date: /home/haodong/Swarm_Module/Swarm_Module_ws/install/dynamixel_sdk_custom_interfaces/lib/python3.12/site-packages/dynamixel_sdk_custom_interfaces/srv/_set_bending_s.c
[2.455s] -- Up-to-date: /home/haodong/Swarm_Module/Swarm_Module_ws/install/dynamixel_sdk_custom_interfaces/lib/python3.12/site-packages/dynamixel_sdk_custom_interfaces/srv/_set_twisting.py
[2.456s] -- Up-to-date: /home/haodong/Swarm_Module/Swarm_Module_ws/install/dynamixel_sdk_custom_interfaces/lib/python3.12/site-packages/dynamixel_sdk_custom_interfaces/srv/_set_velocity_s.c
[2.456s] -- Up-to-date: /home/haodong/Swarm_Module/Swarm_Module_ws/install/dynamixel_sdk_custom_interfaces/lib/python3.12/site-packages/dynamixel_sdk_custom_interfaces/srv/_movement_s.c
[2.456s] -- Up-to-date: /home/haodong/Swarm_Module/Swarm_Module_ws/install/dynamixel_sdk_custom_interfaces/lib/python3.12/site-packages/dynamixel_sdk_custom_interfaces/srv/_set_extension_s.c
[2.456s] -- Up-to-date: /home/haodong/Swarm_Module/Swarm_Module_ws/install/dynamixel_sdk_custom_interfaces/lib/python3.12/site-packages/dynamixel_sdk_custom_interfaces/__init__.py
[2.456s] -- Up-to-date: /home/haodong/Swarm_Module/Swarm_Module_ws/install/dynamixel_sdk_custom_interfaces/lib/python3.12/site-packages/dynamixel_sdk_custom_interfaces/_dynamixel_sdk_custom_interfaces_s.ep.rosidl_typesupport_fastrtps_c.c
[2.456s] -- Up-to-date: /home/haodong/Swarm_Module/Swarm_Module_ws/install/dynamixel_sdk_custom_interfaces/lib/python3.12/site-packages/dynamixel_sdk_custom_interfaces/dynamixel_sdk_custom_interfaces_s__rosidl_typesupport_c.so
[2.457s] -- Up-to-date: /home/haodong/Swarm_Module/Swarm_Module_ws/install/dynamixel_sdk_custom_interfaces/lib/python3.12/site-packages/dynamixel_sdk_custom_interfaces/_dynamixel_sdk_custom_interfaces_s.ep.rosidl_typesupport_c.c
[2.457s] -- Up-to-date: /home/haodong/Swarm_Module/Swarm_Module_ws/install/dynamixel_sdk_custom_interfaces/lib/python3.12/site-packages/dynamixel_sdk_custom_interfaces/dynamixel_sdk_custom_interfaces_s__rosidl_typesupport_introspection_c.so
[2.457s] -- Up-to-date: /home/haodong/Swarm_Module/Swarm_Module_ws/install/dynamixel_sdk_custom_interfaces/lib/python3.12/site-packages/dynamixel_sdk_custom_interfaces/_dynamixel_sdk_custom_interfaces_s.ep.rosidl_typesupport_introspection_c.c
[2.520s] Listing '/home/haodong/Swarm_Module/Swarm_Module_ws/install/dynamixel_sdk_custom_interfaces/lib/python3.12/site-packages/dynamixel_sdk_custom_interfaces'...
[2.520s] Listing '/home/haodong/Swarm_Module/Swarm_Module_ws/install/dynamixel_sdk_custom_interfaces/lib/python3.12/site-packages/dynamixel_sdk_custom_interfaces/msg'...
[2.520s] Listing '/home/haodong/Swarm_Module/Swarm_Module_ws/install/dynamixel_sdk_custom_interfaces/lib/python3.12/site-packages/dynamixel_sdk_custom_interfaces/srv'...
[2.526s] -- Up-to-date: /home/haodong/Swarm_Module/Swarm_Module_ws/install/dynamixel_sdk_custom_interfaces/lib/python3.12/site-packages/dynamixel_sdk_custom_interfaces/dynamixel_sdk_custom_interfaces_s__rosidl_typesupport_fastrtps_c.so
[2.526s] -- Up-to-date: /home/haodong/Swarm_Module/Swarm_Module_ws/install/dynamixel_sdk_custom_interfaces/lib/python3.12/site-packages/dynamixel_sdk_custom_interfaces/dynamixel_sdk_custom_interfaces_s__rosidl_typesupport_introspection_c.so
[2.527s] -- Up-to-date: /home/haodong/Swarm_Module/Swarm_Module_ws/install/dynamixel_sdk_custom_interfaces/lib/python3.12/site-packages/dynamixel_sdk_custom_interfaces/dynamixel_sdk_custom_interfaces_s__rosidl_typesupport_c.so
[2.527s] -- Up-to-date: /home/haodong/Swarm_Module/Swarm_Module_ws/install/dynamixel_sdk_custom_interfaces/lib/libdynamixel_sdk_custom_interfaces__rosidl_generator_py.so
[2.528s] -- Up-to-date: /home/haodong/Swarm_Module/Swarm_Module_ws/install/dynamixel_sdk_custom_interfaces/share/dynamixel_sdk_custom_interfaces/msg/SetPosition.idl
[2.528s] -- Up-to-date: /home/haodong/Swarm_Module/Swarm_Module_ws/install/dynamixel_sdk_custom_interfaces/share/dynamixel_sdk_custom_interfaces/msg/Rolling.idl
[2.528s] -- Up-to-date: /home/haodong/Swarm_Module/Swarm_Module_ws/install/dynamixel_sdk_custom_interfaces/share/dynamixel_sdk_custom_interfaces/msg/SetMode.idl
[2.528s] -- Up-to-date: /home/haodong/Swarm_Module/Swarm_Module_ws/install/dynamixel_sdk_custom_interfaces/share/dynamixel_sdk_custom_interfaces/srv/GetPosition.idl
[2.528s] -- Up-to-date: /home/haodong/Swarm_Module/Swarm_Module_ws/install/dynamixel_sdk_custom_interfaces/share/dynamixel_sdk_custom_interfaces/srv/SetVelocity.idl
[2.528s] -- Up-to-date: /home/haodong/Swarm_Module/Swarm_Module_ws/install/dynamixel_sdk_custom_interfaces/share/dynamixel_sdk_custom_interfaces/srv/SetExtension.idl
[2.528s] -- Up-to-date: /home/haodong/Swarm_Module/Swarm_Module_ws/install/dynamixel_sdk_custom_interfaces/share/dynamixel_sdk_custom_interfaces/srv/SetBending.idl
[2.529s] -- Up-to-date: /home/haodong/Swarm_Module/Swarm_Module_ws/install/dynamixel_sdk_custom_interfaces/share/dynamixel_sdk_custom_interfaces/srv/Movement.idl
[2.529s] -- Up-to-date: /home/haodong/Swarm_Module/Swarm_Module_ws/install/dynamixel_sdk_custom_interfaces/share/dynamixel_sdk_custom_interfaces/srv/SetTwisting.idl
[2.529s] -- Up-to-date: /home/haodong/Swarm_Module/Swarm_Module_ws/install/dynamixel_sdk_custom_interfaces/share/dynamixel_sdk_custom_interfaces/msg/SetPosition.msg
[2.529s] -- Up-to-date: /home/haodong/Swarm_Module/Swarm_Module_ws/install/dynamixel_sdk_custom_interfaces/share/dynamixel_sdk_custom_interfaces/msg/Rolling.msg
[2.529s] -- Up-to-date: /home/haodong/Swarm_Module/Swarm_Module_ws/install/dynamixel_sdk_custom_interfaces/share/dynamixel_sdk_custom_interfaces/msg/SetMode.msg
[2.529s] -- Up-to-date: /home/haodong/Swarm_Module/Swarm_Module_ws/install/dynamixel_sdk_custom_interfaces/share/dynamixel_sdk_custom_interfaces/srv/GetPosition.srv
[2.529s] -- Up-to-date: /home/haodong/Swarm_Module/Swarm_Module_ws/install/dynamixel_sdk_custom_interfaces/share/dynamixel_sdk_custom_interfaces/srv/SetVelocity.srv
[2.529s] -- Up-to-date: /home/haodong/Swarm_Module/Swarm_Module_ws/install/dynamixel_sdk_custom_interfaces/share/dynamixel_sdk_custom_interfaces/srv/SetExtension.srv
[2.530s] -- Up-to-date: /home/haodong/Swarm_Module/Swarm_Module_ws/install/dynamixel_sdk_custom_interfaces/share/dynamixel_sdk_custom_interfaces/srv/SetBending.srv
[2.530s] -- Up-to-date: /home/haodong/Swarm_Module/Swarm_Module_ws/install/dynamixel_sdk_custom_interfaces/share/dynamixel_sdk_custom_interfaces/srv/Movement.srv
[2.530s] -- Up-to-date: /home/haodong/Swarm_Module/Swarm_Module_ws/install/dynamixel_sdk_custom_interfaces/share/dynamixel_sdk_custom_interfaces/srv/SetTwisting.srv
[2.530s] -- Up-to-date: /home/haodong/Swarm_Module/Swarm_Module_ws/install/dynamixel_sdk_custom_interfaces/share/ament_index/resource_index/package_run_dependencies/dynamixel_sdk_custom_interfaces
[2.530s] -- Up-to-date: /home/haodong/Swarm_Module/Swarm_Module_ws/install/dynamixel_sdk_custom_interfaces/share/ament_index/resource_index/parent_prefix_path/dynamixel_sdk_custom_interfaces
[2.530s] -- Up-to-date: /home/haodong/Swarm_Module/Swarm_Module_ws/install/dynamixel_sdk_custom_interfaces/share/dynamixel_sdk_custom_interfaces/environment/ament_prefix_path.sh
[2.530s] -- Up-to-date: /home/haodong/Swarm_Module/Swarm_Module_ws/install/dynamixel_sdk_custom_interfaces/share/dynamixel_sdk_custom_interfaces/environment/ament_prefix_path.dsv
[2.530s] -- Up-to-date: /home/haodong/Swarm_Module/Swarm_Module_ws/install/dynamixel_sdk_custom_interfaces/share/dynamixel_sdk_custom_interfaces/environment/path.sh
[2.530s] -- Up-to-date: /home/haodong/Swarm_Module/Swarm_Module_ws/install/dynamixel_sdk_custom_interfaces/share/dynamixel_sdk_custom_interfaces/environment/path.dsv
[2.531s] -- Up-to-date: /home/haodong/Swarm_Module/Swarm_Module_ws/install/dynamixel_sdk_custom_interfaces/share/dynamixel_sdk_custom_interfaces/local_setup.bash
[2.531s] -- Up-to-date: /home/haodong/Swarm_Module/Swarm_Module_ws/install/dynamixel_sdk_custom_interfaces/share/dynamixel_sdk_custom_interfaces/local_setup.sh
[2.531s] -- Up-to-date: /home/haodong/Swarm_Module/Swarm_Module_ws/install/dynamixel_sdk_custom_interfaces/share/dynamixel_sdk_custom_interfaces/local_setup.zsh
[2.531s] -- Up-to-date: /home/haodong/Swarm_Module/Swarm_Module_ws/install/dynamixel_sdk_custom_interfaces/share/dynamixel_sdk_custom_interfaces/local_setup.dsv
[2.531s] -- Installing: /home/haodong/Swarm_Module/Swarm_Module_ws/install/dynamixel_sdk_custom_interfaces/share/dynamixel_sdk_custom_interfaces/package.dsv
[2.531s] -- Up-to-date: /home/haodong/Swarm_Module/Swarm_Module_ws/install/dynamixel_sdk_custom_interfaces/share/ament_index/resource_index/packages/dynamixel_sdk_custom_interfaces
[2.531s] -- Up-to-date: /home/haodong/Swarm_Module/Swarm_Module_ws/install/dynamixel_sdk_custom_interfaces/share/dynamixel_sdk_custom_interfaces/cmake/export_dynamixel_sdk_custom_interfaces__rosidl_generator_cExport.cmake
[2.531s] -- Up-to-date: /home/haodong/Swarm_Module/Swarm_Module_ws/install/dynamixel_sdk_custom_interfaces/share/dynamixel_sdk_custom_interfaces/cmake/export_dynamixel_sdk_custom_interfaces__rosidl_generator_cExport-noconfig.cmake
[2.531s] -- Up-to-date: /home/haodong/Swarm_Module/Swarm_Module_ws/install/dynamixel_sdk_custom_interfaces/share/dynamixel_sdk_custom_interfaces/cmake/export_dynamixel_sdk_custom_interfaces__rosidl_typesupport_fastrtps_cExport.cmake
[2.531s] -- Up-to-date: /home/haodong/Swarm_Module/Swarm_Module_ws/install/dynamixel_sdk_custom_interfaces/share/dynamixel_sdk_custom_interfaces/cmake/export_dynamixel_sdk_custom_interfaces__rosidl_typesupport_fastrtps_cExport-noconfig.cmake
[2.532s] -- Up-to-date: /home/haodong/Swarm_Module/Swarm_Module_ws/install/dynamixel_sdk_custom_interfaces/share/dynamixel_sdk_custom_interfaces/cmake/export_dynamixel_sdk_custom_interfaces__rosidl_generator_cppExport.cmake
[2.532s] -- Up-to-date: /home/haodong/Swarm_Module/Swarm_Module_ws/install/dynamixel_sdk_custom_interfaces/share/dynamixel_sdk_custom_interfaces/cmake/export_dynamixel_sdk_custom_interfaces__rosidl_typesupport_fastrtps_cppExport.cmake
[2.532s] -- Up-to-date: /home/haodong/Swarm_Module/Swarm_Module_ws/install/dynamixel_sdk_custom_interfaces/share/dynamixel_sdk_custom_interfaces/cmake/export_dynamixel_sdk_custom_interfaces__rosidl_typesupport_fastrtps_cppExport-noconfig.cmake
[2.532s] -- Up-to-date: /home/haodong/Swarm_Module/Swarm_Module_ws/install/dynamixel_sdk_custom_interfaces/share/dynamixel_sdk_custom_interfaces/cmake/dynamixel_sdk_custom_interfaces__rosidl_typesupport_introspection_cExport.cmake
[2.532s] -- Up-to-date: /home/haodong/Swarm_Module/Swarm_Module_ws/install/dynamixel_sdk_custom_interfaces/share/dynamixel_sdk_custom_interfaces/cmake/dynamixel_sdk_custom_interfaces__rosidl_typesupport_introspection_cExport-noconfig.cmake
[2.532s] -- Up-to-date: /home/haodong/Swarm_Module/Swarm_Module_ws/install/dynamixel_sdk_custom_interfaces/share/dynamixel_sdk_custom_interfaces/cmake/dynamixel_sdk_custom_interfaces__rosidl_typesupport_cExport.cmake
[2.533s] -- Up-to-date: /home/haodong/Swarm_Module/Swarm_Module_ws/install/dynamixel_sdk_custom_interfaces/share/dynamixel_sdk_custom_interfaces/cmake/dynamixel_sdk_custom_interfaces__rosidl_typesupport_cExport-noconfig.cmake
[2.533s] -- Up-to-date: /home/haodong/Swarm_Module/Swarm_Module_ws/install/dynamixel_sdk_custom_interfaces/share/dynamixel_sdk_custom_interfaces/cmake/dynamixel_sdk_custom_interfaces__rosidl_typesupport_introspection_cppExport.cmake
[2.533s] -- Up-to-date: /home/haodong/Swarm_Module/Swarm_Module_ws/install/dynamixel_sdk_custom_interfaces/share/dynamixel_sdk_custom_interfaces/cmake/dynamixel_sdk_custom_interfaces__rosidl_typesupport_introspection_cppExport-noconfig.cmake
[2.533s] -- Up-to-date: /home/haodong/Swarm_Module/Swarm_Module_ws/install/dynamixel_sdk_custom_interfaces/share/dynamixel_sdk_custom_interfaces/cmake/dynamixel_sdk_custom_interfaces__rosidl_typesupport_cppExport.cmake
[2.533s] -- Up-to-date: /home/haodong/Swarm_Module/Swarm_Module_ws/install/dynamixel_sdk_custom_interfaces/share/dynamixel_sdk_custom_interfaces/cmake/dynamixel_sdk_custom_interfaces__rosidl_typesupport_cppExport-noconfig.cmake
[2.533s] -- Up-to-date: /home/haodong/Swarm_Module/Swarm_Module_ws/install/dynamixel_sdk_custom_interfaces/share/dynamixel_sdk_custom_interfaces/cmake/export_dynamixel_sdk_custom_interfaces__rosidl_generator_pyExport.cmake
[2.533s] -- Up-to-date: /home/haodong/Swarm_Module/Swarm_Module_ws/install/dynamixel_sdk_custom_interfaces/share/dynamixel_sdk_custom_interfaces/cmake/export_dynamixel_sdk_custom_interfaces__rosidl_generator_pyExport-noconfig.cmake
[2.533s] -- Up-to-date: /home/haodong/Swarm_Module/Swarm_Module_ws/install/dynamixel_sdk_custom_interfaces/share/dynamixel_sdk_custom_interfaces/cmake/rosidl_cmake-extras.cmake
[2.534s] -- Up-to-date: /home/haodong/Swarm_Module/Swarm_Module_ws/install/dynamixel_sdk_custom_interfaces/share/dynamixel_sdk_custom_interfaces/cmake/ament_cmake_export_dependencies-extras.cmake
[2.534s] -- Up-to-date: /home/haodong/Swarm_Module/Swarm_Module_ws/install/dynamixel_sdk_custom_interfaces/share/dynamixel_sdk_custom_interfaces/cmake/ament_cmake_export_include_directories-extras.cmake
[2.534s] -- Up-to-date: /home/haodong/Swarm_Module/Swarm_Module_ws/install/dynamixel_sdk_custom_interfaces/share/dynamixel_sdk_custom_interfaces/cmake/ament_cmake_export_libraries-extras.cmake
[2.534s] -- Up-to-date: /home/haodong/Swarm_Module/Swarm_Module_ws/install/dynamixel_sdk_custom_interfaces/share/dynamixel_sdk_custom_interfaces/cmake/ament_cmake_export_targets-extras.cmake
[2.534s] -- Up-to-date: /home/haodong/Swarm_Module/Swarm_Module_ws/install/dynamixel_sdk_custom_interfaces/share/dynamixel_sdk_custom_interfaces/cmake/rosidl_cmake_export_typesupport_targets-extras.cmake
[2.534s] -- Up-to-date: /home/haodong/Swarm_Module/Swarm_Module_ws/install/dynamixel_sdk_custom_interfaces/share/dynamixel_sdk_custom_interfaces/cmake/rosidl_cmake_export_typesupport_libraries-extras.cmake
[2.534s] -- Up-to-date: /home/haodong/Swarm_Module/Swarm_Module_ws/install/dynamixel_sdk_custom_interfaces/share/dynamixel_sdk_custom_interfaces/cmake/dynamixel_sdk_custom_interfacesConfig.cmake
[2.534s] -- Up-to-date: /home/haodong/Swarm_Module/Swarm_Module_ws/install/dynamixel_sdk_custom_interfaces/share/dynamixel_sdk_custom_interfaces/cmake/dynamixel_sdk_custom_interfacesConfig-version.cmake
[2.534s] -- Up-to-date: /home/haodong/Swarm_Module/Swarm_Module_ws/install/dynamixel_sdk_custom_interfaces/share/dynamixel_sdk_custom_interfaces/package.xml
[2.537s] Invoked command in '/home/haodong/Swarm_Module/Swarm_Module_ws/build/dynamixel_sdk_custom_interfaces' returned '0': CMAKE_PREFIX_PATH=${CMAKE_PREFIX_PATH}:/home/haodong/Swarm_Module/Swarm_Module_ws/install/dynamixel_motor:/home/haodong/ws_moveit/install/moveit_configs_utils:/opt/ros/jazzy DEBUGINFOD_URLS=https://debuginfod.ubuntu.com /usr/bin/cmake --install /home/haodong/Swarm_Module/Swarm_Module_ws/build/dynamixel_sdk_custom_interfaces
