[0.150s] DEBUG:colcon:Command line arguments: ['/usr/bin/colcon', 'build']
[0.150s] DEBUG:colcon:Parsed command line arguments: Namespace(log_base=None, log_level=None, verb_name='build', build_base='build', install_base='install', merge_install=False, symlink_install=False, test_result_base=None, continue_on_error=False, executor='parallel', parallel_workers=12, event_handlers=None, ignore_user_meta=False, metas=['./colcon.meta'], base_paths=['.'], packages_ignore=None, packages_ignore_regex=None, paths=None, packages_up_to=None, packages_up_to_regex=None, packages_above=None, packages_above_and_dependencies=None, packages_above_depth=None, packages_select_by_dep=None, packages_skip_by_dep=None, packages_skip_up_to=None, packages_select_build_failed=False, packages_skip_build_finished=False, packages_select_test_failures=False, packages_skip_test_passed=False, packages_select=None, packages_skip=None, packages_select_regex=None, packages_skip_regex=None, packages_start=None, packages_end=None, allow_overriding=[], cmake_args=None, cmake_target=None, cmake_target_skip_unavailable=False, cmake_clean_cache=False, cmake_clean_first=False, cmake_force_configure=False, ament_cmake_args=None, catkin_cmake_args=None, catkin_skip_building_tests=False, mixin_files=None, mixin=None, verb_parser=<colcon_mixin.mixin.mixin_argument.MixinArgumentDecorator object at 0x7c02b2751820>, verb_extension=<colcon_core.verb.build.BuildVerb object at 0x7c02b2751460>, main=<bound method BuildVerb.main of <colcon_core.verb.build.BuildVerb object at 0x7c02b2751460>>, mixin_verb=('build',))
[0.184s] Level 1:colcon.colcon_core.package_discovery:discover_packages(colcon_meta) check parameters
[0.184s] Level 1:colcon.colcon_core.package_discovery:discover_packages(recursive) check parameters
[0.184s] Level 1:colcon.colcon_core.package_discovery:discover_packages(ignore) check parameters
[0.184s] Level 1:colcon.colcon_core.package_discovery:discover_packages(path) check parameters
[0.184s] Level 1:colcon.colcon_core.package_discovery:discover_packages(colcon_meta) discover
[0.185s] Level 1:colcon.colcon_core.package_discovery:discover_packages(recursive) discover
[0.185s] INFO:colcon.colcon_core.package_discovery:Crawling recursively for packages in '/home/haodong/modular_ws'
[0.185s] Level 1:colcon.colcon_core.package_identification:_identify(.) by extensions ['ignore', 'ignore_ament_install']
[0.185s] Level 1:colcon.colcon_core.package_identification:_identify(.) by extension 'ignore'
[0.185s] Level 1:colcon.colcon_core.package_identification:_identify(.) by extension 'ignore_ament_install'
[0.185s] Level 1:colcon.colcon_core.package_identification:_identify(.) by extensions ['colcon_pkg']
[0.185s] Level 1:colcon.colcon_core.package_identification:_identify(.) by extension 'colcon_pkg'
[0.185s] Level 1:colcon.colcon_core.package_identification:_identify(.) by extensions ['colcon_meta']
[0.185s] Level 1:colcon.colcon_core.package_identification:_identify(.) by extension 'colcon_meta'
[0.185s] Level 1:colcon.colcon_core.package_identification:_identify(.) by extensions ['ros']
[0.185s] Level 1:colcon.colcon_core.package_identification:_identify(.) by extension 'ros'
[0.207s] Level 1:colcon.colcon_core.package_identification:_identify(.) by extensions ['cmake', 'python']
[0.207s] Level 1:colcon.colcon_core.package_identification:_identify(.) by extension 'cmake'
[0.208s] Level 1:colcon.colcon_core.package_identification:_identify(.) by extension 'python'
[0.208s] Level 1:colcon.colcon_core.package_identification:_identify(.) by extensions ['python_setup_py']
[0.208s] Level 1:colcon.colcon_core.package_identification:_identify(.) by extension 'python_setup_py'
[0.208s] Level 1:colcon.colcon_core.package_identification:_identify(build) by extensions ['ignore', 'ignore_ament_install']
[0.208s] Level 1:colcon.colcon_core.package_identification:_identify(build) by extension 'ignore'
[0.208s] Level 1:colcon.colcon_core.package_identification:_identify(build) ignored
[0.208s] Level 1:colcon.colcon_core.package_identification:_identify(install) by extensions ['ignore', 'ignore_ament_install']
[0.208s] Level 1:colcon.colcon_core.package_identification:_identify(install) by extension 'ignore'
[0.208s] Level 1:colcon.colcon_core.package_identification:_identify(install) ignored
[0.208s] Level 1:colcon.colcon_core.package_identification:_identify(log) by extensions ['ignore', 'ignore_ament_install']
[0.208s] Level 1:colcon.colcon_core.package_identification:_identify(log) by extension 'ignore'
[0.208s] Level 1:colcon.colcon_core.package_identification:_identify(log) ignored
[0.208s] Level 1:colcon.colcon_core.package_identification:_identify(src) by extensions ['ignore', 'ignore_ament_install']
[0.208s] Level 1:colcon.colcon_core.package_identification:_identify(src) by extension 'ignore'
[0.208s] Level 1:colcon.colcon_core.package_identification:_identify(src) by extension 'ignore_ament_install'
[0.209s] Level 1:colcon.colcon_core.package_identification:_identify(src) by extensions ['colcon_pkg']
[0.209s] Level 1:colcon.colcon_core.package_identification:_identify(src) by extension 'colcon_pkg'
[0.209s] Level 1:colcon.colcon_core.package_identification:_identify(src) by extensions ['colcon_meta']
[0.209s] Level 1:colcon.colcon_core.package_identification:_identify(src) by extension 'colcon_meta'
[0.209s] Level 1:colcon.colcon_core.package_identification:_identify(src) by extensions ['ros']
[0.209s] Level 1:colcon.colcon_core.package_identification:_identify(src) by extension 'ros'
[0.209s] Level 1:colcon.colcon_core.package_identification:_identify(src) by extensions ['cmake', 'python']
[0.209s] Level 1:colcon.colcon_core.package_identification:_identify(src) by extension 'cmake'
[0.209s] Level 1:colcon.colcon_core.package_identification:_identify(src) by extension 'python'
[0.209s] Level 1:colcon.colcon_core.package_identification:_identify(src) by extensions ['python_setup_py']
[0.209s] Level 1:colcon.colcon_core.package_identification:_identify(src) by extension 'python_setup_py'
[0.209s] Level 1:colcon.colcon_core.package_identification:_identify(src/dynamixel_motor) by extensions ['ignore', 'ignore_ament_install']
[0.209s] Level 1:colcon.colcon_core.package_identification:_identify(src/dynamixel_motor) by extension 'ignore'
[0.209s] Level 1:colcon.colcon_core.package_identification:_identify(src/dynamixel_motor) by extension 'ignore_ament_install'
[0.209s] Level 1:colcon.colcon_core.package_identification:_identify(src/dynamixel_motor) by extensions ['colcon_pkg']
[0.209s] Level 1:colcon.colcon_core.package_identification:_identify(src/dynamixel_motor) by extension 'colcon_pkg'
[0.209s] Level 1:colcon.colcon_core.package_identification:_identify(src/dynamixel_motor) by extensions ['colcon_meta']
[0.209s] Level 1:colcon.colcon_core.package_identification:_identify(src/dynamixel_motor) by extension 'colcon_meta'
[0.209s] Level 1:colcon.colcon_core.package_identification:_identify(src/dynamixel_motor) by extensions ['ros']
[0.209s] Level 1:colcon.colcon_core.package_identification:_identify(src/dynamixel_motor) by extension 'ros'
[0.211s] DEBUG:colcon.colcon_core.package_identification:Package 'src/dynamixel_motor' with type 'ros.ament_python' and name 'dynamixel_motor'
[0.211s] Level 1:colcon.colcon_core.package_identification:_identify(src/dynamixel_sdk) by extensions ['ignore', 'ignore_ament_install']
[0.212s] Level 1:colcon.colcon_core.package_identification:_identify(src/dynamixel_sdk) by extension 'ignore'
[0.212s] Level 1:colcon.colcon_core.package_identification:_identify(src/dynamixel_sdk) by extension 'ignore_ament_install'
[0.212s] Level 1:colcon.colcon_core.package_identification:_identify(src/dynamixel_sdk) by extensions ['colcon_pkg']
[0.212s] Level 1:colcon.colcon_core.package_identification:_identify(src/dynamixel_sdk) by extension 'colcon_pkg'
[0.212s] Level 1:colcon.colcon_core.package_identification:_identify(src/dynamixel_sdk) by extensions ['colcon_meta']
[0.212s] Level 1:colcon.colcon_core.package_identification:_identify(src/dynamixel_sdk) by extension 'colcon_meta'
[0.212s] Level 1:colcon.colcon_core.package_identification:_identify(src/dynamixel_sdk) by extensions ['ros']
[0.212s] Level 1:colcon.colcon_core.package_identification:_identify(src/dynamixel_sdk) by extension 'ros'
[0.212s] DEBUG:colcon.colcon_core.package_identification:Package 'src/dynamixel_sdk' with type 'ros.ament_cmake' and name 'dynamixel_sdk'
[0.212s] Level 1:colcon.colcon_core.package_identification:_identify(src/dynamixel_sdk_custom_interfaces) by extensions ['ignore', 'ignore_ament_install']
[0.213s] Level 1:colcon.colcon_core.package_identification:_identify(src/dynamixel_sdk_custom_interfaces) by extension 'ignore'
[0.213s] Level 1:colcon.colcon_core.package_identification:_identify(src/dynamixel_sdk_custom_interfaces) by extension 'ignore_ament_install'
[0.213s] Level 1:colcon.colcon_core.package_identification:_identify(src/dynamixel_sdk_custom_interfaces) by extensions ['colcon_pkg']
[0.213s] Level 1:colcon.colcon_core.package_identification:_identify(src/dynamixel_sdk_custom_interfaces) by extension 'colcon_pkg'
[0.213s] Level 1:colcon.colcon_core.package_identification:_identify(src/dynamixel_sdk_custom_interfaces) by extensions ['colcon_meta']
[0.213s] Level 1:colcon.colcon_core.package_identification:_identify(src/dynamixel_sdk_custom_interfaces) by extension 'colcon_meta'
[0.213s] Level 1:colcon.colcon_core.package_identification:_identify(src/dynamixel_sdk_custom_interfaces) by extensions ['ros']
[0.213s] Level 1:colcon.colcon_core.package_identification:_identify(src/dynamixel_sdk_custom_interfaces) by extension 'ros'
[0.213s] DEBUG:colcon.colcon_core.package_identification:Package 'src/dynamixel_sdk_custom_interfaces' with type 'ros.ament_cmake' and name 'dynamixel_sdk_custom_interfaces'
[0.213s] Level 1:colcon.colcon_core.package_identification:_identify(src/dynamixel_sdk_examples) by extensions ['ignore', 'ignore_ament_install']
[0.213s] Level 1:colcon.colcon_core.package_identification:_identify(src/dynamixel_sdk_examples) by extension 'ignore'
[0.213s] Level 1:colcon.colcon_core.package_identification:_identify(src/dynamixel_sdk_examples) by extension 'ignore_ament_install'
[0.214s] Level 1:colcon.colcon_core.package_identification:_identify(src/dynamixel_sdk_examples) by extensions ['colcon_pkg']
[0.214s] Level 1:colcon.colcon_core.package_identification:_identify(src/dynamixel_sdk_examples) by extension 'colcon_pkg'
[0.214s] Level 1:colcon.colcon_core.package_identification:_identify(src/dynamixel_sdk_examples) by extensions ['colcon_meta']
[0.214s] Level 1:colcon.colcon_core.package_identification:_identify(src/dynamixel_sdk_examples) by extension 'colcon_meta'
[0.214s] Level 1:colcon.colcon_core.package_identification:_identify(src/dynamixel_sdk_examples) by extensions ['ros']
[0.214s] Level 1:colcon.colcon_core.package_identification:_identify(src/dynamixel_sdk_examples) by extension 'ros'
[0.214s] DEBUG:colcon.colcon_core.package_identification:Package 'src/dynamixel_sdk_examples' with type 'ros.ament_cmake' and name 'dynamixel_sdk_examples'
[0.214s] Level 1:colcon.colcon_core.package_discovery:discover_packages(recursive) using defaults
[0.214s] Level 1:colcon.colcon_core.package_discovery:discover_packages(ignore) discover
[0.214s] Level 1:colcon.colcon_core.package_discovery:discover_packages(ignore) using defaults
[0.214s] Level 1:colcon.colcon_core.package_discovery:discover_packages(path) discover
[0.214s] Level 1:colcon.colcon_core.package_discovery:discover_packages(path) using defaults
[0.230s] Level 1:colcon.colcon_core.package_discovery:discover_packages(prefix_path) check parameters
[0.230s] Level 1:colcon.colcon_core.package_discovery:discover_packages(prefix_path) discover
[0.235s] DEBUG:colcon.colcon_installed_package_information.package_discovery:Found 4 installed packages in /home/haodong/modular_ws/install
[0.237s] DEBUG:colcon.colcon_installed_package_information.package_discovery:Found 71 installed packages in /home/haodong/ws_moveit/install
[0.238s] DEBUG:colcon.colcon_installed_package_information.package_discovery:Found 11 installed packages in /home/haodong/ws/franka/install
[0.241s] DEBUG:colcon.colcon_installed_package_information.package_discovery:Found 488 installed packages in /opt/ros/jazzy
[0.243s] Level 1:colcon.colcon_core.package_discovery:discover_packages(prefix_path) using defaults
[0.325s] Level 5:colcon.colcon_core.verb:set package 'dynamixel_sdk' build argument 'cmake_args' from command line to 'None'
[0.325s] Level 5:colcon.colcon_core.verb:set package 'dynamixel_sdk' build argument 'cmake_target' from command line to 'None'
[0.325s] Level 5:colcon.colcon_core.verb:set package 'dynamixel_sdk' build argument 'cmake_target_skip_unavailable' from command line to 'False'
[0.325s] Level 5:colcon.colcon_core.verb:set package 'dynamixel_sdk' build argument 'cmake_clean_cache' from command line to 'False'
[0.325s] Level 5:colcon.colcon_core.verb:set package 'dynamixel_sdk' build argument 'cmake_clean_first' from command line to 'False'
[0.325s] Level 5:colcon.colcon_core.verb:set package 'dynamixel_sdk' build argument 'cmake_force_configure' from command line to 'False'
[0.325s] Level 5:colcon.colcon_core.verb:set package 'dynamixel_sdk' build argument 'ament_cmake_args' from command line to 'None'
[0.325s] Level 5:colcon.colcon_core.verb:set package 'dynamixel_sdk' build argument 'catkin_cmake_args' from command line to 'None'
[0.325s] Level 5:colcon.colcon_core.verb:set package 'dynamixel_sdk' build argument 'catkin_skip_building_tests' from command line to 'False'
[0.325s] DEBUG:colcon.colcon_core.verb:Building package 'dynamixel_sdk' with the following arguments: {'ament_cmake_args': None, 'build_base': '/home/haodong/modular_ws/build/dynamixel_sdk', 'catkin_cmake_args': None, 'catkin_skip_building_tests': False, 'cmake_args': None, 'cmake_clean_cache': False, 'cmake_clean_first': False, 'cmake_force_configure': False, 'cmake_target': None, 'cmake_target_skip_unavailable': False, 'install_base': '/home/haodong/modular_ws/install/dynamixel_sdk', 'merge_install': False, 'path': '/home/haodong/modular_ws/src/dynamixel_sdk', 'symlink_install': False, 'test_result_base': None}
[0.326s] Level 5:colcon.colcon_core.verb:set package 'dynamixel_sdk_custom_interfaces' build argument 'cmake_args' from command line to 'None'
[0.326s] Level 5:colcon.colcon_core.verb:set package 'dynamixel_sdk_custom_interfaces' build argument 'cmake_target' from command line to 'None'
[0.326s] Level 5:colcon.colcon_core.verb:set package 'dynamixel_sdk_custom_interfaces' build argument 'cmake_target_skip_unavailable' from command line to 'False'
[0.326s] Level 5:colcon.colcon_core.verb:set package 'dynamixel_sdk_custom_interfaces' build argument 'cmake_clean_cache' from command line to 'False'
[0.326s] Level 5:colcon.colcon_core.verb:set package 'dynamixel_sdk_custom_interfaces' build argument 'cmake_clean_first' from command line to 'False'
[0.326s] Level 5:colcon.colcon_core.verb:set package 'dynamixel_sdk_custom_interfaces' build argument 'cmake_force_configure' from command line to 'False'
[0.326s] Level 5:colcon.colcon_core.verb:set package 'dynamixel_sdk_custom_interfaces' build argument 'ament_cmake_args' from command line to 'None'
[0.326s] Level 5:colcon.colcon_core.verb:set package 'dynamixel_sdk_custom_interfaces' build argument 'catkin_cmake_args' from command line to 'None'
[0.326s] Level 5:colcon.colcon_core.verb:set package 'dynamixel_sdk_custom_interfaces' build argument 'catkin_skip_building_tests' from command line to 'False'
[0.326s] DEBUG:colcon.colcon_core.verb:Building package 'dynamixel_sdk_custom_interfaces' with the following arguments: {'ament_cmake_args': None, 'build_base': '/home/haodong/modular_ws/build/dynamixel_sdk_custom_interfaces', 'catkin_cmake_args': None, 'catkin_skip_building_tests': False, 'cmake_args': None, 'cmake_clean_cache': False, 'cmake_clean_first': False, 'cmake_force_configure': False, 'cmake_target': None, 'cmake_target_skip_unavailable': False, 'install_base': '/home/haodong/modular_ws/install/dynamixel_sdk_custom_interfaces', 'merge_install': False, 'path': '/home/haodong/modular_ws/src/dynamixel_sdk_custom_interfaces', 'symlink_install': False, 'test_result_base': None}
[0.326s] Level 5:colcon.colcon_core.verb:set package 'dynamixel_sdk_examples' build argument 'cmake_args' from command line to 'None'
[0.326s] Level 5:colcon.colcon_core.verb:set package 'dynamixel_sdk_examples' build argument 'cmake_target' from command line to 'None'
[0.326s] Level 5:colcon.colcon_core.verb:set package 'dynamixel_sdk_examples' build argument 'cmake_target_skip_unavailable' from command line to 'False'
[0.326s] Level 5:colcon.colcon_core.verb:set package 'dynamixel_sdk_examples' build argument 'cmake_clean_cache' from command line to 'False'
[0.326s] Level 5:colcon.colcon_core.verb:set package 'dynamixel_sdk_examples' build argument 'cmake_clean_first' from command line to 'False'
[0.326s] Level 5:colcon.colcon_core.verb:set package 'dynamixel_sdk_examples' build argument 'cmake_force_configure' from command line to 'False'
[0.326s] Level 5:colcon.colcon_core.verb:set package 'dynamixel_sdk_examples' build argument 'ament_cmake_args' from command line to 'None'
[0.326s] Level 5:colcon.colcon_core.verb:set package 'dynamixel_sdk_examples' build argument 'catkin_cmake_args' from command line to 'None'
[0.326s] Level 5:colcon.colcon_core.verb:set package 'dynamixel_sdk_examples' build argument 'catkin_skip_building_tests' from command line to 'False'
[0.326s] DEBUG:colcon.colcon_core.verb:Building package 'dynamixel_sdk_examples' with the following arguments: {'ament_cmake_args': None, 'build_base': '/home/haodong/modular_ws/build/dynamixel_sdk_examples', 'catkin_cmake_args': None, 'catkin_skip_building_tests': False, 'cmake_args': None, 'cmake_clean_cache': False, 'cmake_clean_first': False, 'cmake_force_configure': False, 'cmake_target': None, 'cmake_target_skip_unavailable': False, 'install_base': '/home/haodong/modular_ws/install/dynamixel_sdk_examples', 'merge_install': False, 'path': '/home/haodong/modular_ws/src/dynamixel_sdk_examples', 'symlink_install': False, 'test_result_base': None}
[0.326s] Level 5:colcon.colcon_core.verb:set package 'dynamixel_motor' build argument 'cmake_args' from command line to 'None'
[0.327s] Level 5:colcon.colcon_core.verb:set package 'dynamixel_motor' build argument 'cmake_target' from command line to 'None'
[0.327s] Level 5:colcon.colcon_core.verb:set package 'dynamixel_motor' build argument 'cmake_target_skip_unavailable' from command line to 'False'
[0.327s] Level 5:colcon.colcon_core.verb:set package 'dynamixel_motor' build argument 'cmake_clean_cache' from command line to 'False'
[0.327s] Level 5:colcon.colcon_core.verb:set package 'dynamixel_motor' build argument 'cmake_clean_first' from command line to 'False'
[0.327s] Level 5:colcon.colcon_core.verb:set package 'dynamixel_motor' build argument 'cmake_force_configure' from command line to 'False'
[0.327s] Level 5:colcon.colcon_core.verb:set package 'dynamixel_motor' build argument 'ament_cmake_args' from command line to 'None'
[0.327s] Level 5:colcon.colcon_core.verb:set package 'dynamixel_motor' build argument 'catkin_cmake_args' from command line to 'None'
[0.327s] Level 5:colcon.colcon_core.verb:set package 'dynamixel_motor' build argument 'catkin_skip_building_tests' from command line to 'False'
[0.327s] DEBUG:colcon.colcon_core.verb:Building package 'dynamixel_motor' with the following arguments: {'ament_cmake_args': None, 'build_base': '/home/haodong/modular_ws/build/dynamixel_motor', 'catkin_cmake_args': None, 'catkin_skip_building_tests': False, 'cmake_args': None, 'cmake_clean_cache': False, 'cmake_clean_first': False, 'cmake_force_configure': False, 'cmake_target': None, 'cmake_target_skip_unavailable': False, 'install_base': '/home/haodong/modular_ws/install/dynamixel_motor', 'merge_install': False, 'path': '/home/haodong/modular_ws/src/dynamixel_motor', 'symlink_install': False, 'test_result_base': None}
[0.327s] INFO:colcon.colcon_core.executor:Executing jobs using 'parallel' executor
[0.327s] DEBUG:colcon.colcon_parallel_executor.executor.parallel:run_until_complete
[0.328s] INFO:colcon.colcon_ros.task.ament_cmake.build:Building ROS package in '/home/haodong/modular_ws/src/dynamixel_sdk' with build type 'ament_cmake'
[0.328s] INFO:colcon.colcon_cmake.task.cmake.build:Building CMake package in '/home/haodong/modular_ws/src/dynamixel_sdk'
[0.330s] INFO:colcon.colcon_core.plugin_system:Skipping extension 'colcon_core.shell.bat': Not used on non-Windows systems
[0.330s] INFO:colcon.colcon_core.shell:Skip shell extension 'powershell' for command environment: Not usable outside of PowerShell
[0.330s] DEBUG:colcon.colcon_core.shell:Skip shell extension 'dsv' for command environment
[0.341s] INFO:colcon.colcon_ros.task.ament_cmake.build:Building ROS package in '/home/haodong/modular_ws/src/dynamixel_sdk_custom_interfaces' with build type 'ament_cmake'
[0.341s] INFO:colcon.colcon_cmake.task.cmake.build:Building CMake package in '/home/haodong/modular_ws/src/dynamixel_sdk_custom_interfaces'
[0.342s] INFO:colcon.colcon_core.shell:Skip shell extension 'powershell' for command environment: Not usable outside of PowerShell
[0.342s] DEBUG:colcon.colcon_core.shell:Skip shell extension 'dsv' for command environment
[0.366s] DEBUG:colcon.colcon_core.event_handler.log_command:Invoking command in '/home/haodong/modular_ws/build/dynamixel_sdk': CMAKE_PREFIX_PATH=${CMAKE_PREFIX_PATH}:/home/haodong/modular_ws/install/dynamixel_motor:/home/haodong/ws_moveit/install/moveit_configs_utils:/opt/ros/jazzy DEBUGINFOD_URLS=https://debuginfod.ubuntu.com /usr/bin/cmake --build /home/haodong/modular_ws/build/dynamixel_sdk -- -j12 -l12
[0.374s] DEBUG:colcon.colcon_core.event_handler.log_command:Invoking command in '/home/haodong/modular_ws/build/dynamixel_sdk_custom_interfaces': CMAKE_PREFIX_PATH=${CMAKE_PREFIX_PATH}:/home/haodong/modular_ws/install/dynamixel_motor:/home/haodong/ws_moveit/install/moveit_configs_utils:/opt/ros/jazzy DEBUGINFOD_URLS=https://debuginfod.ubuntu.com /usr/bin/cmake --build /home/haodong/modular_ws/build/dynamixel_sdk_custom_interfaces -- -j12 -l12
[0.489s] DEBUG:colcon.colcon_core.event_handler.log_command:Invoked command in '/home/haodong/modular_ws/build/dynamixel_sdk' returned '0': CMAKE_PREFIX_PATH=${CMAKE_PREFIX_PATH}:/home/haodong/modular_ws/install/dynamixel_motor:/home/haodong/ws_moveit/install/moveit_configs_utils:/opt/ros/jazzy DEBUGINFOD_URLS=https://debuginfod.ubuntu.com /usr/bin/cmake --build /home/haodong/modular_ws/build/dynamixel_sdk -- -j12 -l12
[0.607s] DEBUG:colcon.colcon_core.event_handler.log_command:Invoking command in '/home/haodong/modular_ws/build/dynamixel_sdk': CMAKE_PREFIX_PATH=${CMAKE_PREFIX_PATH}:/home/haodong/modular_ws/install/dynamixel_motor:/home/haodong/ws_moveit/install/moveit_configs_utils:/opt/ros/jazzy DEBUGINFOD_URLS=https://debuginfod.ubuntu.com /usr/bin/cmake --install /home/haodong/modular_ws/build/dynamixel_sdk
[0.626s] Level 1:colcon.colcon_core.environment:create_environment_scripts_only(dynamixel_sdk)
[0.627s] DEBUG:colcon.colcon_core.event_handler.log_command:Invoked command in '/home/haodong/modular_ws/build/dynamixel_sdk' returned '0': CMAKE_PREFIX_PATH=${CMAKE_PREFIX_PATH}:/home/haodong/modular_ws/install/dynamixel_motor:/home/haodong/ws_moveit/install/moveit_configs_utils:/opt/ros/jazzy DEBUGINFOD_URLS=https://debuginfod.ubuntu.com /usr/bin/cmake --install /home/haodong/modular_ws/build/dynamixel_sdk
[0.631s] Level 1:colcon.colcon_core.environment:checking '/home/haodong/modular_ws/install/dynamixel_sdk' for CMake module files
[0.631s] Level 1:colcon.colcon_core.environment:checking '/home/haodong/modular_ws/install/dynamixel_sdk' for CMake config files
[0.632s] Level 1:colcon.colcon_core.shell:create_environment_hook('dynamixel_sdk', 'cmake_prefix_path')
[0.632s] INFO:colcon.colcon_core.shell:Creating environment hook '/home/haodong/modular_ws/install/dynamixel_sdk/share/dynamixel_sdk/hook/cmake_prefix_path.ps1'
[0.633s] INFO:colcon.colcon_core.shell:Creating environment descriptor '/home/haodong/modular_ws/install/dynamixel_sdk/share/dynamixel_sdk/hook/cmake_prefix_path.dsv'
[0.633s] INFO:colcon.colcon_core.shell:Creating environment hook '/home/haodong/modular_ws/install/dynamixel_sdk/share/dynamixel_sdk/hook/cmake_prefix_path.sh'
[0.634s] Level 1:colcon.colcon_core.environment:checking '/home/haodong/modular_ws/install/dynamixel_sdk/lib'
[0.634s] Level 1:colcon.colcon_core.shell:create_environment_hook('dynamixel_sdk', 'ld_library_path_lib')
[0.634s] INFO:colcon.colcon_core.shell:Creating environment hook '/home/haodong/modular_ws/install/dynamixel_sdk/share/dynamixel_sdk/hook/ld_library_path_lib.ps1'
[0.635s] INFO:colcon.colcon_core.shell:Creating environment descriptor '/home/haodong/modular_ws/install/dynamixel_sdk/share/dynamixel_sdk/hook/ld_library_path_lib.dsv'
[0.635s] INFO:colcon.colcon_core.shell:Creating environment hook '/home/haodong/modular_ws/install/dynamixel_sdk/share/dynamixel_sdk/hook/ld_library_path_lib.sh'
[0.636s] Level 1:colcon.colcon_core.environment:checking '/home/haodong/modular_ws/install/dynamixel_sdk/bin'
[0.636s] Level 1:colcon.colcon_core.environment:checking '/home/haodong/modular_ws/install/dynamixel_sdk/lib/pkgconfig/dynamixel_sdk.pc'
[0.636s] Level 1:colcon.colcon_core.environment:checking '/home/haodong/modular_ws/install/dynamixel_sdk/lib/python3.12/site-packages'
[0.637s] Level 1:colcon.colcon_core.environment:checking '/home/haodong/modular_ws/install/dynamixel_sdk/bin'
[0.637s] INFO:colcon.colcon_core.shell:Creating package script '/home/haodong/modular_ws/install/dynamixel_sdk/share/dynamixel_sdk/package.ps1'
[0.639s] INFO:colcon.colcon_core.shell:Creating package descriptor '/home/haodong/modular_ws/install/dynamixel_sdk/share/dynamixel_sdk/package.dsv'
[0.640s] INFO:colcon.colcon_core.shell:Creating package script '/home/haodong/modular_ws/install/dynamixel_sdk/share/dynamixel_sdk/package.sh'
[0.641s] INFO:colcon.colcon_core.shell:Creating package script '/home/haodong/modular_ws/install/dynamixel_sdk/share/dynamixel_sdk/package.bash'
[0.642s] INFO:colcon.colcon_core.shell:Creating package script '/home/haodong/modular_ws/install/dynamixel_sdk/share/dynamixel_sdk/package.zsh'
[0.643s] Level 1:colcon.colcon_core.environment:create_file_with_runtime_dependencies(/home/haodong/modular_ws/install/dynamixel_sdk/share/colcon-core/packages/dynamixel_sdk)
[0.729s] Level 1:colcon.colcon_core.environment:create_environment_scripts_only(dynamixel_sdk)
[0.730s] Level 1:colcon.colcon_core.environment:checking '/home/haodong/modular_ws/install/dynamixel_sdk' for CMake module files
[0.730s] Level 1:colcon.colcon_core.environment:checking '/home/haodong/modular_ws/install/dynamixel_sdk' for CMake config files
[0.731s] Level 1:colcon.colcon_core.shell:create_environment_hook('dynamixel_sdk', 'cmake_prefix_path')
[0.731s] INFO:colcon.colcon_core.shell:Creating environment hook '/home/haodong/modular_ws/install/dynamixel_sdk/share/dynamixel_sdk/hook/cmake_prefix_path.ps1'
[0.731s] INFO:colcon.colcon_core.shell:Creating environment descriptor '/home/haodong/modular_ws/install/dynamixel_sdk/share/dynamixel_sdk/hook/cmake_prefix_path.dsv'
[0.732s] INFO:colcon.colcon_core.shell:Creating environment hook '/home/haodong/modular_ws/install/dynamixel_sdk/share/dynamixel_sdk/hook/cmake_prefix_path.sh'
[0.732s] Level 1:colcon.colcon_core.environment:checking '/home/haodong/modular_ws/install/dynamixel_sdk/lib'
[0.733s] Level 1:colcon.colcon_core.shell:create_environment_hook('dynamixel_sdk', 'ld_library_path_lib')
[0.733s] INFO:colcon.colcon_core.shell:Creating environment hook '/home/haodong/modular_ws/install/dynamixel_sdk/share/dynamixel_sdk/hook/ld_library_path_lib.ps1'
[0.733s] INFO:colcon.colcon_core.shell:Creating environment descriptor '/home/haodong/modular_ws/install/dynamixel_sdk/share/dynamixel_sdk/hook/ld_library_path_lib.dsv'
[0.734s] INFO:colcon.colcon_core.shell:Creating environment hook '/home/haodong/modular_ws/install/dynamixel_sdk/share/dynamixel_sdk/hook/ld_library_path_lib.sh'
[0.734s] Level 1:colcon.colcon_core.environment:checking '/home/haodong/modular_ws/install/dynamixel_sdk/bin'
[0.734s] Level 1:colcon.colcon_core.environment:checking '/home/haodong/modular_ws/install/dynamixel_sdk/lib/pkgconfig/dynamixel_sdk.pc'
[0.735s] Level 1:colcon.colcon_core.environment:checking '/home/haodong/modular_ws/install/dynamixel_sdk/lib/python3.12/site-packages'
[0.735s] Level 1:colcon.colcon_core.environment:checking '/home/haodong/modular_ws/install/dynamixel_sdk/bin'
[0.735s] INFO:colcon.colcon_core.shell:Creating package script '/home/haodong/modular_ws/install/dynamixel_sdk/share/dynamixel_sdk/package.ps1'
[0.736s] INFO:colcon.colcon_core.shell:Creating package descriptor '/home/haodong/modular_ws/install/dynamixel_sdk/share/dynamixel_sdk/package.dsv'
[0.737s] INFO:colcon.colcon_core.shell:Creating package script '/home/haodong/modular_ws/install/dynamixel_sdk/share/dynamixel_sdk/package.sh'
[0.737s] INFO:colcon.colcon_core.shell:Creating package script '/home/haodong/modular_ws/install/dynamixel_sdk/share/dynamixel_sdk/package.bash'
[0.737s] INFO:colcon.colcon_core.shell:Creating package script '/home/haodong/modular_ws/install/dynamixel_sdk/share/dynamixel_sdk/package.zsh'
[0.738s] Level 1:colcon.colcon_core.environment:create_file_with_runtime_dependencies(/home/haodong/modular_ws/install/dynamixel_sdk/share/colcon-core/packages/dynamixel_sdk)
[1.179s] DEBUG:colcon.colcon_core.event_handler.log_command:Invoked command in '/home/haodong/modular_ws/build/dynamixel_sdk_custom_interfaces' returned '0': CMAKE_PREFIX_PATH=${CMAKE_PREFIX_PATH}:/home/haodong/modular_ws/install/dynamixel_motor:/home/haodong/ws_moveit/install/moveit_configs_utils:/opt/ros/jazzy DEBUGINFOD_URLS=https://debuginfod.ubuntu.com /usr/bin/cmake --build /home/haodong/modular_ws/build/dynamixel_sdk_custom_interfaces -- -j12 -l12
[1.605s] DEBUG:colcon.colcon_core.event_handler.log_command:Invoking command in '/home/haodong/modular_ws/build/dynamixel_sdk_custom_interfaces': CMAKE_PREFIX_PATH=${CMAKE_PREFIX_PATH}:/home/haodong/modular_ws/install/dynamixel_motor:/home/haodong/ws_moveit/install/moveit_configs_utils:/opt/ros/jazzy DEBUGINFOD_URLS=https://debuginfod.ubuntu.com /usr/bin/cmake --install /home/haodong/modular_ws/build/dynamixel_sdk_custom_interfaces
[1.705s] Level 1:colcon.colcon_core.environment:create_environment_scripts_only(dynamixel_sdk_custom_interfaces)
[1.706s] Level 1:colcon.colcon_core.environment:checking '/home/haodong/modular_ws/install/dynamixel_sdk_custom_interfaces' for CMake module files
[1.707s] DEBUG:colcon.colcon_core.event_handler.log_command:Invoked command in '/home/haodong/modular_ws/build/dynamixel_sdk_custom_interfaces' returned '0': CMAKE_PREFIX_PATH=${CMAKE_PREFIX_PATH}:/home/haodong/modular_ws/install/dynamixel_motor:/home/haodong/ws_moveit/install/moveit_configs_utils:/opt/ros/jazzy DEBUGINFOD_URLS=https://debuginfod.ubuntu.com /usr/bin/cmake --install /home/haodong/modular_ws/build/dynamixel_sdk_custom_interfaces
[1.708s] Level 1:colcon.colcon_core.environment:checking '/home/haodong/modular_ws/install/dynamixel_sdk_custom_interfaces' for CMake config files
[1.708s] Level 1:colcon.colcon_core.shell:create_environment_hook('dynamixel_sdk_custom_interfaces', 'cmake_prefix_path')
[1.709s] INFO:colcon.colcon_core.shell:Creating environment hook '/home/haodong/modular_ws/install/dynamixel_sdk_custom_interfaces/share/dynamixel_sdk_custom_interfaces/hook/cmake_prefix_path.ps1'
[1.709s] INFO:colcon.colcon_core.shell:Creating environment descriptor '/home/haodong/modular_ws/install/dynamixel_sdk_custom_interfaces/share/dynamixel_sdk_custom_interfaces/hook/cmake_prefix_path.dsv'
[1.709s] INFO:colcon.colcon_core.shell:Creating environment hook '/home/haodong/modular_ws/install/dynamixel_sdk_custom_interfaces/share/dynamixel_sdk_custom_interfaces/hook/cmake_prefix_path.sh'
[1.710s] Level 1:colcon.colcon_core.environment:checking '/home/haodong/modular_ws/install/dynamixel_sdk_custom_interfaces/lib'
[1.710s] Level 1:colcon.colcon_core.shell:create_environment_hook('dynamixel_sdk_custom_interfaces', 'ld_library_path_lib')
[1.711s] INFO:colcon.colcon_core.shell:Creating environment hook '/home/haodong/modular_ws/install/dynamixel_sdk_custom_interfaces/share/dynamixel_sdk_custom_interfaces/hook/ld_library_path_lib.ps1'
[1.711s] INFO:colcon.colcon_core.shell:Creating environment descriptor '/home/haodong/modular_ws/install/dynamixel_sdk_custom_interfaces/share/dynamixel_sdk_custom_interfaces/hook/ld_library_path_lib.dsv'
[1.711s] INFO:colcon.colcon_core.shell:Creating environment hook '/home/haodong/modular_ws/install/dynamixel_sdk_custom_interfaces/share/dynamixel_sdk_custom_interfaces/hook/ld_library_path_lib.sh'
[1.712s] Level 1:colcon.colcon_core.environment:checking '/home/haodong/modular_ws/install/dynamixel_sdk_custom_interfaces/bin'
[1.712s] Level 1:colcon.colcon_core.environment:checking '/home/haodong/modular_ws/install/dynamixel_sdk_custom_interfaces/lib/pkgconfig/dynamixel_sdk_custom_interfaces.pc'
[1.712s] Level 1:colcon.colcon_core.environment:checking '/home/haodong/modular_ws/install/dynamixel_sdk_custom_interfaces/lib/python3.12/site-packages'
[1.713s] Level 1:colcon.colcon_core.shell:create_environment_hook('dynamixel_sdk_custom_interfaces', 'pythonpath')
[1.713s] INFO:colcon.colcon_core.shell:Creating environment hook '/home/haodong/modular_ws/install/dynamixel_sdk_custom_interfaces/share/dynamixel_sdk_custom_interfaces/hook/pythonpath.ps1'
[1.713s] INFO:colcon.colcon_core.shell:Creating environment descriptor '/home/haodong/modular_ws/install/dynamixel_sdk_custom_interfaces/share/dynamixel_sdk_custom_interfaces/hook/pythonpath.dsv'
[1.714s] INFO:colcon.colcon_core.shell:Creating environment hook '/home/haodong/modular_ws/install/dynamixel_sdk_custom_interfaces/share/dynamixel_sdk_custom_interfaces/hook/pythonpath.sh'
[1.714s] Level 1:colcon.colcon_core.environment:checking '/home/haodong/modular_ws/install/dynamixel_sdk_custom_interfaces/bin'
[1.715s] INFO:colcon.colcon_core.shell:Creating package script '/home/haodong/modular_ws/install/dynamixel_sdk_custom_interfaces/share/dynamixel_sdk_custom_interfaces/package.ps1'
[1.715s] INFO:colcon.colcon_core.shell:Creating package descriptor '/home/haodong/modular_ws/install/dynamixel_sdk_custom_interfaces/share/dynamixel_sdk_custom_interfaces/package.dsv'
[1.716s] INFO:colcon.colcon_core.shell:Creating package script '/home/haodong/modular_ws/install/dynamixel_sdk_custom_interfaces/share/dynamixel_sdk_custom_interfaces/package.sh'
[1.716s] INFO:colcon.colcon_core.shell:Creating package script '/home/haodong/modular_ws/install/dynamixel_sdk_custom_interfaces/share/dynamixel_sdk_custom_interfaces/package.bash'
[1.717s] INFO:colcon.colcon_core.shell:Creating package script '/home/haodong/modular_ws/install/dynamixel_sdk_custom_interfaces/share/dynamixel_sdk_custom_interfaces/package.zsh'
[1.717s] Level 1:colcon.colcon_core.environment:create_file_with_runtime_dependencies(/home/haodong/modular_ws/install/dynamixel_sdk_custom_interfaces/share/colcon-core/packages/dynamixel_sdk_custom_interfaces)
[2.124s] Level 1:colcon.colcon_core.environment:create_environment_scripts_only(dynamixel_sdk_custom_interfaces)
[2.124s] Level 1:colcon.colcon_core.environment:checking '/home/haodong/modular_ws/install/dynamixel_sdk_custom_interfaces' for CMake module files
[2.125s] Level 1:colcon.colcon_core.environment:checking '/home/haodong/modular_ws/install/dynamixel_sdk_custom_interfaces' for CMake config files
[2.125s] Level 1:colcon.colcon_core.shell:create_environment_hook('dynamixel_sdk_custom_interfaces', 'cmake_prefix_path')
[2.125s] INFO:colcon.colcon_core.shell:Creating environment hook '/home/haodong/modular_ws/install/dynamixel_sdk_custom_interfaces/share/dynamixel_sdk_custom_interfaces/hook/cmake_prefix_path.ps1'
[2.126s] INFO:colcon.colcon_core.shell:Creating environment descriptor '/home/haodong/modular_ws/install/dynamixel_sdk_custom_interfaces/share/dynamixel_sdk_custom_interfaces/hook/cmake_prefix_path.dsv'
[2.126s] INFO:colcon.colcon_core.shell:Creating environment hook '/home/haodong/modular_ws/install/dynamixel_sdk_custom_interfaces/share/dynamixel_sdk_custom_interfaces/hook/cmake_prefix_path.sh'
[2.127s] Level 1:colcon.colcon_core.environment:checking '/home/haodong/modular_ws/install/dynamixel_sdk_custom_interfaces/lib'
[2.127s] Level 1:colcon.colcon_core.shell:create_environment_hook('dynamixel_sdk_custom_interfaces', 'ld_library_path_lib')
[2.127s] INFO:colcon.colcon_core.shell:Creating environment hook '/home/haodong/modular_ws/install/dynamixel_sdk_custom_interfaces/share/dynamixel_sdk_custom_interfaces/hook/ld_library_path_lib.ps1'
[2.127s] INFO:colcon.colcon_core.shell:Creating environment descriptor '/home/haodong/modular_ws/install/dynamixel_sdk_custom_interfaces/share/dynamixel_sdk_custom_interfaces/hook/ld_library_path_lib.dsv'
[2.127s] INFO:colcon.colcon_core.shell:Creating environment hook '/home/haodong/modular_ws/install/dynamixel_sdk_custom_interfaces/share/dynamixel_sdk_custom_interfaces/hook/ld_library_path_lib.sh'
[2.128s] Level 1:colcon.colcon_core.environment:checking '/home/haodong/modular_ws/install/dynamixel_sdk_custom_interfaces/bin'
[2.128s] Level 1:colcon.colcon_core.environment:checking '/home/haodong/modular_ws/install/dynamixel_sdk_custom_interfaces/lib/pkgconfig/dynamixel_sdk_custom_interfaces.pc'
[2.128s] Level 1:colcon.colcon_core.environment:checking '/home/haodong/modular_ws/install/dynamixel_sdk_custom_interfaces/lib/python3.12/site-packages'
[2.128s] Level 1:colcon.colcon_core.shell:create_environment_hook('dynamixel_sdk_custom_interfaces', 'pythonpath')
[2.128s] INFO:colcon.colcon_core.shell:Creating environment hook '/home/haodong/modular_ws/install/dynamixel_sdk_custom_interfaces/share/dynamixel_sdk_custom_interfaces/hook/pythonpath.ps1'
[2.128s] INFO:colcon.colcon_core.shell:Creating environment descriptor '/home/haodong/modular_ws/install/dynamixel_sdk_custom_interfaces/share/dynamixel_sdk_custom_interfaces/hook/pythonpath.dsv'
[2.129s] INFO:colcon.colcon_core.shell:Creating environment hook '/home/haodong/modular_ws/install/dynamixel_sdk_custom_interfaces/share/dynamixel_sdk_custom_interfaces/hook/pythonpath.sh'
[2.129s] Level 1:colcon.colcon_core.environment:checking '/home/haodong/modular_ws/install/dynamixel_sdk_custom_interfaces/bin'
[2.129s] INFO:colcon.colcon_core.shell:Creating package script '/home/haodong/modular_ws/install/dynamixel_sdk_custom_interfaces/share/dynamixel_sdk_custom_interfaces/package.ps1'
[2.130s] INFO:colcon.colcon_core.shell:Creating package descriptor '/home/haodong/modular_ws/install/dynamixel_sdk_custom_interfaces/share/dynamixel_sdk_custom_interfaces/package.dsv'
[2.130s] INFO:colcon.colcon_core.shell:Creating package script '/home/haodong/modular_ws/install/dynamixel_sdk_custom_interfaces/share/dynamixel_sdk_custom_interfaces/package.sh'
[2.131s] INFO:colcon.colcon_core.shell:Creating package script '/home/haodong/modular_ws/install/dynamixel_sdk_custom_interfaces/share/dynamixel_sdk_custom_interfaces/package.bash'
[2.131s] INFO:colcon.colcon_core.shell:Creating package script '/home/haodong/modular_ws/install/dynamixel_sdk_custom_interfaces/share/dynamixel_sdk_custom_interfaces/package.zsh'
[2.131s] Level 1:colcon.colcon_core.environment:create_file_with_runtime_dependencies(/home/haodong/modular_ws/install/dynamixel_sdk_custom_interfaces/share/colcon-core/packages/dynamixel_sdk_custom_interfaces)
[2.132s] INFO:colcon.colcon_ros.task.ament_cmake.build:Building ROS package in '/home/haodong/modular_ws/src/dynamixel_sdk_examples' with build type 'ament_cmake'
[2.132s] INFO:colcon.colcon_cmake.task.cmake.build:Building CMake package in '/home/haodong/modular_ws/src/dynamixel_sdk_examples'
[2.132s] INFO:colcon.colcon_core.shell:Skip shell extension 'powershell' for command environment: Not usable outside of PowerShell
[2.132s] DEBUG:colcon.colcon_core.shell:Skip shell extension 'dsv' for command environment
[2.166s] DEBUG:colcon.colcon_core.event_handler.log_command:Invoking command in '/home/haodong/modular_ws/build/dynamixel_sdk_examples': CMAKE_PREFIX_PATH=/home/haodong/modular_ws/install/dynamixel_sdk_custom_interfaces:/home/haodong/modular_ws/install/dynamixel_sdk:/home/haodong/modular_ws/install/dynamixel_sdk_examples:/home/haodong/ws_moveit/install/robotiq_hardware_tests:/home/haodong/ws_moveit/install/robotiq_driver:/home/haodong/ws_moveit/install/serial:/home/haodong/ws_moveit/install/moveit2_tutorials:/home/haodong/ws_moveit/install/moveit_visual_tools:/home/haodong/ws_moveit/install/rviz_visual_tools:/home/haodong/ws_moveit/install/moveit_task_constructor_visualization:/home/haodong/ws_moveit/install/moveit_task_constructor_demo:/home/haodong/ws_moveit/install/moveit_task_constructor_capabilities:/home/haodong/ws_moveit/install/moveit_task_constructor_core:/home/haodong/ws_moveit/install/rviz_marker_tools:/home/haodong/ws_moveit/install/kortex_bringup:/home/haodong/ws_moveit/install/kinova_gen3_lite_moveit_config:/home/haodong/ws_moveit/install/kinova_gen3_7dof_robotiq_2f_85_moveit_config:/home/haodong/ws_moveit/install/kinova_gen3_6dof_robotiq_2f_85_moveit_config:/home/haodong/ws_moveit/install/kortex_description:/home/haodong/ws_moveit/install/robotiq_description:/home/haodong/ws_moveit/install/robotiq_controllers:/home/haodong/ws_moveit/install/pilz_industrial_motion_planner_testutils:/home/haodong/ws_moveit/install/moveit_runtime:/home/haodong/ws_moveit/install/moveit:/home/haodong/ws_moveit/install/moveit_planners:/home/haodong/ws_moveit/install/pilz_industrial_motion_planner:/home/haodong/ws_moveit/install/pick_ik:/home/haodong/ws_moveit/install/moveit_task_constructor_msgs:/home/haodong/ws_moveit/install/moveit_ros_control_interface:/home/haodong/ws_moveit/install/moveit_plugins:/home/haodong/ws_moveit/install/moveit_simple_controller_manager:/home/haodong/ws_moveit/install/moveit_setup_assistant:/home/haodong/ws_moveit/install/moveit_setup_srdf_plugins:/home/haodong/ws_moveit/install/moveit_setup_core_plugins:/home/haodong/ws_moveit/install/moveit_setup_controllers:/home/haodong/ws_moveit/install/moveit_setup_app_plugins:/home/haodong/ws_moveit/install/moveit_setup_framework:/home/haodong/ws_moveit/install/moveit_servo:/home/haodong/ws_moveit/install/moveit_ros_trajectory_cache:/home/haodong/ws_moveit/install/moveit_ros:/home/haodong/ws_moveit/install/moveit_ros_visualization:/home/haodong/ws_moveit/install/moveit_py:/home/haodong/ws_moveit/install/moveit_hybrid_planning:/home/haodong/ws_moveit/install/moveit_ros_planning_interface:/home/haodong/ws_moveit/install/moveit_ros_benchmarks:/home/haodong/ws_moveit/install/moveit_ros_warehouse:/home/haodong/ws_moveit/install/moveit_ros_robot_interaction:/home/haodong/ws_moveit/install/moveit_ros_perception:/home/haodong/ws_moveit/install/moveit_resources_prbt_pg70_support:/home/haodong/ws_moveit/install/moveit_resources_prbt_moveit_config:/home/haodong/ws_moveit/install/moveit_ros_move_group:/home/haodong/ws_moveit/install/moveit_planners_ompl:/home/haodong/ws_moveit/install/moveit_kinematics:/home/haodong/ws_moveit/install/moveit_ros_planning:/home/haodong/ws_moveit/install/moveit_ros_occupancy_map_monitor:/home/haodong/ws_moveit/install/moveit_resources_prbt_support:/home/haodong/ws_moveit/install/moveit_resources_prbt_ikfast_manipulator_plugin:/home/haodong/ws_moveit/install/moveit_resources:/home/haodong/ws_moveit/install/moveit_resources_pr2_description:/home/haodong/ws_moveit/install/moveit_resources_panda_moveit_config:/home/haodong/ws_moveit/install/dual_arm_panda_moveit_config:/home/haodong/ws_moveit/install/moveit_resources_panda_description:/home/haodong/ws_moveit/install/moveit_resources_fanuc_moveit_config:/home/haodong/ws_moveit/install/moveit_resources_fanuc_description:/home/haodong/ws_moveit/install/moveit_planners_stomp:/home/haodong/ws_moveit/install/moveit_planners_chomp:/home/haodong/ws_moveit/install/chomp_motion_planner:/home/haodong/ws_moveit/install/moveit_core:/home/haodong/ws_moveit/install/moveit_msgs:/home/haodong/ws_moveit/install/moveit_common:/home/haodong/ws_moveit/install/kortex_driver:/home/haodong/ws_moveit/install/kortex_api:/home/haodong/ws/franka/install:/opt/ros/jazzy/opt/gz_sim_vendor:/opt/ros/jazzy/opt/gz_sensors_vendor:/opt/ros/jazzy/opt/gz_physics_vendor:/opt/ros/jazzy/opt/sdformat_vendor:/opt/ros/jazzy/opt/gz_gui_vendor:/opt/ros/jazzy/opt/gz_transport_vendor:/opt/ros/jazzy/opt/gz_rendering_vendor:/opt/ros/jazzy/opt/gz_plugin_vendor:/opt/ros/jazzy/opt/gz_fuel_tools_vendor:/opt/ros/jazzy/opt/gz_msgs_vendor:/opt/ros/jazzy/opt/gz_common_vendor:/opt/ros/jazzy/opt/gz_math_vendor:/opt/ros/jazzy/opt/gz_utils_vendor:/opt/ros/jazzy/opt/gz_tools_vendor:/opt/ros/jazzy/opt/gz_ogre_next_vendor:/opt/ros/jazzy/opt/gz_dartsim_vendor:/opt/ros/jazzy/opt/gz_cmake_vendor:/home/haodong/modular_ws/install/dynamixel_motor:/home/haodong/ws_moveit/install/moveit_configs_utils:/opt/ros/jazzy DEBUGINFOD_URLS=https://debuginfod.ubuntu.com PYTHONPATH=/home/haodong/modular_ws/install/dynamixel_sdk_custom_interfaces/lib/python3.12/site-packages:/home/haodong/modular_ws/install/dynamixel_motor/lib/python3.12/site-packages:/home/haodong/ws_moveit/install/moveit_task_constructor_core/lib/python3.12/site-packages:/home/haodong/ws_moveit/install/moveit_task_constructor_msgs/lib/python3.12/site-packages:/home/haodong/ws_moveit/install/moveit_py/lib/python3.12/site-packages:/home/haodong/ws_moveit/install/moveit_msgs/lib/python3.12/site-packages:/home/haodong/ws_moveit/install/moveit_configs_utils/lib/python3.12/site-packages:/home/haodong/ws/franka/install/lib/python3.12/site-packages:/opt/ros/jazzy/lib/python3.12/site-packages /usr/bin/cmake --build /home/haodong/modular_ws/build/dynamixel_sdk_examples -- -j12 -l12
[2.275s] DEBUG:colcon.colcon_core.event_handler.log_command:Invoked command in '/home/haodong/modular_ws/build/dynamixel_sdk_examples' returned '0': CMAKE_PREFIX_PATH=/home/haodong/modular_ws/install/dynamixel_sdk_custom_interfaces:/home/haodong/modular_ws/install/dynamixel_sdk:/home/haodong/modular_ws/install/dynamixel_sdk_examples:/home/haodong/ws_moveit/install/robotiq_hardware_tests:/home/haodong/ws_moveit/install/robotiq_driver:/home/haodong/ws_moveit/install/serial:/home/haodong/ws_moveit/install/moveit2_tutorials:/home/haodong/ws_moveit/install/moveit_visual_tools:/home/haodong/ws_moveit/install/rviz_visual_tools:/home/haodong/ws_moveit/install/moveit_task_constructor_visualization:/home/haodong/ws_moveit/install/moveit_task_constructor_demo:/home/haodong/ws_moveit/install/moveit_task_constructor_capabilities:/home/haodong/ws_moveit/install/moveit_task_constructor_core:/home/haodong/ws_moveit/install/rviz_marker_tools:/home/haodong/ws_moveit/install/kortex_bringup:/home/haodong/ws_moveit/install/kinova_gen3_lite_moveit_config:/home/haodong/ws_moveit/install/kinova_gen3_7dof_robotiq_2f_85_moveit_config:/home/haodong/ws_moveit/install/kinova_gen3_6dof_robotiq_2f_85_moveit_config:/home/haodong/ws_moveit/install/kortex_description:/home/haodong/ws_moveit/install/robotiq_description:/home/haodong/ws_moveit/install/robotiq_controllers:/home/haodong/ws_moveit/install/pilz_industrial_motion_planner_testutils:/home/haodong/ws_moveit/install/moveit_runtime:/home/haodong/ws_moveit/install/moveit:/home/haodong/ws_moveit/install/moveit_planners:/home/haodong/ws_moveit/install/pilz_industrial_motion_planner:/home/haodong/ws_moveit/install/pick_ik:/home/haodong/ws_moveit/install/moveit_task_constructor_msgs:/home/haodong/ws_moveit/install/moveit_ros_control_interface:/home/haodong/ws_moveit/install/moveit_plugins:/home/haodong/ws_moveit/install/moveit_simple_controller_manager:/home/haodong/ws_moveit/install/moveit_setup_assistant:/home/haodong/ws_moveit/install/moveit_setup_srdf_plugins:/home/haodong/ws_moveit/install/moveit_setup_core_plugins:/home/haodong/ws_moveit/install/moveit_setup_controllers:/home/haodong/ws_moveit/install/moveit_setup_app_plugins:/home/haodong/ws_moveit/install/moveit_setup_framework:/home/haodong/ws_moveit/install/moveit_servo:/home/haodong/ws_moveit/install/moveit_ros_trajectory_cache:/home/haodong/ws_moveit/install/moveit_ros:/home/haodong/ws_moveit/install/moveit_ros_visualization:/home/haodong/ws_moveit/install/moveit_py:/home/haodong/ws_moveit/install/moveit_hybrid_planning:/home/haodong/ws_moveit/install/moveit_ros_planning_interface:/home/haodong/ws_moveit/install/moveit_ros_benchmarks:/home/haodong/ws_moveit/install/moveit_ros_warehouse:/home/haodong/ws_moveit/install/moveit_ros_robot_interaction:/home/haodong/ws_moveit/install/moveit_ros_perception:/home/haodong/ws_moveit/install/moveit_resources_prbt_pg70_support:/home/haodong/ws_moveit/install/moveit_resources_prbt_moveit_config:/home/haodong/ws_moveit/install/moveit_ros_move_group:/home/haodong/ws_moveit/install/moveit_planners_ompl:/home/haodong/ws_moveit/install/moveit_kinematics:/home/haodong/ws_moveit/install/moveit_ros_planning:/home/haodong/ws_moveit/install/moveit_ros_occupancy_map_monitor:/home/haodong/ws_moveit/install/moveit_resources_prbt_support:/home/haodong/ws_moveit/install/moveit_resources_prbt_ikfast_manipulator_plugin:/home/haodong/ws_moveit/install/moveit_resources:/home/haodong/ws_moveit/install/moveit_resources_pr2_description:/home/haodong/ws_moveit/install/moveit_resources_panda_moveit_config:/home/haodong/ws_moveit/install/dual_arm_panda_moveit_config:/home/haodong/ws_moveit/install/moveit_resources_panda_description:/home/haodong/ws_moveit/install/moveit_resources_fanuc_moveit_config:/home/haodong/ws_moveit/install/moveit_resources_fanuc_description:/home/haodong/ws_moveit/install/moveit_planners_stomp:/home/haodong/ws_moveit/install/moveit_planners_chomp:/home/haodong/ws_moveit/install/chomp_motion_planner:/home/haodong/ws_moveit/install/moveit_core:/home/haodong/ws_moveit/install/moveit_msgs:/home/haodong/ws_moveit/install/moveit_common:/home/haodong/ws_moveit/install/kortex_driver:/home/haodong/ws_moveit/install/kortex_api:/home/haodong/ws/franka/install:/opt/ros/jazzy/opt/gz_sim_vendor:/opt/ros/jazzy/opt/gz_sensors_vendor:/opt/ros/jazzy/opt/gz_physics_vendor:/opt/ros/jazzy/opt/sdformat_vendor:/opt/ros/jazzy/opt/gz_gui_vendor:/opt/ros/jazzy/opt/gz_transport_vendor:/opt/ros/jazzy/opt/gz_rendering_vendor:/opt/ros/jazzy/opt/gz_plugin_vendor:/opt/ros/jazzy/opt/gz_fuel_tools_vendor:/opt/ros/jazzy/opt/gz_msgs_vendor:/opt/ros/jazzy/opt/gz_common_vendor:/opt/ros/jazzy/opt/gz_math_vendor:/opt/ros/jazzy/opt/gz_utils_vendor:/opt/ros/jazzy/opt/gz_tools_vendor:/opt/ros/jazzy/opt/gz_ogre_next_vendor:/opt/ros/jazzy/opt/gz_dartsim_vendor:/opt/ros/jazzy/opt/gz_cmake_vendor:/home/haodong/modular_ws/install/dynamixel_motor:/home/haodong/ws_moveit/install/moveit_configs_utils:/opt/ros/jazzy DEBUGINFOD_URLS=https://debuginfod.ubuntu.com PYTHONPATH=/home/haodong/modular_ws/install/dynamixel_sdk_custom_interfaces/lib/python3.12/site-packages:/home/haodong/modular_ws/install/dynamixel_motor/lib/python3.12/site-packages:/home/haodong/ws_moveit/install/moveit_task_constructor_core/lib/python3.12/site-packages:/home/haodong/ws_moveit/install/moveit_task_constructor_msgs/lib/python3.12/site-packages:/home/haodong/ws_moveit/install/moveit_py/lib/python3.12/site-packages:/home/haodong/ws_moveit/install/moveit_msgs/lib/python3.12/site-packages:/home/haodong/ws_moveit/install/moveit_configs_utils/lib/python3.12/site-packages:/home/haodong/ws/franka/install/lib/python3.12/site-packages:/opt/ros/jazzy/lib/python3.12/site-packages /usr/bin/cmake --build /home/haodong/modular_ws/build/dynamixel_sdk_examples -- -j12 -l12
[2.315s] DEBUG:colcon.colcon_core.event_handler.log_command:Invoking command in '/home/haodong/modular_ws/build/dynamixel_sdk_examples': CMAKE_PREFIX_PATH=/home/haodong/modular_ws/install/dynamixel_sdk_custom_interfaces:/home/haodong/modular_ws/install/dynamixel_sdk:/home/haodong/modular_ws/install/dynamixel_sdk_examples:/home/haodong/ws_moveit/install/robotiq_hardware_tests:/home/haodong/ws_moveit/install/robotiq_driver:/home/haodong/ws_moveit/install/serial:/home/haodong/ws_moveit/install/moveit2_tutorials:/home/haodong/ws_moveit/install/moveit_visual_tools:/home/haodong/ws_moveit/install/rviz_visual_tools:/home/haodong/ws_moveit/install/moveit_task_constructor_visualization:/home/haodong/ws_moveit/install/moveit_task_constructor_demo:/home/haodong/ws_moveit/install/moveit_task_constructor_capabilities:/home/haodong/ws_moveit/install/moveit_task_constructor_core:/home/haodong/ws_moveit/install/rviz_marker_tools:/home/haodong/ws_moveit/install/kortex_bringup:/home/haodong/ws_moveit/install/kinova_gen3_lite_moveit_config:/home/haodong/ws_moveit/install/kinova_gen3_7dof_robotiq_2f_85_moveit_config:/home/haodong/ws_moveit/install/kinova_gen3_6dof_robotiq_2f_85_moveit_config:/home/haodong/ws_moveit/install/kortex_description:/home/haodong/ws_moveit/install/robotiq_description:/home/haodong/ws_moveit/install/robotiq_controllers:/home/haodong/ws_moveit/install/pilz_industrial_motion_planner_testutils:/home/haodong/ws_moveit/install/moveit_runtime:/home/haodong/ws_moveit/install/moveit:/home/haodong/ws_moveit/install/moveit_planners:/home/haodong/ws_moveit/install/pilz_industrial_motion_planner:/home/haodong/ws_moveit/install/pick_ik:/home/haodong/ws_moveit/install/moveit_task_constructor_msgs:/home/haodong/ws_moveit/install/moveit_ros_control_interface:/home/haodong/ws_moveit/install/moveit_plugins:/home/haodong/ws_moveit/install/moveit_simple_controller_manager:/home/haodong/ws_moveit/install/moveit_setup_assistant:/home/haodong/ws_moveit/install/moveit_setup_srdf_plugins:/home/haodong/ws_moveit/install/moveit_setup_core_plugins:/home/haodong/ws_moveit/install/moveit_setup_controllers:/home/haodong/ws_moveit/install/moveit_setup_app_plugins:/home/haodong/ws_moveit/install/moveit_setup_framework:/home/haodong/ws_moveit/install/moveit_servo:/home/haodong/ws_moveit/install/moveit_ros_trajectory_cache:/home/haodong/ws_moveit/install/moveit_ros:/home/haodong/ws_moveit/install/moveit_ros_visualization:/home/haodong/ws_moveit/install/moveit_py:/home/haodong/ws_moveit/install/moveit_hybrid_planning:/home/haodong/ws_moveit/install/moveit_ros_planning_interface:/home/haodong/ws_moveit/install/moveit_ros_benchmarks:/home/haodong/ws_moveit/install/moveit_ros_warehouse:/home/haodong/ws_moveit/install/moveit_ros_robot_interaction:/home/haodong/ws_moveit/install/moveit_ros_perception:/home/haodong/ws_moveit/install/moveit_resources_prbt_pg70_support:/home/haodong/ws_moveit/install/moveit_resources_prbt_moveit_config:/home/haodong/ws_moveit/install/moveit_ros_move_group:/home/haodong/ws_moveit/install/moveit_planners_ompl:/home/haodong/ws_moveit/install/moveit_kinematics:/home/haodong/ws_moveit/install/moveit_ros_planning:/home/haodong/ws_moveit/install/moveit_ros_occupancy_map_monitor:/home/haodong/ws_moveit/install/moveit_resources_prbt_support:/home/haodong/ws_moveit/install/moveit_resources_prbt_ikfast_manipulator_plugin:/home/haodong/ws_moveit/install/moveit_resources:/home/haodong/ws_moveit/install/moveit_resources_pr2_description:/home/haodong/ws_moveit/install/moveit_resources_panda_moveit_config:/home/haodong/ws_moveit/install/dual_arm_panda_moveit_config:/home/haodong/ws_moveit/install/moveit_resources_panda_description:/home/haodong/ws_moveit/install/moveit_resources_fanuc_moveit_config:/home/haodong/ws_moveit/install/moveit_resources_fanuc_description:/home/haodong/ws_moveit/install/moveit_planners_stomp:/home/haodong/ws_moveit/install/moveit_planners_chomp:/home/haodong/ws_moveit/install/chomp_motion_planner:/home/haodong/ws_moveit/install/moveit_core:/home/haodong/ws_moveit/install/moveit_msgs:/home/haodong/ws_moveit/install/moveit_common:/home/haodong/ws_moveit/install/kortex_driver:/home/haodong/ws_moveit/install/kortex_api:/home/haodong/ws/franka/install:/opt/ros/jazzy/opt/gz_sim_vendor:/opt/ros/jazzy/opt/gz_sensors_vendor:/opt/ros/jazzy/opt/gz_physics_vendor:/opt/ros/jazzy/opt/sdformat_vendor:/opt/ros/jazzy/opt/gz_gui_vendor:/opt/ros/jazzy/opt/gz_transport_vendor:/opt/ros/jazzy/opt/gz_rendering_vendor:/opt/ros/jazzy/opt/gz_plugin_vendor:/opt/ros/jazzy/opt/gz_fuel_tools_vendor:/opt/ros/jazzy/opt/gz_msgs_vendor:/opt/ros/jazzy/opt/gz_common_vendor:/opt/ros/jazzy/opt/gz_math_vendor:/opt/ros/jazzy/opt/gz_utils_vendor:/opt/ros/jazzy/opt/gz_tools_vendor:/opt/ros/jazzy/opt/gz_ogre_next_vendor:/opt/ros/jazzy/opt/gz_dartsim_vendor:/opt/ros/jazzy/opt/gz_cmake_vendor:/home/haodong/modular_ws/install/dynamixel_motor:/home/haodong/ws_moveit/install/moveit_configs_utils:/opt/ros/jazzy DEBUGINFOD_URLS=https://debuginfod.ubuntu.com PYTHONPATH=/home/haodong/modular_ws/install/dynamixel_sdk_custom_interfaces/lib/python3.12/site-packages:/home/haodong/modular_ws/install/dynamixel_motor/lib/python3.12/site-packages:/home/haodong/ws_moveit/install/moveit_task_constructor_core/lib/python3.12/site-packages:/home/haodong/ws_moveit/install/moveit_task_constructor_msgs/lib/python3.12/site-packages:/home/haodong/ws_moveit/install/moveit_py/lib/python3.12/site-packages:/home/haodong/ws_moveit/install/moveit_msgs/lib/python3.12/site-packages:/home/haodong/ws_moveit/install/moveit_configs_utils/lib/python3.12/site-packages:/home/haodong/ws/franka/install/lib/python3.12/site-packages:/opt/ros/jazzy/lib/python3.12/site-packages /usr/bin/cmake --install /home/haodong/modular_ws/build/dynamixel_sdk_examples
[2.330s] Level 1:colcon.colcon_core.environment:create_environment_scripts_only(dynamixel_sdk_examples)
[2.330s] DEBUG:colcon.colcon_core.event_handler.log_command:Invoked command in '/home/haodong/modular_ws/build/dynamixel_sdk_examples' returned '0': CMAKE_PREFIX_PATH=/home/haodong/modular_ws/install/dynamixel_sdk_custom_interfaces:/home/haodong/modular_ws/install/dynamixel_sdk:/home/haodong/modular_ws/install/dynamixel_sdk_examples:/home/haodong/ws_moveit/install/robotiq_hardware_tests:/home/haodong/ws_moveit/install/robotiq_driver:/home/haodong/ws_moveit/install/serial:/home/haodong/ws_moveit/install/moveit2_tutorials:/home/haodong/ws_moveit/install/moveit_visual_tools:/home/haodong/ws_moveit/install/rviz_visual_tools:/home/haodong/ws_moveit/install/moveit_task_constructor_visualization:/home/haodong/ws_moveit/install/moveit_task_constructor_demo:/home/haodong/ws_moveit/install/moveit_task_constructor_capabilities:/home/haodong/ws_moveit/install/moveit_task_constructor_core:/home/haodong/ws_moveit/install/rviz_marker_tools:/home/haodong/ws_moveit/install/kortex_bringup:/home/haodong/ws_moveit/install/kinova_gen3_lite_moveit_config:/home/haodong/ws_moveit/install/kinova_gen3_7dof_robotiq_2f_85_moveit_config:/home/haodong/ws_moveit/install/kinova_gen3_6dof_robotiq_2f_85_moveit_config:/home/haodong/ws_moveit/install/kortex_description:/home/haodong/ws_moveit/install/robotiq_description:/home/haodong/ws_moveit/install/robotiq_controllers:/home/haodong/ws_moveit/install/pilz_industrial_motion_planner_testutils:/home/haodong/ws_moveit/install/moveit_runtime:/home/haodong/ws_moveit/install/moveit:/home/haodong/ws_moveit/install/moveit_planners:/home/haodong/ws_moveit/install/pilz_industrial_motion_planner:/home/haodong/ws_moveit/install/pick_ik:/home/haodong/ws_moveit/install/moveit_task_constructor_msgs:/home/haodong/ws_moveit/install/moveit_ros_control_interface:/home/haodong/ws_moveit/install/moveit_plugins:/home/haodong/ws_moveit/install/moveit_simple_controller_manager:/home/haodong/ws_moveit/install/moveit_setup_assistant:/home/haodong/ws_moveit/install/moveit_setup_srdf_plugins:/home/haodong/ws_moveit/install/moveit_setup_core_plugins:/home/haodong/ws_moveit/install/moveit_setup_controllers:/home/haodong/ws_moveit/install/moveit_setup_app_plugins:/home/haodong/ws_moveit/install/moveit_setup_framework:/home/haodong/ws_moveit/install/moveit_servo:/home/haodong/ws_moveit/install/moveit_ros_trajectory_cache:/home/haodong/ws_moveit/install/moveit_ros:/home/haodong/ws_moveit/install/moveit_ros_visualization:/home/haodong/ws_moveit/install/moveit_py:/home/haodong/ws_moveit/install/moveit_hybrid_planning:/home/haodong/ws_moveit/install/moveit_ros_planning_interface:/home/haodong/ws_moveit/install/moveit_ros_benchmarks:/home/haodong/ws_moveit/install/moveit_ros_warehouse:/home/haodong/ws_moveit/install/moveit_ros_robot_interaction:/home/haodong/ws_moveit/install/moveit_ros_perception:/home/haodong/ws_moveit/install/moveit_resources_prbt_pg70_support:/home/haodong/ws_moveit/install/moveit_resources_prbt_moveit_config:/home/haodong/ws_moveit/install/moveit_ros_move_group:/home/haodong/ws_moveit/install/moveit_planners_ompl:/home/haodong/ws_moveit/install/moveit_kinematics:/home/haodong/ws_moveit/install/moveit_ros_planning:/home/haodong/ws_moveit/install/moveit_ros_occupancy_map_monitor:/home/haodong/ws_moveit/install/moveit_resources_prbt_support:/home/haodong/ws_moveit/install/moveit_resources_prbt_ikfast_manipulator_plugin:/home/haodong/ws_moveit/install/moveit_resources:/home/haodong/ws_moveit/install/moveit_resources_pr2_description:/home/haodong/ws_moveit/install/moveit_resources_panda_moveit_config:/home/haodong/ws_moveit/install/dual_arm_panda_moveit_config:/home/haodong/ws_moveit/install/moveit_resources_panda_description:/home/haodong/ws_moveit/install/moveit_resources_fanuc_moveit_config:/home/haodong/ws_moveit/install/moveit_resources_fanuc_description:/home/haodong/ws_moveit/install/moveit_planners_stomp:/home/haodong/ws_moveit/install/moveit_planners_chomp:/home/haodong/ws_moveit/install/chomp_motion_planner:/home/haodong/ws_moveit/install/moveit_core:/home/haodong/ws_moveit/install/moveit_msgs:/home/haodong/ws_moveit/install/moveit_common:/home/haodong/ws_moveit/install/kortex_driver:/home/haodong/ws_moveit/install/kortex_api:/home/haodong/ws/franka/install:/opt/ros/jazzy/opt/gz_sim_vendor:/opt/ros/jazzy/opt/gz_sensors_vendor:/opt/ros/jazzy/opt/gz_physics_vendor:/opt/ros/jazzy/opt/sdformat_vendor:/opt/ros/jazzy/opt/gz_gui_vendor:/opt/ros/jazzy/opt/gz_transport_vendor:/opt/ros/jazzy/opt/gz_rendering_vendor:/opt/ros/jazzy/opt/gz_plugin_vendor:/opt/ros/jazzy/opt/gz_fuel_tools_vendor:/opt/ros/jazzy/opt/gz_msgs_vendor:/opt/ros/jazzy/opt/gz_common_vendor:/opt/ros/jazzy/opt/gz_math_vendor:/opt/ros/jazzy/opt/gz_utils_vendor:/opt/ros/jazzy/opt/gz_tools_vendor:/opt/ros/jazzy/opt/gz_ogre_next_vendor:/opt/ros/jazzy/opt/gz_dartsim_vendor:/opt/ros/jazzy/opt/gz_cmake_vendor:/home/haodong/modular_ws/install/dynamixel_motor:/home/haodong/ws_moveit/install/moveit_configs_utils:/opt/ros/jazzy DEBUGINFOD_URLS=https://debuginfod.ubuntu.com PYTHONPATH=/home/haodong/modular_ws/install/dynamixel_sdk_custom_interfaces/lib/python3.12/site-packages:/home/haodong/modular_ws/install/dynamixel_motor/lib/python3.12/site-packages:/home/haodong/ws_moveit/install/moveit_task_constructor_core/lib/python3.12/site-packages:/home/haodong/ws_moveit/install/moveit_task_constructor_msgs/lib/python3.12/site-packages:/home/haodong/ws_moveit/install/moveit_py/lib/python3.12/site-packages:/home/haodong/ws_moveit/install/moveit_msgs/lib/python3.12/site-packages:/home/haodong/ws_moveit/install/moveit_configs_utils/lib/python3.12/site-packages:/home/haodong/ws/franka/install/lib/python3.12/site-packages:/opt/ros/jazzy/lib/python3.12/site-packages /usr/bin/cmake --install /home/haodong/modular_ws/build/dynamixel_sdk_examples
[2.330s] Level 1:colcon.colcon_core.environment:checking '/home/haodong/modular_ws/install/dynamixel_sdk_examples' for CMake module files
[2.331s] Level 1:colcon.colcon_core.environment:checking '/home/haodong/modular_ws/install/dynamixel_sdk_examples' for CMake config files
[2.331s] Level 1:colcon.colcon_core.shell:create_environment_hook('dynamixel_sdk_examples', 'cmake_prefix_path')
[2.331s] INFO:colcon.colcon_core.shell:Creating environment hook '/home/haodong/modular_ws/install/dynamixel_sdk_examples/share/dynamixel_sdk_examples/hook/cmake_prefix_path.ps1'
[2.331s] INFO:colcon.colcon_core.shell:Creating environment descriptor '/home/haodong/modular_ws/install/dynamixel_sdk_examples/share/dynamixel_sdk_examples/hook/cmake_prefix_path.dsv'
[2.332s] INFO:colcon.colcon_core.shell:Creating environment hook '/home/haodong/modular_ws/install/dynamixel_sdk_examples/share/dynamixel_sdk_examples/hook/cmake_prefix_path.sh'
[2.332s] Level 1:colcon.colcon_core.environment:checking '/home/haodong/modular_ws/install/dynamixel_sdk_examples/lib'
[2.332s] Level 1:colcon.colcon_core.environment:checking '/home/haodong/modular_ws/install/dynamixel_sdk_examples/bin'
[2.332s] Level 1:colcon.colcon_core.environment:checking '/home/haodong/modular_ws/install/dynamixel_sdk_examples/lib/pkgconfig/dynamixel_sdk_examples.pc'
[2.333s] Level 1:colcon.colcon_core.environment:checking '/home/haodong/modular_ws/install/dynamixel_sdk_examples/lib/python3.12/site-packages'
[2.333s] Level 1:colcon.colcon_core.environment:checking '/home/haodong/modular_ws/install/dynamixel_sdk_examples/bin'
[2.333s] INFO:colcon.colcon_core.shell:Creating package script '/home/haodong/modular_ws/install/dynamixel_sdk_examples/share/dynamixel_sdk_examples/package.ps1'
[2.333s] INFO:colcon.colcon_core.shell:Creating package descriptor '/home/haodong/modular_ws/install/dynamixel_sdk_examples/share/dynamixel_sdk_examples/package.dsv'
[2.334s] INFO:colcon.colcon_core.shell:Creating package script '/home/haodong/modular_ws/install/dynamixel_sdk_examples/share/dynamixel_sdk_examples/package.sh'
[2.334s] INFO:colcon.colcon_core.shell:Creating package script '/home/haodong/modular_ws/install/dynamixel_sdk_examples/share/dynamixel_sdk_examples/package.bash'
[2.334s] INFO:colcon.colcon_core.shell:Creating package script '/home/haodong/modular_ws/install/dynamixel_sdk_examples/share/dynamixel_sdk_examples/package.zsh'
[2.335s] Level 1:colcon.colcon_core.environment:create_file_with_runtime_dependencies(/home/haodong/modular_ws/install/dynamixel_sdk_examples/share/colcon-core/packages/dynamixel_sdk_examples)
[2.381s] Level 1:colcon.colcon_core.environment:create_environment_scripts_only(dynamixel_sdk_examples)
[2.381s] Level 1:colcon.colcon_core.environment:checking '/home/haodong/modular_ws/install/dynamixel_sdk_examples' for CMake module files
[2.382s] Level 1:colcon.colcon_core.environment:checking '/home/haodong/modular_ws/install/dynamixel_sdk_examples' for CMake config files
[2.382s] Level 1:colcon.colcon_core.shell:create_environment_hook('dynamixel_sdk_examples', 'cmake_prefix_path')
[2.382s] INFO:colcon.colcon_core.shell:Creating environment hook '/home/haodong/modular_ws/install/dynamixel_sdk_examples/share/dynamixel_sdk_examples/hook/cmake_prefix_path.ps1'
[2.382s] INFO:colcon.colcon_core.shell:Creating environment descriptor '/home/haodong/modular_ws/install/dynamixel_sdk_examples/share/dynamixel_sdk_examples/hook/cmake_prefix_path.dsv'
[2.383s] INFO:colcon.colcon_core.shell:Creating environment hook '/home/haodong/modular_ws/install/dynamixel_sdk_examples/share/dynamixel_sdk_examples/hook/cmake_prefix_path.sh'
[2.383s] Level 1:colcon.colcon_core.environment:checking '/home/haodong/modular_ws/install/dynamixel_sdk_examples/lib'
[2.383s] Level 1:colcon.colcon_core.environment:checking '/home/haodong/modular_ws/install/dynamixel_sdk_examples/bin'
[2.383s] Level 1:colcon.colcon_core.environment:checking '/home/haodong/modular_ws/install/dynamixel_sdk_examples/lib/pkgconfig/dynamixel_sdk_examples.pc'
[2.383s] Level 1:colcon.colcon_core.environment:checking '/home/haodong/modular_ws/install/dynamixel_sdk_examples/lib/python3.12/site-packages'
[2.384s] Level 1:colcon.colcon_core.environment:checking '/home/haodong/modular_ws/install/dynamixel_sdk_examples/bin'
[2.384s] INFO:colcon.colcon_core.shell:Creating package script '/home/haodong/modular_ws/install/dynamixel_sdk_examples/share/dynamixel_sdk_examples/package.ps1'
[2.384s] INFO:colcon.colcon_core.shell:Creating package descriptor '/home/haodong/modular_ws/install/dynamixel_sdk_examples/share/dynamixel_sdk_examples/package.dsv'
[2.385s] INFO:colcon.colcon_core.shell:Creating package script '/home/haodong/modular_ws/install/dynamixel_sdk_examples/share/dynamixel_sdk_examples/package.sh'
[2.385s] INFO:colcon.colcon_core.shell:Creating package script '/home/haodong/modular_ws/install/dynamixel_sdk_examples/share/dynamixel_sdk_examples/package.bash'
[2.385s] INFO:colcon.colcon_core.shell:Creating package script '/home/haodong/modular_ws/install/dynamixel_sdk_examples/share/dynamixel_sdk_examples/package.zsh'
[2.386s] Level 1:colcon.colcon_core.environment:create_file_with_runtime_dependencies(/home/haodong/modular_ws/install/dynamixel_sdk_examples/share/colcon-core/packages/dynamixel_sdk_examples)
[2.386s] INFO:colcon.colcon_ros.task.ament_python.build:Building ROS package in '/home/haodong/modular_ws/src/dynamixel_motor' with build type 'ament_python'
[2.386s] Level 1:colcon.colcon_core.shell:create_environment_hook('dynamixel_motor', 'ament_prefix_path')
[2.386s] INFO:colcon.colcon_core.shell:Creating environment hook '/home/haodong/modular_ws/install/dynamixel_motor/share/dynamixel_motor/hook/ament_prefix_path.ps1'
[2.387s] INFO:colcon.colcon_core.shell:Creating environment descriptor '/home/haodong/modular_ws/install/dynamixel_motor/share/dynamixel_motor/hook/ament_prefix_path.dsv'
[2.387s] INFO:colcon.colcon_core.shell:Creating environment hook '/home/haodong/modular_ws/install/dynamixel_motor/share/dynamixel_motor/hook/ament_prefix_path.sh'
[2.388s] INFO:colcon.colcon_core.shell:Skip shell extension 'powershell' for command environment: Not usable outside of PowerShell
[2.388s] DEBUG:colcon.colcon_core.shell:Skip shell extension 'dsv' for command environment
[2.720s] INFO:colcon.colcon_core.task.python.build:Building Python package in '/home/haodong/modular_ws/src/dynamixel_motor'
[2.720s] INFO:colcon.colcon_core.shell:Skip shell extension 'powershell' for command environment: Not usable outside of PowerShell
[2.720s] DEBUG:colcon.colcon_core.shell:Skip shell extension 'dsv' for command environment
[3.800s] DEBUG:colcon.colcon_core.event_handler.log_command:Invoking command in '/home/haodong/modular_ws/src/dynamixel_motor': DEBUGINFOD_URLS=https://debuginfod.ubuntu.com PYTHONPATH=/home/haodong/modular_ws/build/dynamixel_motor/prefix_override:/usr/lib/python3/dist-packages/colcon_core/task/python/colcon_distutils_commands:/home/haodong/modular_ws/install/dynamixel_motor/lib/python3.12/site-packages:/home/haodong/modular_ws/install/dynamixel_sdk_custom_interfaces/lib/python3.12/site-packages:/home/haodong/modular_ws/install/dynamixel_motor/lib/python3.12/site-packages:/home/haodong/ws_moveit/install/moveit_task_constructor_core/lib/python3.12/site-packages:/home/haodong/ws_moveit/install/moveit_task_constructor_msgs/lib/python3.12/site-packages:/home/haodong/ws_moveit/install/moveit_py/lib/python3.12/site-packages:/home/haodong/ws_moveit/install/moveit_msgs/lib/python3.12/site-packages:/home/haodong/ws_moveit/install/moveit_configs_utils/lib/python3.12/site-packages:/home/haodong/ws/franka/install/lib/python3.12/site-packages:/opt/ros/jazzy/lib/python3.12/site-packages /usr/bin/python3 -W ignore:setup.py install is deprecated setup.py egg_info --egg-base ../../build/dynamixel_motor build --build-base /home/haodong/modular_ws/build/dynamixel_motor/build install --record /home/haodong/modular_ws/build/dynamixel_motor/install.log --single-version-externally-managed install_data
[4.779s] Level 1:colcon.colcon_core.environment:checking '/home/haodong/modular_ws/install/dynamixel_motor' for CMake module files
[4.780s] DEBUG:colcon.colcon_core.event_handler.log_command:Invoked command in '/home/haodong/modular_ws/src/dynamixel_motor' returned '0': DEBUGINFOD_URLS=https://debuginfod.ubuntu.com PYTHONPATH=/home/haodong/modular_ws/build/dynamixel_motor/prefix_override:/usr/lib/python3/dist-packages/colcon_core/task/python/colcon_distutils_commands:/home/haodong/modular_ws/install/dynamixel_motor/lib/python3.12/site-packages:/home/haodong/modular_ws/install/dynamixel_sdk_custom_interfaces/lib/python3.12/site-packages:/home/haodong/modular_ws/install/dynamixel_motor/lib/python3.12/site-packages:/home/haodong/ws_moveit/install/moveit_task_constructor_core/lib/python3.12/site-packages:/home/haodong/ws_moveit/install/moveit_task_constructor_msgs/lib/python3.12/site-packages:/home/haodong/ws_moveit/install/moveit_py/lib/python3.12/site-packages:/home/haodong/ws_moveit/install/moveit_msgs/lib/python3.12/site-packages:/home/haodong/ws_moveit/install/moveit_configs_utils/lib/python3.12/site-packages:/home/haodong/ws/franka/install/lib/python3.12/site-packages:/opt/ros/jazzy/lib/python3.12/site-packages /usr/bin/python3 -W ignore:setup.py install is deprecated setup.py egg_info --egg-base ../../build/dynamixel_motor build --build-base /home/haodong/modular_ws/build/dynamixel_motor/build install --record /home/haodong/modular_ws/build/dynamixel_motor/install.log --single-version-externally-managed install_data
[4.780s] Level 1:colcon.colcon_core.environment:checking '/home/haodong/modular_ws/install/dynamixel_motor' for CMake config files
[4.780s] Level 1:colcon.colcon_core.environment:checking '/home/haodong/modular_ws/install/dynamixel_motor/lib'
[4.781s] Level 1:colcon.colcon_core.environment:checking '/home/haodong/modular_ws/install/dynamixel_motor/bin'
[4.781s] Level 1:colcon.colcon_core.environment:checking '/home/haodong/modular_ws/install/dynamixel_motor/lib/pkgconfig/dynamixel_motor.pc'
[4.781s] Level 1:colcon.colcon_core.environment:checking '/home/haodong/modular_ws/install/dynamixel_motor/lib/python3.12/site-packages'
[4.781s] Level 1:colcon.colcon_core.shell:create_environment_hook('dynamixel_motor', 'pythonpath')
[4.781s] INFO:colcon.colcon_core.shell:Creating environment hook '/home/haodong/modular_ws/install/dynamixel_motor/share/dynamixel_motor/hook/pythonpath.ps1'
[4.781s] INFO:colcon.colcon_core.shell:Creating environment descriptor '/home/haodong/modular_ws/install/dynamixel_motor/share/dynamixel_motor/hook/pythonpath.dsv'
[4.782s] INFO:colcon.colcon_core.shell:Creating environment hook '/home/haodong/modular_ws/install/dynamixel_motor/share/dynamixel_motor/hook/pythonpath.sh'
[4.782s] Level 1:colcon.colcon_core.environment:checking '/home/haodong/modular_ws/install/dynamixel_motor/bin'
[4.782s] Level 1:colcon.colcon_core.environment:create_environment_scripts_only(dynamixel_motor)
[4.782s] INFO:colcon.colcon_core.shell:Creating package script '/home/haodong/modular_ws/install/dynamixel_motor/share/dynamixel_motor/package.ps1'
[4.783s] INFO:colcon.colcon_core.shell:Creating package descriptor '/home/haodong/modular_ws/install/dynamixel_motor/share/dynamixel_motor/package.dsv'
[4.783s] INFO:colcon.colcon_core.shell:Creating package script '/home/haodong/modular_ws/install/dynamixel_motor/share/dynamixel_motor/package.sh'
[4.784s] INFO:colcon.colcon_core.shell:Creating package script '/home/haodong/modular_ws/install/dynamixel_motor/share/dynamixel_motor/package.bash'
[4.784s] INFO:colcon.colcon_core.shell:Creating package script '/home/haodong/modular_ws/install/dynamixel_motor/share/dynamixel_motor/package.zsh'
[4.784s] Level 1:colcon.colcon_core.environment:create_file_with_runtime_dependencies(/home/haodong/modular_ws/install/dynamixel_motor/share/colcon-core/packages/dynamixel_motor)
[4.784s] DEBUG:colcon.colcon_parallel_executor.executor.parallel:closing loop
[4.785s] DEBUG:colcon.colcon_parallel_executor.executor.parallel:loop closed
[4.785s] DEBUG:colcon.colcon_parallel_executor.executor.parallel:run_until_complete finished with '0'
[4.785s] DEBUG:colcon.colcon_core.event_reactor:joining thread
[4.791s] INFO:colcon.colcon_core.plugin_system:Skipping extension 'colcon_notification.desktop_notification.terminal_notifier': Not used on non-Darwin systems
[4.791s] INFO:colcon.colcon_core.plugin_system:Skipping extension 'colcon_notification.desktop_notification.win32': Not used on non-Windows systems
[4.791s] INFO:colcon.colcon_notification.desktop_notification:Sending desktop notification using 'notify2'
[4.806s] DEBUG:colcon.colcon_core.event_reactor:joined thread
[4.806s] INFO:colcon.colcon_core.shell:Creating prefix script '/home/haodong/modular_ws/install/local_setup.ps1'
[4.807s] INFO:colcon.colcon_core.shell:Creating prefix util module '/home/haodong/modular_ws/install/_local_setup_util_ps1.py'
[4.809s] INFO:colcon.colcon_core.shell:Creating prefix chain script '/home/haodong/modular_ws/install/setup.ps1'
[4.817s] INFO:colcon.colcon_core.shell:Creating prefix script '/home/haodong/modular_ws/install/local_setup.sh'
[4.818s] INFO:colcon.colcon_core.shell:Creating prefix util module '/home/haodong/modular_ws/install/_local_setup_util_sh.py'
[4.819s] INFO:colcon.colcon_core.shell:Creating prefix chain script '/home/haodong/modular_ws/install/setup.sh'
[4.823s] INFO:colcon.colcon_core.shell:Creating prefix script '/home/haodong/modular_ws/install/local_setup.bash'
[4.823s] INFO:colcon.colcon_core.shell:Creating prefix chain script '/home/haodong/modular_ws/install/setup.bash'
[4.829s] INFO:colcon.colcon_core.shell:Creating prefix script '/home/haodong/modular_ws/install/local_setup.zsh'
[4.829s] INFO:colcon.colcon_core.shell:Creating prefix chain script '/home/haodong/modular_ws/install/setup.zsh'
