[0.021s] Invoking command in '/home/haodong/Swarm_Module/Swarm_Module_ws/build/dynamixel_sdk_custom_interfaces': CMAKE_PREFIX_PATH=${CMAKE_PREFIX_PATH}:/home/haodong/Swarm_Module/Swarm_Module_ws/install/dynamixel_motor:/home/haodong/ws_moveit/install/moveit_configs_utils:/opt/ros/jazzy DEBUGINFOD_URLS=https://debuginfod.ubuntu.com /usr/bin/cmake --build /home/haodong/Swarm_Module/Swarm_Module_ws/build/dynamixel_sdk_custom_interfaces -- -j12 -l12
[0.059s] -- Found ament_cmake: 2.5.2 (/opt/ros/jazzy/share/ament_cmake/cmake)
[0.094s] -- Found Python3: /usr/bin/python3 (found version "3.12.3") found components: Interpreter 
[0.199s] -- Found builtin_interfaces: 2.0.2 (/opt/ros/jazzy/share/builtin_interfaces/cmake)
[0.231s] -- Found rosidl_generator_c: 4.6.4 (/opt/ros/jazzy/share/rosidl_generator_c/cmake)
[0.241s] -- Found rosidl_generator_cpp: 4.6.4 (/opt/ros/jazzy/share/rosidl_generator_cpp/cmake)
[0.258s] -- Using all available rosidl_typesupport_c: rosidl_typesupport_fastrtps_c;rosidl_typesupport_introspection_c
[0.281s] -- Using all available rosidl_typesupport_cpp: rosidl_typesupport_fastrtps_cpp;rosidl_typesupport_introspection_cpp
[0.301s] -- Found rosidl_default_generators: 1.6.0 (/opt/ros/jazzy/share/rosidl_default_generators/cmake)
[0.323s] -- Found rosidl_adapter: 4.6.4 (/opt/ros/jazzy/share/rosidl_adapter/cmake)
[0.763s] -- Found ament_cmake_ros: 0.12.0 (/opt/ros/jazzy/share/ament_cmake_ros/cmake)
[1.400s] -- Using all available rosidl_typesupport_c: rosidl_typesupport_fastrtps_c;rosidl_typesupport_introspection_c
[1.711s] -- Using all available rosidl_typesupport_cpp: rosidl_typesupport_fastrtps_cpp;rosidl_typesupport_introspection_cpp
[1.717s] -- Found python_cmake_module: 0.11.1 (/opt/ros/jazzy/share/python_cmake_module/cmake)
[2.262s] -- Found Python3: /usr/bin/python3 (found version "3.12.3") found components: Interpreter Development NumPy Development.Module Development.Embed 
[2.290s] -- Configuring done (2.2s)
[2.357s] -- Generating done (0.1s)
[2.363s] -- Build files have been written to: /home/haodong/Swarm_Module/Swarm_Module_ws/build/dynamixel_sdk_custom_interfaces
[2.429s] [  1%] [34m[1mGenerating type hashes for ROS interfaces[0m
[2.452s] [  1%] Built target ament_cmake_python_copy_dynamixel_sdk_custom_interfaces
[2.816s] running egg_info
[2.832s] [  1%] Built target dynamixel_sdk_custom_interfaces__rosidl_generator_type_description
[2.850s] [  2%] [34m[1mGenerating C code for ROS interfaces[0m
[2.857s] writing dynamixel_sdk_custom_interfaces.egg-info/PKG-INFO
[2.857s] writing dependency_links to dynamixel_sdk_custom_interfaces.egg-info/dependency_links.txt
[2.858s] writing top-level names to dynamixel_sdk_custom_interfaces.egg-info/top_level.txt
[2.869s] [  2%] [34m[1mGenerating C++ code for ROS interfaces[0m
[2.974s] reading manifest file 'dynamixel_sdk_custom_interfaces.egg-info/SOURCES.txt'
[2.975s] writing manifest file 'dynamixel_sdk_custom_interfaces.egg-info/SOURCES.txt'
[3.009s] [  2%] Built target ament_cmake_python_build_dynamixel_sdk_custom_interfaces_egg
[3.809s] [  2%] Built target dynamixel_sdk_custom_interfaces__cpp
[4.089s] [  3%] [32mBuilding C object CMakeFiles/dynamixel_sdk_custom_interfaces__rosidl_generator_c.dir/rosidl_generator_c/dynamixel_sdk_custom_interfaces/msg/detail/set_position__description.c.o[0m
[4.089s] [  4%] [32mBuilding C object CMakeFiles/dynamixel_sdk_custom_interfaces__rosidl_generator_c.dir/rosidl_generator_c/dynamixel_sdk_custom_interfaces/msg/detail/set_position__functions.c.o[0m
[4.090s] [  5%] [32mBuilding C object CMakeFiles/dynamixel_sdk_custom_interfaces__rosidl_generator_c.dir/rosidl_generator_c/dynamixel_sdk_custom_interfaces/msg/detail/set_position__type_support.c.o[0m
[4.090s] [  6%] [32mBuilding C object CMakeFiles/dynamixel_sdk_custom_interfaces__rosidl_generator_c.dir/rosidl_generator_c/dynamixel_sdk_custom_interfaces/msg/detail/rolling__description.c.o[0m
[4.090s] [  7%] [32mBuilding C object CMakeFiles/dynamixel_sdk_custom_interfaces__rosidl_generator_c.dir/rosidl_generator_c/dynamixel_sdk_custom_interfaces/msg/detail/rolling__functions.c.o[0m
[4.091s] [  7%] [32mBuilding C object CMakeFiles/dynamixel_sdk_custom_interfaces__rosidl_generator_c.dir/rosidl_generator_c/dynamixel_sdk_custom_interfaces/msg/detail/rolling__type_support.c.o[0m
[4.091s] [  8%] [32mBuilding C object CMakeFiles/dynamixel_sdk_custom_interfaces__rosidl_generator_c.dir/rosidl_generator_c/dynamixel_sdk_custom_interfaces/msg/detail/set_mode__description.c.o[0m
[4.091s] [  9%] [32mBuilding C object CMakeFiles/dynamixel_sdk_custom_interfaces__rosidl_generator_c.dir/rosidl_generator_c/dynamixel_sdk_custom_interfaces/msg/detail/set_mode__functions.c.o[0m
[4.092s] [ 10%] [32mBuilding C object CMakeFiles/dynamixel_sdk_custom_interfaces__rosidl_generator_c.dir/rosidl_generator_c/dynamixel_sdk_custom_interfaces/msg/detail/set_mode__type_support.c.o[0m
[4.092s] [ 11%] [32mBuilding C object CMakeFiles/dynamixel_sdk_custom_interfaces__rosidl_generator_c.dir/rosidl_generator_c/dynamixel_sdk_custom_interfaces/srv/detail/get_position__description.c.o[0m
[4.093s] [ 12%] [32mBuilding C object CMakeFiles/dynamixel_sdk_custom_interfaces__rosidl_generator_c.dir/rosidl_generator_c/dynamixel_sdk_custom_interfaces/srv/detail/get_position__functions.c.o[0m
[4.093s] [ 13%] [32mBuilding C object CMakeFiles/dynamixel_sdk_custom_interfaces__rosidl_generator_c.dir/rosidl_generator_c/dynamixel_sdk_custom_interfaces/srv/detail/get_position__type_support.c.o[0m
[4.200s] [ 14%] [32mBuilding C object CMakeFiles/dynamixel_sdk_custom_interfaces__rosidl_generator_c.dir/rosidl_generator_c/dynamixel_sdk_custom_interfaces/srv/detail/set_velocity__description.c.o[0m
[4.201s] [ 14%] [32mBuilding C object CMakeFiles/dynamixel_sdk_custom_interfaces__rosidl_generator_c.dir/rosidl_generator_c/dynamixel_sdk_custom_interfaces/srv/detail/set_velocity__functions.c.o[0m
[4.203s] [ 15%] [32mBuilding C object CMakeFiles/dynamixel_sdk_custom_interfaces__rosidl_generator_c.dir/rosidl_generator_c/dynamixel_sdk_custom_interfaces/srv/detail/set_velocity__type_support.c.o[0m
[4.224s] [ 16%] [32mBuilding C object CMakeFiles/dynamixel_sdk_custom_interfaces__rosidl_generator_c.dir/rosidl_generator_c/dynamixel_sdk_custom_interfaces/srv/detail/set_extension__type_support.c.o[0m
[4.227s] [ 18%] [32mBuilding C object CMakeFiles/dynamixel_sdk_custom_interfaces__rosidl_generator_c.dir/rosidl_generator_c/dynamixel_sdk_custom_interfaces/srv/detail/set_extension__functions.c.o[0m
[4.227s] [ 18%] [32mBuilding C object CMakeFiles/dynamixel_sdk_custom_interfaces__rosidl_generator_c.dir/rosidl_generator_c/dynamixel_sdk_custom_interfaces/srv/detail/set_extension__description.c.o[0m
[4.245s] [ 19%] [32mBuilding C object CMakeFiles/dynamixel_sdk_custom_interfaces__rosidl_generator_c.dir/rosidl_generator_c/dynamixel_sdk_custom_interfaces/srv/detail/set_bending__description.c.o[0m
[4.245s] [ 20%] [32mBuilding C object CMakeFiles/dynamixel_sdk_custom_interfaces__rosidl_generator_c.dir/rosidl_generator_c/dynamixel_sdk_custom_interfaces/srv/detail/set_bending__functions.c.o[0m
[4.248s] [ 21%] [32mBuilding C object CMakeFiles/dynamixel_sdk_custom_interfaces__rosidl_generator_c.dir/rosidl_generator_c/dynamixel_sdk_custom_interfaces/srv/detail/set_bending__type_support.c.o[0m
[4.253s] [ 21%] [32mBuilding C object CMakeFiles/dynamixel_sdk_custom_interfaces__rosidl_generator_c.dir/rosidl_generator_c/dynamixel_sdk_custom_interfaces/srv/detail/movement__description.c.o[0m
[4.265s] [ 22%] [32mBuilding C object CMakeFiles/dynamixel_sdk_custom_interfaces__rosidl_generator_c.dir/rosidl_generator_c/dynamixel_sdk_custom_interfaces/srv/detail/movement__functions.c.o[0m
[4.315s] [ 23%] [32mBuilding C object CMakeFiles/dynamixel_sdk_custom_interfaces__rosidl_generator_c.dir/rosidl_generator_c/dynamixel_sdk_custom_interfaces/srv/detail/movement__type_support.c.o[0m
[4.323s] [ 24%] [32mBuilding C object CMakeFiles/dynamixel_sdk_custom_interfaces__rosidl_generator_c.dir/rosidl_generator_c/dynamixel_sdk_custom_interfaces/srv/detail/set_twisting__description.c.o[0m
[4.328s] [ 25%] [32mBuilding C object CMakeFiles/dynamixel_sdk_custom_interfaces__rosidl_generator_c.dir/rosidl_generator_c/dynamixel_sdk_custom_interfaces/srv/detail/set_twisting__functions.c.o[0m
[4.334s] [ 26%] [32mBuilding C object CMakeFiles/dynamixel_sdk_custom_interfaces__rosidl_generator_c.dir/rosidl_generator_c/dynamixel_sdk_custom_interfaces/srv/detail/set_twisting__type_support.c.o[0m
[4.422s] [ 27%] [32m[1mLinking C shared library libdynamixel_sdk_custom_interfaces__rosidl_generator_c.so[0m
[4.540s] [ 27%] Built target dynamixel_sdk_custom_interfaces__rosidl_generator_c
[4.616s] [ 28%] [34m[1mGenerating C introspection for ROS interfaces[0m
[4.618s] [ 29%] [34m[1mGenerating C++ type support for eProsima Fast-RTPS[0m
[4.619s] [ 29%] [34m[1mGenerating C++ introspection for ROS interfaces[0m
[4.620s] [ 30%] [34m[1mGenerating C++ type support dispatch for ROS interfaces[0m
[4.621s] [ 31%] [34m[1mGenerating C type support dispatch for ROS interfaces[0m
[4.626s] [ 32%] [34m[1mGenerating C type support for eProsima Fast-RTPS[0m
[5.435s] [ 34%] [32mBuilding CXX object CMakeFiles/dynamixel_sdk_custom_interfaces__rosidl_typesupport_c.dir/rosidl_typesupport_c/dynamixel_sdk_custom_interfaces/msg/rolling__type_support.cpp.o[0m
[5.435s] [ 34%] [32mBuilding CXX object CMakeFiles/dynamixel_sdk_custom_interfaces__rosidl_typesupport_c.dir/rosidl_typesupport_c/dynamixel_sdk_custom_interfaces/msg/set_position__type_support.cpp.o[0m
[5.435s] [ 34%] [32mBuilding CXX object CMakeFiles/dynamixel_sdk_custom_interfaces__rosidl_typesupport_c.dir/rosidl_typesupport_c/dynamixel_sdk_custom_interfaces/srv/set_extension__type_support.cpp.o[0m
[5.435s] [ 35%] [32mBuilding CXX object CMakeFiles/dynamixel_sdk_custom_interfaces__rosidl_typesupport_c.dir/rosidl_typesupport_c/dynamixel_sdk_custom_interfaces/msg/set_mode__type_support.cpp.o[0m
[5.436s] [ 37%] [32mBuilding CXX object CMakeFiles/dynamixel_sdk_custom_interfaces__rosidl_typesupport_c.dir/rosidl_typesupport_c/dynamixel_sdk_custom_interfaces/srv/get_position__type_support.cpp.o[0m
[5.436s] [ 37%] [32mBuilding CXX object CMakeFiles/dynamixel_sdk_custom_interfaces__rosidl_typesupport_c.dir/rosidl_typesupport_c/dynamixel_sdk_custom_interfaces/srv/set_velocity__type_support.cpp.o[0m
[5.439s] [ 38%] [32mBuilding CXX object CMakeFiles/dynamixel_sdk_custom_interfaces__rosidl_typesupport_c.dir/rosidl_typesupport_c/dynamixel_sdk_custom_interfaces/srv/set_bending__type_support.cpp.o[0m
[5.485s] [ 39%] [32mBuilding CXX object CMakeFiles/dynamixel_sdk_custom_interfaces__rosidl_typesupport_cpp.dir/rosidl_typesupport_cpp/dynamixel_sdk_custom_interfaces/msg/set_position__type_support.cpp.o[0m
[5.531s] [ 40%] [32mBuilding CXX object CMakeFiles/dynamixel_sdk_custom_interfaces__rosidl_typesupport_c.dir/rosidl_typesupport_c/dynamixel_sdk_custom_interfaces/srv/movement__type_support.cpp.o[0m
[5.532s] [ 41%] [32mBuilding CXX object CMakeFiles/dynamixel_sdk_custom_interfaces__rosidl_typesupport_c.dir/rosidl_typesupport_c/dynamixel_sdk_custom_interfaces/srv/set_twisting__type_support.cpp.o[0m
[5.536s] [ 42%] [32mBuilding CXX object CMakeFiles/dynamixel_sdk_custom_interfaces__rosidl_typesupport_cpp.dir/rosidl_typesupport_cpp/dynamixel_sdk_custom_interfaces/msg/rolling__type_support.cpp.o[0m
[5.541s] [ 43%] [32mBuilding CXX object CMakeFiles/dynamixel_sdk_custom_interfaces__rosidl_typesupport_cpp.dir/rosidl_typesupport_cpp/dynamixel_sdk_custom_interfaces/msg/set_mode__type_support.cpp.o[0m
[5.545s] [ 43%] [32mBuilding CXX object CMakeFiles/dynamixel_sdk_custom_interfaces__rosidl_typesupport_cpp.dir/rosidl_typesupport_cpp/dynamixel_sdk_custom_interfaces/srv/get_position__type_support.cpp.o[0m
[5.574s] [ 44%] [32mBuilding CXX object CMakeFiles/dynamixel_sdk_custom_interfaces__rosidl_typesupport_cpp.dir/rosidl_typesupport_cpp/dynamixel_sdk_custom_interfaces/srv/set_extension__type_support.cpp.o[0m
[5.578s] [ 45%] [32mBuilding CXX object CMakeFiles/dynamixel_sdk_custom_interfaces__rosidl_typesupport_cpp.dir/rosidl_typesupport_cpp/dynamixel_sdk_custom_interfaces/srv/set_velocity__type_support.cpp.o[0m
[5.635s] [ 47%] [32mBuilding CXX object CMakeFiles/dynamixel_sdk_custom_interfaces__rosidl_typesupport_cpp.dir/rosidl_typesupport_cpp/dynamixel_sdk_custom_interfaces/srv/set_bending__type_support.cpp.o[0m
[5.637s] [ 47%] [32m[1mLinking CXX shared library libdynamixel_sdk_custom_interfaces__rosidl_typesupport_c.so[0m
[5.738s] [ 47%] Built target dynamixel_sdk_custom_interfaces__rosidl_typesupport_c
[5.787s] [ 48%] [32mBuilding CXX object CMakeFiles/dynamixel_sdk_custom_interfaces__rosidl_typesupport_cpp.dir/rosidl_typesupport_cpp/dynamixel_sdk_custom_interfaces/srv/movement__type_support.cpp.o[0m
[6.136s] [ 49%] [32mBuilding CXX object CMakeFiles/dynamixel_sdk_custom_interfaces__rosidl_typesupport_introspection_cpp.dir/rosidl_typesupport_introspection_cpp/dynamixel_sdk_custom_interfaces/msg/detail/set_position__type_support.cpp.o[0m
[6.197s] [ 51%] [32mBuilding CXX object CMakeFiles/dynamixel_sdk_custom_interfaces__rosidl_typesupport_introspection_cpp.dir/rosidl_typesupport_introspection_cpp/dynamixel_sdk_custom_interfaces/msg/detail/rolling__type_support.cpp.o[0m
[6.197s] [ 51%] [32mBuilding CXX object CMakeFiles/dynamixel_sdk_custom_interfaces__rosidl_typesupport_cpp.dir/rosidl_typesupport_cpp/dynamixel_sdk_custom_interfaces/srv/set_twisting__type_support.cpp.o[0m
[6.203s] [ 52%] [32mBuilding CXX object CMakeFiles/dynamixel_sdk_custom_interfaces__rosidl_typesupport_introspection_cpp.dir/rosidl_typesupport_introspection_cpp/dynamixel_sdk_custom_interfaces/msg/detail/set_mode__type_support.cpp.o[0m
[6.261s] [ 53%] [32mBuilding C object CMakeFiles/dynamixel_sdk_custom_interfaces__rosidl_typesupport_introspection_c.dir/rosidl_typesupport_introspection_c/dynamixel_sdk_custom_interfaces/msg/detail/set_position__type_support.c.o[0m
[6.325s] [ 54%] [32mBuilding CXX object CMakeFiles/dynamixel_sdk_custom_interfaces__rosidl_typesupport_introspection_cpp.dir/rosidl_typesupport_introspection_cpp/dynamixel_sdk_custom_interfaces/srv/detail/get_position__type_support.cpp.o[0m
[6.357s] [ 55%] [32mBuilding C object CMakeFiles/dynamixel_sdk_custom_interfaces__rosidl_typesupport_introspection_c.dir/rosidl_typesupport_introspection_c/dynamixel_sdk_custom_interfaces/msg/detail/rolling__type_support.c.o[0m
[6.370s] [ 56%] [32mBuilding CXX object CMakeFiles/dynamixel_sdk_custom_interfaces__rosidl_typesupport_introspection_cpp.dir/rosidl_typesupport_introspection_cpp/dynamixel_sdk_custom_interfaces/srv/detail/set_velocity__type_support.cpp.o[0m
[6.394s] [ 57%] [32mBuilding CXX object CMakeFiles/dynamixel_sdk_custom_interfaces__rosidl_typesupport_introspection_cpp.dir/rosidl_typesupport_introspection_cpp/dynamixel_sdk_custom_interfaces/srv/detail/set_extension__type_support.cpp.o[0m
[6.440s] [ 57%] [32mBuilding C object CMakeFiles/dynamixel_sdk_custom_interfaces__rosidl_typesupport_introspection_c.dir/rosidl_typesupport_introspection_c/dynamixel_sdk_custom_interfaces/msg/detail/set_mode__type_support.c.o[0m
[6.458s] [ 58%] [32mBuilding CXX object CMakeFiles/dynamixel_sdk_custom_interfaces__rosidl_typesupport_introspection_cpp.dir/rosidl_typesupport_introspection_cpp/dynamixel_sdk_custom_interfaces/srv/detail/set_bending__type_support.cpp.o[0m
[6.540s] [ 59%] [32mBuilding C object CMakeFiles/dynamixel_sdk_custom_interfaces__rosidl_typesupport_introspection_c.dir/rosidl_typesupport_introspection_c/dynamixel_sdk_custom_interfaces/srv/detail/get_position__type_support.c.o[0m
[6.589s] [ 59%] [32mBuilding CXX object CMakeFiles/dynamixel_sdk_custom_interfaces__rosidl_typesupport_introspection_cpp.dir/rosidl_typesupport_introspection_cpp/dynamixel_sdk_custom_interfaces/srv/detail/movement__type_support.cpp.o[0m
[6.647s] [ 60%] [32mBuilding C object CMakeFiles/dynamixel_sdk_custom_interfaces__rosidl_typesupport_introspection_c.dir/rosidl_typesupport_introspection_c/dynamixel_sdk_custom_interfaces/srv/detail/set_velocity__type_support.c.o[0m
[6.769s] [ 61%] [32mBuilding C object CMakeFiles/dynamixel_sdk_custom_interfaces__rosidl_typesupport_introspection_c.dir/rosidl_typesupport_introspection_c/dynamixel_sdk_custom_interfaces/srv/detail/set_extension__type_support.c.o[0m
[6.811s] [ 62%] [32mBuilding C object CMakeFiles/dynamixel_sdk_custom_interfaces__rosidl_typesupport_introspection_c.dir/rosidl_typesupport_introspection_c/dynamixel_sdk_custom_interfaces/srv/detail/set_bending__type_support.c.o[0m
[6.855s] [ 63%] [32mBuilding C object CMakeFiles/dynamixel_sdk_custom_interfaces__rosidl_typesupport_introspection_c.dir/rosidl_typesupport_introspection_c/dynamixel_sdk_custom_interfaces/srv/detail/movement__type_support.c.o[0m
[6.889s] [ 64%] [32mBuilding C object CMakeFiles/dynamixel_sdk_custom_interfaces__rosidl_typesupport_introspection_c.dir/rosidl_typesupport_introspection_c/dynamixel_sdk_custom_interfaces/srv/detail/set_twisting__type_support.c.o[0m
[6.905s] [ 65%] [32mBuilding CXX object CMakeFiles/dynamixel_sdk_custom_interfaces__rosidl_typesupport_fastrtps_cpp.dir/rosidl_typesupport_fastrtps_cpp/dynamixel_sdk_custom_interfaces/msg/detail/dds_fastrtps/set_position__type_support.cpp.o[0m
[6.912s] [ 66%] [32mBuilding CXX object CMakeFiles/dynamixel_sdk_custom_interfaces__rosidl_typesupport_introspection_cpp.dir/rosidl_typesupport_introspection_cpp/dynamixel_sdk_custom_interfaces/srv/detail/set_twisting__type_support.cpp.o[0m
[6.982s] [ 67%] [32mBuilding CXX object CMakeFiles/dynamixel_sdk_custom_interfaces__rosidl_typesupport_fastrtps_cpp.dir/rosidl_typesupport_fastrtps_cpp/dynamixel_sdk_custom_interfaces/msg/detail/dds_fastrtps/rolling__type_support.cpp.o[0m
[6.998s] [ 68%] [32mBuilding CXX object CMakeFiles/dynamixel_sdk_custom_interfaces__rosidl_typesupport_fastrtps_cpp.dir/rosidl_typesupport_fastrtps_cpp/dynamixel_sdk_custom_interfaces/msg/detail/dds_fastrtps/set_mode__type_support.cpp.o[0m
[7.012s] [ 69%] [32m[1mLinking C shared library libdynamixel_sdk_custom_interfaces__rosidl_typesupport_introspection_c.so[0m
[7.034s] [ 70%] [32m[1mLinking CXX shared library libdynamixel_sdk_custom_interfaces__rosidl_typesupport_cpp.so[0m
[7.101s] [ 70%] [32mBuilding CXX object CMakeFiles/dynamixel_sdk_custom_interfaces__rosidl_typesupport_fastrtps_c.dir/rosidl_typesupport_fastrtps_c/dynamixel_sdk_custom_interfaces/msg/detail/set_position__type_support_c.cpp.o[0m
[7.131s] [ 70%] Built target dynamixel_sdk_custom_interfaces__rosidl_typesupport_introspection_c
[7.173s] [ 71%] [32mBuilding CXX object CMakeFiles/dynamixel_sdk_custom_interfaces__rosidl_typesupport_fastrtps_cpp.dir/rosidl_typesupport_fastrtps_cpp/dynamixel_sdk_custom_interfaces/srv/detail/dds_fastrtps/get_position__type_support.cpp.o[0m
[7.184s] [ 72%] [32mBuilding CXX object CMakeFiles/dynamixel_sdk_custom_interfaces__rosidl_typesupport_fastrtps_cpp.dir/rosidl_typesupport_fastrtps_cpp/dynamixel_sdk_custom_interfaces/srv/detail/dds_fastrtps/set_velocity__type_support.cpp.o[0m
[7.240s] [ 72%] [32mBuilding CXX object CMakeFiles/dynamixel_sdk_custom_interfaces__rosidl_typesupport_fastrtps_cpp.dir/rosidl_typesupport_fastrtps_cpp/dynamixel_sdk_custom_interfaces/srv/detail/dds_fastrtps/set_extension__type_support.cpp.o[0m
[7.250s] [ 72%] Built target dynamixel_sdk_custom_interfaces__rosidl_typesupport_cpp
[7.281s] [ 73%] [32mBuilding CXX object CMakeFiles/dynamixel_sdk_custom_interfaces__rosidl_typesupport_fastrtps_c.dir/rosidl_typesupport_fastrtps_c/dynamixel_sdk_custom_interfaces/msg/detail/rolling__type_support_c.cpp.o[0m
[7.281s] [ 74%] [32mBuilding CXX object CMakeFiles/dynamixel_sdk_custom_interfaces__rosidl_typesupport_fastrtps_cpp.dir/rosidl_typesupport_fastrtps_cpp/dynamixel_sdk_custom_interfaces/srv/detail/dds_fastrtps/set_bending__type_support.cpp.o[0m
[7.459s] [ 75%] [32mBuilding CXX object CMakeFiles/dynamixel_sdk_custom_interfaces__rosidl_typesupport_fastrtps_cpp.dir/rosidl_typesupport_fastrtps_cpp/dynamixel_sdk_custom_interfaces/srv/detail/dds_fastrtps/movement__type_support.cpp.o[0m
[7.607s] [ 76%] [32mBuilding CXX object CMakeFiles/dynamixel_sdk_custom_interfaces__rosidl_typesupport_fastrtps_cpp.dir/rosidl_typesupport_fastrtps_cpp/dynamixel_sdk_custom_interfaces/srv/detail/dds_fastrtps/set_twisting__type_support.cpp.o[0m
[7.867s] [ 77%] [32m[1mLinking CXX shared library libdynamixel_sdk_custom_interfaces__rosidl_typesupport_introspection_cpp.so[0m
[7.936s] [ 78%] [32mBuilding CXX object CMakeFiles/dynamixel_sdk_custom_interfaces__rosidl_typesupport_fastrtps_c.dir/rosidl_typesupport_fastrtps_c/dynamixel_sdk_custom_interfaces/msg/detail/set_mode__type_support_c.cpp.o[0m
[7.991s] [ 79%] [32mBuilding CXX object CMakeFiles/dynamixel_sdk_custom_interfaces__rosidl_typesupport_fastrtps_c.dir/rosidl_typesupport_fastrtps_c/dynamixel_sdk_custom_interfaces/srv/detail/get_position__type_support_c.cpp.o[0m
[8.046s] [ 80%] [32mBuilding CXX object CMakeFiles/dynamixel_sdk_custom_interfaces__rosidl_typesupport_fastrtps_c.dir/rosidl_typesupport_fastrtps_c/dynamixel_sdk_custom_interfaces/srv/detail/set_velocity__type_support_c.cpp.o[0m
[8.100s] [ 80%] Built target dynamixel_sdk_custom_interfaces__rosidl_typesupport_introspection_cpp
[8.134s] [ 81%] [32mBuilding CXX object CMakeFiles/dynamixel_sdk_custom_interfaces__rosidl_typesupport_fastrtps_c.dir/rosidl_typesupport_fastrtps_c/dynamixel_sdk_custom_interfaces/srv/detail/set_extension__type_support_c.cpp.o[0m
[8.251s] [ 82%] [32mBuilding CXX object CMakeFiles/dynamixel_sdk_custom_interfaces__rosidl_typesupport_fastrtps_c.dir/rosidl_typesupport_fastrtps_c/dynamixel_sdk_custom_interfaces/srv/detail/set_bending__type_support_c.cpp.o[0m
[8.278s] [ 83%] [32mBuilding CXX object CMakeFiles/dynamixel_sdk_custom_interfaces__rosidl_typesupport_fastrtps_c.dir/rosidl_typesupport_fastrtps_c/dynamixel_sdk_custom_interfaces/srv/detail/movement__type_support_c.cpp.o[0m
[8.513s] [ 83%] [32mBuilding CXX object CMakeFiles/dynamixel_sdk_custom_interfaces__rosidl_typesupport_fastrtps_c.dir/rosidl_typesupport_fastrtps_c/dynamixel_sdk_custom_interfaces/srv/detail/set_twisting__type_support_c.cpp.o[0m
[8.863s] [ 84%] [32m[1mLinking CXX shared library libdynamixel_sdk_custom_interfaces__rosidl_typesupport_fastrtps_cpp.so[0m
[9.065s] [ 84%] Built target dynamixel_sdk_custom_interfaces__rosidl_typesupport_fastrtps_cpp
[9.275s] [ 85%] [32m[1mLinking CXX shared library libdynamixel_sdk_custom_interfaces__rosidl_typesupport_fastrtps_c.so[0m
[9.371s] [ 85%] Built target dynamixel_sdk_custom_interfaces__rosidl_typesupport_fastrtps_c
[9.429s] [ 85%] Built target dynamixel_sdk_custom_interfaces
[9.587s] [ 86%] [34m[1mGenerating Python code for ROS interfaces[0m
[11.313s] [ 86%] Built target dynamixel_sdk_custom_interfaces__py
[11.364s] [ 88%] [32mBuilding C object CMakeFiles/dynamixel_sdk_custom_interfaces__rosidl_generator_py.dir/rosidl_generator_py/dynamixel_sdk_custom_interfaces/srv/_set_velocity_s.c.o[0m
[11.364s] [ 88%] [32mBuilding C object CMakeFiles/dynamixel_sdk_custom_interfaces__rosidl_generator_py.dir/rosidl_generator_py/dynamixel_sdk_custom_interfaces/srv/_set_extension_s.c.o[0m
[11.364s] [ 89%] [32mBuilding C object CMakeFiles/dynamixel_sdk_custom_interfaces__rosidl_generator_py.dir/rosidl_generator_py/dynamixel_sdk_custom_interfaces/srv/_get_position_s.c.o[0m
[11.368s] [ 90%] [32mBuilding C object CMakeFiles/dynamixel_sdk_custom_interfaces__rosidl_generator_py.dir/rosidl_generator_py/dynamixel_sdk_custom_interfaces/msg/_set_position_s.c.o[0m
[11.369s] [ 91%] [32mBuilding C object CMakeFiles/dynamixel_sdk_custom_interfaces__rosidl_generator_py.dir/rosidl_generator_py/dynamixel_sdk_custom_interfaces/msg/_rolling_s.c.o[0m
[11.369s] [ 91%] [32mBuilding C object CMakeFiles/dynamixel_sdk_custom_interfaces__rosidl_generator_py.dir/rosidl_generator_py/dynamixel_sdk_custom_interfaces/msg/_set_mode_s.c.o[0m
[11.372s] [ 92%] [32mBuilding C object CMakeFiles/dynamixel_sdk_custom_interfaces__rosidl_generator_py.dir/rosidl_generator_py/dynamixel_sdk_custom_interfaces/srv/_set_twisting_s.c.o[0m
[11.372s] [ 93%] [32mBuilding C object CMakeFiles/dynamixel_sdk_custom_interfaces__rosidl_generator_py.dir/rosidl_generator_py/dynamixel_sdk_custom_interfaces/srv/_set_bending_s.c.o[0m
[11.372s] [ 94%] [32mBuilding C object CMakeFiles/dynamixel_sdk_custom_interfaces__rosidl_generator_py.dir/rosidl_generator_py/dynamixel_sdk_custom_interfaces/srv/_movement_s.c.o[0m
[11.673s] [ 94%] [32m[1mLinking C shared library libdynamixel_sdk_custom_interfaces__rosidl_generator_py.so[0m
[11.854s] [ 94%] Built target dynamixel_sdk_custom_interfaces__rosidl_generator_py
[11.980s] [ 97%] [32mBuilding C object CMakeFiles/dynamixel_sdk_custom_interfaces_s__rosidl_typesupport_fastrtps_c.dir/rosidl_generator_py/dynamixel_sdk_custom_interfaces/_dynamixel_sdk_custom_interfaces_s.ep.rosidl_typesupport_fastrtps_c.c.o[0m
[11.980s] [ 97%] [32mBuilding C object CMakeFiles/dynamixel_sdk_custom_interfaces_s__rosidl_typesupport_c.dir/rosidl_generator_py/dynamixel_sdk_custom_interfaces/_dynamixel_sdk_custom_interfaces_s.ep.rosidl_typesupport_c.c.o[0m
[11.980s] [ 97%] [32mBuilding C object CMakeFiles/dynamixel_sdk_custom_interfaces_s__rosidl_typesupport_introspection_c.dir/rosidl_generator_py/dynamixel_sdk_custom_interfaces/_dynamixel_sdk_custom_interfaces_s.ep.rosidl_typesupport_introspection_c.c.o[0m
[12.224s] [ 99%] [32m[1mLinking C shared module rosidl_generator_py/dynamixel_sdk_custom_interfaces/dynamixel_sdk_custom_interfaces_s__rosidl_typesupport_introspection_c.so[0m
[12.225s] [ 99%] [32m[1mLinking C shared module rosidl_generator_py/dynamixel_sdk_custom_interfaces/dynamixel_sdk_custom_interfaces_s__rosidl_typesupport_c.so[0m
[12.230s] [100%] [32m[1mLinking C shared module rosidl_generator_py/dynamixel_sdk_custom_interfaces/dynamixel_sdk_custom_interfaces_s__rosidl_typesupport_fastrtps_c.so[0m
[12.280s] [100%] Built target dynamixel_sdk_custom_interfaces_s__rosidl_typesupport_c
[12.280s] [100%] Built target dynamixel_sdk_custom_interfaces_s__rosidl_typesupport_introspection_c
[12.286s] [100%] Built target dynamixel_sdk_custom_interfaces_s__rosidl_typesupport_fastrtps_c
[12.306s] Invoked command in '/home/haodong/Swarm_Module/Swarm_Module_ws/build/dynamixel_sdk_custom_interfaces' returned '0': CMAKE_PREFIX_PATH=${CMAKE_PREFIX_PATH}:/home/haodong/Swarm_Module/Swarm_Module_ws/install/dynamixel_motor:/home/haodong/ws_moveit/install/moveit_configs_utils:/opt/ros/jazzy DEBUGINFOD_URLS=https://debuginfod.ubuntu.com /usr/bin/cmake --build /home/haodong/Swarm_Module/Swarm_Module_ws/build/dynamixel_sdk_custom_interfaces -- -j12 -l12
[13.274s] Invoking command in '/home/haodong/Swarm_Module/Swarm_Module_ws/build/dynamixel_sdk_custom_interfaces': CMAKE_PREFIX_PATH=${CMAKE_PREFIX_PATH}:/home/haodong/Swarm_Module/Swarm_Module_ws/install/dynamixel_motor:/home/haodong/ws_moveit/install/moveit_configs_utils:/opt/ros/jazzy DEBUGINFOD_URLS=https://debuginfod.ubuntu.com /usr/bin/cmake --install /home/haodong/Swarm_Module/Swarm_Module_ws/build/dynamixel_sdk_custom_interfaces
[13.335s] -- Install configuration: ""
[13.336s] -- Installing: /home/haodong/Swarm_Module/Swarm_Module_ws/install/dynamixel_sdk_custom_interfaces/share/ament_index/resource_index/rosidl_interfaces/dynamixel_sdk_custom_interfaces
[13.336s] -- Installing: /home/haodong/Swarm_Module/Swarm_Module_ws/install/dynamixel_sdk_custom_interfaces/share/dynamixel_sdk_custom_interfaces/msg/SetPosition.json
[13.337s] -- Installing: /home/haodong/Swarm_Module/Swarm_Module_ws/install/dynamixel_sdk_custom_interfaces/share/dynamixel_sdk_custom_interfaces/msg/Rolling.json
[13.338s] -- Installing: /home/haodong/Swarm_Module/Swarm_Module_ws/install/dynamixel_sdk_custom_interfaces/share/dynamixel_sdk_custom_interfaces/msg/SetMode.json
[13.338s] -- Installing: /home/haodong/Swarm_Module/Swarm_Module_ws/install/dynamixel_sdk_custom_interfaces/share/dynamixel_sdk_custom_interfaces/srv/GetPosition.json
[13.339s] -- Installing: /home/haodong/Swarm_Module/Swarm_Module_ws/install/dynamixel_sdk_custom_interfaces/share/dynamixel_sdk_custom_interfaces/srv/SetVelocity.json
[13.340s] -- Installing: /home/haodong/Swarm_Module/Swarm_Module_ws/install/dynamixel_sdk_custom_interfaces/share/dynamixel_sdk_custom_interfaces/srv/SetExtension.json
[13.340s] -- Installing: /home/haodong/Swarm_Module/Swarm_Module_ws/install/dynamixel_sdk_custom_interfaces/share/dynamixel_sdk_custom_interfaces/srv/SetBending.json
[13.341s] -- Installing: /home/haodong/Swarm_Module/Swarm_Module_ws/install/dynamixel_sdk_custom_interfaces/share/dynamixel_sdk_custom_interfaces/srv/Movement.json
[13.341s] -- Installing: /home/haodong/Swarm_Module/Swarm_Module_ws/install/dynamixel_sdk_custom_interfaces/share/dynamixel_sdk_custom_interfaces/srv/SetTwisting.json
[13.343s] -- Up-to-date: /home/haodong/Swarm_Module/Swarm_Module_ws/install/dynamixel_sdk_custom_interfaces/include/dynamixel_sdk_custom_interfaces/dynamixel_sdk_custom_interfaces
[13.344s] -- Up-to-date: /home/haodong/Swarm_Module/Swarm_Module_ws/install/dynamixel_sdk_custom_interfaces/include/dynamixel_sdk_custom_interfaces/dynamixel_sdk_custom_interfaces/msg
[13.345s] -- Up-to-date: /home/haodong/Swarm_Module/Swarm_Module_ws/install/dynamixel_sdk_custom_interfaces/include/dynamixel_sdk_custom_interfaces/dynamixel_sdk_custom_interfaces/msg/rosidl_generator_c__visibility_control.h
[13.345s] -- Installing: /home/haodong/Swarm_Module/Swarm_Module_ws/install/dynamixel_sdk_custom_interfaces/include/dynamixel_sdk_custom_interfaces/dynamixel_sdk_custom_interfaces/msg/set_mode.h
[13.346s] -- Installing: /home/haodong/Swarm_Module/Swarm_Module_ws/install/dynamixel_sdk_custom_interfaces/include/dynamixel_sdk_custom_interfaces/dynamixel_sdk_custom_interfaces/msg/set_position.h
[13.346s] -- Up-to-date: /home/haodong/Swarm_Module/Swarm_Module_ws/install/dynamixel_sdk_custom_interfaces/include/dynamixel_sdk_custom_interfaces/dynamixel_sdk_custom_interfaces/msg/detail
[13.347s] -- Installing: /home/haodong/Swarm_Module/Swarm_Module_ws/install/dynamixel_sdk_custom_interfaces/include/dynamixel_sdk_custom_interfaces/dynamixel_sdk_custom_interfaces/msg/detail/set_mode__type_support.h
[13.347s] -- Installing: /home/haodong/Swarm_Module/Swarm_Module_ws/install/dynamixel_sdk_custom_interfaces/include/dynamixel_sdk_custom_interfaces/dynamixel_sdk_custom_interfaces/msg/detail/rolling__type_support.h
[13.348s] -- Installing: /home/haodong/Swarm_Module/Swarm_Module_ws/install/dynamixel_sdk_custom_interfaces/include/dynamixel_sdk_custom_interfaces/dynamixel_sdk_custom_interfaces/msg/detail/set_mode__functions.h
[13.348s] -- Installing: /home/haodong/Swarm_Module/Swarm_Module_ws/install/dynamixel_sdk_custom_interfaces/include/dynamixel_sdk_custom_interfaces/dynamixel_sdk_custom_interfaces/msg/detail/set_position__type_support.c
[13.348s] -- Installing: /home/haodong/Swarm_Module/Swarm_Module_ws/install/dynamixel_sdk_custom_interfaces/include/dynamixel_sdk_custom_interfaces/dynamixel_sdk_custom_interfaces/msg/detail/set_position__type_support.h
[13.349s] -- Installing: /home/haodong/Swarm_Module/Swarm_Module_ws/install/dynamixel_sdk_custom_interfaces/include/dynamixel_sdk_custom_interfaces/dynamixel_sdk_custom_interfaces/msg/detail/rolling__functions.h
[13.349s] -- Installing: /home/haodong/Swarm_Module/Swarm_Module_ws/install/dynamixel_sdk_custom_interfaces/include/dynamixel_sdk_custom_interfaces/dynamixel_sdk_custom_interfaces/msg/detail/set_mode__functions.c
[13.350s] -- Installing: /home/haodong/Swarm_Module/Swarm_Module_ws/install/dynamixel_sdk_custom_interfaces/include/dynamixel_sdk_custom_interfaces/dynamixel_sdk_custom_interfaces/msg/detail/set_position__struct.h
[13.350s] -- Installing: /home/haodong/Swarm_Module/Swarm_Module_ws/install/dynamixel_sdk_custom_interfaces/include/dynamixel_sdk_custom_interfaces/dynamixel_sdk_custom_interfaces/msg/detail/set_mode__description.c
[13.350s] -- Installing: /home/haodong/Swarm_Module/Swarm_Module_ws/install/dynamixel_sdk_custom_interfaces/include/dynamixel_sdk_custom_interfaces/dynamixel_sdk_custom_interfaces/msg/detail/set_position__functions.h
[13.351s] -- Installing: /home/haodong/Swarm_Module/Swarm_Module_ws/install/dynamixel_sdk_custom_interfaces/include/dynamixel_sdk_custom_interfaces/dynamixel_sdk_custom_interfaces/msg/detail/set_mode__struct.h
[13.351s] -- Installing: /home/haodong/Swarm_Module/Swarm_Module_ws/install/dynamixel_sdk_custom_interfaces/include/dynamixel_sdk_custom_interfaces/dynamixel_sdk_custom_interfaces/msg/detail/set_position__description.c
[13.352s] -- Installing: /home/haodong/Swarm_Module/Swarm_Module_ws/install/dynamixel_sdk_custom_interfaces/include/dynamixel_sdk_custom_interfaces/dynamixel_sdk_custom_interfaces/msg/detail/set_mode__type_support.c
[13.352s] -- Installing: /home/haodong/Swarm_Module/Swarm_Module_ws/install/dynamixel_sdk_custom_interfaces/include/dynamixel_sdk_custom_interfaces/dynamixel_sdk_custom_interfaces/msg/detail/set_position__functions.c
[13.352s] -- Installing: /home/haodong/Swarm_Module/Swarm_Module_ws/install/dynamixel_sdk_custom_interfaces/include/dynamixel_sdk_custom_interfaces/dynamixel_sdk_custom_interfaces/msg/detail/rolling__description.c
[13.353s] -- Installing: /home/haodong/Swarm_Module/Swarm_Module_ws/install/dynamixel_sdk_custom_interfaces/include/dynamixel_sdk_custom_interfaces/dynamixel_sdk_custom_interfaces/msg/detail/rolling__functions.c
[13.353s] -- Installing: /home/haodong/Swarm_Module/Swarm_Module_ws/install/dynamixel_sdk_custom_interfaces/include/dynamixel_sdk_custom_interfaces/dynamixel_sdk_custom_interfaces/msg/detail/rolling__type_support.c
[13.354s] -- Installing: /home/haodong/Swarm_Module/Swarm_Module_ws/install/dynamixel_sdk_custom_interfaces/include/dynamixel_sdk_custom_interfaces/dynamixel_sdk_custom_interfaces/msg/detail/rolling__struct.h
[13.355s] -- Installing: /home/haodong/Swarm_Module/Swarm_Module_ws/install/dynamixel_sdk_custom_interfaces/include/dynamixel_sdk_custom_interfaces/dynamixel_sdk_custom_interfaces/msg/rolling.h
[13.356s] -- Up-to-date: /home/haodong/Swarm_Module/Swarm_Module_ws/install/dynamixel_sdk_custom_interfaces/include/dynamixel_sdk_custom_interfaces/dynamixel_sdk_custom_interfaces/srv
[13.356s] -- Installing: /home/haodong/Swarm_Module/Swarm_Module_ws/install/dynamixel_sdk_custom_interfaces/include/dynamixel_sdk_custom_interfaces/dynamixel_sdk_custom_interfaces/srv/movement.h
[13.357s] -- Up-to-date: /home/haodong/Swarm_Module/Swarm_Module_ws/install/dynamixel_sdk_custom_interfaces/include/dynamixel_sdk_custom_interfaces/dynamixel_sdk_custom_interfaces/srv/detail
[13.357s] -- Installing: /home/haodong/Swarm_Module/Swarm_Module_ws/install/dynamixel_sdk_custom_interfaces/include/dynamixel_sdk_custom_interfaces/dynamixel_sdk_custom_interfaces/srv/detail/set_bending__type_support.c
[13.358s] -- Installing: /home/haodong/Swarm_Module/Swarm_Module_ws/install/dynamixel_sdk_custom_interfaces/include/dynamixel_sdk_custom_interfaces/dynamixel_sdk_custom_interfaces/srv/detail/set_extension__description.c
[13.358s] -- Installing: /home/haodong/Swarm_Module/Swarm_Module_ws/install/dynamixel_sdk_custom_interfaces/include/dynamixel_sdk_custom_interfaces/dynamixel_sdk_custom_interfaces/srv/detail/set_velocity__functions.h
[13.359s] -- Installing: /home/haodong/Swarm_Module/Swarm_Module_ws/install/dynamixel_sdk_custom_interfaces/include/dynamixel_sdk_custom_interfaces/dynamixel_sdk_custom_interfaces/srv/detail/set_twisting__type_support.c
[13.359s] -- Installing: /home/haodong/Swarm_Module/Swarm_Module_ws/install/dynamixel_sdk_custom_interfaces/include/dynamixel_sdk_custom_interfaces/dynamixel_sdk_custom_interfaces/srv/detail/get_position__type_support.h
[13.360s] -- Installing: /home/haodong/Swarm_Module/Swarm_Module_ws/install/dynamixel_sdk_custom_interfaces/include/dynamixel_sdk_custom_interfaces/dynamixel_sdk_custom_interfaces/srv/detail/set_bending__functions.h
[13.360s] -- Installing: /home/haodong/Swarm_Module/Swarm_Module_ws/install/dynamixel_sdk_custom_interfaces/include/dynamixel_sdk_custom_interfaces/dynamixel_sdk_custom_interfaces/srv/detail/get_position__description.c
[13.361s] -- Installing: /home/haodong/Swarm_Module/Swarm_Module_ws/install/dynamixel_sdk_custom_interfaces/include/dynamixel_sdk_custom_interfaces/dynamixel_sdk_custom_interfaces/srv/detail/set_bending__struct.h
[13.361s] -- Installing: /home/haodong/Swarm_Module/Swarm_Module_ws/install/dynamixel_sdk_custom_interfaces/include/dynamixel_sdk_custom_interfaces/dynamixel_sdk_custom_interfaces/srv/detail/get_position__functions.c
[13.362s] -- Installing: /home/haodong/Swarm_Module/Swarm_Module_ws/install/dynamixel_sdk_custom_interfaces/include/dynamixel_sdk_custom_interfaces/dynamixel_sdk_custom_interfaces/srv/detail/movement__struct.h
[13.363s] -- Installing: /home/haodong/Swarm_Module/Swarm_Module_ws/install/dynamixel_sdk_custom_interfaces/include/dynamixel_sdk_custom_interfaces/dynamixel_sdk_custom_interfaces/srv/detail/set_velocity__functions.c
[13.364s] -- Installing: /home/haodong/Swarm_Module/Swarm_Module_ws/install/dynamixel_sdk_custom_interfaces/include/dynamixel_sdk_custom_interfaces/dynamixel_sdk_custom_interfaces/srv/detail/movement__type_support.h
[13.364s] -- Installing: /home/haodong/Swarm_Module/Swarm_Module_ws/install/dynamixel_sdk_custom_interfaces/include/dynamixel_sdk_custom_interfaces/dynamixel_sdk_custom_interfaces/srv/detail/set_velocity__description.c
[13.365s] -- Installing: /home/haodong/Swarm_Module/Swarm_Module_ws/install/dynamixel_sdk_custom_interfaces/include/dynamixel_sdk_custom_interfaces/dynamixel_sdk_custom_interfaces/srv/detail/set_velocity__type_support.c
[13.366s] -- Installing: /home/haodong/Swarm_Module/Swarm_Module_ws/install/dynamixel_sdk_custom_interfaces/include/dynamixel_sdk_custom_interfaces/dynamixel_sdk_custom_interfaces/srv/detail/set_velocity__struct.h
[13.366s] -- Installing: /home/haodong/Swarm_Module/Swarm_Module_ws/install/dynamixel_sdk_custom_interfaces/include/dynamixel_sdk_custom_interfaces/dynamixel_sdk_custom_interfaces/srv/detail/movement__description.c
[13.367s] -- Installing: /home/haodong/Swarm_Module/Swarm_Module_ws/install/dynamixel_sdk_custom_interfaces/include/dynamixel_sdk_custom_interfaces/dynamixel_sdk_custom_interfaces/srv/detail/set_velocity__type_support.h
[13.367s] -- Installing: /home/haodong/Swarm_Module/Swarm_Module_ws/install/dynamixel_sdk_custom_interfaces/include/dynamixel_sdk_custom_interfaces/dynamixel_sdk_custom_interfaces/srv/detail/movement__functions.h
[13.368s] -- Installing: /home/haodong/Swarm_Module/Swarm_Module_ws/install/dynamixel_sdk_custom_interfaces/include/dynamixel_sdk_custom_interfaces/dynamixel_sdk_custom_interfaces/srv/detail/set_extension__type_support.c
[13.368s] -- Installing: /home/haodong/Swarm_Module/Swarm_Module_ws/install/dynamixel_sdk_custom_interfaces/include/dynamixel_sdk_custom_interfaces/dynamixel_sdk_custom_interfaces/srv/detail/set_twisting__functions.h
[13.369s] -- Installing: /home/haodong/Swarm_Module/Swarm_Module_ws/install/dynamixel_sdk_custom_interfaces/include/dynamixel_sdk_custom_interfaces/dynamixel_sdk_custom_interfaces/srv/detail/set_twisting__functions.c
[13.369s] -- Installing: /home/haodong/Swarm_Module/Swarm_Module_ws/install/dynamixel_sdk_custom_interfaces/include/dynamixel_sdk_custom_interfaces/dynamixel_sdk_custom_interfaces/srv/detail/set_twisting__type_support.h
[13.370s] -- Installing: /home/haodong/Swarm_Module/Swarm_Module_ws/install/dynamixel_sdk_custom_interfaces/include/dynamixel_sdk_custom_interfaces/dynamixel_sdk_custom_interfaces/srv/detail/set_bending__type_support.h
[13.371s] -- Installing: /home/haodong/Swarm_Module/Swarm_Module_ws/install/dynamixel_sdk_custom_interfaces/include/dynamixel_sdk_custom_interfaces/dynamixel_sdk_custom_interfaces/srv/detail/set_extension__struct.h
[13.372s] -- Installing: /home/haodong/Swarm_Module/Swarm_Module_ws/install/dynamixel_sdk_custom_interfaces/include/dynamixel_sdk_custom_interfaces/dynamixel_sdk_custom_interfaces/srv/detail/movement__functions.c
[13.372s] -- Installing: /home/haodong/Swarm_Module/Swarm_Module_ws/install/dynamixel_sdk_custom_interfaces/include/dynamixel_sdk_custom_interfaces/dynamixel_sdk_custom_interfaces/srv/detail/set_bending__functions.c
[13.373s] -- Installing: /home/haodong/Swarm_Module/Swarm_Module_ws/install/dynamixel_sdk_custom_interfaces/include/dynamixel_sdk_custom_interfaces/dynamixel_sdk_custom_interfaces/srv/detail/set_twisting__struct.h
[13.373s] -- Installing: /home/haodong/Swarm_Module/Swarm_Module_ws/install/dynamixel_sdk_custom_interfaces/include/dynamixel_sdk_custom_interfaces/dynamixel_sdk_custom_interfaces/srv/detail/movement__type_support.c
[13.374s] -- Installing: /home/haodong/Swarm_Module/Swarm_Module_ws/install/dynamixel_sdk_custom_interfaces/include/dynamixel_sdk_custom_interfaces/dynamixel_sdk_custom_interfaces/srv/detail/set_twisting__description.c
[13.374s] -- Installing: /home/haodong/Swarm_Module/Swarm_Module_ws/install/dynamixel_sdk_custom_interfaces/include/dynamixel_sdk_custom_interfaces/dynamixel_sdk_custom_interfaces/srv/detail/get_position__struct.h
[13.375s] -- Installing: /home/haodong/Swarm_Module/Swarm_Module_ws/install/dynamixel_sdk_custom_interfaces/include/dynamixel_sdk_custom_interfaces/dynamixel_sdk_custom_interfaces/srv/detail/set_extension__type_support.h
[13.375s] -- Installing: /home/haodong/Swarm_Module/Swarm_Module_ws/install/dynamixel_sdk_custom_interfaces/include/dynamixel_sdk_custom_interfaces/dynamixel_sdk_custom_interfaces/srv/detail/set_bending__description.c
[13.376s] -- Installing: /home/haodong/Swarm_Module/Swarm_Module_ws/install/dynamixel_sdk_custom_interfaces/include/dynamixel_sdk_custom_interfaces/dynamixel_sdk_custom_interfaces/srv/detail/set_extension__functions.h
[13.377s] -- Installing: /home/haodong/Swarm_Module/Swarm_Module_ws/install/dynamixel_sdk_custom_interfaces/include/dynamixel_sdk_custom_interfaces/dynamixel_sdk_custom_interfaces/srv/detail/get_position__type_support.c
[13.378s] -- Installing: /home/haodong/Swarm_Module/Swarm_Module_ws/install/dynamixel_sdk_custom_interfaces/include/dynamixel_sdk_custom_interfaces/dynamixel_sdk_custom_interfaces/srv/detail/set_extension__functions.c
[13.378s] -- Installing: /home/haodong/Swarm_Module/Swarm_Module_ws/install/dynamixel_sdk_custom_interfaces/include/dynamixel_sdk_custom_interfaces/dynamixel_sdk_custom_interfaces/srv/detail/get_position__functions.h
[13.379s] -- Installing: /home/haodong/Swarm_Module/Swarm_Module_ws/install/dynamixel_sdk_custom_interfaces/include/dynamixel_sdk_custom_interfaces/dynamixel_sdk_custom_interfaces/srv/set_bending.h
[13.379s] -- Installing: /home/haodong/Swarm_Module/Swarm_Module_ws/install/dynamixel_sdk_custom_interfaces/include/dynamixel_sdk_custom_interfaces/dynamixel_sdk_custom_interfaces/srv/set_extension.h
[13.380s] -- Installing: /home/haodong/Swarm_Module/Swarm_Module_ws/install/dynamixel_sdk_custom_interfaces/include/dynamixel_sdk_custom_interfaces/dynamixel_sdk_custom_interfaces/srv/set_twisting.h
[13.381s] -- Installing: /home/haodong/Swarm_Module/Swarm_Module_ws/install/dynamixel_sdk_custom_interfaces/include/dynamixel_sdk_custom_interfaces/dynamixel_sdk_custom_interfaces/srv/get_position.h
[13.381s] -- Installing: /home/haodong/Swarm_Module/Swarm_Module_ws/install/dynamixel_sdk_custom_interfaces/include/dynamixel_sdk_custom_interfaces/dynamixel_sdk_custom_interfaces/srv/set_velocity.h
[13.382s] -- Up-to-date: /home/haodong/Swarm_Module/Swarm_Module_ws/install/dynamixel_sdk_custom_interfaces/share/dynamixel_sdk_custom_interfaces/environment/library_path.sh
[13.382s] -- Up-to-date: /home/haodong/Swarm_Module/Swarm_Module_ws/install/dynamixel_sdk_custom_interfaces/share/dynamixel_sdk_custom_interfaces/environment/library_path.dsv
[13.383s] -- Installing: /home/haodong/Swarm_Module/Swarm_Module_ws/install/dynamixel_sdk_custom_interfaces/lib/libdynamixel_sdk_custom_interfaces__rosidl_generator_c.so
[13.386s] -- Set non-toolchain portion of runtime path of "/home/haodong/Swarm_Module/Swarm_Module_ws/install/dynamixel_sdk_custom_interfaces/lib/libdynamixel_sdk_custom_interfaces__rosidl_generator_c.so" to ""
[13.387s] -- Up-to-date: /home/haodong/Swarm_Module/Swarm_Module_ws/install/dynamixel_sdk_custom_interfaces/include/dynamixel_sdk_custom_interfaces/dynamixel_sdk_custom_interfaces
[13.387s] -- Up-to-date: /home/haodong/Swarm_Module/Swarm_Module_ws/install/dynamixel_sdk_custom_interfaces/include/dynamixel_sdk_custom_interfaces/dynamixel_sdk_custom_interfaces/msg
[13.388s] -- Up-to-date: /home/haodong/Swarm_Module/Swarm_Module_ws/install/dynamixel_sdk_custom_interfaces/include/dynamixel_sdk_custom_interfaces/dynamixel_sdk_custom_interfaces/msg/rosidl_typesupport_fastrtps_c__visibility_control.h
[13.388s] -- Up-to-date: /home/haodong/Swarm_Module/Swarm_Module_ws/install/dynamixel_sdk_custom_interfaces/include/dynamixel_sdk_custom_interfaces/dynamixel_sdk_custom_interfaces/msg/detail
[13.388s] -- Installing: /home/haodong/Swarm_Module/Swarm_Module_ws/install/dynamixel_sdk_custom_interfaces/include/dynamixel_sdk_custom_interfaces/dynamixel_sdk_custom_interfaces/msg/detail/rolling__rosidl_typesupport_fastrtps_c.h
[13.389s] -- Installing: /home/haodong/Swarm_Module/Swarm_Module_ws/install/dynamixel_sdk_custom_interfaces/include/dynamixel_sdk_custom_interfaces/dynamixel_sdk_custom_interfaces/msg/detail/set_mode__rosidl_typesupport_fastrtps_c.h
[13.389s] -- Installing: /home/haodong/Swarm_Module/Swarm_Module_ws/install/dynamixel_sdk_custom_interfaces/include/dynamixel_sdk_custom_interfaces/dynamixel_sdk_custom_interfaces/msg/detail/set_position__rosidl_typesupport_fastrtps_c.h
[13.389s] -- Up-to-date: /home/haodong/Swarm_Module/Swarm_Module_ws/install/dynamixel_sdk_custom_interfaces/include/dynamixel_sdk_custom_interfaces/dynamixel_sdk_custom_interfaces/srv
[13.390s] -- Up-to-date: /home/haodong/Swarm_Module/Swarm_Module_ws/install/dynamixel_sdk_custom_interfaces/include/dynamixel_sdk_custom_interfaces/dynamixel_sdk_custom_interfaces/srv/detail
[13.390s] -- Installing: /home/haodong/Swarm_Module/Swarm_Module_ws/install/dynamixel_sdk_custom_interfaces/include/dynamixel_sdk_custom_interfaces/dynamixel_sdk_custom_interfaces/srv/detail/set_velocity__rosidl_typesupport_fastrtps_c.h
[13.390s] -- Installing: /home/haodong/Swarm_Module/Swarm_Module_ws/install/dynamixel_sdk_custom_interfaces/include/dynamixel_sdk_custom_interfaces/dynamixel_sdk_custom_interfaces/srv/detail/set_twisting__rosidl_typesupport_fastrtps_c.h
[13.390s] -- Installing: /home/haodong/Swarm_Module/Swarm_Module_ws/install/dynamixel_sdk_custom_interfaces/include/dynamixel_sdk_custom_interfaces/dynamixel_sdk_custom_interfaces/srv/detail/set_extension__rosidl_typesupport_fastrtps_c.h
[13.391s] -- Installing: /home/haodong/Swarm_Module/Swarm_Module_ws/install/dynamixel_sdk_custom_interfaces/include/dynamixel_sdk_custom_interfaces/dynamixel_sdk_custom_interfaces/srv/detail/movement__rosidl_typesupport_fastrtps_c.h
[13.391s] -- Installing: /home/haodong/Swarm_Module/Swarm_Module_ws/install/dynamixel_sdk_custom_interfaces/include/dynamixel_sdk_custom_interfaces/dynamixel_sdk_custom_interfaces/srv/detail/set_bending__rosidl_typesupport_fastrtps_c.h
[13.391s] -- Installing: /home/haodong/Swarm_Module/Swarm_Module_ws/install/dynamixel_sdk_custom_interfaces/include/dynamixel_sdk_custom_interfaces/dynamixel_sdk_custom_interfaces/srv/detail/get_position__rosidl_typesupport_fastrtps_c.h
[13.392s] -- Installing: /home/haodong/Swarm_Module/Swarm_Module_ws/install/dynamixel_sdk_custom_interfaces/lib/libdynamixel_sdk_custom_interfaces__rosidl_typesupport_fastrtps_c.so
[13.394s] -- Set non-toolchain portion of runtime path of "/home/haodong/Swarm_Module/Swarm_Module_ws/install/dynamixel_sdk_custom_interfaces/lib/libdynamixel_sdk_custom_interfaces__rosidl_typesupport_fastrtps_c.so" to ""
[13.394s] -- Up-to-date: /home/haodong/Swarm_Module/Swarm_Module_ws/install/dynamixel_sdk_custom_interfaces/include/dynamixel_sdk_custom_interfaces/dynamixel_sdk_custom_interfaces
[13.395s] -- Up-to-date: /home/haodong/Swarm_Module/Swarm_Module_ws/install/dynamixel_sdk_custom_interfaces/include/dynamixel_sdk_custom_interfaces/dynamixel_sdk_custom_interfaces/msg
[13.395s] -- Installing: /home/haodong/Swarm_Module/Swarm_Module_ws/install/dynamixel_sdk_custom_interfaces/include/dynamixel_sdk_custom_interfaces/dynamixel_sdk_custom_interfaces/msg/set_mode.hpp
[13.395s] -- Installing: /home/haodong/Swarm_Module/Swarm_Module_ws/install/dynamixel_sdk_custom_interfaces/include/dynamixel_sdk_custom_interfaces/dynamixel_sdk_custom_interfaces/msg/set_position.hpp
[13.396s] -- Installing: /home/haodong/Swarm_Module/Swarm_Module_ws/install/dynamixel_sdk_custom_interfaces/include/dynamixel_sdk_custom_interfaces/dynamixel_sdk_custom_interfaces/msg/rolling.hpp
[13.396s] -- Up-to-date: /home/haodong/Swarm_Module/Swarm_Module_ws/install/dynamixel_sdk_custom_interfaces/include/dynamixel_sdk_custom_interfaces/dynamixel_sdk_custom_interfaces/msg/detail
[13.396s] -- Installing: /home/haodong/Swarm_Module/Swarm_Module_ws/install/dynamixel_sdk_custom_interfaces/include/dynamixel_sdk_custom_interfaces/dynamixel_sdk_custom_interfaces/msg/detail/set_mode__type_support.hpp
[13.397s] -- Installing: /home/haodong/Swarm_Module/Swarm_Module_ws/install/dynamixel_sdk_custom_interfaces/include/dynamixel_sdk_custom_interfaces/dynamixel_sdk_custom_interfaces/msg/detail/rolling__type_support.hpp
[13.397s] -- Installing: /home/haodong/Swarm_Module/Swarm_Module_ws/install/dynamixel_sdk_custom_interfaces/include/dynamixel_sdk_custom_interfaces/dynamixel_sdk_custom_interfaces/msg/detail/set_mode__traits.hpp
[13.397s] -- Installing: /home/haodong/Swarm_Module/Swarm_Module_ws/install/dynamixel_sdk_custom_interfaces/include/dynamixel_sdk_custom_interfaces/dynamixel_sdk_custom_interfaces/msg/detail/rolling__struct.hpp
[13.397s] -- Installing: /home/haodong/Swarm_Module/Swarm_Module_ws/install/dynamixel_sdk_custom_interfaces/include/dynamixel_sdk_custom_interfaces/dynamixel_sdk_custom_interfaces/msg/detail/set_position__builder.hpp
[13.397s] -- Installing: /home/haodong/Swarm_Module/Swarm_Module_ws/install/dynamixel_sdk_custom_interfaces/include/dynamixel_sdk_custom_interfaces/dynamixel_sdk_custom_interfaces/msg/detail/rolling__traits.hpp
[13.398s] -- Installing: /home/haodong/Swarm_Module/Swarm_Module_ws/install/dynamixel_sdk_custom_interfaces/include/dynamixel_sdk_custom_interfaces/dynamixel_sdk_custom_interfaces/msg/detail/set_position__traits.hpp
[13.398s] -- Installing: /home/haodong/Swarm_Module/Swarm_Module_ws/install/dynamixel_sdk_custom_interfaces/include/dynamixel_sdk_custom_interfaces/dynamixel_sdk_custom_interfaces/msg/detail/set_mode__builder.hpp
[13.398s] -- Installing: /home/haodong/Swarm_Module/Swarm_Module_ws/install/dynamixel_sdk_custom_interfaces/include/dynamixel_sdk_custom_interfaces/dynamixel_sdk_custom_interfaces/msg/detail/set_position__struct.hpp
[13.399s] -- Installing: /home/haodong/Swarm_Module/Swarm_Module_ws/install/dynamixel_sdk_custom_interfaces/include/dynamixel_sdk_custom_interfaces/dynamixel_sdk_custom_interfaces/msg/detail/set_mode__struct.hpp
[13.399s] -- Installing: /home/haodong/Swarm_Module/Swarm_Module_ws/install/dynamixel_sdk_custom_interfaces/include/dynamixel_sdk_custom_interfaces/dynamixel_sdk_custom_interfaces/msg/detail/rolling__builder.hpp
[13.399s] -- Installing: /home/haodong/Swarm_Module/Swarm_Module_ws/install/dynamixel_sdk_custom_interfaces/include/dynamixel_sdk_custom_interfaces/dynamixel_sdk_custom_interfaces/msg/detail/set_position__type_support.hpp
[13.400s] -- Installing: /home/haodong/Swarm_Module/Swarm_Module_ws/install/dynamixel_sdk_custom_interfaces/include/dynamixel_sdk_custom_interfaces/dynamixel_sdk_custom_interfaces/msg/rosidl_generator_cpp__visibility_control.hpp
[13.400s] -- Up-to-date: /home/haodong/Swarm_Module/Swarm_Module_ws/install/dynamixel_sdk_custom_interfaces/include/dynamixel_sdk_custom_interfaces/dynamixel_sdk_custom_interfaces/srv
[13.400s] -- Installing: /home/haodong/Swarm_Module/Swarm_Module_ws/install/dynamixel_sdk_custom_interfaces/include/dynamixel_sdk_custom_interfaces/dynamixel_sdk_custom_interfaces/srv/movement.hpp
[13.401s] -- Installing: /home/haodong/Swarm_Module/Swarm_Module_ws/install/dynamixel_sdk_custom_interfaces/include/dynamixel_sdk_custom_interfaces/dynamixel_sdk_custom_interfaces/srv/get_position.hpp
[13.401s] -- Installing: /home/haodong/Swarm_Module/Swarm_Module_ws/install/dynamixel_sdk_custom_interfaces/include/dynamixel_sdk_custom_interfaces/dynamixel_sdk_custom_interfaces/srv/set_twisting.hpp
[13.401s] -- Installing: /home/haodong/Swarm_Module/Swarm_Module_ws/install/dynamixel_sdk_custom_interfaces/include/dynamixel_sdk_custom_interfaces/dynamixel_sdk_custom_interfaces/srv/set_velocity.hpp
[13.401s] -- Up-to-date: /home/haodong/Swarm_Module/Swarm_Module_ws/install/dynamixel_sdk_custom_interfaces/include/dynamixel_sdk_custom_interfaces/dynamixel_sdk_custom_interfaces/srv/detail
[13.402s] -- Installing: /home/haodong/Swarm_Module/Swarm_Module_ws/install/dynamixel_sdk_custom_interfaces/include/dynamixel_sdk_custom_interfaces/dynamixel_sdk_custom_interfaces/srv/detail/movement__struct.hpp
[13.402s] -- Installing: /home/haodong/Swarm_Module/Swarm_Module_ws/install/dynamixel_sdk_custom_interfaces/include/dynamixel_sdk_custom_interfaces/dynamixel_sdk_custom_interfaces/srv/detail/movement__type_support.hpp
[13.402s] -- Installing: /home/haodong/Swarm_Module/Swarm_Module_ws/install/dynamixel_sdk_custom_interfaces/include/dynamixel_sdk_custom_interfaces/dynamixel_sdk_custom_interfaces/srv/detail/set_velocity__struct.hpp
[13.402s] -- Installing: /home/haodong/Swarm_Module/Swarm_Module_ws/install/dynamixel_sdk_custom_interfaces/include/dynamixel_sdk_custom_interfaces/dynamixel_sdk_custom_interfaces/srv/detail/set_twisting__type_support.hpp
[13.403s] -- Installing: /home/haodong/Swarm_Module/Swarm_Module_ws/install/dynamixel_sdk_custom_interfaces/include/dynamixel_sdk_custom_interfaces/dynamixel_sdk_custom_interfaces/srv/detail/set_twisting__traits.hpp
[13.403s] -- Installing: /home/haodong/Swarm_Module/Swarm_Module_ws/install/dynamixel_sdk_custom_interfaces/include/dynamixel_sdk_custom_interfaces/dynamixel_sdk_custom_interfaces/srv/detail/set_twisting__builder.hpp
[13.403s] -- Installing: /home/haodong/Swarm_Module/Swarm_Module_ws/install/dynamixel_sdk_custom_interfaces/include/dynamixel_sdk_custom_interfaces/dynamixel_sdk_custom_interfaces/srv/detail/set_bending__type_support.hpp
[13.403s] -- Installing: /home/haodong/Swarm_Module/Swarm_Module_ws/install/dynamixel_sdk_custom_interfaces/include/dynamixel_sdk_custom_interfaces/dynamixel_sdk_custom_interfaces/srv/detail/set_extension__builder.hpp
[13.404s] -- Installing: /home/haodong/Swarm_Module/Swarm_Module_ws/install/dynamixel_sdk_custom_interfaces/include/dynamixel_sdk_custom_interfaces/dynamixel_sdk_custom_interfaces/srv/detail/set_velocity__traits.hpp
[13.404s] -- Installing: /home/haodong/Swarm_Module/Swarm_Module_ws/install/dynamixel_sdk_custom_interfaces/include/dynamixel_sdk_custom_interfaces/dynamixel_sdk_custom_interfaces/srv/detail/movement__traits.hpp
[13.404s] -- Installing: /home/haodong/Swarm_Module/Swarm_Module_ws/install/dynamixel_sdk_custom_interfaces/include/dynamixel_sdk_custom_interfaces/dynamixel_sdk_custom_interfaces/srv/detail/get_position__struct.hpp
[13.404s] -- Installing: /home/haodong/Swarm_Module/Swarm_Module_ws/install/dynamixel_sdk_custom_interfaces/include/dynamixel_sdk_custom_interfaces/dynamixel_sdk_custom_interfaces/srv/detail/get_position__traits.hpp
[13.405s] -- Installing: /home/haodong/Swarm_Module/Swarm_Module_ws/install/dynamixel_sdk_custom_interfaces/include/dynamixel_sdk_custom_interfaces/dynamixel_sdk_custom_interfaces/srv/detail/get_position__builder.hpp
[13.405s] -- Installing: /home/haodong/Swarm_Module/Swarm_Module_ws/install/dynamixel_sdk_custom_interfaces/include/dynamixel_sdk_custom_interfaces/dynamixel_sdk_custom_interfaces/srv/detail/movement__builder.hpp
[13.406s] -- Installing: /home/haodong/Swarm_Module/Swarm_Module_ws/install/dynamixel_sdk_custom_interfaces/include/dynamixel_sdk_custom_interfaces/dynamixel_sdk_custom_interfaces/srv/detail/set_extension__traits.hpp
[13.406s] -- Installing: /home/haodong/Swarm_Module/Swarm_Module_ws/install/dynamixel_sdk_custom_interfaces/include/dynamixel_sdk_custom_interfaces/dynamixel_sdk_custom_interfaces/srv/detail/set_velocity__type_support.hpp
[13.406s] -- Installing: /home/haodong/Swarm_Module/Swarm_Module_ws/install/dynamixel_sdk_custom_interfaces/include/dynamixel_sdk_custom_interfaces/dynamixel_sdk_custom_interfaces/srv/detail/get_position__type_support.hpp
[13.406s] -- Installing: /home/haodong/Swarm_Module/Swarm_Module_ws/install/dynamixel_sdk_custom_interfaces/include/dynamixel_sdk_custom_interfaces/dynamixel_sdk_custom_interfaces/srv/detail/set_bending__traits.hpp
[13.407s] -- Installing: /home/haodong/Swarm_Module/Swarm_Module_ws/install/dynamixel_sdk_custom_interfaces/include/dynamixel_sdk_custom_interfaces/dynamixel_sdk_custom_interfaces/srv/detail/set_bending__struct.hpp
[13.407s] -- Installing: /home/haodong/Swarm_Module/Swarm_Module_ws/install/dynamixel_sdk_custom_interfaces/include/dynamixel_sdk_custom_interfaces/dynamixel_sdk_custom_interfaces/srv/detail/set_twisting__struct.hpp
[13.407s] -- Installing: /home/haodong/Swarm_Module/Swarm_Module_ws/install/dynamixel_sdk_custom_interfaces/include/dynamixel_sdk_custom_interfaces/dynamixel_sdk_custom_interfaces/srv/detail/set_velocity__builder.hpp
[13.407s] -- Installing: /home/haodong/Swarm_Module/Swarm_Module_ws/install/dynamixel_sdk_custom_interfaces/include/dynamixel_sdk_custom_interfaces/dynamixel_sdk_custom_interfaces/srv/detail/set_extension__struct.hpp
[13.408s] -- Installing: /home/haodong/Swarm_Module/Swarm_Module_ws/install/dynamixel_sdk_custom_interfaces/include/dynamixel_sdk_custom_interfaces/dynamixel_sdk_custom_interfaces/srv/detail/set_extension__type_support.hpp
[13.408s] -- Installing: /home/haodong/Swarm_Module/Swarm_Module_ws/install/dynamixel_sdk_custom_interfaces/include/dynamixel_sdk_custom_interfaces/dynamixel_sdk_custom_interfaces/srv/detail/set_bending__builder.hpp
[13.408s] -- Installing: /home/haodong/Swarm_Module/Swarm_Module_ws/install/dynamixel_sdk_custom_interfaces/include/dynamixel_sdk_custom_interfaces/dynamixel_sdk_custom_interfaces/srv/set_bending.hpp
[13.408s] -- Installing: /home/haodong/Swarm_Module/Swarm_Module_ws/install/dynamixel_sdk_custom_interfaces/include/dynamixel_sdk_custom_interfaces/dynamixel_sdk_custom_interfaces/srv/set_extension.hpp
[13.409s] -- Up-to-date: /home/haodong/Swarm_Module/Swarm_Module_ws/install/dynamixel_sdk_custom_interfaces/include/dynamixel_sdk_custom_interfaces/dynamixel_sdk_custom_interfaces
[13.409s] -- Up-to-date: /home/haodong/Swarm_Module/Swarm_Module_ws/install/dynamixel_sdk_custom_interfaces/include/dynamixel_sdk_custom_interfaces/dynamixel_sdk_custom_interfaces/msg
[13.409s] -- Up-to-date: /home/haodong/Swarm_Module/Swarm_Module_ws/install/dynamixel_sdk_custom_interfaces/include/dynamixel_sdk_custom_interfaces/dynamixel_sdk_custom_interfaces/msg/rosidl_typesupport_fastrtps_cpp__visibility_control.h
[13.409s] -- Up-to-date: /home/haodong/Swarm_Module/Swarm_Module_ws/install/dynamixel_sdk_custom_interfaces/include/dynamixel_sdk_custom_interfaces/dynamixel_sdk_custom_interfaces/msg/detail
[13.409s] -- Installing: /home/haodong/Swarm_Module/Swarm_Module_ws/install/dynamixel_sdk_custom_interfaces/include/dynamixel_sdk_custom_interfaces/dynamixel_sdk_custom_interfaces/msg/detail/set_mode__rosidl_typesupport_fastrtps_cpp.hpp
[13.409s] -- Installing: /home/haodong/Swarm_Module/Swarm_Module_ws/install/dynamixel_sdk_custom_interfaces/include/dynamixel_sdk_custom_interfaces/dynamixel_sdk_custom_interfaces/msg/detail/rolling__rosidl_typesupport_fastrtps_cpp.hpp
[13.410s] -- Installing: /home/haodong/Swarm_Module/Swarm_Module_ws/install/dynamixel_sdk_custom_interfaces/include/dynamixel_sdk_custom_interfaces/dynamixel_sdk_custom_interfaces/msg/detail/set_position__rosidl_typesupport_fastrtps_cpp.hpp
[13.410s] -- Up-to-date: /home/haodong/Swarm_Module/Swarm_Module_ws/install/dynamixel_sdk_custom_interfaces/include/dynamixel_sdk_custom_interfaces/dynamixel_sdk_custom_interfaces/msg/detail/dds_fastrtps
[13.410s] -- Up-to-date: /home/haodong/Swarm_Module/Swarm_Module_ws/install/dynamixel_sdk_custom_interfaces/include/dynamixel_sdk_custom_interfaces/dynamixel_sdk_custom_interfaces/srv
[13.410s] -- Up-to-date: /home/haodong/Swarm_Module/Swarm_Module_ws/install/dynamixel_sdk_custom_interfaces/include/dynamixel_sdk_custom_interfaces/dynamixel_sdk_custom_interfaces/srv/detail
[13.410s] -- Installing: /home/haodong/Swarm_Module/Swarm_Module_ws/install/dynamixel_sdk_custom_interfaces/include/dynamixel_sdk_custom_interfaces/dynamixel_sdk_custom_interfaces/srv/detail/set_velocity__rosidl_typesupport_fastrtps_cpp.hpp
[13.410s] -- Installing: /home/haodong/Swarm_Module/Swarm_Module_ws/install/dynamixel_sdk_custom_interfaces/include/dynamixel_sdk_custom_interfaces/dynamixel_sdk_custom_interfaces/srv/detail/set_twisting__rosidl_typesupport_fastrtps_cpp.hpp
[13.411s] -- Installing: /home/haodong/Swarm_Module/Swarm_Module_ws/install/dynamixel_sdk_custom_interfaces/include/dynamixel_sdk_custom_interfaces/dynamixel_sdk_custom_interfaces/srv/detail/set_extension__rosidl_typesupport_fastrtps_cpp.hpp
[13.411s] -- Installing: /home/haodong/Swarm_Module/Swarm_Module_ws/install/dynamixel_sdk_custom_interfaces/include/dynamixel_sdk_custom_interfaces/dynamixel_sdk_custom_interfaces/srv/detail/get_position__rosidl_typesupport_fastrtps_cpp.hpp
[13.411s] -- Installing: /home/haodong/Swarm_Module/Swarm_Module_ws/install/dynamixel_sdk_custom_interfaces/include/dynamixel_sdk_custom_interfaces/dynamixel_sdk_custom_interfaces/srv/detail/movement__rosidl_typesupport_fastrtps_cpp.hpp
[13.411s] -- Installing: /home/haodong/Swarm_Module/Swarm_Module_ws/install/dynamixel_sdk_custom_interfaces/include/dynamixel_sdk_custom_interfaces/dynamixel_sdk_custom_interfaces/srv/detail/set_bending__rosidl_typesupport_fastrtps_cpp.hpp
[13.411s] -- Up-to-date: /home/haodong/Swarm_Module/Swarm_Module_ws/install/dynamixel_sdk_custom_interfaces/include/dynamixel_sdk_custom_interfaces/dynamixel_sdk_custom_interfaces/srv/detail/dds_fastrtps
[13.412s] -- Installing: /home/haodong/Swarm_Module/Swarm_Module_ws/install/dynamixel_sdk_custom_interfaces/lib/libdynamixel_sdk_custom_interfaces__rosidl_typesupport_fastrtps_cpp.so
[13.414s] -- Set non-toolchain portion of runtime path of "/home/haodong/Swarm_Module/Swarm_Module_ws/install/dynamixel_sdk_custom_interfaces/lib/libdynamixel_sdk_custom_interfaces__rosidl_typesupport_fastrtps_cpp.so" to ""
[13.414s] -- Up-to-date: /home/haodong/Swarm_Module/Swarm_Module_ws/install/dynamixel_sdk_custom_interfaces/include/dynamixel_sdk_custom_interfaces/dynamixel_sdk_custom_interfaces
[13.414s] -- Up-to-date: /home/haodong/Swarm_Module/Swarm_Module_ws/install/dynamixel_sdk_custom_interfaces/include/dynamixel_sdk_custom_interfaces/dynamixel_sdk_custom_interfaces/msg
[13.414s] -- Up-to-date: /home/haodong/Swarm_Module/Swarm_Module_ws/install/dynamixel_sdk_custom_interfaces/include/dynamixel_sdk_custom_interfaces/dynamixel_sdk_custom_interfaces/msg/rosidl_typesupport_introspection_c__visibility_control.h
[13.415s] -- Up-to-date: /home/haodong/Swarm_Module/Swarm_Module_ws/install/dynamixel_sdk_custom_interfaces/include/dynamixel_sdk_custom_interfaces/dynamixel_sdk_custom_interfaces/msg/detail
[13.415s] -- Installing: /home/haodong/Swarm_Module/Swarm_Module_ws/install/dynamixel_sdk_custom_interfaces/include/dynamixel_sdk_custom_interfaces/dynamixel_sdk_custom_interfaces/msg/detail/set_position__type_support.c
[13.415s] -- Installing: /home/haodong/Swarm_Module/Swarm_Module_ws/install/dynamixel_sdk_custom_interfaces/include/dynamixel_sdk_custom_interfaces/dynamixel_sdk_custom_interfaces/msg/detail/set_position__rosidl_typesupport_introspection_c.h
[13.415s] -- Installing: /home/haodong/Swarm_Module/Swarm_Module_ws/install/dynamixel_sdk_custom_interfaces/include/dynamixel_sdk_custom_interfaces/dynamixel_sdk_custom_interfaces/msg/detail/rolling__rosidl_typesupport_introspection_c.h
[13.415s] -- Installing: /home/haodong/Swarm_Module/Swarm_Module_ws/install/dynamixel_sdk_custom_interfaces/include/dynamixel_sdk_custom_interfaces/dynamixel_sdk_custom_interfaces/msg/detail/set_mode__rosidl_typesupport_introspection_c.h
[13.415s] -- Installing: /home/haodong/Swarm_Module/Swarm_Module_ws/install/dynamixel_sdk_custom_interfaces/include/dynamixel_sdk_custom_interfaces/dynamixel_sdk_custom_interfaces/msg/detail/set_mode__type_support.c
[13.415s] -- Installing: /home/haodong/Swarm_Module/Swarm_Module_ws/install/dynamixel_sdk_custom_interfaces/include/dynamixel_sdk_custom_interfaces/dynamixel_sdk_custom_interfaces/msg/detail/rolling__type_support.c
[13.416s] -- Up-to-date: /home/haodong/Swarm_Module/Swarm_Module_ws/install/dynamixel_sdk_custom_interfaces/include/dynamixel_sdk_custom_interfaces/dynamixel_sdk_custom_interfaces/srv
[13.416s] -- Up-to-date: /home/haodong/Swarm_Module/Swarm_Module_ws/install/dynamixel_sdk_custom_interfaces/include/dynamixel_sdk_custom_interfaces/dynamixel_sdk_custom_interfaces/srv/detail
[13.416s] -- Installing: /home/haodong/Swarm_Module/Swarm_Module_ws/install/dynamixel_sdk_custom_interfaces/include/dynamixel_sdk_custom_interfaces/dynamixel_sdk_custom_interfaces/srv/detail/set_bending__type_support.c
[13.416s] -- Installing: /home/haodong/Swarm_Module/Swarm_Module_ws/install/dynamixel_sdk_custom_interfaces/include/dynamixel_sdk_custom_interfaces/dynamixel_sdk_custom_interfaces/srv/detail/set_velocity__rosidl_typesupport_introspection_c.h
[13.416s] -- Installing: /home/haodong/Swarm_Module/Swarm_Module_ws/install/dynamixel_sdk_custom_interfaces/include/dynamixel_sdk_custom_interfaces/dynamixel_sdk_custom_interfaces/srv/detail/set_twisting__type_support.c
[13.416s] -- Installing: /home/haodong/Swarm_Module/Swarm_Module_ws/install/dynamixel_sdk_custom_interfaces/include/dynamixel_sdk_custom_interfaces/dynamixel_sdk_custom_interfaces/srv/detail/set_bending__rosidl_typesupport_introspection_c.h
[13.417s] -- Installing: /home/haodong/Swarm_Module/Swarm_Module_ws/install/dynamixel_sdk_custom_interfaces/include/dynamixel_sdk_custom_interfaces/dynamixel_sdk_custom_interfaces/srv/detail/get_position__rosidl_typesupport_introspection_c.h
[13.417s] -- Installing: /home/haodong/Swarm_Module/Swarm_Module_ws/install/dynamixel_sdk_custom_interfaces/include/dynamixel_sdk_custom_interfaces/dynamixel_sdk_custom_interfaces/srv/detail/movement__rosidl_typesupport_introspection_c.h
[13.417s] -- Installing: /home/haodong/Swarm_Module/Swarm_Module_ws/install/dynamixel_sdk_custom_interfaces/include/dynamixel_sdk_custom_interfaces/dynamixel_sdk_custom_interfaces/srv/detail/set_velocity__type_support.c
[13.417s] -- Installing: /home/haodong/Swarm_Module/Swarm_Module_ws/install/dynamixel_sdk_custom_interfaces/include/dynamixel_sdk_custom_interfaces/dynamixel_sdk_custom_interfaces/srv/detail/set_extension__type_support.c
[13.417s] -- Installing: /home/haodong/Swarm_Module/Swarm_Module_ws/install/dynamixel_sdk_custom_interfaces/include/dynamixel_sdk_custom_interfaces/dynamixel_sdk_custom_interfaces/srv/detail/set_twisting__rosidl_typesupport_introspection_c.h
[13.417s] -- Installing: /home/haodong/Swarm_Module/Swarm_Module_ws/install/dynamixel_sdk_custom_interfaces/include/dynamixel_sdk_custom_interfaces/dynamixel_sdk_custom_interfaces/srv/detail/movement__type_support.c
[13.418s] -- Installing: /home/haodong/Swarm_Module/Swarm_Module_ws/install/dynamixel_sdk_custom_interfaces/include/dynamixel_sdk_custom_interfaces/dynamixel_sdk_custom_interfaces/srv/detail/set_extension__rosidl_typesupport_introspection_c.h
[13.418s] -- Installing: /home/haodong/Swarm_Module/Swarm_Module_ws/install/dynamixel_sdk_custom_interfaces/include/dynamixel_sdk_custom_interfaces/dynamixel_sdk_custom_interfaces/srv/detail/get_position__type_support.c
[13.418s] -- Installing: /home/haodong/Swarm_Module/Swarm_Module_ws/install/dynamixel_sdk_custom_interfaces/lib/libdynamixel_sdk_custom_interfaces__rosidl_typesupport_introspection_c.so
[13.419s] -- Set non-toolchain portion of runtime path of "/home/haodong/Swarm_Module/Swarm_Module_ws/install/dynamixel_sdk_custom_interfaces/lib/libdynamixel_sdk_custom_interfaces__rosidl_typesupport_introspection_c.so" to ""
[13.420s] -- Installing: /home/haodong/Swarm_Module/Swarm_Module_ws/install/dynamixel_sdk_custom_interfaces/lib/libdynamixel_sdk_custom_interfaces__rosidl_typesupport_c.so
[13.420s] -- Set non-toolchain portion of runtime path of "/home/haodong/Swarm_Module/Swarm_Module_ws/install/dynamixel_sdk_custom_interfaces/lib/libdynamixel_sdk_custom_interfaces__rosidl_typesupport_c.so" to ""
[13.421s] -- Up-to-date: /home/haodong/Swarm_Module/Swarm_Module_ws/install/dynamixel_sdk_custom_interfaces/include/dynamixel_sdk_custom_interfaces/dynamixel_sdk_custom_interfaces
[13.421s] -- Up-to-date: /home/haodong/Swarm_Module/Swarm_Module_ws/install/dynamixel_sdk_custom_interfaces/include/dynamixel_sdk_custom_interfaces/dynamixel_sdk_custom_interfaces/msg
[13.421s] -- Up-to-date: /home/haodong/Swarm_Module/Swarm_Module_ws/install/dynamixel_sdk_custom_interfaces/include/dynamixel_sdk_custom_interfaces/dynamixel_sdk_custom_interfaces/msg/detail
[13.421s] -- Installing: /home/haodong/Swarm_Module/Swarm_Module_ws/install/dynamixel_sdk_custom_interfaces/include/dynamixel_sdk_custom_interfaces/dynamixel_sdk_custom_interfaces/msg/detail/rolling__type_support.cpp
[13.421s] -- Installing: /home/haodong/Swarm_Module/Swarm_Module_ws/install/dynamixel_sdk_custom_interfaces/include/dynamixel_sdk_custom_interfaces/dynamixel_sdk_custom_interfaces/msg/detail/set_position__type_support.cpp
[13.421s] -- Installing: /home/haodong/Swarm_Module/Swarm_Module_ws/install/dynamixel_sdk_custom_interfaces/include/dynamixel_sdk_custom_interfaces/dynamixel_sdk_custom_interfaces/msg/detail/rolling__rosidl_typesupport_introspection_cpp.hpp
[13.421s] -- Installing: /home/haodong/Swarm_Module/Swarm_Module_ws/install/dynamixel_sdk_custom_interfaces/include/dynamixel_sdk_custom_interfaces/dynamixel_sdk_custom_interfaces/msg/detail/set_mode__type_support.cpp
[13.422s] -- Installing: /home/haodong/Swarm_Module/Swarm_Module_ws/install/dynamixel_sdk_custom_interfaces/include/dynamixel_sdk_custom_interfaces/dynamixel_sdk_custom_interfaces/msg/detail/set_position__rosidl_typesupport_introspection_cpp.hpp
[13.422s] -- Installing: /home/haodong/Swarm_Module/Swarm_Module_ws/install/dynamixel_sdk_custom_interfaces/include/dynamixel_sdk_custom_interfaces/dynamixel_sdk_custom_interfaces/msg/detail/set_mode__rosidl_typesupport_introspection_cpp.hpp
[13.422s] -- Up-to-date: /home/haodong/Swarm_Module/Swarm_Module_ws/install/dynamixel_sdk_custom_interfaces/include/dynamixel_sdk_custom_interfaces/dynamixel_sdk_custom_interfaces/srv
[13.422s] -- Up-to-date: /home/haodong/Swarm_Module/Swarm_Module_ws/install/dynamixel_sdk_custom_interfaces/include/dynamixel_sdk_custom_interfaces/dynamixel_sdk_custom_interfaces/srv/detail
[13.422s] -- Installing: /home/haodong/Swarm_Module/Swarm_Module_ws/install/dynamixel_sdk_custom_interfaces/include/dynamixel_sdk_custom_interfaces/dynamixel_sdk_custom_interfaces/srv/detail/set_twisting__rosidl_typesupport_introspection_cpp.hpp
[13.422s] -- Installing: /home/haodong/Swarm_Module/Swarm_Module_ws/install/dynamixel_sdk_custom_interfaces/include/dynamixel_sdk_custom_interfaces/dynamixel_sdk_custom_interfaces/srv/detail/movement__type_support.cpp
[13.422s] -- Installing: /home/haodong/Swarm_Module/Swarm_Module_ws/install/dynamixel_sdk_custom_interfaces/include/dynamixel_sdk_custom_interfaces/dynamixel_sdk_custom_interfaces/srv/detail/get_position__type_support.cpp
[13.423s] -- Installing: /home/haodong/Swarm_Module/Swarm_Module_ws/install/dynamixel_sdk_custom_interfaces/include/dynamixel_sdk_custom_interfaces/dynamixel_sdk_custom_interfaces/srv/detail/set_velocity__rosidl_typesupport_introspection_cpp.hpp
[13.423s] -- Installing: /home/haodong/Swarm_Module/Swarm_Module_ws/install/dynamixel_sdk_custom_interfaces/include/dynamixel_sdk_custom_interfaces/dynamixel_sdk_custom_interfaces/srv/detail/set_velocity__type_support.cpp
[13.423s] -- Installing: /home/haodong/Swarm_Module/Swarm_Module_ws/install/dynamixel_sdk_custom_interfaces/include/dynamixel_sdk_custom_interfaces/dynamixel_sdk_custom_interfaces/srv/detail/movement__rosidl_typesupport_introspection_cpp.hpp
[13.423s] -- Installing: /home/haodong/Swarm_Module/Swarm_Module_ws/install/dynamixel_sdk_custom_interfaces/include/dynamixel_sdk_custom_interfaces/dynamixel_sdk_custom_interfaces/srv/detail/get_position__rosidl_typesupport_introspection_cpp.hpp
[13.424s] -- Installing: /home/haodong/Swarm_Module/Swarm_Module_ws/install/dynamixel_sdk_custom_interfaces/include/dynamixel_sdk_custom_interfaces/dynamixel_sdk_custom_interfaces/srv/detail/set_bending__type_support.cpp
[13.424s] -- Installing: /home/haodong/Swarm_Module/Swarm_Module_ws/install/dynamixel_sdk_custom_interfaces/include/dynamixel_sdk_custom_interfaces/dynamixel_sdk_custom_interfaces/srv/detail/set_extension__type_support.cpp
[13.424s] -- Installing: /home/haodong/Swarm_Module/Swarm_Module_ws/install/dynamixel_sdk_custom_interfaces/include/dynamixel_sdk_custom_interfaces/dynamixel_sdk_custom_interfaces/srv/detail/set_extension__rosidl_typesupport_introspection_cpp.hpp
[13.424s] -- Installing: /home/haodong/Swarm_Module/Swarm_Module_ws/install/dynamixel_sdk_custom_interfaces/include/dynamixel_sdk_custom_interfaces/dynamixel_sdk_custom_interfaces/srv/detail/set_bending__rosidl_typesupport_introspection_cpp.hpp
[13.424s] -- Installing: /home/haodong/Swarm_Module/Swarm_Module_ws/install/dynamixel_sdk_custom_interfaces/include/dynamixel_sdk_custom_interfaces/dynamixel_sdk_custom_interfaces/srv/detail/set_twisting__type_support.cpp
[13.425s] -- Installing: /home/haodong/Swarm_Module/Swarm_Module_ws/install/dynamixel_sdk_custom_interfaces/lib/libdynamixel_sdk_custom_interfaces__rosidl_typesupport_introspection_cpp.so
[13.426s] -- Set non-toolchain portion of runtime path of "/home/haodong/Swarm_Module/Swarm_Module_ws/install/dynamixel_sdk_custom_interfaces/lib/libdynamixel_sdk_custom_interfaces__rosidl_typesupport_introspection_cpp.so" to ""
[13.426s] -- Installing: /home/haodong/Swarm_Module/Swarm_Module_ws/install/dynamixel_sdk_custom_interfaces/lib/libdynamixel_sdk_custom_interfaces__rosidl_typesupport_cpp.so
[13.428s] -- Set non-toolchain portion of runtime path of "/home/haodong/Swarm_Module/Swarm_Module_ws/install/dynamixel_sdk_custom_interfaces/lib/libdynamixel_sdk_custom_interfaces__rosidl_typesupport_cpp.so" to ""
[13.428s] -- Up-to-date: /home/haodong/Swarm_Module/Swarm_Module_ws/install/dynamixel_sdk_custom_interfaces/share/dynamixel_sdk_custom_interfaces/environment/pythonpath.sh
[13.428s] -- Up-to-date: /home/haodong/Swarm_Module/Swarm_Module_ws/install/dynamixel_sdk_custom_interfaces/share/dynamixel_sdk_custom_interfaces/environment/pythonpath.dsv
[13.428s] -- Up-to-date: /home/haodong/Swarm_Module/Swarm_Module_ws/install/dynamixel_sdk_custom_interfaces/lib/python3.12/site-packages/dynamixel_sdk_custom_interfaces-3.7.60-py3.12.egg-info
[13.428s] -- Installing: /home/haodong/Swarm_Module/Swarm_Module_ws/install/dynamixel_sdk_custom_interfaces/lib/python3.12/site-packages/dynamixel_sdk_custom_interfaces-3.7.60-py3.12.egg-info/dependency_links.txt
[13.428s] -- Installing: /home/haodong/Swarm_Module/Swarm_Module_ws/install/dynamixel_sdk_custom_interfaces/lib/python3.12/site-packages/dynamixel_sdk_custom_interfaces-3.7.60-py3.12.egg-info/PKG-INFO
[13.428s] -- Installing: /home/haodong/Swarm_Module/Swarm_Module_ws/install/dynamixel_sdk_custom_interfaces/lib/python3.12/site-packages/dynamixel_sdk_custom_interfaces-3.7.60-py3.12.egg-info/SOURCES.txt
[13.428s] -- Installing: /home/haodong/Swarm_Module/Swarm_Module_ws/install/dynamixel_sdk_custom_interfaces/lib/python3.12/site-packages/dynamixel_sdk_custom_interfaces-3.7.60-py3.12.egg-info/top_level.txt
[13.429s] -- Up-to-date: /home/haodong/Swarm_Module/Swarm_Module_ws/install/dynamixel_sdk_custom_interfaces/lib/python3.12/site-packages/dynamixel_sdk_custom_interfaces
[13.429s] -- Installing: /home/haodong/Swarm_Module/Swarm_Module_ws/install/dynamixel_sdk_custom_interfaces/lib/python3.12/site-packages/dynamixel_sdk_custom_interfaces/dynamixel_sdk_custom_interfaces_s__rosidl_typesupport_fastrtps_c.so
[13.429s] -- Up-to-date: /home/haodong/Swarm_Module/Swarm_Module_ws/install/dynamixel_sdk_custom_interfaces/lib/python3.12/site-packages/dynamixel_sdk_custom_interfaces/msg
[13.429s] -- Installing: /home/haodong/Swarm_Module/Swarm_Module_ws/install/dynamixel_sdk_custom_interfaces/lib/python3.12/site-packages/dynamixel_sdk_custom_interfaces/msg/_set_position_s.c
[13.429s] -- Installing: /home/haodong/Swarm_Module/Swarm_Module_ws/install/dynamixel_sdk_custom_interfaces/lib/python3.12/site-packages/dynamixel_sdk_custom_interfaces/msg/_rolling.py
[13.429s] -- Installing: /home/haodong/Swarm_Module/Swarm_Module_ws/install/dynamixel_sdk_custom_interfaces/lib/python3.12/site-packages/dynamixel_sdk_custom_interfaces/msg/_set_mode_s.c
[13.429s] -- Installing: /home/haodong/Swarm_Module/Swarm_Module_ws/install/dynamixel_sdk_custom_interfaces/lib/python3.12/site-packages/dynamixel_sdk_custom_interfaces/msg/_set_position.py
[13.430s] -- Installing: /home/haodong/Swarm_Module/Swarm_Module_ws/install/dynamixel_sdk_custom_interfaces/lib/python3.12/site-packages/dynamixel_sdk_custom_interfaces/msg/_set_mode.py
[13.430s] -- Installing: /home/haodong/Swarm_Module/Swarm_Module_ws/install/dynamixel_sdk_custom_interfaces/lib/python3.12/site-packages/dynamixel_sdk_custom_interfaces/msg/__init__.py
[13.430s] -- Installing: /home/haodong/Swarm_Module/Swarm_Module_ws/install/dynamixel_sdk_custom_interfaces/lib/python3.12/site-packages/dynamixel_sdk_custom_interfaces/msg/_rolling_s.c
[13.430s] -- Up-to-date: /home/haodong/Swarm_Module/Swarm_Module_ws/install/dynamixel_sdk_custom_interfaces/lib/python3.12/site-packages/dynamixel_sdk_custom_interfaces/srv
[13.430s] -- Installing: /home/haodong/Swarm_Module/Swarm_Module_ws/install/dynamixel_sdk_custom_interfaces/lib/python3.12/site-packages/dynamixel_sdk_custom_interfaces/srv/_movement.py
[13.430s] -- Installing: /home/haodong/Swarm_Module/Swarm_Module_ws/install/dynamixel_sdk_custom_interfaces/lib/python3.12/site-packages/dynamixel_sdk_custom_interfaces/srv/_set_velocity.py
[13.430s] -- Installing: /home/haodong/Swarm_Module/Swarm_Module_ws/install/dynamixel_sdk_custom_interfaces/lib/python3.12/site-packages/dynamixel_sdk_custom_interfaces/srv/_set_extension.py
[13.431s] -- Installing: /home/haodong/Swarm_Module/Swarm_Module_ws/install/dynamixel_sdk_custom_interfaces/lib/python3.12/site-packages/dynamixel_sdk_custom_interfaces/srv/_get_position.py
[13.431s] -- Installing: /home/haodong/Swarm_Module/Swarm_Module_ws/install/dynamixel_sdk_custom_interfaces/lib/python3.12/site-packages/dynamixel_sdk_custom_interfaces/srv/_get_position_s.c
[13.431s] -- Installing: /home/haodong/Swarm_Module/Swarm_Module_ws/install/dynamixel_sdk_custom_interfaces/lib/python3.12/site-packages/dynamixel_sdk_custom_interfaces/srv/_set_bending.py
[13.431s] -- Installing: /home/haodong/Swarm_Module/Swarm_Module_ws/install/dynamixel_sdk_custom_interfaces/lib/python3.12/site-packages/dynamixel_sdk_custom_interfaces/srv/__init__.py
[13.431s] -- Installing: /home/haodong/Swarm_Module/Swarm_Module_ws/install/dynamixel_sdk_custom_interfaces/lib/python3.12/site-packages/dynamixel_sdk_custom_interfaces/srv/_set_twisting_s.c
[13.432s] -- Installing: /home/haodong/Swarm_Module/Swarm_Module_ws/install/dynamixel_sdk_custom_interfaces/lib/python3.12/site-packages/dynamixel_sdk_custom_interfaces/srv/_set_bending_s.c
[13.432s] -- Installing: /home/haodong/Swarm_Module/Swarm_Module_ws/install/dynamixel_sdk_custom_interfaces/lib/python3.12/site-packages/dynamixel_sdk_custom_interfaces/srv/_set_twisting.py
[13.432s] -- Installing: /home/haodong/Swarm_Module/Swarm_Module_ws/install/dynamixel_sdk_custom_interfaces/lib/python3.12/site-packages/dynamixel_sdk_custom_interfaces/srv/_set_velocity_s.c
[13.432s] -- Installing: /home/haodong/Swarm_Module/Swarm_Module_ws/install/dynamixel_sdk_custom_interfaces/lib/python3.12/site-packages/dynamixel_sdk_custom_interfaces/srv/_movement_s.c
[13.432s] -- Installing: /home/haodong/Swarm_Module/Swarm_Module_ws/install/dynamixel_sdk_custom_interfaces/lib/python3.12/site-packages/dynamixel_sdk_custom_interfaces/srv/_set_extension_s.c
[13.432s] -- Installing: /home/haodong/Swarm_Module/Swarm_Module_ws/install/dynamixel_sdk_custom_interfaces/lib/python3.12/site-packages/dynamixel_sdk_custom_interfaces/__init__.py
[13.433s] -- Installing: /home/haodong/Swarm_Module/Swarm_Module_ws/install/dynamixel_sdk_custom_interfaces/lib/python3.12/site-packages/dynamixel_sdk_custom_interfaces/_dynamixel_sdk_custom_interfaces_s.ep.rosidl_typesupport_fastrtps_c.c
[13.433s] -- Installing: /home/haodong/Swarm_Module/Swarm_Module_ws/install/dynamixel_sdk_custom_interfaces/lib/python3.12/site-packages/dynamixel_sdk_custom_interfaces/dynamixel_sdk_custom_interfaces_s__rosidl_typesupport_c.so
[13.433s] -- Installing: /home/haodong/Swarm_Module/Swarm_Module_ws/install/dynamixel_sdk_custom_interfaces/lib/python3.12/site-packages/dynamixel_sdk_custom_interfaces/_dynamixel_sdk_custom_interfaces_s.ep.rosidl_typesupport_c.c
[13.433s] -- Installing: /home/haodong/Swarm_Module/Swarm_Module_ws/install/dynamixel_sdk_custom_interfaces/lib/python3.12/site-packages/dynamixel_sdk_custom_interfaces/dynamixel_sdk_custom_interfaces_s__rosidl_typesupport_introspection_c.so
[13.433s] -- Installing: /home/haodong/Swarm_Module/Swarm_Module_ws/install/dynamixel_sdk_custom_interfaces/lib/python3.12/site-packages/dynamixel_sdk_custom_interfaces/_dynamixel_sdk_custom_interfaces_s.ep.rosidl_typesupport_introspection_c.c
[13.497s] Listing '/home/haodong/Swarm_Module/Swarm_Module_ws/install/dynamixel_sdk_custom_interfaces/lib/python3.12/site-packages/dynamixel_sdk_custom_interfaces'...
[13.497s] Compiling '/home/haodong/Swarm_Module/Swarm_Module_ws/install/dynamixel_sdk_custom_interfaces/lib/python3.12/site-packages/dynamixel_sdk_custom_interfaces/__init__.py'...
[13.497s] Listing '/home/haodong/Swarm_Module/Swarm_Module_ws/install/dynamixel_sdk_custom_interfaces/lib/python3.12/site-packages/dynamixel_sdk_custom_interfaces/msg'...
[13.497s] Compiling '/home/haodong/Swarm_Module/Swarm_Module_ws/install/dynamixel_sdk_custom_interfaces/lib/python3.12/site-packages/dynamixel_sdk_custom_interfaces/msg/__init__.py'...
[13.497s] Compiling '/home/haodong/Swarm_Module/Swarm_Module_ws/install/dynamixel_sdk_custom_interfaces/lib/python3.12/site-packages/dynamixel_sdk_custom_interfaces/msg/_rolling.py'...
[13.497s] Compiling '/home/haodong/Swarm_Module/Swarm_Module_ws/install/dynamixel_sdk_custom_interfaces/lib/python3.12/site-packages/dynamixel_sdk_custom_interfaces/msg/_set_mode.py'...
[13.497s] Compiling '/home/haodong/Swarm_Module/Swarm_Module_ws/install/dynamixel_sdk_custom_interfaces/lib/python3.12/site-packages/dynamixel_sdk_custom_interfaces/msg/_set_position.py'...
[13.497s] Listing '/home/haodong/Swarm_Module/Swarm_Module_ws/install/dynamixel_sdk_custom_interfaces/lib/python3.12/site-packages/dynamixel_sdk_custom_interfaces/srv'...
[13.497s] Compiling '/home/haodong/Swarm_Module/Swarm_Module_ws/install/dynamixel_sdk_custom_interfaces/lib/python3.12/site-packages/dynamixel_sdk_custom_interfaces/srv/__init__.py'...
[13.497s] Compiling '/home/haodong/Swarm_Module/Swarm_Module_ws/install/dynamixel_sdk_custom_interfaces/lib/python3.12/site-packages/dynamixel_sdk_custom_interfaces/srv/_get_position.py'...
[13.497s] Compiling '/home/haodong/Swarm_Module/Swarm_Module_ws/install/dynamixel_sdk_custom_interfaces/lib/python3.12/site-packages/dynamixel_sdk_custom_interfaces/srv/_movement.py'...
[13.497s] Compiling '/home/haodong/Swarm_Module/Swarm_Module_ws/install/dynamixel_sdk_custom_interfaces/lib/python3.12/site-packages/dynamixel_sdk_custom_interfaces/srv/_set_bending.py'...
[13.497s] Compiling '/home/haodong/Swarm_Module/Swarm_Module_ws/install/dynamixel_sdk_custom_interfaces/lib/python3.12/site-packages/dynamixel_sdk_custom_interfaces/srv/_set_extension.py'...
[13.497s] Compiling '/home/haodong/Swarm_Module/Swarm_Module_ws/install/dynamixel_sdk_custom_interfaces/lib/python3.12/site-packages/dynamixel_sdk_custom_interfaces/srv/_set_twisting.py'...
[13.498s] Compiling '/home/haodong/Swarm_Module/Swarm_Module_ws/install/dynamixel_sdk_custom_interfaces/lib/python3.12/site-packages/dynamixel_sdk_custom_interfaces/srv/_set_velocity.py'...
[13.502s] -- Installing: /home/haodong/Swarm_Module/Swarm_Module_ws/install/dynamixel_sdk_custom_interfaces/lib/python3.12/site-packages/dynamixel_sdk_custom_interfaces/dynamixel_sdk_custom_interfaces_s__rosidl_typesupport_fastrtps_c.so
[13.502s] -- Set non-toolchain portion of runtime path of "/home/haodong/Swarm_Module/Swarm_Module_ws/install/dynamixel_sdk_custom_interfaces/lib/python3.12/site-packages/dynamixel_sdk_custom_interfaces/dynamixel_sdk_custom_interfaces_s__rosidl_typesupport_fastrtps_c.so" to ""
[13.503s] -- Installing: /home/haodong/Swarm_Module/Swarm_Module_ws/install/dynamixel_sdk_custom_interfaces/lib/python3.12/site-packages/dynamixel_sdk_custom_interfaces/dynamixel_sdk_custom_interfaces_s__rosidl_typesupport_introspection_c.so
[13.503s] -- Set non-toolchain portion of runtime path of "/home/haodong/Swarm_Module/Swarm_Module_ws/install/dynamixel_sdk_custom_interfaces/lib/python3.12/site-packages/dynamixel_sdk_custom_interfaces/dynamixel_sdk_custom_interfaces_s__rosidl_typesupport_introspection_c.so" to ""
[13.504s] -- Installing: /home/haodong/Swarm_Module/Swarm_Module_ws/install/dynamixel_sdk_custom_interfaces/lib/python3.12/site-packages/dynamixel_sdk_custom_interfaces/dynamixel_sdk_custom_interfaces_s__rosidl_typesupport_c.so
[13.504s] -- Set non-toolchain portion of runtime path of "/home/haodong/Swarm_Module/Swarm_Module_ws/install/dynamixel_sdk_custom_interfaces/lib/python3.12/site-packages/dynamixel_sdk_custom_interfaces/dynamixel_sdk_custom_interfaces_s__rosidl_typesupport_c.so" to ""
[13.504s] -- Installing: /home/haodong/Swarm_Module/Swarm_Module_ws/install/dynamixel_sdk_custom_interfaces/lib/libdynamixel_sdk_custom_interfaces__rosidl_generator_py.so
[13.505s] -- Set non-toolchain portion of runtime path of "/home/haodong/Swarm_Module/Swarm_Module_ws/install/dynamixel_sdk_custom_interfaces/lib/libdynamixel_sdk_custom_interfaces__rosidl_generator_py.so" to ""
[13.506s] -- Up-to-date: /home/haodong/Swarm_Module/Swarm_Module_ws/install/dynamixel_sdk_custom_interfaces/share/dynamixel_sdk_custom_interfaces/msg/SetPosition.idl
[13.506s] -- Up-to-date: /home/haodong/Swarm_Module/Swarm_Module_ws/install/dynamixel_sdk_custom_interfaces/share/dynamixel_sdk_custom_interfaces/msg/Rolling.idl
[13.506s] -- Up-to-date: /home/haodong/Swarm_Module/Swarm_Module_ws/install/dynamixel_sdk_custom_interfaces/share/dynamixel_sdk_custom_interfaces/msg/SetMode.idl
[13.506s] -- Up-to-date: /home/haodong/Swarm_Module/Swarm_Module_ws/install/dynamixel_sdk_custom_interfaces/share/dynamixel_sdk_custom_interfaces/srv/GetPosition.idl
[13.506s] -- Up-to-date: /home/haodong/Swarm_Module/Swarm_Module_ws/install/dynamixel_sdk_custom_interfaces/share/dynamixel_sdk_custom_interfaces/srv/SetVelocity.idl
[13.506s] -- Up-to-date: /home/haodong/Swarm_Module/Swarm_Module_ws/install/dynamixel_sdk_custom_interfaces/share/dynamixel_sdk_custom_interfaces/srv/SetExtension.idl
[13.506s] -- Up-to-date: /home/haodong/Swarm_Module/Swarm_Module_ws/install/dynamixel_sdk_custom_interfaces/share/dynamixel_sdk_custom_interfaces/srv/SetBending.idl
[13.506s] -- Up-to-date: /home/haodong/Swarm_Module/Swarm_Module_ws/install/dynamixel_sdk_custom_interfaces/share/dynamixel_sdk_custom_interfaces/srv/Movement.idl
[13.506s] -- Installing: /home/haodong/Swarm_Module/Swarm_Module_ws/install/dynamixel_sdk_custom_interfaces/share/dynamixel_sdk_custom_interfaces/srv/SetTwisting.idl
[13.506s] -- Up-to-date: /home/haodong/Swarm_Module/Swarm_Module_ws/install/dynamixel_sdk_custom_interfaces/share/dynamixel_sdk_custom_interfaces/msg/SetPosition.msg
[13.507s] -- Up-to-date: /home/haodong/Swarm_Module/Swarm_Module_ws/install/dynamixel_sdk_custom_interfaces/share/dynamixel_sdk_custom_interfaces/msg/Rolling.msg
[13.507s] -- Up-to-date: /home/haodong/Swarm_Module/Swarm_Module_ws/install/dynamixel_sdk_custom_interfaces/share/dynamixel_sdk_custom_interfaces/msg/SetMode.msg
[13.507s] -- Up-to-date: /home/haodong/Swarm_Module/Swarm_Module_ws/install/dynamixel_sdk_custom_interfaces/share/dynamixel_sdk_custom_interfaces/srv/GetPosition.srv
[13.507s] -- Up-to-date: /home/haodong/Swarm_Module/Swarm_Module_ws/install/dynamixel_sdk_custom_interfaces/share/dynamixel_sdk_custom_interfaces/srv/SetVelocity.srv
[13.507s] -- Up-to-date: /home/haodong/Swarm_Module/Swarm_Module_ws/install/dynamixel_sdk_custom_interfaces/share/dynamixel_sdk_custom_interfaces/srv/SetExtension.srv
[13.507s] -- Up-to-date: /home/haodong/Swarm_Module/Swarm_Module_ws/install/dynamixel_sdk_custom_interfaces/share/dynamixel_sdk_custom_interfaces/srv/SetBending.srv
[13.507s] -- Up-to-date: /home/haodong/Swarm_Module/Swarm_Module_ws/install/dynamixel_sdk_custom_interfaces/share/dynamixel_sdk_custom_interfaces/srv/Movement.srv
[13.507s] -- Installing: /home/haodong/Swarm_Module/Swarm_Module_ws/install/dynamixel_sdk_custom_interfaces/share/dynamixel_sdk_custom_interfaces/srv/SetTwisting.srv
[13.507s] -- Up-to-date: /home/haodong/Swarm_Module/Swarm_Module_ws/install/dynamixel_sdk_custom_interfaces/share/ament_index/resource_index/package_run_dependencies/dynamixel_sdk_custom_interfaces
[13.508s] -- Up-to-date: /home/haodong/Swarm_Module/Swarm_Module_ws/install/dynamixel_sdk_custom_interfaces/share/ament_index/resource_index/parent_prefix_path/dynamixel_sdk_custom_interfaces
[13.508s] -- Up-to-date: /home/haodong/Swarm_Module/Swarm_Module_ws/install/dynamixel_sdk_custom_interfaces/share/dynamixel_sdk_custom_interfaces/environment/ament_prefix_path.sh
[13.508s] -- Up-to-date: /home/haodong/Swarm_Module/Swarm_Module_ws/install/dynamixel_sdk_custom_interfaces/share/dynamixel_sdk_custom_interfaces/environment/ament_prefix_path.dsv
[13.508s] -- Up-to-date: /home/haodong/Swarm_Module/Swarm_Module_ws/install/dynamixel_sdk_custom_interfaces/share/dynamixel_sdk_custom_interfaces/environment/path.sh
[13.508s] -- Up-to-date: /home/haodong/Swarm_Module/Swarm_Module_ws/install/dynamixel_sdk_custom_interfaces/share/dynamixel_sdk_custom_interfaces/environment/path.dsv
[13.508s] -- Up-to-date: /home/haodong/Swarm_Module/Swarm_Module_ws/install/dynamixel_sdk_custom_interfaces/share/dynamixel_sdk_custom_interfaces/local_setup.bash
[13.508s] -- Up-to-date: /home/haodong/Swarm_Module/Swarm_Module_ws/install/dynamixel_sdk_custom_interfaces/share/dynamixel_sdk_custom_interfaces/local_setup.sh
[13.508s] -- Up-to-date: /home/haodong/Swarm_Module/Swarm_Module_ws/install/dynamixel_sdk_custom_interfaces/share/dynamixel_sdk_custom_interfaces/local_setup.zsh
[13.508s] -- Up-to-date: /home/haodong/Swarm_Module/Swarm_Module_ws/install/dynamixel_sdk_custom_interfaces/share/dynamixel_sdk_custom_interfaces/local_setup.dsv
[13.508s] -- Installing: /home/haodong/Swarm_Module/Swarm_Module_ws/install/dynamixel_sdk_custom_interfaces/share/dynamixel_sdk_custom_interfaces/package.dsv
[13.509s] -- Up-to-date: /home/haodong/Swarm_Module/Swarm_Module_ws/install/dynamixel_sdk_custom_interfaces/share/ament_index/resource_index/packages/dynamixel_sdk_custom_interfaces
[13.509s] -- Up-to-date: /home/haodong/Swarm_Module/Swarm_Module_ws/install/dynamixel_sdk_custom_interfaces/share/dynamixel_sdk_custom_interfaces/cmake/export_dynamixel_sdk_custom_interfaces__rosidl_generator_cExport.cmake
[13.509s] -- Up-to-date: /home/haodong/Swarm_Module/Swarm_Module_ws/install/dynamixel_sdk_custom_interfaces/share/dynamixel_sdk_custom_interfaces/cmake/export_dynamixel_sdk_custom_interfaces__rosidl_generator_cExport-noconfig.cmake
[13.509s] -- Up-to-date: /home/haodong/Swarm_Module/Swarm_Module_ws/install/dynamixel_sdk_custom_interfaces/share/dynamixel_sdk_custom_interfaces/cmake/export_dynamixel_sdk_custom_interfaces__rosidl_typesupport_fastrtps_cExport.cmake
[13.509s] -- Up-to-date: /home/haodong/Swarm_Module/Swarm_Module_ws/install/dynamixel_sdk_custom_interfaces/share/dynamixel_sdk_custom_interfaces/cmake/export_dynamixel_sdk_custom_interfaces__rosidl_typesupport_fastrtps_cExport-noconfig.cmake
[13.509s] -- Up-to-date: /home/haodong/Swarm_Module/Swarm_Module_ws/install/dynamixel_sdk_custom_interfaces/share/dynamixel_sdk_custom_interfaces/cmake/export_dynamixel_sdk_custom_interfaces__rosidl_generator_cppExport.cmake
[13.509s] -- Up-to-date: /home/haodong/Swarm_Module/Swarm_Module_ws/install/dynamixel_sdk_custom_interfaces/share/dynamixel_sdk_custom_interfaces/cmake/export_dynamixel_sdk_custom_interfaces__rosidl_typesupport_fastrtps_cppExport.cmake
[13.509s] -- Up-to-date: /home/haodong/Swarm_Module/Swarm_Module_ws/install/dynamixel_sdk_custom_interfaces/share/dynamixel_sdk_custom_interfaces/cmake/export_dynamixel_sdk_custom_interfaces__rosidl_typesupport_fastrtps_cppExport-noconfig.cmake
[13.509s] -- Up-to-date: /home/haodong/Swarm_Module/Swarm_Module_ws/install/dynamixel_sdk_custom_interfaces/share/dynamixel_sdk_custom_interfaces/cmake/dynamixel_sdk_custom_interfaces__rosidl_typesupport_introspection_cExport.cmake
[13.509s] -- Up-to-date: /home/haodong/Swarm_Module/Swarm_Module_ws/install/dynamixel_sdk_custom_interfaces/share/dynamixel_sdk_custom_interfaces/cmake/dynamixel_sdk_custom_interfaces__rosidl_typesupport_introspection_cExport-noconfig.cmake
[13.509s] -- Up-to-date: /home/haodong/Swarm_Module/Swarm_Module_ws/install/dynamixel_sdk_custom_interfaces/share/dynamixel_sdk_custom_interfaces/cmake/dynamixel_sdk_custom_interfaces__rosidl_typesupport_cExport.cmake
[13.510s] -- Up-to-date: /home/haodong/Swarm_Module/Swarm_Module_ws/install/dynamixel_sdk_custom_interfaces/share/dynamixel_sdk_custom_interfaces/cmake/dynamixel_sdk_custom_interfaces__rosidl_typesupport_cExport-noconfig.cmake
[13.510s] -- Up-to-date: /home/haodong/Swarm_Module/Swarm_Module_ws/install/dynamixel_sdk_custom_interfaces/share/dynamixel_sdk_custom_interfaces/cmake/dynamixel_sdk_custom_interfaces__rosidl_typesupport_introspection_cppExport.cmake
[13.510s] -- Up-to-date: /home/haodong/Swarm_Module/Swarm_Module_ws/install/dynamixel_sdk_custom_interfaces/share/dynamixel_sdk_custom_interfaces/cmake/dynamixel_sdk_custom_interfaces__rosidl_typesupport_introspection_cppExport-noconfig.cmake
[13.510s] -- Up-to-date: /home/haodong/Swarm_Module/Swarm_Module_ws/install/dynamixel_sdk_custom_interfaces/share/dynamixel_sdk_custom_interfaces/cmake/dynamixel_sdk_custom_interfaces__rosidl_typesupport_cppExport.cmake
[13.510s] -- Up-to-date: /home/haodong/Swarm_Module/Swarm_Module_ws/install/dynamixel_sdk_custom_interfaces/share/dynamixel_sdk_custom_interfaces/cmake/dynamixel_sdk_custom_interfaces__rosidl_typesupport_cppExport-noconfig.cmake
[13.510s] -- Up-to-date: /home/haodong/Swarm_Module/Swarm_Module_ws/install/dynamixel_sdk_custom_interfaces/share/dynamixel_sdk_custom_interfaces/cmake/export_dynamixel_sdk_custom_interfaces__rosidl_generator_pyExport.cmake
[13.510s] -- Up-to-date: /home/haodong/Swarm_Module/Swarm_Module_ws/install/dynamixel_sdk_custom_interfaces/share/dynamixel_sdk_custom_interfaces/cmake/export_dynamixel_sdk_custom_interfaces__rosidl_generator_pyExport-noconfig.cmake
[13.510s] -- Installing: /home/haodong/Swarm_Module/Swarm_Module_ws/install/dynamixel_sdk_custom_interfaces/share/dynamixel_sdk_custom_interfaces/cmake/rosidl_cmake-extras.cmake
[13.510s] -- Installing: /home/haodong/Swarm_Module/Swarm_Module_ws/install/dynamixel_sdk_custom_interfaces/share/dynamixel_sdk_custom_interfaces/cmake/ament_cmake_export_dependencies-extras.cmake
[13.510s] -- Up-to-date: /home/haodong/Swarm_Module/Swarm_Module_ws/install/dynamixel_sdk_custom_interfaces/share/dynamixel_sdk_custom_interfaces/cmake/ament_cmake_export_include_directories-extras.cmake
[13.510s] -- Up-to-date: /home/haodong/Swarm_Module/Swarm_Module_ws/install/dynamixel_sdk_custom_interfaces/share/dynamixel_sdk_custom_interfaces/cmake/ament_cmake_export_libraries-extras.cmake
[13.511s] -- Up-to-date: /home/haodong/Swarm_Module/Swarm_Module_ws/install/dynamixel_sdk_custom_interfaces/share/dynamixel_sdk_custom_interfaces/cmake/ament_cmake_export_targets-extras.cmake
[13.511s] -- Up-to-date: /home/haodong/Swarm_Module/Swarm_Module_ws/install/dynamixel_sdk_custom_interfaces/share/dynamixel_sdk_custom_interfaces/cmake/rosidl_cmake_export_typesupport_targets-extras.cmake
[13.511s] -- Up-to-date: /home/haodong/Swarm_Module/Swarm_Module_ws/install/dynamixel_sdk_custom_interfaces/share/dynamixel_sdk_custom_interfaces/cmake/rosidl_cmake_export_typesupport_libraries-extras.cmake
[13.511s] -- Up-to-date: /home/haodong/Swarm_Module/Swarm_Module_ws/install/dynamixel_sdk_custom_interfaces/share/dynamixel_sdk_custom_interfaces/cmake/dynamixel_sdk_custom_interfacesConfig.cmake
[13.511s] -- Up-to-date: /home/haodong/Swarm_Module/Swarm_Module_ws/install/dynamixel_sdk_custom_interfaces/share/dynamixel_sdk_custom_interfaces/cmake/dynamixel_sdk_custom_interfacesConfig-version.cmake
[13.511s] -- Up-to-date: /home/haodong/Swarm_Module/Swarm_Module_ws/install/dynamixel_sdk_custom_interfaces/share/dynamixel_sdk_custom_interfaces/package.xml
[13.513s] Invoked command in '/home/haodong/Swarm_Module/Swarm_Module_ws/build/dynamixel_sdk_custom_interfaces' returned '0': CMAKE_PREFIX_PATH=${CMAKE_PREFIX_PATH}:/home/haodong/Swarm_Module/Swarm_Module_ws/install/dynamixel_motor:/home/haodong/ws_moveit/install/moveit_configs_utils:/opt/ros/jazzy DEBUGINFOD_URLS=https://debuginfod.ubuntu.com /usr/bin/cmake --install /home/haodong/Swarm_Module/Swarm_Module_ws/build/dynamixel_sdk_custom_interfaces
