running egg_info
writing ../../build/dynamixel_motor/dynamixel_motor.egg-info/PKG-INFO
writing dependency_links to ../../build/dynamixel_motor/dynamixel_motor.egg-info/dependency_links.txt
writing entry points to ../../build/dynamixel_motor/dynamixel_motor.egg-info/entry_points.txt
writing requirements to ../../build/dynamixel_motor/dynamixel_motor.egg-info/requires.txt
writing top-level names to ../../build/dynamixel_motor/dynamixel_motor.egg-info/top_level.txt
reading manifest file '../../build/dynamixel_motor/dynamixel_motor.egg-info/SOURCES.txt'
adding license file 'LICENSE'
writing manifest file '../../build/dynamixel_motor/dynamixel_motor.egg-info/SOURCES.txt'
running build
running build_py
running install
running install_lib
running install_data
running install_egg_info
removing '/home/haodong/modular_ws/install/dynamixel_motor/lib/python3.12/site-packages/dynamixel_motor-0.0.0-py3.12.egg-info' (and everything under it)
Copying ../../build/dynamixel_motor/dynamixel_motor.egg-info to /home/haodong/modular_ws/install/dynamixel_motor/lib/python3.12/site-packages/dynamixel_motor-0.0.0-py3.12.egg-info
running install_scripts
Installing MovementControl script to /home/haodong/modular_ws/install/dynamixel_motor/lib/dynamixel_motor
writing list of installed files to '/home/haodong/modular_ws/build/dynamixel_motor/install.log'
