[1.363s] Invoking command in '/home/haodong/modular_ws/src/dynamixel_motor': DEBUGINFOD_URLS=https://debuginfod.ubuntu.com PYTHONPATH=/home/haodong/modular_ws/build/dynamixel_motor/prefix_override:/usr/lib/python3/dist-packages/colcon_core/task/python/colcon_distutils_commands:/home/haodong/modular_ws/install/dynamixel_motor/lib/python3.12/site-packages:/home/haodong/modular_ws/install/dynamixel_sdk_custom_interfaces/lib/python3.12/site-packages:/home/haodong/modular_ws/install/dynamixel_motor/lib/python3.12/site-packages:/home/haodong/ws_moveit/install/moveit_task_constructor_core/lib/python3.12/site-packages:/home/haodong/ws_moveit/install/moveit_task_constructor_msgs/lib/python3.12/site-packages:/home/haodong/ws_moveit/install/moveit_py/lib/python3.12/site-packages:/home/haodong/ws_moveit/install/moveit_msgs/lib/python3.12/site-packages:/home/haodong/ws_moveit/install/moveit_configs_utils/lib/python3.12/site-packages:/home/haodong/ws/franka/install/lib/python3.12/site-packages:/opt/ros/jazzy/lib/python3.12/site-packages /usr/bin/python3 -W ignore:setup.py install is deprecated setup.py egg_info --egg-base ../../build/dynamixel_motor build --build-base /home/haodong/modular_ws/build/dynamixel_motor/build install --record /home/haodong/modular_ws/build/dynamixel_motor/install.log --single-version-externally-managed install_data
[1.864s] running egg_info
[1.898s] writing ../../build/dynamixel_motor/dynamixel_motor.egg-info/PKG-INFO
[1.899s] writing dependency_links to ../../build/dynamixel_motor/dynamixel_motor.egg-info/dependency_links.txt
[1.899s] writing entry points to ../../build/dynamixel_motor/dynamixel_motor.egg-info/entry_points.txt
[1.899s] writing requirements to ../../build/dynamixel_motor/dynamixel_motor.egg-info/requires.txt
[1.899s] writing top-level names to ../../build/dynamixel_motor/dynamixel_motor.egg-info/top_level.txt
[1.981s] reading manifest file '../../build/dynamixel_motor/dynamixel_motor.egg-info/SOURCES.txt'
[1.982s] adding license file 'LICENSE'
[1.982s] writing manifest file '../../build/dynamixel_motor/dynamixel_motor.egg-info/SOURCES.txt'
[1.982s] running build
[1.983s] running build_py
[1.983s] running install
[1.989s] running install_lib
[2.034s] running install_data
[2.035s] running install_egg_info
[2.072s] removing '/home/haodong/modular_ws/install/dynamixel_motor/lib/python3.12/site-packages/dynamixel_motor-0.0.0-py3.12.egg-info' (and everything under it)
[2.072s] Copying ../../build/dynamixel_motor/dynamixel_motor.egg-info to /home/haodong/modular_ws/install/dynamixel_motor/lib/python3.12/site-packages/dynamixel_motor-0.0.0-py3.12.egg-info
[2.073s] running install_scripts
[2.314s] Installing MovementControl script to /home/haodong/modular_ws/install/dynamixel_motor/lib/dynamixel_motor
[2.314s] writing list of installed files to '/home/haodong/modular_ws/build/dynamixel_motor/install.log'
[2.347s] Invoked command in '/home/haodong/modular_ws/src/dynamixel_motor' returned '0': DEBUGINFOD_URLS=https://debuginfod.ubuntu.com PYTHONPATH=/home/haodong/modular_ws/build/dynamixel_motor/prefix_override:/usr/lib/python3/dist-packages/colcon_core/task/python/colcon_distutils_commands:/home/haodong/modular_ws/install/dynamixel_motor/lib/python3.12/site-packages:/home/haodong/modular_ws/install/dynamixel_sdk_custom_interfaces/lib/python3.12/site-packages:/home/haodong/modular_ws/install/dynamixel_motor/lib/python3.12/site-packages:/home/haodong/ws_moveit/install/moveit_task_constructor_core/lib/python3.12/site-packages:/home/haodong/ws_moveit/install/moveit_task_constructor_msgs/lib/python3.12/site-packages:/home/haodong/ws_moveit/install/moveit_py/lib/python3.12/site-packages:/home/haodong/ws_moveit/install/moveit_msgs/lib/python3.12/site-packages:/home/haodong/ws_moveit/install/moveit_configs_utils/lib/python3.12/site-packages:/home/haodong/ws/franka/install/lib/python3.12/site-packages:/opt/ros/jazzy/lib/python3.12/site-packages /usr/bin/python3 -W ignore:setup.py install is deprecated setup.py egg_info --egg-base ../../build/dynamixel_motor build --build-base /home/haodong/modular_ws/build/dynamixel_motor/build install --record /home/haodong/modular_ws/build/dynamixel_motor/install.log --single-version-externally-managed install_data
