[1.564s] Invoking command in '/home/haodong/modular_ws/src/dynamixel_motor': DEBUGINFOD_URLS=https://debuginfod.ubuntu.com PYTHONPATH=/home/haodong/modular_ws/build/dynamixel_motor/prefix_override:/usr/lib/python3/dist-packages/colcon_core/task/python/colcon_distutils_commands:/home/haodong/modular_ws/install/dynamixel_motor/lib/python3.12/site-packages:/home/haodong/modular_ws/install/dynamixel_sdk_custom_interfaces/lib/python3.12/site-packages:/home/haodong/modular_ws/install/dynamixel_motor/lib/python3.12/site-packages:/home/haodong/ws_moveit/install/moveit_task_constructor_core/lib/python3.12/site-packages:/home/haodong/ws_moveit/install/moveit_task_constructor_msgs/lib/python3.12/site-packages:/home/haodong/ws_moveit/install/moveit_py/lib/python3.12/site-packages:/home/haodong/ws_moveit/install/moveit_msgs/lib/python3.12/site-packages:/home/haodong/ws_moveit/install/moveit_configs_utils/lib/python3.12/site-packages:/home/haodong/ws/franka/install/lib/python3.12/site-packages:/opt/ros/jazzy/lib/python3.12/site-packages /usr/bin/python3 -W ignore:setup.py install is deprecated setup.py egg_info --egg-base ../../build/dynamixel_motor build --build-base /home/haodong/modular_ws/build/dynamixel_motor/build install --record /home/haodong/modular_ws/build/dynamixel_motor/install.log --single-version-externally-managed install_data
[2.140s] running egg_info
[2.186s] writing ../../build/dynamixel_motor/dynamixel_motor.egg-info/PKG-INFO
[2.187s] writing dependency_links to ../../build/dynamixel_motor/dynamixel_motor.egg-info/dependency_links.txt
[2.187s] writing entry points to ../../build/dynamixel_motor/dynamixel_motor.egg-info/entry_points.txt
[2.187s] writing requirements to ../../build/dynamixel_motor/dynamixel_motor.egg-info/requires.txt
[2.187s] writing top-level names to ../../build/dynamixel_motor/dynamixel_motor.egg-info/top_level.txt
[2.278s] reading manifest file '../../build/dynamixel_motor/dynamixel_motor.egg-info/SOURCES.txt'
[2.279s] adding license file 'LICENSE'
[2.280s] writing manifest file '../../build/dynamixel_motor/dynamixel_motor.egg-info/SOURCES.txt'
[2.280s] running build
[2.280s] running build_py
[2.280s] copying dynamixel_motor/MovementControl.py -> /home/haodong/modular_ws/build/dynamixel_motor/build/lib/dynamixel_motor
[2.281s] running install
[2.293s] running install_lib
[2.340s] copying /home/haodong/modular_ws/build/dynamixel_motor/build/lib/dynamixel_motor/MovementControl.py -> /home/haodong/modular_ws/install/dynamixel_motor/lib/python3.12/site-packages/dynamixel_motor
[2.341s] byte-compiling /home/haodong/modular_ws/install/dynamixel_motor/lib/python3.12/site-packages/dynamixel_motor/MovementControl.py to MovementControl.cpython-312.pyc
[2.346s] running install_data
[2.346s] running install_egg_info
[2.391s] removing '/home/haodong/modular_ws/install/dynamixel_motor/lib/python3.12/site-packages/dynamixel_motor-0.0.0-py3.12.egg-info' (and everything under it)
[2.391s] Copying ../../build/dynamixel_motor/dynamixel_motor.egg-info to /home/haodong/modular_ws/install/dynamixel_motor/lib/python3.12/site-packages/dynamixel_motor-0.0.0-py3.12.egg-info
[2.392s] running install_scripts
[2.687s] Installing MovementControl script to /home/haodong/modular_ws/install/dynamixel_motor/lib/dynamixel_motor
[2.687s] writing list of installed files to '/home/haodong/modular_ws/build/dynamixel_motor/install.log'
[2.719s] Invoked command in '/home/haodong/modular_ws/src/dynamixel_motor' returned '0': DEBUGINFOD_URLS=https://debuginfod.ubuntu.com PYTHONPATH=/home/haodong/modular_ws/build/dynamixel_motor/prefix_override:/usr/lib/python3/dist-packages/colcon_core/task/python/colcon_distutils_commands:/home/haodong/modular_ws/install/dynamixel_motor/lib/python3.12/site-packages:/home/haodong/modular_ws/install/dynamixel_sdk_custom_interfaces/lib/python3.12/site-packages:/home/haodong/modular_ws/install/dynamixel_motor/lib/python3.12/site-packages:/home/haodong/ws_moveit/install/moveit_task_constructor_core/lib/python3.12/site-packages:/home/haodong/ws_moveit/install/moveit_task_constructor_msgs/lib/python3.12/site-packages:/home/haodong/ws_moveit/install/moveit_py/lib/python3.12/site-packages:/home/haodong/ws_moveit/install/moveit_msgs/lib/python3.12/site-packages:/home/haodong/ws_moveit/install/moveit_configs_utils/lib/python3.12/site-packages:/home/haodong/ws/franka/install/lib/python3.12/site-packages:/opt/ros/jazzy/lib/python3.12/site-packages /usr/bin/python3 -W ignore:setup.py install is deprecated setup.py egg_info --egg-base ../../build/dynamixel_motor build --build-base /home/haodong/modular_ws/build/dynamixel_motor/build install --record /home/haodong/modular_ws/build/dynamixel_motor/install.log --single-version-externally-managed install_data
