[0.140s] DEBUG:colcon:Command line arguments: ['/usr/bin/colcon', 'build']
[0.140s] DEBUG:colcon:Parsed command line arguments: Namespace(log_base=None, log_level=None, verb_name='build', build_base='build', install_base='install', merge_install=False, symlink_install=False, test_result_base=None, continue_on_error=False, executor='parallel', parallel_workers=12, event_handlers=None, ignore_user_meta=False, metas=['./colcon.meta'], base_paths=['.'], packages_ignore=None, packages_ignore_regex=None, paths=None, packages_up_to=None, packages_up_to_regex=None, packages_above=None, packages_above_and_dependencies=None, packages_above_depth=None, packages_select_by_dep=None, packages_skip_by_dep=None, packages_skip_up_to=None, packages_select_build_failed=False, packages_skip_build_finished=False, packages_select_test_failures=False, packages_skip_test_passed=False, packages_select=None, packages_skip=None, packages_select_regex=None, packages_skip_regex=None, packages_start=None, packages_end=None, allow_overriding=[], cmake_args=None, cmake_target=None, cmake_target_skip_unavailable=False, cmake_clean_cache=False, cmake_clean_first=False, cmake_force_configure=False, ament_cmake_args=None, catkin_cmake_args=None, catkin_skip_building_tests=False, mixin_files=None, mixin=None, verb_parser=<colcon_mixin.mixin.mixin_argument.MixinArgumentDecorator object at 0x7c784904d430>, verb_extension=<colcon_core.verb.build.BuildVerb object at 0x7c784904d2b0>, main=<bound method BuildVerb.main of <colcon_core.verb.build.BuildVerb object at 0x7c784904d2b0>>, mixin_verb=('build',))
[0.172s] Level 1:colcon.colcon_core.package_discovery:discover_packages(colcon_meta) check parameters
[0.172s] Level 1:colcon.colcon_core.package_discovery:discover_packages(recursive) check parameters
[0.172s] Level 1:colcon.colcon_core.package_discovery:discover_packages(ignore) check parameters
[0.172s] Level 1:colcon.colcon_core.package_discovery:discover_packages(path) check parameters
[0.172s] Level 1:colcon.colcon_core.package_discovery:discover_packages(colcon_meta) discover
[0.172s] Level 1:colcon.colcon_core.package_discovery:discover_packages(recursive) discover
[0.173s] INFO:colcon.colcon_core.package_discovery:Crawling recursively for packages in '/home/haodong/Swarm_Module/Swarm_Module_ws'
[0.173s] Level 1:colcon.colcon_core.package_identification:_identify(.) by extensions ['ignore', 'ignore_ament_install']
[0.173s] Level 1:colcon.colcon_core.package_identification:_identify(.) by extension 'ignore'
[0.173s] Level 1:colcon.colcon_core.package_identification:_identify(.) by extension 'ignore_ament_install'
[0.173s] Level 1:colcon.colcon_core.package_identification:_identify(.) by extensions ['colcon_pkg']
[0.173s] Level 1:colcon.colcon_core.package_identification:_identify(.) by extension 'colcon_pkg'
[0.173s] Level 1:colcon.colcon_core.package_identification:_identify(.) by extensions ['colcon_meta']
[0.173s] Level 1:colcon.colcon_core.package_identification:_identify(.) by extension 'colcon_meta'
[0.173s] Level 1:colcon.colcon_core.package_identification:_identify(.) by extensions ['ros']
[0.173s] Level 1:colcon.colcon_core.package_identification:_identify(.) by extension 'ros'
[0.194s] Level 1:colcon.colcon_core.package_identification:_identify(.) by extensions ['cmake', 'python']
[0.194s] Level 1:colcon.colcon_core.package_identification:_identify(.) by extension 'cmake'
[0.194s] Level 1:colcon.colcon_core.package_identification:_identify(.) by extension 'python'
[0.194s] Level 1:colcon.colcon_core.package_identification:_identify(.) by extensions ['python_setup_py']
[0.194s] Level 1:colcon.colcon_core.package_identification:_identify(.) by extension 'python_setup_py'
[0.194s] Level 1:colcon.colcon_core.package_identification:_identify(build) by extensions ['ignore', 'ignore_ament_install']
[0.194s] Level 1:colcon.colcon_core.package_identification:_identify(build) by extension 'ignore'
[0.194s] Level 1:colcon.colcon_core.package_identification:_identify(build) ignored
[0.194s] Level 1:colcon.colcon_core.package_identification:_identify(install) by extensions ['ignore', 'ignore_ament_install']
[0.195s] Level 1:colcon.colcon_core.package_identification:_identify(install) by extension 'ignore'
[0.195s] Level 1:colcon.colcon_core.package_identification:_identify(install) ignored
[0.195s] Level 1:colcon.colcon_core.package_identification:_identify(log) by extensions ['ignore', 'ignore_ament_install']
[0.195s] Level 1:colcon.colcon_core.package_identification:_identify(log) by extension 'ignore'
[0.195s] Level 1:colcon.colcon_core.package_identification:_identify(log) ignored
[0.195s] Level 1:colcon.colcon_core.package_identification:_identify(src) by extensions ['ignore', 'ignore_ament_install']
[0.195s] Level 1:colcon.colcon_core.package_identification:_identify(src) by extension 'ignore'
[0.195s] Level 1:colcon.colcon_core.package_identification:_identify(src) by extension 'ignore_ament_install'
[0.195s] Level 1:colcon.colcon_core.package_identification:_identify(src) by extensions ['colcon_pkg']
[0.195s] Level 1:colcon.colcon_core.package_identification:_identify(src) by extension 'colcon_pkg'
[0.195s] Level 1:colcon.colcon_core.package_identification:_identify(src) by extensions ['colcon_meta']
[0.195s] Level 1:colcon.colcon_core.package_identification:_identify(src) by extension 'colcon_meta'
[0.195s] Level 1:colcon.colcon_core.package_identification:_identify(src) by extensions ['ros']
[0.195s] Level 1:colcon.colcon_core.package_identification:_identify(src) by extension 'ros'
[0.195s] Level 1:colcon.colcon_core.package_identification:_identify(src) by extensions ['cmake', 'python']
[0.195s] Level 1:colcon.colcon_core.package_identification:_identify(src) by extension 'cmake'
[0.195s] Level 1:colcon.colcon_core.package_identification:_identify(src) by extension 'python'
[0.195s] Level 1:colcon.colcon_core.package_identification:_identify(src) by extensions ['python_setup_py']
[0.195s] Level 1:colcon.colcon_core.package_identification:_identify(src) by extension 'python_setup_py'
[0.195s] Level 1:colcon.colcon_core.package_identification:_identify(src/dynamixel_motor) by extensions ['ignore', 'ignore_ament_install']
[0.196s] Level 1:colcon.colcon_core.package_identification:_identify(src/dynamixel_motor) by extension 'ignore'
[0.196s] Level 1:colcon.colcon_core.package_identification:_identify(src/dynamixel_motor) by extension 'ignore_ament_install'
[0.196s] Level 1:colcon.colcon_core.package_identification:_identify(src/dynamixel_motor) by extensions ['colcon_pkg']
[0.196s] Level 1:colcon.colcon_core.package_identification:_identify(src/dynamixel_motor) by extension 'colcon_pkg'
[0.196s] Level 1:colcon.colcon_core.package_identification:_identify(src/dynamixel_motor) by extensions ['colcon_meta']
[0.196s] Level 1:colcon.colcon_core.package_identification:_identify(src/dynamixel_motor) by extension 'colcon_meta'
[0.196s] Level 1:colcon.colcon_core.package_identification:_identify(src/dynamixel_motor) by extensions ['ros']
[0.196s] Level 1:colcon.colcon_core.package_identification:_identify(src/dynamixel_motor) by extension 'ros'
[0.198s] DEBUG:colcon.colcon_core.package_identification:Package 'src/dynamixel_motor' with type 'ros.ament_python' and name 'dynamixel_motor'
[0.198s] Level 1:colcon.colcon_core.package_identification:_identify(src/dynamixel_sdk) by extensions ['ignore', 'ignore_ament_install']
[0.198s] Level 1:colcon.colcon_core.package_identification:_identify(src/dynamixel_sdk) by extension 'ignore'
[0.198s] Level 1:colcon.colcon_core.package_identification:_identify(src/dynamixel_sdk) by extension 'ignore_ament_install'
[0.198s] Level 1:colcon.colcon_core.package_identification:_identify(src/dynamixel_sdk) by extensions ['colcon_pkg']
[0.198s] Level 1:colcon.colcon_core.package_identification:_identify(src/dynamixel_sdk) by extension 'colcon_pkg'
[0.198s] Level 1:colcon.colcon_core.package_identification:_identify(src/dynamixel_sdk) by extensions ['colcon_meta']
[0.198s] Level 1:colcon.colcon_core.package_identification:_identify(src/dynamixel_sdk) by extension 'colcon_meta'
[0.198s] Level 1:colcon.colcon_core.package_identification:_identify(src/dynamixel_sdk) by extensions ['ros']
[0.198s] Level 1:colcon.colcon_core.package_identification:_identify(src/dynamixel_sdk) by extension 'ros'
[0.198s] DEBUG:colcon.colcon_core.package_identification:Package 'src/dynamixel_sdk' with type 'ros.ament_cmake' and name 'dynamixel_sdk'
[0.199s] Level 1:colcon.colcon_core.package_identification:_identify(src/dynamixel_sdk_custom_interfaces) by extensions ['ignore', 'ignore_ament_install']
[0.199s] Level 1:colcon.colcon_core.package_identification:_identify(src/dynamixel_sdk_custom_interfaces) by extension 'ignore'
[0.199s] Level 1:colcon.colcon_core.package_identification:_identify(src/dynamixel_sdk_custom_interfaces) by extension 'ignore_ament_install'
[0.199s] Level 1:colcon.colcon_core.package_identification:_identify(src/dynamixel_sdk_custom_interfaces) by extensions ['colcon_pkg']
[0.199s] Level 1:colcon.colcon_core.package_identification:_identify(src/dynamixel_sdk_custom_interfaces) by extension 'colcon_pkg'
[0.199s] Level 1:colcon.colcon_core.package_identification:_identify(src/dynamixel_sdk_custom_interfaces) by extensions ['colcon_meta']
[0.199s] Level 1:colcon.colcon_core.package_identification:_identify(src/dynamixel_sdk_custom_interfaces) by extension 'colcon_meta'
[0.199s] Level 1:colcon.colcon_core.package_identification:_identify(src/dynamixel_sdk_custom_interfaces) by extensions ['ros']
[0.199s] Level 1:colcon.colcon_core.package_identification:_identify(src/dynamixel_sdk_custom_interfaces) by extension 'ros'
[0.199s] DEBUG:colcon.colcon_core.package_identification:Package 'src/dynamixel_sdk_custom_interfaces' with type 'ros.ament_cmake' and name 'dynamixel_sdk_custom_interfaces'
[0.199s] Level 1:colcon.colcon_core.package_identification:_identify(src/dynamixel_sdk_examples) by extensions ['ignore', 'ignore_ament_install']
[0.199s] Level 1:colcon.colcon_core.package_identification:_identify(src/dynamixel_sdk_examples) by extension 'ignore'
[0.199s] Level 1:colcon.colcon_core.package_identification:_identify(src/dynamixel_sdk_examples) by extension 'ignore_ament_install'
[0.199s] Level 1:colcon.colcon_core.package_identification:_identify(src/dynamixel_sdk_examples) by extensions ['colcon_pkg']
[0.199s] Level 1:colcon.colcon_core.package_identification:_identify(src/dynamixel_sdk_examples) by extension 'colcon_pkg'
[0.200s] Level 1:colcon.colcon_core.package_identification:_identify(src/dynamixel_sdk_examples) by extensions ['colcon_meta']
[0.200s] Level 1:colcon.colcon_core.package_identification:_identify(src/dynamixel_sdk_examples) by extension 'colcon_meta'
[0.200s] Level 1:colcon.colcon_core.package_identification:_identify(src/dynamixel_sdk_examples) by extensions ['ros']
[0.200s] Level 1:colcon.colcon_core.package_identification:_identify(src/dynamixel_sdk_examples) by extension 'ros'
[0.200s] DEBUG:colcon.colcon_core.package_identification:Package 'src/dynamixel_sdk_examples' with type 'ros.ament_cmake' and name 'dynamixel_sdk_examples'
[0.200s] Level 1:colcon.colcon_core.package_discovery:discover_packages(recursive) using defaults
[0.200s] Level 1:colcon.colcon_core.package_discovery:discover_packages(ignore) discover
[0.200s] Level 1:colcon.colcon_core.package_discovery:discover_packages(ignore) using defaults
[0.200s] Level 1:colcon.colcon_core.package_discovery:discover_packages(path) discover
[0.200s] Level 1:colcon.colcon_core.package_discovery:discover_packages(path) using defaults
[0.215s] Level 1:colcon.colcon_core.package_discovery:discover_packages(prefix_path) check parameters
[0.215s] Level 1:colcon.colcon_core.package_discovery:discover_packages(prefix_path) discover
[0.216s] WARNING:colcon.colcon_ros.prefix_path.ament:The path '/home/haodong/Swarm_Module/Swarm_Module_ws/install/dynamixel_motor' in the environment variable AMENT_PREFIX_PATH doesn't exist
[0.216s] WARNING:colcon.colcon_ros.prefix_path.ament:The path '/home/haodong/Swarm_Module/Swarm_Module_ws/install/dynamixel_sdk_examples' in the environment variable AMENT_PREFIX_PATH doesn't exist
[0.216s] WARNING:colcon.colcon_ros.prefix_path.ament:The path '/home/haodong/Swarm_Module/Swarm_Module_ws/install/dynamixel_sdk_custom_interfaces' in the environment variable AMENT_PREFIX_PATH doesn't exist
[0.216s] WARNING:colcon.colcon_ros.prefix_path.ament:The path '/home/haodong/Swarm_Module/Swarm_Module_ws/install/dynamixel_sdk' in the environment variable AMENT_PREFIX_PATH doesn't exist
[0.221s] WARNING:colcon.colcon_ros.prefix_path.catkin:The path '/home/haodong/Swarm_Module/Swarm_Module_ws/install/dynamixel_sdk_examples' in the environment variable CMAKE_PREFIX_PATH doesn't exist
[0.221s] WARNING:colcon.colcon_ros.prefix_path.catkin:The path '/home/haodong/Swarm_Module/Swarm_Module_ws/install/dynamixel_sdk_custom_interfaces' in the environment variable CMAKE_PREFIX_PATH doesn't exist
[0.221s] WARNING:colcon.colcon_ros.prefix_path.catkin:The path '/home/haodong/Swarm_Module/Swarm_Module_ws/install/dynamixel_sdk' in the environment variable CMAKE_PREFIX_PATH doesn't exist
[0.223s] DEBUG:colcon.colcon_installed_package_information.package_discovery:Found 0 installed packages in /home/haodong/Swarm_Module/Swarm_Module_ws/install
[0.226s] DEBUG:colcon.colcon_installed_package_information.package_discovery:Found 71 installed packages in /home/haodong/ws_moveit/install
[0.227s] DEBUG:colcon.colcon_installed_package_information.package_discovery:Found 11 installed packages in /home/haodong/ws/franka/install
[0.230s] DEBUG:colcon.colcon_installed_package_information.package_discovery:Found 488 installed packages in /opt/ros/jazzy
[0.233s] Level 1:colcon.colcon_core.package_discovery:discover_packages(prefix_path) using defaults
[0.315s] Level 5:colcon.colcon_core.verb:set package 'dynamixel_sdk' build argument 'cmake_args' from command line to 'None'
[0.315s] Level 5:colcon.colcon_core.verb:set package 'dynamixel_sdk' build argument 'cmake_target' from command line to 'None'
[0.315s] Level 5:colcon.colcon_core.verb:set package 'dynamixel_sdk' build argument 'cmake_target_skip_unavailable' from command line to 'False'
[0.315s] Level 5:colcon.colcon_core.verb:set package 'dynamixel_sdk' build argument 'cmake_clean_cache' from command line to 'False'
[0.315s] Level 5:colcon.colcon_core.verb:set package 'dynamixel_sdk' build argument 'cmake_clean_first' from command line to 'False'
[0.315s] Level 5:colcon.colcon_core.verb:set package 'dynamixel_sdk' build argument 'cmake_force_configure' from command line to 'False'
[0.315s] Level 5:colcon.colcon_core.verb:set package 'dynamixel_sdk' build argument 'ament_cmake_args' from command line to 'None'
[0.315s] Level 5:colcon.colcon_core.verb:set package 'dynamixel_sdk' build argument 'catkin_cmake_args' from command line to 'None'
[0.315s] Level 5:colcon.colcon_core.verb:set package 'dynamixel_sdk' build argument 'catkin_skip_building_tests' from command line to 'False'
[0.315s] DEBUG:colcon.colcon_core.verb:Building package 'dynamixel_sdk' with the following arguments: {'ament_cmake_args': None, 'build_base': '/home/haodong/Swarm_Module/Swarm_Module_ws/build/dynamixel_sdk', 'catkin_cmake_args': None, 'catkin_skip_building_tests': False, 'cmake_args': None, 'cmake_clean_cache': False, 'cmake_clean_first': False, 'cmake_force_configure': False, 'cmake_target': None, 'cmake_target_skip_unavailable': False, 'install_base': '/home/haodong/Swarm_Module/Swarm_Module_ws/install/dynamixel_sdk', 'merge_install': False, 'path': '/home/haodong/Swarm_Module/Swarm_Module_ws/src/dynamixel_sdk', 'symlink_install': False, 'test_result_base': None}
[0.315s] Level 5:colcon.colcon_core.verb:set package 'dynamixel_sdk_custom_interfaces' build argument 'cmake_args' from command line to 'None'
[0.315s] Level 5:colcon.colcon_core.verb:set package 'dynamixel_sdk_custom_interfaces' build argument 'cmake_target' from command line to 'None'
[0.315s] Level 5:colcon.colcon_core.verb:set package 'dynamixel_sdk_custom_interfaces' build argument 'cmake_target_skip_unavailable' from command line to 'False'
[0.315s] Level 5:colcon.colcon_core.verb:set package 'dynamixel_sdk_custom_interfaces' build argument 'cmake_clean_cache' from command line to 'False'
[0.315s] Level 5:colcon.colcon_core.verb:set package 'dynamixel_sdk_custom_interfaces' build argument 'cmake_clean_first' from command line to 'False'
[0.315s] Level 5:colcon.colcon_core.verb:set package 'dynamixel_sdk_custom_interfaces' build argument 'cmake_force_configure' from command line to 'False'
[0.315s] Level 5:colcon.colcon_core.verb:set package 'dynamixel_sdk_custom_interfaces' build argument 'ament_cmake_args' from command line to 'None'
[0.315s] Level 5:colcon.colcon_core.verb:set package 'dynamixel_sdk_custom_interfaces' build argument 'catkin_cmake_args' from command line to 'None'
[0.315s] Level 5:colcon.colcon_core.verb:set package 'dynamixel_sdk_custom_interfaces' build argument 'catkin_skip_building_tests' from command line to 'False'
[0.315s] DEBUG:colcon.colcon_core.verb:Building package 'dynamixel_sdk_custom_interfaces' with the following arguments: {'ament_cmake_args': None, 'build_base': '/home/haodong/Swarm_Module/Swarm_Module_ws/build/dynamixel_sdk_custom_interfaces', 'catkin_cmake_args': None, 'catkin_skip_building_tests': False, 'cmake_args': None, 'cmake_clean_cache': False, 'cmake_clean_first': False, 'cmake_force_configure': False, 'cmake_target': None, 'cmake_target_skip_unavailable': False, 'install_base': '/home/haodong/Swarm_Module/Swarm_Module_ws/install/dynamixel_sdk_custom_interfaces', 'merge_install': False, 'path': '/home/haodong/Swarm_Module/Swarm_Module_ws/src/dynamixel_sdk_custom_interfaces', 'symlink_install': False, 'test_result_base': None}
[0.316s] Level 5:colcon.colcon_core.verb:set package 'dynamixel_sdk_examples' build argument 'cmake_args' from command line to 'None'
[0.316s] Level 5:colcon.colcon_core.verb:set package 'dynamixel_sdk_examples' build argument 'cmake_target' from command line to 'None'
[0.316s] Level 5:colcon.colcon_core.verb:set package 'dynamixel_sdk_examples' build argument 'cmake_target_skip_unavailable' from command line to 'False'
[0.316s] Level 5:colcon.colcon_core.verb:set package 'dynamixel_sdk_examples' build argument 'cmake_clean_cache' from command line to 'False'
[0.316s] Level 5:colcon.colcon_core.verb:set package 'dynamixel_sdk_examples' build argument 'cmake_clean_first' from command line to 'False'
[0.316s] Level 5:colcon.colcon_core.verb:set package 'dynamixel_sdk_examples' build argument 'cmake_force_configure' from command line to 'False'
[0.316s] Level 5:colcon.colcon_core.verb:set package 'dynamixel_sdk_examples' build argument 'ament_cmake_args' from command line to 'None'
[0.316s] Level 5:colcon.colcon_core.verb:set package 'dynamixel_sdk_examples' build argument 'catkin_cmake_args' from command line to 'None'
[0.316s] Level 5:colcon.colcon_core.verb:set package 'dynamixel_sdk_examples' build argument 'catkin_skip_building_tests' from command line to 'False'
[0.316s] DEBUG:colcon.colcon_core.verb:Building package 'dynamixel_sdk_examples' with the following arguments: {'ament_cmake_args': None, 'build_base': '/home/haodong/Swarm_Module/Swarm_Module_ws/build/dynamixel_sdk_examples', 'catkin_cmake_args': None, 'catkin_skip_building_tests': False, 'cmake_args': None, 'cmake_clean_cache': False, 'cmake_clean_first': False, 'cmake_force_configure': False, 'cmake_target': None, 'cmake_target_skip_unavailable': False, 'install_base': '/home/haodong/Swarm_Module/Swarm_Module_ws/install/dynamixel_sdk_examples', 'merge_install': False, 'path': '/home/haodong/Swarm_Module/Swarm_Module_ws/src/dynamixel_sdk_examples', 'symlink_install': False, 'test_result_base': None}
[0.316s] Level 5:colcon.colcon_core.verb:set package 'dynamixel_motor' build argument 'cmake_args' from command line to 'None'
[0.316s] Level 5:colcon.colcon_core.verb:set package 'dynamixel_motor' build argument 'cmake_target' from command line to 'None'
[0.316s] Level 5:colcon.colcon_core.verb:set package 'dynamixel_motor' build argument 'cmake_target_skip_unavailable' from command line to 'False'
[0.316s] Level 5:colcon.colcon_core.verb:set package 'dynamixel_motor' build argument 'cmake_clean_cache' from command line to 'False'
[0.316s] Level 5:colcon.colcon_core.verb:set package 'dynamixel_motor' build argument 'cmake_clean_first' from command line to 'False'
[0.316s] Level 5:colcon.colcon_core.verb:set package 'dynamixel_motor' build argument 'cmake_force_configure' from command line to 'False'
[0.316s] Level 5:colcon.colcon_core.verb:set package 'dynamixel_motor' build argument 'ament_cmake_args' from command line to 'None'
[0.316s] Level 5:colcon.colcon_core.verb:set package 'dynamixel_motor' build argument 'catkin_cmake_args' from command line to 'None'
[0.316s] Level 5:colcon.colcon_core.verb:set package 'dynamixel_motor' build argument 'catkin_skip_building_tests' from command line to 'False'
[0.316s] DEBUG:colcon.colcon_core.verb:Building package 'dynamixel_motor' with the following arguments: {'ament_cmake_args': None, 'build_base': '/home/haodong/Swarm_Module/Swarm_Module_ws/build/dynamixel_motor', 'catkin_cmake_args': None, 'catkin_skip_building_tests': False, 'cmake_args': None, 'cmake_clean_cache': False, 'cmake_clean_first': False, 'cmake_force_configure': False, 'cmake_target': None, 'cmake_target_skip_unavailable': False, 'install_base': '/home/haodong/Swarm_Module/Swarm_Module_ws/install/dynamixel_motor', 'merge_install': False, 'path': '/home/haodong/Swarm_Module/Swarm_Module_ws/src/dynamixel_motor', 'symlink_install': False, 'test_result_base': None}
[0.316s] INFO:colcon.colcon_core.executor:Executing jobs using 'parallel' executor
[0.317s] DEBUG:colcon.colcon_parallel_executor.executor.parallel:run_until_complete
[0.317s] INFO:colcon.colcon_ros.task.ament_cmake.build:Building ROS package in '/home/haodong/Swarm_Module/Swarm_Module_ws/src/dynamixel_sdk' with build type 'ament_cmake'
[0.318s] INFO:colcon.colcon_cmake.task.cmake.build:Building CMake package in '/home/haodong/Swarm_Module/Swarm_Module_ws/src/dynamixel_sdk'
[0.319s] INFO:colcon.colcon_core.plugin_system:Skipping extension 'colcon_core.shell.bat': Not used on non-Windows systems
[0.319s] INFO:colcon.colcon_core.shell:Skip shell extension 'powershell' for command environment: Not usable outside of PowerShell
[0.319s] DEBUG:colcon.colcon_core.shell:Skip shell extension 'dsv' for command environment
[0.330s] INFO:colcon.colcon_ros.task.ament_cmake.build:Building ROS package in '/home/haodong/Swarm_Module/Swarm_Module_ws/src/dynamixel_sdk_custom_interfaces' with build type 'ament_cmake'
[0.330s] INFO:colcon.colcon_cmake.task.cmake.build:Building CMake package in '/home/haodong/Swarm_Module/Swarm_Module_ws/src/dynamixel_sdk_custom_interfaces'
[0.330s] INFO:colcon.colcon_core.shell:Skip shell extension 'powershell' for command environment: Not usable outside of PowerShell
[0.330s] DEBUG:colcon.colcon_core.shell:Skip shell extension 'dsv' for command environment
[0.343s] DEBUG:colcon.colcon_core.event_handler.log_command:Invoking command in '/home/haodong/Swarm_Module/Swarm_Module_ws/build/dynamixel_sdk': CMAKE_PREFIX_PATH=${CMAKE_PREFIX_PATH}:/home/haodong/Swarm_Module/Swarm_Module_ws/install/dynamixel_motor:/home/haodong/ws_moveit/install/moveit_configs_utils:/opt/ros/jazzy DEBUGINFOD_URLS=https://debuginfod.ubuntu.com /usr/bin/cmake /home/haodong/Swarm_Module/Swarm_Module_ws/src/dynamixel_sdk -DCMAKE_INSTALL_PREFIX=/home/haodong/Swarm_Module/Swarm_Module_ws/install/dynamixel_sdk
[0.348s] DEBUG:colcon.colcon_core.event_handler.log_command:Invoking command in '/home/haodong/Swarm_Module/Swarm_Module_ws/build/dynamixel_sdk_custom_interfaces': CMAKE_PREFIX_PATH=${CMAKE_PREFIX_PATH}:/home/haodong/Swarm_Module/Swarm_Module_ws/install/dynamixel_motor:/home/haodong/ws_moveit/install/moveit_configs_utils:/opt/ros/jazzy DEBUGINFOD_URLS=https://debuginfod.ubuntu.com /usr/bin/cmake /home/haodong/Swarm_Module/Swarm_Module_ws/src/dynamixel_sdk_custom_interfaces -DCMAKE_INSTALL_PREFIX=/home/haodong/Swarm_Module/Swarm_Module_ws/install/dynamixel_sdk_custom_interfaces
[1.865s] DEBUG:colcon.colcon_core.event_handler.log_command:Invoked command in '/home/haodong/Swarm_Module/Swarm_Module_ws/build/dynamixel_sdk' returned '0': CMAKE_PREFIX_PATH=${CMAKE_PREFIX_PATH}:/home/haodong/Swarm_Module/Swarm_Module_ws/install/dynamixel_motor:/home/haodong/ws_moveit/install/moveit_configs_utils:/opt/ros/jazzy DEBUGINFOD_URLS=https://debuginfod.ubuntu.com /usr/bin/cmake /home/haodong/Swarm_Module/Swarm_Module_ws/src/dynamixel_sdk -DCMAKE_INSTALL_PREFIX=/home/haodong/Swarm_Module/Swarm_Module_ws/install/dynamixel_sdk
[1.866s] DEBUG:colcon.colcon_core.event_handler.log_command:Invoking command in '/home/haodong/Swarm_Module/Swarm_Module_ws/build/dynamixel_sdk': CMAKE_PREFIX_PATH=${CMAKE_PREFIX_PATH}:/home/haodong/Swarm_Module/Swarm_Module_ws/install/dynamixel_motor:/home/haodong/ws_moveit/install/moveit_configs_utils:/opt/ros/jazzy DEBUGINFOD_URLS=https://debuginfod.ubuntu.com /usr/bin/cmake --build /home/haodong/Swarm_Module/Swarm_Module_ws/build/dynamixel_sdk -- -j12 -l12
[2.587s] DEBUG:colcon.colcon_core.event_handler.log_command:Invoked command in '/home/haodong/Swarm_Module/Swarm_Module_ws/build/dynamixel_sdk' returned '0': CMAKE_PREFIX_PATH=${CMAKE_PREFIX_PATH}:/home/haodong/Swarm_Module/Swarm_Module_ws/install/dynamixel_motor:/home/haodong/ws_moveit/install/moveit_configs_utils:/opt/ros/jazzy DEBUGINFOD_URLS=https://debuginfod.ubuntu.com /usr/bin/cmake --build /home/haodong/Swarm_Module/Swarm_Module_ws/build/dynamixel_sdk -- -j12 -l12
[2.700s] DEBUG:colcon.colcon_core.event_handler.log_command:Invoking command in '/home/haodong/Swarm_Module/Swarm_Module_ws/build/dynamixel_sdk': CMAKE_PREFIX_PATH=${CMAKE_PREFIX_PATH}:/home/haodong/Swarm_Module/Swarm_Module_ws/install/dynamixel_motor:/home/haodong/ws_moveit/install/moveit_configs_utils:/opt/ros/jazzy DEBUGINFOD_URLS=https://debuginfod.ubuntu.com /usr/bin/cmake --install /home/haodong/Swarm_Module/Swarm_Module_ws/build/dynamixel_sdk
[2.720s] Level 1:colcon.colcon_core.environment:create_environment_scripts_only(dynamixel_sdk)
[2.721s] DEBUG:colcon.colcon_core.event_handler.log_command:Invoked command in '/home/haodong/Swarm_Module/Swarm_Module_ws/build/dynamixel_sdk' returned '0': CMAKE_PREFIX_PATH=${CMAKE_PREFIX_PATH}:/home/haodong/Swarm_Module/Swarm_Module_ws/install/dynamixel_motor:/home/haodong/ws_moveit/install/moveit_configs_utils:/opt/ros/jazzy DEBUGINFOD_URLS=https://debuginfod.ubuntu.com /usr/bin/cmake --install /home/haodong/Swarm_Module/Swarm_Module_ws/build/dynamixel_sdk
[2.724s] Level 1:colcon.colcon_core.environment:checking '/home/haodong/Swarm_Module/Swarm_Module_ws/install/dynamixel_sdk' for CMake module files
[2.725s] Level 1:colcon.colcon_core.environment:checking '/home/haodong/Swarm_Module/Swarm_Module_ws/install/dynamixel_sdk' for CMake config files
[2.725s] Level 1:colcon.colcon_core.shell:create_environment_hook('dynamixel_sdk', 'cmake_prefix_path')
[2.725s] INFO:colcon.colcon_core.shell:Creating environment hook '/home/haodong/Swarm_Module/Swarm_Module_ws/install/dynamixel_sdk/share/dynamixel_sdk/hook/cmake_prefix_path.ps1'
[2.726s] INFO:colcon.colcon_core.shell:Creating environment descriptor '/home/haodong/Swarm_Module/Swarm_Module_ws/install/dynamixel_sdk/share/dynamixel_sdk/hook/cmake_prefix_path.dsv'
[2.727s] INFO:colcon.colcon_core.shell:Creating environment hook '/home/haodong/Swarm_Module/Swarm_Module_ws/install/dynamixel_sdk/share/dynamixel_sdk/hook/cmake_prefix_path.sh'
[2.728s] Level 1:colcon.colcon_core.environment:checking '/home/haodong/Swarm_Module/Swarm_Module_ws/install/dynamixel_sdk/lib'
[2.728s] Level 1:colcon.colcon_core.shell:create_environment_hook('dynamixel_sdk', 'ld_library_path_lib')
[2.728s] INFO:colcon.colcon_core.shell:Creating environment hook '/home/haodong/Swarm_Module/Swarm_Module_ws/install/dynamixel_sdk/share/dynamixel_sdk/hook/ld_library_path_lib.ps1'
[2.728s] INFO:colcon.colcon_core.shell:Creating environment descriptor '/home/haodong/Swarm_Module/Swarm_Module_ws/install/dynamixel_sdk/share/dynamixel_sdk/hook/ld_library_path_lib.dsv'
[2.729s] INFO:colcon.colcon_core.shell:Creating environment hook '/home/haodong/Swarm_Module/Swarm_Module_ws/install/dynamixel_sdk/share/dynamixel_sdk/hook/ld_library_path_lib.sh'
[2.729s] Level 1:colcon.colcon_core.environment:checking '/home/haodong/Swarm_Module/Swarm_Module_ws/install/dynamixel_sdk/bin'
[2.729s] Level 1:colcon.colcon_core.environment:checking '/home/haodong/Swarm_Module/Swarm_Module_ws/install/dynamixel_sdk/lib/pkgconfig/dynamixel_sdk.pc'
[2.729s] Level 1:colcon.colcon_core.environment:checking '/home/haodong/Swarm_Module/Swarm_Module_ws/install/dynamixel_sdk/lib/python3.12/site-packages'
[2.730s] Level 1:colcon.colcon_core.environment:checking '/home/haodong/Swarm_Module/Swarm_Module_ws/install/dynamixel_sdk/bin'
[2.730s] INFO:colcon.colcon_core.shell:Creating package script '/home/haodong/Swarm_Module/Swarm_Module_ws/install/dynamixel_sdk/share/dynamixel_sdk/package.ps1'
[2.731s] INFO:colcon.colcon_core.shell:Creating package descriptor '/home/haodong/Swarm_Module/Swarm_Module_ws/install/dynamixel_sdk/share/dynamixel_sdk/package.dsv'
[2.732s] INFO:colcon.colcon_core.shell:Creating package script '/home/haodong/Swarm_Module/Swarm_Module_ws/install/dynamixel_sdk/share/dynamixel_sdk/package.sh'
[2.733s] INFO:colcon.colcon_core.shell:Creating package script '/home/haodong/Swarm_Module/Swarm_Module_ws/install/dynamixel_sdk/share/dynamixel_sdk/package.bash'
[2.733s] INFO:colcon.colcon_core.shell:Creating package script '/home/haodong/Swarm_Module/Swarm_Module_ws/install/dynamixel_sdk/share/dynamixel_sdk/package.zsh'
[2.734s] Level 1:colcon.colcon_core.environment:create_file_with_runtime_dependencies(/home/haodong/Swarm_Module/Swarm_Module_ws/install/dynamixel_sdk/share/colcon-core/packages/dynamixel_sdk)
[2.813s] Level 1:colcon.colcon_core.environment:create_environment_scripts_only(dynamixel_sdk)
[2.813s] Level 1:colcon.colcon_core.environment:checking '/home/haodong/Swarm_Module/Swarm_Module_ws/install/dynamixel_sdk' for CMake module files
[2.814s] Level 1:colcon.colcon_core.environment:checking '/home/haodong/Swarm_Module/Swarm_Module_ws/install/dynamixel_sdk' for CMake config files
[2.814s] Level 1:colcon.colcon_core.shell:create_environment_hook('dynamixel_sdk', 'cmake_prefix_path')
[2.815s] INFO:colcon.colcon_core.shell:Creating environment hook '/home/haodong/Swarm_Module/Swarm_Module_ws/install/dynamixel_sdk/share/dynamixel_sdk/hook/cmake_prefix_path.ps1'
[2.815s] INFO:colcon.colcon_core.shell:Creating environment descriptor '/home/haodong/Swarm_Module/Swarm_Module_ws/install/dynamixel_sdk/share/dynamixel_sdk/hook/cmake_prefix_path.dsv'
[2.816s] INFO:colcon.colcon_core.shell:Creating environment hook '/home/haodong/Swarm_Module/Swarm_Module_ws/install/dynamixel_sdk/share/dynamixel_sdk/hook/cmake_prefix_path.sh'
[2.816s] Level 1:colcon.colcon_core.environment:checking '/home/haodong/Swarm_Module/Swarm_Module_ws/install/dynamixel_sdk/lib'
[2.816s] Level 1:colcon.colcon_core.shell:create_environment_hook('dynamixel_sdk', 'ld_library_path_lib')
[2.816s] INFO:colcon.colcon_core.shell:Creating environment hook '/home/haodong/Swarm_Module/Swarm_Module_ws/install/dynamixel_sdk/share/dynamixel_sdk/hook/ld_library_path_lib.ps1'
[2.817s] INFO:colcon.colcon_core.shell:Creating environment descriptor '/home/haodong/Swarm_Module/Swarm_Module_ws/install/dynamixel_sdk/share/dynamixel_sdk/hook/ld_library_path_lib.dsv'
[2.817s] INFO:colcon.colcon_core.shell:Creating environment hook '/home/haodong/Swarm_Module/Swarm_Module_ws/install/dynamixel_sdk/share/dynamixel_sdk/hook/ld_library_path_lib.sh'
[2.818s] Level 1:colcon.colcon_core.environment:checking '/home/haodong/Swarm_Module/Swarm_Module_ws/install/dynamixel_sdk/bin'
[2.818s] Level 1:colcon.colcon_core.environment:checking '/home/haodong/Swarm_Module/Swarm_Module_ws/install/dynamixel_sdk/lib/pkgconfig/dynamixel_sdk.pc'
[2.818s] Level 1:colcon.colcon_core.environment:checking '/home/haodong/Swarm_Module/Swarm_Module_ws/install/dynamixel_sdk/lib/python3.12/site-packages'
[2.818s] Level 1:colcon.colcon_core.environment:checking '/home/haodong/Swarm_Module/Swarm_Module_ws/install/dynamixel_sdk/bin'
[2.819s] INFO:colcon.colcon_core.shell:Creating package script '/home/haodong/Swarm_Module/Swarm_Module_ws/install/dynamixel_sdk/share/dynamixel_sdk/package.ps1'
[2.819s] INFO:colcon.colcon_core.shell:Creating package descriptor '/home/haodong/Swarm_Module/Swarm_Module_ws/install/dynamixel_sdk/share/dynamixel_sdk/package.dsv'
[2.820s] INFO:colcon.colcon_core.shell:Creating package script '/home/haodong/Swarm_Module/Swarm_Module_ws/install/dynamixel_sdk/share/dynamixel_sdk/package.sh'
[2.820s] INFO:colcon.colcon_core.shell:Creating package script '/home/haodong/Swarm_Module/Swarm_Module_ws/install/dynamixel_sdk/share/dynamixel_sdk/package.bash'
[2.821s] INFO:colcon.colcon_core.shell:Creating package script '/home/haodong/Swarm_Module/Swarm_Module_ws/install/dynamixel_sdk/share/dynamixel_sdk/package.zsh'
[2.821s] Level 1:colcon.colcon_core.environment:create_file_with_runtime_dependencies(/home/haodong/Swarm_Module/Swarm_Module_ws/install/dynamixel_sdk/share/colcon-core/packages/dynamixel_sdk)
[6.339s] DEBUG:colcon.colcon_core.event_handler.log_command:Invoked command in '/home/haodong/Swarm_Module/Swarm_Module_ws/build/dynamixel_sdk_custom_interfaces' returned '0': CMAKE_PREFIX_PATH=${CMAKE_PREFIX_PATH}:/home/haodong/Swarm_Module/Swarm_Module_ws/install/dynamixel_motor:/home/haodong/ws_moveit/install/moveit_configs_utils:/opt/ros/jazzy DEBUGINFOD_URLS=https://debuginfod.ubuntu.com /usr/bin/cmake /home/haodong/Swarm_Module/Swarm_Module_ws/src/dynamixel_sdk_custom_interfaces -DCMAKE_INSTALL_PREFIX=/home/haodong/Swarm_Module/Swarm_Module_ws/install/dynamixel_sdk_custom_interfaces
[6.339s] DEBUG:colcon.colcon_core.event_handler.log_command:Invoking command in '/home/haodong/Swarm_Module/Swarm_Module_ws/build/dynamixel_sdk_custom_interfaces': CMAKE_PREFIX_PATH=${CMAKE_PREFIX_PATH}:/home/haodong/Swarm_Module/Swarm_Module_ws/install/dynamixel_motor:/home/haodong/ws_moveit/install/moveit_configs_utils:/opt/ros/jazzy DEBUGINFOD_URLS=https://debuginfod.ubuntu.com /usr/bin/cmake --build /home/haodong/Swarm_Module/Swarm_Module_ws/build/dynamixel_sdk_custom_interfaces -- -j12 -l12
[14.848s] DEBUG:colcon.colcon_core.event_handler.log_command:Invoked command in '/home/haodong/Swarm_Module/Swarm_Module_ws/build/dynamixel_sdk_custom_interfaces' returned '0': CMAKE_PREFIX_PATH=${CMAKE_PREFIX_PATH}:/home/haodong/Swarm_Module/Swarm_Module_ws/install/dynamixel_motor:/home/haodong/ws_moveit/install/moveit_configs_utils:/opt/ros/jazzy DEBUGINFOD_URLS=https://debuginfod.ubuntu.com /usr/bin/cmake --build /home/haodong/Swarm_Module/Swarm_Module_ws/build/dynamixel_sdk_custom_interfaces -- -j12 -l12
[16.292s] DEBUG:colcon.colcon_core.event_handler.log_command:Invoking command in '/home/haodong/Swarm_Module/Swarm_Module_ws/build/dynamixel_sdk_custom_interfaces': CMAKE_PREFIX_PATH=${CMAKE_PREFIX_PATH}:/home/haodong/Swarm_Module/Swarm_Module_ws/install/dynamixel_motor:/home/haodong/ws_moveit/install/moveit_configs_utils:/opt/ros/jazzy DEBUGINFOD_URLS=https://debuginfod.ubuntu.com /usr/bin/cmake --install /home/haodong/Swarm_Module/Swarm_Module_ws/build/dynamixel_sdk_custom_interfaces
[16.529s] Level 1:colcon.colcon_core.environment:create_environment_scripts_only(dynamixel_sdk_custom_interfaces)
[16.529s] Level 1:colcon.colcon_core.environment:checking '/home/haodong/Swarm_Module/Swarm_Module_ws/install/dynamixel_sdk_custom_interfaces' for CMake module files
[16.529s] DEBUG:colcon.colcon_core.event_handler.log_command:Invoked command in '/home/haodong/Swarm_Module/Swarm_Module_ws/build/dynamixel_sdk_custom_interfaces' returned '0': CMAKE_PREFIX_PATH=${CMAKE_PREFIX_PATH}:/home/haodong/Swarm_Module/Swarm_Module_ws/install/dynamixel_motor:/home/haodong/ws_moveit/install/moveit_configs_utils:/opt/ros/jazzy DEBUGINFOD_URLS=https://debuginfod.ubuntu.com /usr/bin/cmake --install /home/haodong/Swarm_Module/Swarm_Module_ws/build/dynamixel_sdk_custom_interfaces
[16.530s] Level 1:colcon.colcon_core.environment:checking '/home/haodong/Swarm_Module/Swarm_Module_ws/install/dynamixel_sdk_custom_interfaces' for CMake config files
[16.531s] Level 1:colcon.colcon_core.shell:create_environment_hook('dynamixel_sdk_custom_interfaces', 'cmake_prefix_path')
[16.531s] INFO:colcon.colcon_core.shell:Creating environment hook '/home/haodong/Swarm_Module/Swarm_Module_ws/install/dynamixel_sdk_custom_interfaces/share/dynamixel_sdk_custom_interfaces/hook/cmake_prefix_path.ps1'
[16.531s] INFO:colcon.colcon_core.shell:Creating environment descriptor '/home/haodong/Swarm_Module/Swarm_Module_ws/install/dynamixel_sdk_custom_interfaces/share/dynamixel_sdk_custom_interfaces/hook/cmake_prefix_path.dsv'
[16.531s] INFO:colcon.colcon_core.shell:Creating environment hook '/home/haodong/Swarm_Module/Swarm_Module_ws/install/dynamixel_sdk_custom_interfaces/share/dynamixel_sdk_custom_interfaces/hook/cmake_prefix_path.sh'
[16.532s] Level 1:colcon.colcon_core.environment:checking '/home/haodong/Swarm_Module/Swarm_Module_ws/install/dynamixel_sdk_custom_interfaces/lib'
[16.532s] Level 1:colcon.colcon_core.shell:create_environment_hook('dynamixel_sdk_custom_interfaces', 'ld_library_path_lib')
[16.532s] INFO:colcon.colcon_core.shell:Creating environment hook '/home/haodong/Swarm_Module/Swarm_Module_ws/install/dynamixel_sdk_custom_interfaces/share/dynamixel_sdk_custom_interfaces/hook/ld_library_path_lib.ps1'
[16.533s] INFO:colcon.colcon_core.shell:Creating environment descriptor '/home/haodong/Swarm_Module/Swarm_Module_ws/install/dynamixel_sdk_custom_interfaces/share/dynamixel_sdk_custom_interfaces/hook/ld_library_path_lib.dsv'
[16.533s] INFO:colcon.colcon_core.shell:Creating environment hook '/home/haodong/Swarm_Module/Swarm_Module_ws/install/dynamixel_sdk_custom_interfaces/share/dynamixel_sdk_custom_interfaces/hook/ld_library_path_lib.sh'
[16.533s] Level 1:colcon.colcon_core.environment:checking '/home/haodong/Swarm_Module/Swarm_Module_ws/install/dynamixel_sdk_custom_interfaces/bin'
[16.533s] Level 1:colcon.colcon_core.environment:checking '/home/haodong/Swarm_Module/Swarm_Module_ws/install/dynamixel_sdk_custom_interfaces/lib/pkgconfig/dynamixel_sdk_custom_interfaces.pc'
[16.534s] Level 1:colcon.colcon_core.environment:checking '/home/haodong/Swarm_Module/Swarm_Module_ws/install/dynamixel_sdk_custom_interfaces/lib/python3.12/site-packages'
[16.534s] Level 1:colcon.colcon_core.shell:create_environment_hook('dynamixel_sdk_custom_interfaces', 'pythonpath')
[16.534s] INFO:colcon.colcon_core.shell:Creating environment hook '/home/haodong/Swarm_Module/Swarm_Module_ws/install/dynamixel_sdk_custom_interfaces/share/dynamixel_sdk_custom_interfaces/hook/pythonpath.ps1'
[16.534s] INFO:colcon.colcon_core.shell:Creating environment descriptor '/home/haodong/Swarm_Module/Swarm_Module_ws/install/dynamixel_sdk_custom_interfaces/share/dynamixel_sdk_custom_interfaces/hook/pythonpath.dsv'
[16.535s] INFO:colcon.colcon_core.shell:Creating environment hook '/home/haodong/Swarm_Module/Swarm_Module_ws/install/dynamixel_sdk_custom_interfaces/share/dynamixel_sdk_custom_interfaces/hook/pythonpath.sh'
[16.535s] Level 1:colcon.colcon_core.environment:checking '/home/haodong/Swarm_Module/Swarm_Module_ws/install/dynamixel_sdk_custom_interfaces/bin'
[16.535s] INFO:colcon.colcon_core.shell:Creating package script '/home/haodong/Swarm_Module/Swarm_Module_ws/install/dynamixel_sdk_custom_interfaces/share/dynamixel_sdk_custom_interfaces/package.ps1'
[16.536s] INFO:colcon.colcon_core.shell:Creating package descriptor '/home/haodong/Swarm_Module/Swarm_Module_ws/install/dynamixel_sdk_custom_interfaces/share/dynamixel_sdk_custom_interfaces/package.dsv'
[16.536s] INFO:colcon.colcon_core.shell:Creating package script '/home/haodong/Swarm_Module/Swarm_Module_ws/install/dynamixel_sdk_custom_interfaces/share/dynamixel_sdk_custom_interfaces/package.sh'
[16.537s] INFO:colcon.colcon_core.shell:Creating package script '/home/haodong/Swarm_Module/Swarm_Module_ws/install/dynamixel_sdk_custom_interfaces/share/dynamixel_sdk_custom_interfaces/package.bash'
[16.537s] INFO:colcon.colcon_core.shell:Creating package script '/home/haodong/Swarm_Module/Swarm_Module_ws/install/dynamixel_sdk_custom_interfaces/share/dynamixel_sdk_custom_interfaces/package.zsh'
[16.538s] Level 1:colcon.colcon_core.environment:create_file_with_runtime_dependencies(/home/haodong/Swarm_Module/Swarm_Module_ws/install/dynamixel_sdk_custom_interfaces/share/colcon-core/packages/dynamixel_sdk_custom_interfaces)
[18.076s] Level 1:colcon.colcon_core.environment:create_environment_scripts_only(dynamixel_sdk_custom_interfaces)
[18.076s] Level 1:colcon.colcon_core.environment:checking '/home/haodong/Swarm_Module/Swarm_Module_ws/install/dynamixel_sdk_custom_interfaces' for CMake module files
[18.079s] Level 1:colcon.colcon_core.environment:checking '/home/haodong/Swarm_Module/Swarm_Module_ws/install/dynamixel_sdk_custom_interfaces' for CMake config files
[18.081s] Level 1:colcon.colcon_core.shell:create_environment_hook('dynamixel_sdk_custom_interfaces', 'cmake_prefix_path')
[18.082s] INFO:colcon.colcon_core.shell:Creating environment hook '/home/haodong/Swarm_Module/Swarm_Module_ws/install/dynamixel_sdk_custom_interfaces/share/dynamixel_sdk_custom_interfaces/hook/cmake_prefix_path.ps1'
[18.084s] INFO:colcon.colcon_core.shell:Creating environment descriptor '/home/haodong/Swarm_Module/Swarm_Module_ws/install/dynamixel_sdk_custom_interfaces/share/dynamixel_sdk_custom_interfaces/hook/cmake_prefix_path.dsv'
[18.085s] INFO:colcon.colcon_core.shell:Creating environment hook '/home/haodong/Swarm_Module/Swarm_Module_ws/install/dynamixel_sdk_custom_interfaces/share/dynamixel_sdk_custom_interfaces/hook/cmake_prefix_path.sh'
[18.087s] Level 1:colcon.colcon_core.environment:checking '/home/haodong/Swarm_Module/Swarm_Module_ws/install/dynamixel_sdk_custom_interfaces/lib'
[18.088s] Level 1:colcon.colcon_core.shell:create_environment_hook('dynamixel_sdk_custom_interfaces', 'ld_library_path_lib')
[18.088s] INFO:colcon.colcon_core.shell:Creating environment hook '/home/haodong/Swarm_Module/Swarm_Module_ws/install/dynamixel_sdk_custom_interfaces/share/dynamixel_sdk_custom_interfaces/hook/ld_library_path_lib.ps1'
[18.090s] INFO:colcon.colcon_core.shell:Creating environment descriptor '/home/haodong/Swarm_Module/Swarm_Module_ws/install/dynamixel_sdk_custom_interfaces/share/dynamixel_sdk_custom_interfaces/hook/ld_library_path_lib.dsv'
[18.092s] INFO:colcon.colcon_core.shell:Creating environment hook '/home/haodong/Swarm_Module/Swarm_Module_ws/install/dynamixel_sdk_custom_interfaces/share/dynamixel_sdk_custom_interfaces/hook/ld_library_path_lib.sh'
[18.094s] Level 1:colcon.colcon_core.environment:checking '/home/haodong/Swarm_Module/Swarm_Module_ws/install/dynamixel_sdk_custom_interfaces/bin'
[18.094s] Level 1:colcon.colcon_core.environment:checking '/home/haodong/Swarm_Module/Swarm_Module_ws/install/dynamixel_sdk_custom_interfaces/lib/pkgconfig/dynamixel_sdk_custom_interfaces.pc'
[18.095s] Level 1:colcon.colcon_core.environment:checking '/home/haodong/Swarm_Module/Swarm_Module_ws/install/dynamixel_sdk_custom_interfaces/lib/python3.12/site-packages'
[18.096s] Level 1:colcon.colcon_core.shell:create_environment_hook('dynamixel_sdk_custom_interfaces', 'pythonpath')
[18.097s] INFO:colcon.colcon_core.shell:Creating environment hook '/home/haodong/Swarm_Module/Swarm_Module_ws/install/dynamixel_sdk_custom_interfaces/share/dynamixel_sdk_custom_interfaces/hook/pythonpath.ps1'
[18.098s] INFO:colcon.colcon_core.shell:Creating environment descriptor '/home/haodong/Swarm_Module/Swarm_Module_ws/install/dynamixel_sdk_custom_interfaces/share/dynamixel_sdk_custom_interfaces/hook/pythonpath.dsv'
[18.099s] INFO:colcon.colcon_core.shell:Creating environment hook '/home/haodong/Swarm_Module/Swarm_Module_ws/install/dynamixel_sdk_custom_interfaces/share/dynamixel_sdk_custom_interfaces/hook/pythonpath.sh'
[18.102s] Level 1:colcon.colcon_core.environment:checking '/home/haodong/Swarm_Module/Swarm_Module_ws/install/dynamixel_sdk_custom_interfaces/bin'
[18.103s] INFO:colcon.colcon_core.shell:Creating package script '/home/haodong/Swarm_Module/Swarm_Module_ws/install/dynamixel_sdk_custom_interfaces/share/dynamixel_sdk_custom_interfaces/package.ps1'
[18.105s] INFO:colcon.colcon_core.shell:Creating package descriptor '/home/haodong/Swarm_Module/Swarm_Module_ws/install/dynamixel_sdk_custom_interfaces/share/dynamixel_sdk_custom_interfaces/package.dsv'
[18.108s] INFO:colcon.colcon_core.shell:Creating package script '/home/haodong/Swarm_Module/Swarm_Module_ws/install/dynamixel_sdk_custom_interfaces/share/dynamixel_sdk_custom_interfaces/package.sh'
[18.110s] INFO:colcon.colcon_core.shell:Creating package script '/home/haodong/Swarm_Module/Swarm_Module_ws/install/dynamixel_sdk_custom_interfaces/share/dynamixel_sdk_custom_interfaces/package.bash'
[18.111s] INFO:colcon.colcon_core.shell:Creating package script '/home/haodong/Swarm_Module/Swarm_Module_ws/install/dynamixel_sdk_custom_interfaces/share/dynamixel_sdk_custom_interfaces/package.zsh'
[18.113s] Level 1:colcon.colcon_core.environment:create_file_with_runtime_dependencies(/home/haodong/Swarm_Module/Swarm_Module_ws/install/dynamixel_sdk_custom_interfaces/share/colcon-core/packages/dynamixel_sdk_custom_interfaces)
[18.114s] INFO:colcon.colcon_ros.task.ament_cmake.build:Building ROS package in '/home/haodong/Swarm_Module/Swarm_Module_ws/src/dynamixel_sdk_examples' with build type 'ament_cmake'
[18.114s] INFO:colcon.colcon_cmake.task.cmake.build:Building CMake package in '/home/haodong/Swarm_Module/Swarm_Module_ws/src/dynamixel_sdk_examples'
[18.115s] INFO:colcon.colcon_core.shell:Skip shell extension 'powershell' for command environment: Not usable outside of PowerShell
[18.115s] DEBUG:colcon.colcon_core.shell:Skip shell extension 'dsv' for command environment
[18.222s] DEBUG:colcon.colcon_core.event_handler.log_command:Invoking command in '/home/haodong/Swarm_Module/Swarm_Module_ws/build/dynamixel_sdk_examples': CMAKE_PREFIX_PATH=/home/haodong/Swarm_Module/Swarm_Module_ws/install/dynamixel_sdk_custom_interfaces:/home/haodong/Swarm_Module/Swarm_Module_ws/install/dynamixel_sdk:/home/haodong/Swarm_Module/Swarm_Module_ws/install/dynamixel_sdk_examples:/home/haodong/ws_moveit/install/robotiq_hardware_tests:/home/haodong/ws_moveit/install/robotiq_driver:/home/haodong/ws_moveit/install/serial:/home/haodong/ws_moveit/install/moveit2_tutorials:/home/haodong/ws_moveit/install/moveit_visual_tools:/home/haodong/ws_moveit/install/rviz_visual_tools:/home/haodong/ws_moveit/install/moveit_task_constructor_visualization:/home/haodong/ws_moveit/install/moveit_task_constructor_demo:/home/haodong/ws_moveit/install/moveit_task_constructor_capabilities:/home/haodong/ws_moveit/install/moveit_task_constructor_core:/home/haodong/ws_moveit/install/rviz_marker_tools:/home/haodong/ws_moveit/install/kortex_bringup:/home/haodong/ws_moveit/install/kinova_gen3_lite_moveit_config:/home/haodong/ws_moveit/install/kinova_gen3_7dof_robotiq_2f_85_moveit_config:/home/haodong/ws_moveit/install/kinova_gen3_6dof_robotiq_2f_85_moveit_config:/home/haodong/ws_moveit/install/kortex_description:/home/haodong/ws_moveit/install/robotiq_description:/home/haodong/ws_moveit/install/robotiq_controllers:/home/haodong/ws_moveit/install/pilz_industrial_motion_planner_testutils:/home/haodong/ws_moveit/install/moveit_runtime:/home/haodong/ws_moveit/install/moveit:/home/haodong/ws_moveit/install/moveit_planners:/home/haodong/ws_moveit/install/pilz_industrial_motion_planner:/home/haodong/ws_moveit/install/pick_ik:/home/haodong/ws_moveit/install/moveit_task_constructor_msgs:/home/haodong/ws_moveit/install/moveit_ros_control_interface:/home/haodong/ws_moveit/install/moveit_plugins:/home/haodong/ws_moveit/install/moveit_simple_controller_manager:/home/haodong/ws_moveit/install/moveit_setup_assistant:/home/haodong/ws_moveit/install/moveit_setup_srdf_plugins:/home/haodong/ws_moveit/install/moveit_setup_core_plugins:/home/haodong/ws_moveit/install/moveit_setup_controllers:/home/haodong/ws_moveit/install/moveit_setup_app_plugins:/home/haodong/ws_moveit/install/moveit_setup_framework:/home/haodong/ws_moveit/install/moveit_servo:/home/haodong/ws_moveit/install/moveit_ros_trajectory_cache:/home/haodong/ws_moveit/install/moveit_ros:/home/haodong/ws_moveit/install/moveit_ros_visualization:/home/haodong/ws_moveit/install/moveit_py:/home/haodong/ws_moveit/install/moveit_hybrid_planning:/home/haodong/ws_moveit/install/moveit_ros_planning_interface:/home/haodong/ws_moveit/install/moveit_ros_benchmarks:/home/haodong/ws_moveit/install/moveit_ros_warehouse:/home/haodong/ws_moveit/install/moveit_ros_robot_interaction:/home/haodong/ws_moveit/install/moveit_ros_perception:/home/haodong/ws_moveit/install/moveit_resources_prbt_pg70_support:/home/haodong/ws_moveit/install/moveit_resources_prbt_moveit_config:/home/haodong/ws_moveit/install/moveit_ros_move_group:/home/haodong/ws_moveit/install/moveit_planners_ompl:/home/haodong/ws_moveit/install/moveit_kinematics:/home/haodong/ws_moveit/install/moveit_ros_planning:/home/haodong/ws_moveit/install/moveit_ros_occupancy_map_monitor:/home/haodong/ws_moveit/install/moveit_resources_prbt_support:/home/haodong/ws_moveit/install/moveit_resources_prbt_ikfast_manipulator_plugin:/home/haodong/ws_moveit/install/moveit_resources:/home/haodong/ws_moveit/install/moveit_resources_pr2_description:/home/haodong/ws_moveit/install/moveit_resources_panda_moveit_config:/home/haodong/ws_moveit/install/dual_arm_panda_moveit_config:/home/haodong/ws_moveit/install/moveit_resources_panda_description:/home/haodong/ws_moveit/install/moveit_resources_fanuc_moveit_config:/home/haodong/ws_moveit/install/moveit_resources_fanuc_description:/home/haodong/ws_moveit/install/moveit_planners_stomp:/home/haodong/ws_moveit/install/moveit_planners_chomp:/home/haodong/ws_moveit/install/chomp_motion_planner:/home/haodong/ws_moveit/install/moveit_core:/home/haodong/ws_moveit/install/moveit_msgs:/home/haodong/ws_moveit/install/moveit_common:/home/haodong/ws_moveit/install/kortex_driver:/home/haodong/ws_moveit/install/kortex_api:/home/haodong/ws/franka/install:/opt/ros/jazzy/opt/gz_sim_vendor:/opt/ros/jazzy/opt/gz_sensors_vendor:/opt/ros/jazzy/opt/gz_physics_vendor:/opt/ros/jazzy/opt/sdformat_vendor:/opt/ros/jazzy/opt/gz_gui_vendor:/opt/ros/jazzy/opt/gz_transport_vendor:/opt/ros/jazzy/opt/gz_rendering_vendor:/opt/ros/jazzy/opt/gz_plugin_vendor:/opt/ros/jazzy/opt/gz_fuel_tools_vendor:/opt/ros/jazzy/opt/gz_msgs_vendor:/opt/ros/jazzy/opt/gz_common_vendor:/opt/ros/jazzy/opt/gz_math_vendor:/opt/ros/jazzy/opt/gz_utils_vendor:/opt/ros/jazzy/opt/gz_tools_vendor:/opt/ros/jazzy/opt/gz_ogre_next_vendor:/opt/ros/jazzy/opt/gz_dartsim_vendor:/opt/ros/jazzy/opt/gz_cmake_vendor:/home/haodong/Swarm_Module/Swarm_Module_ws/install/dynamixel_motor:/home/haodong/ws_moveit/install/moveit_configs_utils:/opt/ros/jazzy DEBUGINFOD_URLS=https://debuginfod.ubuntu.com PYTHONPATH=/home/haodong/Swarm_Module/Swarm_Module_ws/install/dynamixel_sdk_custom_interfaces/lib/python3.12/site-packages:/home/haodong/Swarm_Module/Swarm_Module_ws/install/dynamixel_motor/lib/python3.12/site-packages:/home/haodong/ws_moveit/install/moveit_task_constructor_core/lib/python3.12/site-packages:/home/haodong/ws_moveit/install/moveit_task_constructor_msgs/lib/python3.12/site-packages:/home/haodong/ws_moveit/install/moveit_py/lib/python3.12/site-packages:/home/haodong/ws_moveit/install/moveit_msgs/lib/python3.12/site-packages:/home/haodong/ws_moveit/install/moveit_configs_utils/lib/python3.12/site-packages:/home/haodong/ws/franka/install/lib/python3.12/site-packages:/opt/ros/jazzy/lib/python3.12/site-packages /usr/bin/cmake /home/haodong/Swarm_Module/Swarm_Module_ws/src/dynamixel_sdk_examples -DCMAKE_INSTALL_PREFIX=/home/haodong/Swarm_Module/Swarm_Module_ws/install/dynamixel_sdk_examples
[21.671s] DEBUG:colcon.colcon_core.event_handler.log_command:Invoked command in '/home/haodong/Swarm_Module/Swarm_Module_ws/build/dynamixel_sdk_examples' returned '0': CMAKE_PREFIX_PATH=/home/haodong/Swarm_Module/Swarm_Module_ws/install/dynamixel_sdk_custom_interfaces:/home/haodong/Swarm_Module/Swarm_Module_ws/install/dynamixel_sdk:/home/haodong/Swarm_Module/Swarm_Module_ws/install/dynamixel_sdk_examples:/home/haodong/ws_moveit/install/robotiq_hardware_tests:/home/haodong/ws_moveit/install/robotiq_driver:/home/haodong/ws_moveit/install/serial:/home/haodong/ws_moveit/install/moveit2_tutorials:/home/haodong/ws_moveit/install/moveit_visual_tools:/home/haodong/ws_moveit/install/rviz_visual_tools:/home/haodong/ws_moveit/install/moveit_task_constructor_visualization:/home/haodong/ws_moveit/install/moveit_task_constructor_demo:/home/haodong/ws_moveit/install/moveit_task_constructor_capabilities:/home/haodong/ws_moveit/install/moveit_task_constructor_core:/home/haodong/ws_moveit/install/rviz_marker_tools:/home/haodong/ws_moveit/install/kortex_bringup:/home/haodong/ws_moveit/install/kinova_gen3_lite_moveit_config:/home/haodong/ws_moveit/install/kinova_gen3_7dof_robotiq_2f_85_moveit_config:/home/haodong/ws_moveit/install/kinova_gen3_6dof_robotiq_2f_85_moveit_config:/home/haodong/ws_moveit/install/kortex_description:/home/haodong/ws_moveit/install/robotiq_description:/home/haodong/ws_moveit/install/robotiq_controllers:/home/haodong/ws_moveit/install/pilz_industrial_motion_planner_testutils:/home/haodong/ws_moveit/install/moveit_runtime:/home/haodong/ws_moveit/install/moveit:/home/haodong/ws_moveit/install/moveit_planners:/home/haodong/ws_moveit/install/pilz_industrial_motion_planner:/home/haodong/ws_moveit/install/pick_ik:/home/haodong/ws_moveit/install/moveit_task_constructor_msgs:/home/haodong/ws_moveit/install/moveit_ros_control_interface:/home/haodong/ws_moveit/install/moveit_plugins:/home/haodong/ws_moveit/install/moveit_simple_controller_manager:/home/haodong/ws_moveit/install/moveit_setup_assistant:/home/haodong/ws_moveit/install/moveit_setup_srdf_plugins:/home/haodong/ws_moveit/install/moveit_setup_core_plugins:/home/haodong/ws_moveit/install/moveit_setup_controllers:/home/haodong/ws_moveit/install/moveit_setup_app_plugins:/home/haodong/ws_moveit/install/moveit_setup_framework:/home/haodong/ws_moveit/install/moveit_servo:/home/haodong/ws_moveit/install/moveit_ros_trajectory_cache:/home/haodong/ws_moveit/install/moveit_ros:/home/haodong/ws_moveit/install/moveit_ros_visualization:/home/haodong/ws_moveit/install/moveit_py:/home/haodong/ws_moveit/install/moveit_hybrid_planning:/home/haodong/ws_moveit/install/moveit_ros_planning_interface:/home/haodong/ws_moveit/install/moveit_ros_benchmarks:/home/haodong/ws_moveit/install/moveit_ros_warehouse:/home/haodong/ws_moveit/install/moveit_ros_robot_interaction:/home/haodong/ws_moveit/install/moveit_ros_perception:/home/haodong/ws_moveit/install/moveit_resources_prbt_pg70_support:/home/haodong/ws_moveit/install/moveit_resources_prbt_moveit_config:/home/haodong/ws_moveit/install/moveit_ros_move_group:/home/haodong/ws_moveit/install/moveit_planners_ompl:/home/haodong/ws_moveit/install/moveit_kinematics:/home/haodong/ws_moveit/install/moveit_ros_planning:/home/haodong/ws_moveit/install/moveit_ros_occupancy_map_monitor:/home/haodong/ws_moveit/install/moveit_resources_prbt_support:/home/haodong/ws_moveit/install/moveit_resources_prbt_ikfast_manipulator_plugin:/home/haodong/ws_moveit/install/moveit_resources:/home/haodong/ws_moveit/install/moveit_resources_pr2_description:/home/haodong/ws_moveit/install/moveit_resources_panda_moveit_config:/home/haodong/ws_moveit/install/dual_arm_panda_moveit_config:/home/haodong/ws_moveit/install/moveit_resources_panda_description:/home/haodong/ws_moveit/install/moveit_resources_fanuc_moveit_config:/home/haodong/ws_moveit/install/moveit_resources_fanuc_description:/home/haodong/ws_moveit/install/moveit_planners_stomp:/home/haodong/ws_moveit/install/moveit_planners_chomp:/home/haodong/ws_moveit/install/chomp_motion_planner:/home/haodong/ws_moveit/install/moveit_core:/home/haodong/ws_moveit/install/moveit_msgs:/home/haodong/ws_moveit/install/moveit_common:/home/haodong/ws_moveit/install/kortex_driver:/home/haodong/ws_moveit/install/kortex_api:/home/haodong/ws/franka/install:/opt/ros/jazzy/opt/gz_sim_vendor:/opt/ros/jazzy/opt/gz_sensors_vendor:/opt/ros/jazzy/opt/gz_physics_vendor:/opt/ros/jazzy/opt/sdformat_vendor:/opt/ros/jazzy/opt/gz_gui_vendor:/opt/ros/jazzy/opt/gz_transport_vendor:/opt/ros/jazzy/opt/gz_rendering_vendor:/opt/ros/jazzy/opt/gz_plugin_vendor:/opt/ros/jazzy/opt/gz_fuel_tools_vendor:/opt/ros/jazzy/opt/gz_msgs_vendor:/opt/ros/jazzy/opt/gz_common_vendor:/opt/ros/jazzy/opt/gz_math_vendor:/opt/ros/jazzy/opt/gz_utils_vendor:/opt/ros/jazzy/opt/gz_tools_vendor:/opt/ros/jazzy/opt/gz_ogre_next_vendor:/opt/ros/jazzy/opt/gz_dartsim_vendor:/opt/ros/jazzy/opt/gz_cmake_vendor:/home/haodong/Swarm_Module/Swarm_Module_ws/install/dynamixel_motor:/home/haodong/ws_moveit/install/moveit_configs_utils:/opt/ros/jazzy DEBUGINFOD_URLS=https://debuginfod.ubuntu.com PYTHONPATH=/home/haodong/Swarm_Module/Swarm_Module_ws/install/dynamixel_sdk_custom_interfaces/lib/python3.12/site-packages:/home/haodong/Swarm_Module/Swarm_Module_ws/install/dynamixel_motor/lib/python3.12/site-packages:/home/haodong/ws_moveit/install/moveit_task_constructor_core/lib/python3.12/site-packages:/home/haodong/ws_moveit/install/moveit_task_constructor_msgs/lib/python3.12/site-packages:/home/haodong/ws_moveit/install/moveit_py/lib/python3.12/site-packages:/home/haodong/ws_moveit/install/moveit_msgs/lib/python3.12/site-packages:/home/haodong/ws_moveit/install/moveit_configs_utils/lib/python3.12/site-packages:/home/haodong/ws/franka/install/lib/python3.12/site-packages:/opt/ros/jazzy/lib/python3.12/site-packages /usr/bin/cmake /home/haodong/Swarm_Module/Swarm_Module_ws/src/dynamixel_sdk_examples -DCMAKE_INSTALL_PREFIX=/home/haodong/Swarm_Module/Swarm_Module_ws/install/dynamixel_sdk_examples
[21.672s] DEBUG:colcon.colcon_core.event_handler.log_command:Invoking command in '/home/haodong/Swarm_Module/Swarm_Module_ws/build/dynamixel_sdk_examples': CMAKE_PREFIX_PATH=/home/haodong/Swarm_Module/Swarm_Module_ws/install/dynamixel_sdk_custom_interfaces:/home/haodong/Swarm_Module/Swarm_Module_ws/install/dynamixel_sdk:/home/haodong/Swarm_Module/Swarm_Module_ws/install/dynamixel_sdk_examples:/home/haodong/ws_moveit/install/robotiq_hardware_tests:/home/haodong/ws_moveit/install/robotiq_driver:/home/haodong/ws_moveit/install/serial:/home/haodong/ws_moveit/install/moveit2_tutorials:/home/haodong/ws_moveit/install/moveit_visual_tools:/home/haodong/ws_moveit/install/rviz_visual_tools:/home/haodong/ws_moveit/install/moveit_task_constructor_visualization:/home/haodong/ws_moveit/install/moveit_task_constructor_demo:/home/haodong/ws_moveit/install/moveit_task_constructor_capabilities:/home/haodong/ws_moveit/install/moveit_task_constructor_core:/home/haodong/ws_moveit/install/rviz_marker_tools:/home/haodong/ws_moveit/install/kortex_bringup:/home/haodong/ws_moveit/install/kinova_gen3_lite_moveit_config:/home/haodong/ws_moveit/install/kinova_gen3_7dof_robotiq_2f_85_moveit_config:/home/haodong/ws_moveit/install/kinova_gen3_6dof_robotiq_2f_85_moveit_config:/home/haodong/ws_moveit/install/kortex_description:/home/haodong/ws_moveit/install/robotiq_description:/home/haodong/ws_moveit/install/robotiq_controllers:/home/haodong/ws_moveit/install/pilz_industrial_motion_planner_testutils:/home/haodong/ws_moveit/install/moveit_runtime:/home/haodong/ws_moveit/install/moveit:/home/haodong/ws_moveit/install/moveit_planners:/home/haodong/ws_moveit/install/pilz_industrial_motion_planner:/home/haodong/ws_moveit/install/pick_ik:/home/haodong/ws_moveit/install/moveit_task_constructor_msgs:/home/haodong/ws_moveit/install/moveit_ros_control_interface:/home/haodong/ws_moveit/install/moveit_plugins:/home/haodong/ws_moveit/install/moveit_simple_controller_manager:/home/haodong/ws_moveit/install/moveit_setup_assistant:/home/haodong/ws_moveit/install/moveit_setup_srdf_plugins:/home/haodong/ws_moveit/install/moveit_setup_core_plugins:/home/haodong/ws_moveit/install/moveit_setup_controllers:/home/haodong/ws_moveit/install/moveit_setup_app_plugins:/home/haodong/ws_moveit/install/moveit_setup_framework:/home/haodong/ws_moveit/install/moveit_servo:/home/haodong/ws_moveit/install/moveit_ros_trajectory_cache:/home/haodong/ws_moveit/install/moveit_ros:/home/haodong/ws_moveit/install/moveit_ros_visualization:/home/haodong/ws_moveit/install/moveit_py:/home/haodong/ws_moveit/install/moveit_hybrid_planning:/home/haodong/ws_moveit/install/moveit_ros_planning_interface:/home/haodong/ws_moveit/install/moveit_ros_benchmarks:/home/haodong/ws_moveit/install/moveit_ros_warehouse:/home/haodong/ws_moveit/install/moveit_ros_robot_interaction:/home/haodong/ws_moveit/install/moveit_ros_perception:/home/haodong/ws_moveit/install/moveit_resources_prbt_pg70_support:/home/haodong/ws_moveit/install/moveit_resources_prbt_moveit_config:/home/haodong/ws_moveit/install/moveit_ros_move_group:/home/haodong/ws_moveit/install/moveit_planners_ompl:/home/haodong/ws_moveit/install/moveit_kinematics:/home/haodong/ws_moveit/install/moveit_ros_planning:/home/haodong/ws_moveit/install/moveit_ros_occupancy_map_monitor:/home/haodong/ws_moveit/install/moveit_resources_prbt_support:/home/haodong/ws_moveit/install/moveit_resources_prbt_ikfast_manipulator_plugin:/home/haodong/ws_moveit/install/moveit_resources:/home/haodong/ws_moveit/install/moveit_resources_pr2_description:/home/haodong/ws_moveit/install/moveit_resources_panda_moveit_config:/home/haodong/ws_moveit/install/dual_arm_panda_moveit_config:/home/haodong/ws_moveit/install/moveit_resources_panda_description:/home/haodong/ws_moveit/install/moveit_resources_fanuc_moveit_config:/home/haodong/ws_moveit/install/moveit_resources_fanuc_description:/home/haodong/ws_moveit/install/moveit_planners_stomp:/home/haodong/ws_moveit/install/moveit_planners_chomp:/home/haodong/ws_moveit/install/chomp_motion_planner:/home/haodong/ws_moveit/install/moveit_core:/home/haodong/ws_moveit/install/moveit_msgs:/home/haodong/ws_moveit/install/moveit_common:/home/haodong/ws_moveit/install/kortex_driver:/home/haodong/ws_moveit/install/kortex_api:/home/haodong/ws/franka/install:/opt/ros/jazzy/opt/gz_sim_vendor:/opt/ros/jazzy/opt/gz_sensors_vendor:/opt/ros/jazzy/opt/gz_physics_vendor:/opt/ros/jazzy/opt/sdformat_vendor:/opt/ros/jazzy/opt/gz_gui_vendor:/opt/ros/jazzy/opt/gz_transport_vendor:/opt/ros/jazzy/opt/gz_rendering_vendor:/opt/ros/jazzy/opt/gz_plugin_vendor:/opt/ros/jazzy/opt/gz_fuel_tools_vendor:/opt/ros/jazzy/opt/gz_msgs_vendor:/opt/ros/jazzy/opt/gz_common_vendor:/opt/ros/jazzy/opt/gz_math_vendor:/opt/ros/jazzy/opt/gz_utils_vendor:/opt/ros/jazzy/opt/gz_tools_vendor:/opt/ros/jazzy/opt/gz_ogre_next_vendor:/opt/ros/jazzy/opt/gz_dartsim_vendor:/opt/ros/jazzy/opt/gz_cmake_vendor:/home/haodong/Swarm_Module/Swarm_Module_ws/install/dynamixel_motor:/home/haodong/ws_moveit/install/moveit_configs_utils:/opt/ros/jazzy DEBUGINFOD_URLS=https://debuginfod.ubuntu.com PYTHONPATH=/home/haodong/Swarm_Module/Swarm_Module_ws/install/dynamixel_sdk_custom_interfaces/lib/python3.12/site-packages:/home/haodong/Swarm_Module/Swarm_Module_ws/install/dynamixel_motor/lib/python3.12/site-packages:/home/haodong/ws_moveit/install/moveit_task_constructor_core/lib/python3.12/site-packages:/home/haodong/ws_moveit/install/moveit_task_constructor_msgs/lib/python3.12/site-packages:/home/haodong/ws_moveit/install/moveit_py/lib/python3.12/site-packages:/home/haodong/ws_moveit/install/moveit_msgs/lib/python3.12/site-packages:/home/haodong/ws_moveit/install/moveit_configs_utils/lib/python3.12/site-packages:/home/haodong/ws/franka/install/lib/python3.12/site-packages:/opt/ros/jazzy/lib/python3.12/site-packages /usr/bin/cmake --build /home/haodong/Swarm_Module/Swarm_Module_ws/build/dynamixel_sdk_examples -- -j12 -l12
[31.005s] DEBUG:colcon.colcon_core.event_handler.log_command:Invoked command in '/home/haodong/Swarm_Module/Swarm_Module_ws/build/dynamixel_sdk_examples' returned '0': CMAKE_PREFIX_PATH=/home/haodong/Swarm_Module/Swarm_Module_ws/install/dynamixel_sdk_custom_interfaces:/home/haodong/Swarm_Module/Swarm_Module_ws/install/dynamixel_sdk:/home/haodong/Swarm_Module/Swarm_Module_ws/install/dynamixel_sdk_examples:/home/haodong/ws_moveit/install/robotiq_hardware_tests:/home/haodong/ws_moveit/install/robotiq_driver:/home/haodong/ws_moveit/install/serial:/home/haodong/ws_moveit/install/moveit2_tutorials:/home/haodong/ws_moveit/install/moveit_visual_tools:/home/haodong/ws_moveit/install/rviz_visual_tools:/home/haodong/ws_moveit/install/moveit_task_constructor_visualization:/home/haodong/ws_moveit/install/moveit_task_constructor_demo:/home/haodong/ws_moveit/install/moveit_task_constructor_capabilities:/home/haodong/ws_moveit/install/moveit_task_constructor_core:/home/haodong/ws_moveit/install/rviz_marker_tools:/home/haodong/ws_moveit/install/kortex_bringup:/home/haodong/ws_moveit/install/kinova_gen3_lite_moveit_config:/home/haodong/ws_moveit/install/kinova_gen3_7dof_robotiq_2f_85_moveit_config:/home/haodong/ws_moveit/install/kinova_gen3_6dof_robotiq_2f_85_moveit_config:/home/haodong/ws_moveit/install/kortex_description:/home/haodong/ws_moveit/install/robotiq_description:/home/haodong/ws_moveit/install/robotiq_controllers:/home/haodong/ws_moveit/install/pilz_industrial_motion_planner_testutils:/home/haodong/ws_moveit/install/moveit_runtime:/home/haodong/ws_moveit/install/moveit:/home/haodong/ws_moveit/install/moveit_planners:/home/haodong/ws_moveit/install/pilz_industrial_motion_planner:/home/haodong/ws_moveit/install/pick_ik:/home/haodong/ws_moveit/install/moveit_task_constructor_msgs:/home/haodong/ws_moveit/install/moveit_ros_control_interface:/home/haodong/ws_moveit/install/moveit_plugins:/home/haodong/ws_moveit/install/moveit_simple_controller_manager:/home/haodong/ws_moveit/install/moveit_setup_assistant:/home/haodong/ws_moveit/install/moveit_setup_srdf_plugins:/home/haodong/ws_moveit/install/moveit_setup_core_plugins:/home/haodong/ws_moveit/install/moveit_setup_controllers:/home/haodong/ws_moveit/install/moveit_setup_app_plugins:/home/haodong/ws_moveit/install/moveit_setup_framework:/home/haodong/ws_moveit/install/moveit_servo:/home/haodong/ws_moveit/install/moveit_ros_trajectory_cache:/home/haodong/ws_moveit/install/moveit_ros:/home/haodong/ws_moveit/install/moveit_ros_visualization:/home/haodong/ws_moveit/install/moveit_py:/home/haodong/ws_moveit/install/moveit_hybrid_planning:/home/haodong/ws_moveit/install/moveit_ros_planning_interface:/home/haodong/ws_moveit/install/moveit_ros_benchmarks:/home/haodong/ws_moveit/install/moveit_ros_warehouse:/home/haodong/ws_moveit/install/moveit_ros_robot_interaction:/home/haodong/ws_moveit/install/moveit_ros_perception:/home/haodong/ws_moveit/install/moveit_resources_prbt_pg70_support:/home/haodong/ws_moveit/install/moveit_resources_prbt_moveit_config:/home/haodong/ws_moveit/install/moveit_ros_move_group:/home/haodong/ws_moveit/install/moveit_planners_ompl:/home/haodong/ws_moveit/install/moveit_kinematics:/home/haodong/ws_moveit/install/moveit_ros_planning:/home/haodong/ws_moveit/install/moveit_ros_occupancy_map_monitor:/home/haodong/ws_moveit/install/moveit_resources_prbt_support:/home/haodong/ws_moveit/install/moveit_resources_prbt_ikfast_manipulator_plugin:/home/haodong/ws_moveit/install/moveit_resources:/home/haodong/ws_moveit/install/moveit_resources_pr2_description:/home/haodong/ws_moveit/install/moveit_resources_panda_moveit_config:/home/haodong/ws_moveit/install/dual_arm_panda_moveit_config:/home/haodong/ws_moveit/install/moveit_resources_panda_description:/home/haodong/ws_moveit/install/moveit_resources_fanuc_moveit_config:/home/haodong/ws_moveit/install/moveit_resources_fanuc_description:/home/haodong/ws_moveit/install/moveit_planners_stomp:/home/haodong/ws_moveit/install/moveit_planners_chomp:/home/haodong/ws_moveit/install/chomp_motion_planner:/home/haodong/ws_moveit/install/moveit_core:/home/haodong/ws_moveit/install/moveit_msgs:/home/haodong/ws_moveit/install/moveit_common:/home/haodong/ws_moveit/install/kortex_driver:/home/haodong/ws_moveit/install/kortex_api:/home/haodong/ws/franka/install:/opt/ros/jazzy/opt/gz_sim_vendor:/opt/ros/jazzy/opt/gz_sensors_vendor:/opt/ros/jazzy/opt/gz_physics_vendor:/opt/ros/jazzy/opt/sdformat_vendor:/opt/ros/jazzy/opt/gz_gui_vendor:/opt/ros/jazzy/opt/gz_transport_vendor:/opt/ros/jazzy/opt/gz_rendering_vendor:/opt/ros/jazzy/opt/gz_plugin_vendor:/opt/ros/jazzy/opt/gz_fuel_tools_vendor:/opt/ros/jazzy/opt/gz_msgs_vendor:/opt/ros/jazzy/opt/gz_common_vendor:/opt/ros/jazzy/opt/gz_math_vendor:/opt/ros/jazzy/opt/gz_utils_vendor:/opt/ros/jazzy/opt/gz_tools_vendor:/opt/ros/jazzy/opt/gz_ogre_next_vendor:/opt/ros/jazzy/opt/gz_dartsim_vendor:/opt/ros/jazzy/opt/gz_cmake_vendor:/home/haodong/Swarm_Module/Swarm_Module_ws/install/dynamixel_motor:/home/haodong/ws_moveit/install/moveit_configs_utils:/opt/ros/jazzy DEBUGINFOD_URLS=https://debuginfod.ubuntu.com PYTHONPATH=/home/haodong/Swarm_Module/Swarm_Module_ws/install/dynamixel_sdk_custom_interfaces/lib/python3.12/site-packages:/home/haodong/Swarm_Module/Swarm_Module_ws/install/dynamixel_motor/lib/python3.12/site-packages:/home/haodong/ws_moveit/install/moveit_task_constructor_core/lib/python3.12/site-packages:/home/haodong/ws_moveit/install/moveit_task_constructor_msgs/lib/python3.12/site-packages:/home/haodong/ws_moveit/install/moveit_py/lib/python3.12/site-packages:/home/haodong/ws_moveit/install/moveit_msgs/lib/python3.12/site-packages:/home/haodong/ws_moveit/install/moveit_configs_utils/lib/python3.12/site-packages:/home/haodong/ws/franka/install/lib/python3.12/site-packages:/opt/ros/jazzy/lib/python3.12/site-packages /usr/bin/cmake --build /home/haodong/Swarm_Module/Swarm_Module_ws/build/dynamixel_sdk_examples -- -j12 -l12
[31.045s] DEBUG:colcon.colcon_core.event_handler.log_command:Invoking command in '/home/haodong/Swarm_Module/Swarm_Module_ws/build/dynamixel_sdk_examples': CMAKE_PREFIX_PATH=/home/haodong/Swarm_Module/Swarm_Module_ws/install/dynamixel_sdk_custom_interfaces:/home/haodong/Swarm_Module/Swarm_Module_ws/install/dynamixel_sdk:/home/haodong/Swarm_Module/Swarm_Module_ws/install/dynamixel_sdk_examples:/home/haodong/ws_moveit/install/robotiq_hardware_tests:/home/haodong/ws_moveit/install/robotiq_driver:/home/haodong/ws_moveit/install/serial:/home/haodong/ws_moveit/install/moveit2_tutorials:/home/haodong/ws_moveit/install/moveit_visual_tools:/home/haodong/ws_moveit/install/rviz_visual_tools:/home/haodong/ws_moveit/install/moveit_task_constructor_visualization:/home/haodong/ws_moveit/install/moveit_task_constructor_demo:/home/haodong/ws_moveit/install/moveit_task_constructor_capabilities:/home/haodong/ws_moveit/install/moveit_task_constructor_core:/home/haodong/ws_moveit/install/rviz_marker_tools:/home/haodong/ws_moveit/install/kortex_bringup:/home/haodong/ws_moveit/install/kinova_gen3_lite_moveit_config:/home/haodong/ws_moveit/install/kinova_gen3_7dof_robotiq_2f_85_moveit_config:/home/haodong/ws_moveit/install/kinova_gen3_6dof_robotiq_2f_85_moveit_config:/home/haodong/ws_moveit/install/kortex_description:/home/haodong/ws_moveit/install/robotiq_description:/home/haodong/ws_moveit/install/robotiq_controllers:/home/haodong/ws_moveit/install/pilz_industrial_motion_planner_testutils:/home/haodong/ws_moveit/install/moveit_runtime:/home/haodong/ws_moveit/install/moveit:/home/haodong/ws_moveit/install/moveit_planners:/home/haodong/ws_moveit/install/pilz_industrial_motion_planner:/home/haodong/ws_moveit/install/pick_ik:/home/haodong/ws_moveit/install/moveit_task_constructor_msgs:/home/haodong/ws_moveit/install/moveit_ros_control_interface:/home/haodong/ws_moveit/install/moveit_plugins:/home/haodong/ws_moveit/install/moveit_simple_controller_manager:/home/haodong/ws_moveit/install/moveit_setup_assistant:/home/haodong/ws_moveit/install/moveit_setup_srdf_plugins:/home/haodong/ws_moveit/install/moveit_setup_core_plugins:/home/haodong/ws_moveit/install/moveit_setup_controllers:/home/haodong/ws_moveit/install/moveit_setup_app_plugins:/home/haodong/ws_moveit/install/moveit_setup_framework:/home/haodong/ws_moveit/install/moveit_servo:/home/haodong/ws_moveit/install/moveit_ros_trajectory_cache:/home/haodong/ws_moveit/install/moveit_ros:/home/haodong/ws_moveit/install/moveit_ros_visualization:/home/haodong/ws_moveit/install/moveit_py:/home/haodong/ws_moveit/install/moveit_hybrid_planning:/home/haodong/ws_moveit/install/moveit_ros_planning_interface:/home/haodong/ws_moveit/install/moveit_ros_benchmarks:/home/haodong/ws_moveit/install/moveit_ros_warehouse:/home/haodong/ws_moveit/install/moveit_ros_robot_interaction:/home/haodong/ws_moveit/install/moveit_ros_perception:/home/haodong/ws_moveit/install/moveit_resources_prbt_pg70_support:/home/haodong/ws_moveit/install/moveit_resources_prbt_moveit_config:/home/haodong/ws_moveit/install/moveit_ros_move_group:/home/haodong/ws_moveit/install/moveit_planners_ompl:/home/haodong/ws_moveit/install/moveit_kinematics:/home/haodong/ws_moveit/install/moveit_ros_planning:/home/haodong/ws_moveit/install/moveit_ros_occupancy_map_monitor:/home/haodong/ws_moveit/install/moveit_resources_prbt_support:/home/haodong/ws_moveit/install/moveit_resources_prbt_ikfast_manipulator_plugin:/home/haodong/ws_moveit/install/moveit_resources:/home/haodong/ws_moveit/install/moveit_resources_pr2_description:/home/haodong/ws_moveit/install/moveit_resources_panda_moveit_config:/home/haodong/ws_moveit/install/dual_arm_panda_moveit_config:/home/haodong/ws_moveit/install/moveit_resources_panda_description:/home/haodong/ws_moveit/install/moveit_resources_fanuc_moveit_config:/home/haodong/ws_moveit/install/moveit_resources_fanuc_description:/home/haodong/ws_moveit/install/moveit_planners_stomp:/home/haodong/ws_moveit/install/moveit_planners_chomp:/home/haodong/ws_moveit/install/chomp_motion_planner:/home/haodong/ws_moveit/install/moveit_core:/home/haodong/ws_moveit/install/moveit_msgs:/home/haodong/ws_moveit/install/moveit_common:/home/haodong/ws_moveit/install/kortex_driver:/home/haodong/ws_moveit/install/kortex_api:/home/haodong/ws/franka/install:/opt/ros/jazzy/opt/gz_sim_vendor:/opt/ros/jazzy/opt/gz_sensors_vendor:/opt/ros/jazzy/opt/gz_physics_vendor:/opt/ros/jazzy/opt/sdformat_vendor:/opt/ros/jazzy/opt/gz_gui_vendor:/opt/ros/jazzy/opt/gz_transport_vendor:/opt/ros/jazzy/opt/gz_rendering_vendor:/opt/ros/jazzy/opt/gz_plugin_vendor:/opt/ros/jazzy/opt/gz_fuel_tools_vendor:/opt/ros/jazzy/opt/gz_msgs_vendor:/opt/ros/jazzy/opt/gz_common_vendor:/opt/ros/jazzy/opt/gz_math_vendor:/opt/ros/jazzy/opt/gz_utils_vendor:/opt/ros/jazzy/opt/gz_tools_vendor:/opt/ros/jazzy/opt/gz_ogre_next_vendor:/opt/ros/jazzy/opt/gz_dartsim_vendor:/opt/ros/jazzy/opt/gz_cmake_vendor:/home/haodong/Swarm_Module/Swarm_Module_ws/install/dynamixel_motor:/home/haodong/ws_moveit/install/moveit_configs_utils:/opt/ros/jazzy DEBUGINFOD_URLS=https://debuginfod.ubuntu.com PYTHONPATH=/home/haodong/Swarm_Module/Swarm_Module_ws/install/dynamixel_sdk_custom_interfaces/lib/python3.12/site-packages:/home/haodong/Swarm_Module/Swarm_Module_ws/install/dynamixel_motor/lib/python3.12/site-packages:/home/haodong/ws_moveit/install/moveit_task_constructor_core/lib/python3.12/site-packages:/home/haodong/ws_moveit/install/moveit_task_constructor_msgs/lib/python3.12/site-packages:/home/haodong/ws_moveit/install/moveit_py/lib/python3.12/site-packages:/home/haodong/ws_moveit/install/moveit_msgs/lib/python3.12/site-packages:/home/haodong/ws_moveit/install/moveit_configs_utils/lib/python3.12/site-packages:/home/haodong/ws/franka/install/lib/python3.12/site-packages:/opt/ros/jazzy/lib/python3.12/site-packages /usr/bin/cmake --install /home/haodong/Swarm_Module/Swarm_Module_ws/build/dynamixel_sdk_examples
[31.073s] Level 1:colcon.colcon_core.environment:create_environment_scripts_only(dynamixel_sdk_examples)
[31.074s] Level 1:colcon.colcon_core.environment:checking '/home/haodong/Swarm_Module/Swarm_Module_ws/install/dynamixel_sdk_examples' for CMake module files
[31.075s] DEBUG:colcon.colcon_core.event_handler.log_command:Invoked command in '/home/haodong/Swarm_Module/Swarm_Module_ws/build/dynamixel_sdk_examples' returned '0': CMAKE_PREFIX_PATH=/home/haodong/Swarm_Module/Swarm_Module_ws/install/dynamixel_sdk_custom_interfaces:/home/haodong/Swarm_Module/Swarm_Module_ws/install/dynamixel_sdk:/home/haodong/Swarm_Module/Swarm_Module_ws/install/dynamixel_sdk_examples:/home/haodong/ws_moveit/install/robotiq_hardware_tests:/home/haodong/ws_moveit/install/robotiq_driver:/home/haodong/ws_moveit/install/serial:/home/haodong/ws_moveit/install/moveit2_tutorials:/home/haodong/ws_moveit/install/moveit_visual_tools:/home/haodong/ws_moveit/install/rviz_visual_tools:/home/haodong/ws_moveit/install/moveit_task_constructor_visualization:/home/haodong/ws_moveit/install/moveit_task_constructor_demo:/home/haodong/ws_moveit/install/moveit_task_constructor_capabilities:/home/haodong/ws_moveit/install/moveit_task_constructor_core:/home/haodong/ws_moveit/install/rviz_marker_tools:/home/haodong/ws_moveit/install/kortex_bringup:/home/haodong/ws_moveit/install/kinova_gen3_lite_moveit_config:/home/haodong/ws_moveit/install/kinova_gen3_7dof_robotiq_2f_85_moveit_config:/home/haodong/ws_moveit/install/kinova_gen3_6dof_robotiq_2f_85_moveit_config:/home/haodong/ws_moveit/install/kortex_description:/home/haodong/ws_moveit/install/robotiq_description:/home/haodong/ws_moveit/install/robotiq_controllers:/home/haodong/ws_moveit/install/pilz_industrial_motion_planner_testutils:/home/haodong/ws_moveit/install/moveit_runtime:/home/haodong/ws_moveit/install/moveit:/home/haodong/ws_moveit/install/moveit_planners:/home/haodong/ws_moveit/install/pilz_industrial_motion_planner:/home/haodong/ws_moveit/install/pick_ik:/home/haodong/ws_moveit/install/moveit_task_constructor_msgs:/home/haodong/ws_moveit/install/moveit_ros_control_interface:/home/haodong/ws_moveit/install/moveit_plugins:/home/haodong/ws_moveit/install/moveit_simple_controller_manager:/home/haodong/ws_moveit/install/moveit_setup_assistant:/home/haodong/ws_moveit/install/moveit_setup_srdf_plugins:/home/haodong/ws_moveit/install/moveit_setup_core_plugins:/home/haodong/ws_moveit/install/moveit_setup_controllers:/home/haodong/ws_moveit/install/moveit_setup_app_plugins:/home/haodong/ws_moveit/install/moveit_setup_framework:/home/haodong/ws_moveit/install/moveit_servo:/home/haodong/ws_moveit/install/moveit_ros_trajectory_cache:/home/haodong/ws_moveit/install/moveit_ros:/home/haodong/ws_moveit/install/moveit_ros_visualization:/home/haodong/ws_moveit/install/moveit_py:/home/haodong/ws_moveit/install/moveit_hybrid_planning:/home/haodong/ws_moveit/install/moveit_ros_planning_interface:/home/haodong/ws_moveit/install/moveit_ros_benchmarks:/home/haodong/ws_moveit/install/moveit_ros_warehouse:/home/haodong/ws_moveit/install/moveit_ros_robot_interaction:/home/haodong/ws_moveit/install/moveit_ros_perception:/home/haodong/ws_moveit/install/moveit_resources_prbt_pg70_support:/home/haodong/ws_moveit/install/moveit_resources_prbt_moveit_config:/home/haodong/ws_moveit/install/moveit_ros_move_group:/home/haodong/ws_moveit/install/moveit_planners_ompl:/home/haodong/ws_moveit/install/moveit_kinematics:/home/haodong/ws_moveit/install/moveit_ros_planning:/home/haodong/ws_moveit/install/moveit_ros_occupancy_map_monitor:/home/haodong/ws_moveit/install/moveit_resources_prbt_support:/home/haodong/ws_moveit/install/moveit_resources_prbt_ikfast_manipulator_plugin:/home/haodong/ws_moveit/install/moveit_resources:/home/haodong/ws_moveit/install/moveit_resources_pr2_description:/home/haodong/ws_moveit/install/moveit_resources_panda_moveit_config:/home/haodong/ws_moveit/install/dual_arm_panda_moveit_config:/home/haodong/ws_moveit/install/moveit_resources_panda_description:/home/haodong/ws_moveit/install/moveit_resources_fanuc_moveit_config:/home/haodong/ws_moveit/install/moveit_resources_fanuc_description:/home/haodong/ws_moveit/install/moveit_planners_stomp:/home/haodong/ws_moveit/install/moveit_planners_chomp:/home/haodong/ws_moveit/install/chomp_motion_planner:/home/haodong/ws_moveit/install/moveit_core:/home/haodong/ws_moveit/install/moveit_msgs:/home/haodong/ws_moveit/install/moveit_common:/home/haodong/ws_moveit/install/kortex_driver:/home/haodong/ws_moveit/install/kortex_api:/home/haodong/ws/franka/install:/opt/ros/jazzy/opt/gz_sim_vendor:/opt/ros/jazzy/opt/gz_sensors_vendor:/opt/ros/jazzy/opt/gz_physics_vendor:/opt/ros/jazzy/opt/sdformat_vendor:/opt/ros/jazzy/opt/gz_gui_vendor:/opt/ros/jazzy/opt/gz_transport_vendor:/opt/ros/jazzy/opt/gz_rendering_vendor:/opt/ros/jazzy/opt/gz_plugin_vendor:/opt/ros/jazzy/opt/gz_fuel_tools_vendor:/opt/ros/jazzy/opt/gz_msgs_vendor:/opt/ros/jazzy/opt/gz_common_vendor:/opt/ros/jazzy/opt/gz_math_vendor:/opt/ros/jazzy/opt/gz_utils_vendor:/opt/ros/jazzy/opt/gz_tools_vendor:/opt/ros/jazzy/opt/gz_ogre_next_vendor:/opt/ros/jazzy/opt/gz_dartsim_vendor:/opt/ros/jazzy/opt/gz_cmake_vendor:/home/haodong/Swarm_Module/Swarm_Module_ws/install/dynamixel_motor:/home/haodong/ws_moveit/install/moveit_configs_utils:/opt/ros/jazzy DEBUGINFOD_URLS=https://debuginfod.ubuntu.com PYTHONPATH=/home/haodong/Swarm_Module/Swarm_Module_ws/install/dynamixel_sdk_custom_interfaces/lib/python3.12/site-packages:/home/haodong/Swarm_Module/Swarm_Module_ws/install/dynamixel_motor/lib/python3.12/site-packages:/home/haodong/ws_moveit/install/moveit_task_constructor_core/lib/python3.12/site-packages:/home/haodong/ws_moveit/install/moveit_task_constructor_msgs/lib/python3.12/site-packages:/home/haodong/ws_moveit/install/moveit_py/lib/python3.12/site-packages:/home/haodong/ws_moveit/install/moveit_msgs/lib/python3.12/site-packages:/home/haodong/ws_moveit/install/moveit_configs_utils/lib/python3.12/site-packages:/home/haodong/ws/franka/install/lib/python3.12/site-packages:/opt/ros/jazzy/lib/python3.12/site-packages /usr/bin/cmake --install /home/haodong/Swarm_Module/Swarm_Module_ws/build/dynamixel_sdk_examples
[31.075s] Level 1:colcon.colcon_core.environment:checking '/home/haodong/Swarm_Module/Swarm_Module_ws/install/dynamixel_sdk_examples' for CMake config files
[31.075s] Level 1:colcon.colcon_core.shell:create_environment_hook('dynamixel_sdk_examples', 'cmake_prefix_path')
[31.075s] INFO:colcon.colcon_core.shell:Creating environment hook '/home/haodong/Swarm_Module/Swarm_Module_ws/install/dynamixel_sdk_examples/share/dynamixel_sdk_examples/hook/cmake_prefix_path.ps1'
[31.076s] INFO:colcon.colcon_core.shell:Creating environment descriptor '/home/haodong/Swarm_Module/Swarm_Module_ws/install/dynamixel_sdk_examples/share/dynamixel_sdk_examples/hook/cmake_prefix_path.dsv'
[31.076s] INFO:colcon.colcon_core.shell:Creating environment hook '/home/haodong/Swarm_Module/Swarm_Module_ws/install/dynamixel_sdk_examples/share/dynamixel_sdk_examples/hook/cmake_prefix_path.sh'
[31.077s] Level 1:colcon.colcon_core.environment:checking '/home/haodong/Swarm_Module/Swarm_Module_ws/install/dynamixel_sdk_examples/lib'
[31.077s] Level 1:colcon.colcon_core.environment:checking '/home/haodong/Swarm_Module/Swarm_Module_ws/install/dynamixel_sdk_examples/bin'
[31.077s] Level 1:colcon.colcon_core.environment:checking '/home/haodong/Swarm_Module/Swarm_Module_ws/install/dynamixel_sdk_examples/lib/pkgconfig/dynamixel_sdk_examples.pc'
[31.077s] Level 1:colcon.colcon_core.environment:checking '/home/haodong/Swarm_Module/Swarm_Module_ws/install/dynamixel_sdk_examples/lib/python3.12/site-packages'
[31.078s] Level 1:colcon.colcon_core.environment:checking '/home/haodong/Swarm_Module/Swarm_Module_ws/install/dynamixel_sdk_examples/bin'
[31.078s] INFO:colcon.colcon_core.shell:Creating package script '/home/haodong/Swarm_Module/Swarm_Module_ws/install/dynamixel_sdk_examples/share/dynamixel_sdk_examples/package.ps1'
[31.078s] INFO:colcon.colcon_core.shell:Creating package descriptor '/home/haodong/Swarm_Module/Swarm_Module_ws/install/dynamixel_sdk_examples/share/dynamixel_sdk_examples/package.dsv'
[31.079s] INFO:colcon.colcon_core.shell:Creating package script '/home/haodong/Swarm_Module/Swarm_Module_ws/install/dynamixel_sdk_examples/share/dynamixel_sdk_examples/package.sh'
[31.079s] INFO:colcon.colcon_core.shell:Creating package script '/home/haodong/Swarm_Module/Swarm_Module_ws/install/dynamixel_sdk_examples/share/dynamixel_sdk_examples/package.bash'
[31.080s] INFO:colcon.colcon_core.shell:Creating package script '/home/haodong/Swarm_Module/Swarm_Module_ws/install/dynamixel_sdk_examples/share/dynamixel_sdk_examples/package.zsh'
[31.080s] Level 1:colcon.colcon_core.environment:create_file_with_runtime_dependencies(/home/haodong/Swarm_Module/Swarm_Module_ws/install/dynamixel_sdk_examples/share/colcon-core/packages/dynamixel_sdk_examples)
[31.169s] Level 1:colcon.colcon_core.environment:create_environment_scripts_only(dynamixel_sdk_examples)
[31.170s] Level 1:colcon.colcon_core.environment:checking '/home/haodong/Swarm_Module/Swarm_Module_ws/install/dynamixel_sdk_examples' for CMake module files
[31.172s] Level 1:colcon.colcon_core.environment:checking '/home/haodong/Swarm_Module/Swarm_Module_ws/install/dynamixel_sdk_examples' for CMake config files
[31.173s] Level 1:colcon.colcon_core.shell:create_environment_hook('dynamixel_sdk_examples', 'cmake_prefix_path')
[31.173s] INFO:colcon.colcon_core.shell:Creating environment hook '/home/haodong/Swarm_Module/Swarm_Module_ws/install/dynamixel_sdk_examples/share/dynamixel_sdk_examples/hook/cmake_prefix_path.ps1'
[31.175s] INFO:colcon.colcon_core.shell:Creating environment descriptor '/home/haodong/Swarm_Module/Swarm_Module_ws/install/dynamixel_sdk_examples/share/dynamixel_sdk_examples/hook/cmake_prefix_path.dsv'
[31.176s] INFO:colcon.colcon_core.shell:Creating environment hook '/home/haodong/Swarm_Module/Swarm_Module_ws/install/dynamixel_sdk_examples/share/dynamixel_sdk_examples/hook/cmake_prefix_path.sh'
[31.179s] Level 1:colcon.colcon_core.environment:checking '/home/haodong/Swarm_Module/Swarm_Module_ws/install/dynamixel_sdk_examples/lib'
[31.179s] Level 1:colcon.colcon_core.environment:checking '/home/haodong/Swarm_Module/Swarm_Module_ws/install/dynamixel_sdk_examples/bin'
[31.179s] Level 1:colcon.colcon_core.environment:checking '/home/haodong/Swarm_Module/Swarm_Module_ws/install/dynamixel_sdk_examples/lib/pkgconfig/dynamixel_sdk_examples.pc'
[31.180s] Level 1:colcon.colcon_core.environment:checking '/home/haodong/Swarm_Module/Swarm_Module_ws/install/dynamixel_sdk_examples/lib/python3.12/site-packages'
[31.181s] Level 1:colcon.colcon_core.environment:checking '/home/haodong/Swarm_Module/Swarm_Module_ws/install/dynamixel_sdk_examples/bin'
[31.182s] INFO:colcon.colcon_core.shell:Creating package script '/home/haodong/Swarm_Module/Swarm_Module_ws/install/dynamixel_sdk_examples/share/dynamixel_sdk_examples/package.ps1'
[31.184s] INFO:colcon.colcon_core.shell:Creating package descriptor '/home/haodong/Swarm_Module/Swarm_Module_ws/install/dynamixel_sdk_examples/share/dynamixel_sdk_examples/package.dsv'
[31.186s] INFO:colcon.colcon_core.shell:Creating package script '/home/haodong/Swarm_Module/Swarm_Module_ws/install/dynamixel_sdk_examples/share/dynamixel_sdk_examples/package.sh'
[31.188s] INFO:colcon.colcon_core.shell:Creating package script '/home/haodong/Swarm_Module/Swarm_Module_ws/install/dynamixel_sdk_examples/share/dynamixel_sdk_examples/package.bash'
[31.190s] INFO:colcon.colcon_core.shell:Creating package script '/home/haodong/Swarm_Module/Swarm_Module_ws/install/dynamixel_sdk_examples/share/dynamixel_sdk_examples/package.zsh'
[31.191s] Level 1:colcon.colcon_core.environment:create_file_with_runtime_dependencies(/home/haodong/Swarm_Module/Swarm_Module_ws/install/dynamixel_sdk_examples/share/colcon-core/packages/dynamixel_sdk_examples)
[31.193s] INFO:colcon.colcon_ros.task.ament_python.build:Building ROS package in '/home/haodong/Swarm_Module/Swarm_Module_ws/src/dynamixel_motor' with build type 'ament_python'
[31.193s] Level 1:colcon.colcon_core.shell:create_environment_hook('dynamixel_motor', 'ament_prefix_path')
[31.194s] INFO:colcon.colcon_core.shell:Creating environment hook '/home/haodong/Swarm_Module/Swarm_Module_ws/install/dynamixel_motor/share/dynamixel_motor/hook/ament_prefix_path.ps1'
[31.198s] INFO:colcon.colcon_core.shell:Creating environment descriptor '/home/haodong/Swarm_Module/Swarm_Module_ws/install/dynamixel_motor/share/dynamixel_motor/hook/ament_prefix_path.dsv'
[31.199s] INFO:colcon.colcon_core.shell:Creating environment hook '/home/haodong/Swarm_Module/Swarm_Module_ws/install/dynamixel_motor/share/dynamixel_motor/hook/ament_prefix_path.sh'
[31.201s] INFO:colcon.colcon_core.shell:Skip shell extension 'powershell' for command environment: Not usable outside of PowerShell
[31.201s] DEBUG:colcon.colcon_core.shell:Skip shell extension 'dsv' for command environment
[31.648s] INFO:colcon.colcon_core.task.python.build:Building Python package in '/home/haodong/Swarm_Module/Swarm_Module_ws/src/dynamixel_motor'
[31.648s] INFO:colcon.colcon_core.shell:Skip shell extension 'powershell' for command environment: Not usable outside of PowerShell
[31.648s] DEBUG:colcon.colcon_core.shell:Skip shell extension 'dsv' for command environment
[32.423s] DEBUG:colcon.colcon_core.event_handler.log_command:Invoking command in '/home/haodong/Swarm_Module/Swarm_Module_ws/src/dynamixel_motor': DEBUGINFOD_URLS=https://debuginfod.ubuntu.com PYTHONPATH=/home/haodong/Swarm_Module/Swarm_Module_ws/build/dynamixel_motor/prefix_override:/usr/lib/python3/dist-packages/colcon_core/task/python/colcon_distutils_commands:/home/haodong/Swarm_Module/Swarm_Module_ws/install/dynamixel_motor/lib/python3.12/site-packages:/home/haodong/Swarm_Module/Swarm_Module_ws/install/dynamixel_sdk_custom_interfaces/lib/python3.12/site-packages:/home/haodong/Swarm_Module/Swarm_Module_ws/install/dynamixel_motor/lib/python3.12/site-packages:/home/haodong/ws_moveit/install/moveit_task_constructor_core/lib/python3.12/site-packages:/home/haodong/ws_moveit/install/moveit_task_constructor_msgs/lib/python3.12/site-packages:/home/haodong/ws_moveit/install/moveit_py/lib/python3.12/site-packages:/home/haodong/ws_moveit/install/moveit_msgs/lib/python3.12/site-packages:/home/haodong/ws_moveit/install/moveit_configs_utils/lib/python3.12/site-packages:/home/haodong/ws/franka/install/lib/python3.12/site-packages:/opt/ros/jazzy/lib/python3.12/site-packages /usr/bin/python3 -W ignore:setup.py install is deprecated setup.py egg_info --egg-base ../../build/dynamixel_motor build --build-base /home/haodong/Swarm_Module/Swarm_Module_ws/build/dynamixel_motor/build install --record /home/haodong/Swarm_Module/Swarm_Module_ws/build/dynamixel_motor/install.log --single-version-externally-managed install_data
[33.202s] Level 1:colcon.colcon_core.environment:checking '/home/haodong/Swarm_Module/Swarm_Module_ws/install/dynamixel_motor' for CMake module files
[33.203s] DEBUG:colcon.colcon_core.event_handler.log_command:Invoked command in '/home/haodong/Swarm_Module/Swarm_Module_ws/src/dynamixel_motor' returned '0': DEBUGINFOD_URLS=https://debuginfod.ubuntu.com PYTHONPATH=/home/haodong/Swarm_Module/Swarm_Module_ws/build/dynamixel_motor/prefix_override:/usr/lib/python3/dist-packages/colcon_core/task/python/colcon_distutils_commands:/home/haodong/Swarm_Module/Swarm_Module_ws/install/dynamixel_motor/lib/python3.12/site-packages:/home/haodong/Swarm_Module/Swarm_Module_ws/install/dynamixel_sdk_custom_interfaces/lib/python3.12/site-packages:/home/haodong/Swarm_Module/Swarm_Module_ws/install/dynamixel_motor/lib/python3.12/site-packages:/home/haodong/ws_moveit/install/moveit_task_constructor_core/lib/python3.12/site-packages:/home/haodong/ws_moveit/install/moveit_task_constructor_msgs/lib/python3.12/site-packages:/home/haodong/ws_moveit/install/moveit_py/lib/python3.12/site-packages:/home/haodong/ws_moveit/install/moveit_msgs/lib/python3.12/site-packages:/home/haodong/ws_moveit/install/moveit_configs_utils/lib/python3.12/site-packages:/home/haodong/ws/franka/install/lib/python3.12/site-packages:/opt/ros/jazzy/lib/python3.12/site-packages /usr/bin/python3 -W ignore:setup.py install is deprecated setup.py egg_info --egg-base ../../build/dynamixel_motor build --build-base /home/haodong/Swarm_Module/Swarm_Module_ws/build/dynamixel_motor/build install --record /home/haodong/Swarm_Module/Swarm_Module_ws/build/dynamixel_motor/install.log --single-version-externally-managed install_data
[33.204s] Level 1:colcon.colcon_core.environment:checking '/home/haodong/Swarm_Module/Swarm_Module_ws/install/dynamixel_motor' for CMake config files
[33.204s] Level 1:colcon.colcon_core.environment:checking '/home/haodong/Swarm_Module/Swarm_Module_ws/install/dynamixel_motor/lib'
[33.204s] Level 1:colcon.colcon_core.environment:checking '/home/haodong/Swarm_Module/Swarm_Module_ws/install/dynamixel_motor/bin'
[33.204s] Level 1:colcon.colcon_core.environment:checking '/home/haodong/Swarm_Module/Swarm_Module_ws/install/dynamixel_motor/lib/pkgconfig/dynamixel_motor.pc'
[33.204s] Level 1:colcon.colcon_core.environment:checking '/home/haodong/Swarm_Module/Swarm_Module_ws/install/dynamixel_motor/lib/python3.12/site-packages'
[33.204s] Level 1:colcon.colcon_core.shell:create_environment_hook('dynamixel_motor', 'pythonpath')
[33.205s] INFO:colcon.colcon_core.shell:Creating environment hook '/home/haodong/Swarm_Module/Swarm_Module_ws/install/dynamixel_motor/share/dynamixel_motor/hook/pythonpath.ps1'
[33.205s] INFO:colcon.colcon_core.shell:Creating environment descriptor '/home/haodong/Swarm_Module/Swarm_Module_ws/install/dynamixel_motor/share/dynamixel_motor/hook/pythonpath.dsv'
[33.205s] INFO:colcon.colcon_core.shell:Creating environment hook '/home/haodong/Swarm_Module/Swarm_Module_ws/install/dynamixel_motor/share/dynamixel_motor/hook/pythonpath.sh'
[33.206s] Level 1:colcon.colcon_core.environment:checking '/home/haodong/Swarm_Module/Swarm_Module_ws/install/dynamixel_motor/bin'
[33.206s] Level 1:colcon.colcon_core.environment:create_environment_scripts_only(dynamixel_motor)
[33.206s] INFO:colcon.colcon_core.shell:Creating package script '/home/haodong/Swarm_Module/Swarm_Module_ws/install/dynamixel_motor/share/dynamixel_motor/package.ps1'
[33.206s] INFO:colcon.colcon_core.shell:Creating package descriptor '/home/haodong/Swarm_Module/Swarm_Module_ws/install/dynamixel_motor/share/dynamixel_motor/package.dsv'
[33.207s] INFO:colcon.colcon_core.shell:Creating package script '/home/haodong/Swarm_Module/Swarm_Module_ws/install/dynamixel_motor/share/dynamixel_motor/package.sh'
[33.207s] INFO:colcon.colcon_core.shell:Creating package script '/home/haodong/Swarm_Module/Swarm_Module_ws/install/dynamixel_motor/share/dynamixel_motor/package.bash'
[33.207s] INFO:colcon.colcon_core.shell:Creating package script '/home/haodong/Swarm_Module/Swarm_Module_ws/install/dynamixel_motor/share/dynamixel_motor/package.zsh'
[33.207s] Level 1:colcon.colcon_core.environment:create_file_with_runtime_dependencies(/home/haodong/Swarm_Module/Swarm_Module_ws/install/dynamixel_motor/share/colcon-core/packages/dynamixel_motor)
[33.208s] DEBUG:colcon.colcon_parallel_executor.executor.parallel:closing loop
[33.208s] DEBUG:colcon.colcon_parallel_executor.executor.parallel:loop closed
[33.208s] DEBUG:colcon.colcon_parallel_executor.executor.parallel:run_until_complete finished with '0'
[33.208s] DEBUG:colcon.colcon_core.event_reactor:joining thread
[33.216s] INFO:colcon.colcon_core.plugin_system:Skipping extension 'colcon_notification.desktop_notification.terminal_notifier': Not used on non-Darwin systems
[33.216s] INFO:colcon.colcon_core.plugin_system:Skipping extension 'colcon_notification.desktop_notification.win32': Not used on non-Windows systems
[33.216s] INFO:colcon.colcon_notification.desktop_notification:Sending desktop notification using 'notify2'
[33.231s] DEBUG:colcon.colcon_core.event_reactor:joined thread
[33.231s] INFO:colcon.colcon_core.shell:Creating prefix script '/home/haodong/Swarm_Module/Swarm_Module_ws/install/local_setup.ps1'
[33.232s] INFO:colcon.colcon_core.shell:Creating prefix util module '/home/haodong/Swarm_Module/Swarm_Module_ws/install/_local_setup_util_ps1.py'
[33.233s] INFO:colcon.colcon_core.shell:Creating prefix chain script '/home/haodong/Swarm_Module/Swarm_Module_ws/install/setup.ps1'
[33.238s] INFO:colcon.colcon_core.shell:Creating prefix script '/home/haodong/Swarm_Module/Swarm_Module_ws/install/local_setup.sh'
[33.238s] INFO:colcon.colcon_core.shell:Creating prefix util module '/home/haodong/Swarm_Module/Swarm_Module_ws/install/_local_setup_util_sh.py'
[33.239s] INFO:colcon.colcon_core.shell:Creating prefix chain script '/home/haodong/Swarm_Module/Swarm_Module_ws/install/setup.sh'
[33.243s] INFO:colcon.colcon_core.shell:Creating prefix script '/home/haodong/Swarm_Module/Swarm_Module_ws/install/local_setup.bash'
[33.244s] INFO:colcon.colcon_core.shell:Creating prefix chain script '/home/haodong/Swarm_Module/Swarm_Module_ws/install/setup.bash'
[33.248s] INFO:colcon.colcon_core.shell:Creating prefix script '/home/haodong/Swarm_Module/Swarm_Module_ws/install/local_setup.zsh'
[33.249s] INFO:colcon.colcon_core.shell:Creating prefix chain script '/home/haodong/Swarm_Module/Swarm_Module_ws/install/setup.zsh'
