[0.150s] DEBUG:colcon:Command line arguments: ['/usr/bin/colcon', 'build']
[0.150s] DEBUG:colcon:Parsed command line arguments: Namespace(log_base=None, log_level=None, verb_name='build', build_base='build', install_base='install', merge_install=False, symlink_install=False, test_result_base=None, continue_on_error=False, executor='parallel', parallel_workers=12, event_handlers=None, ignore_user_meta=False, metas=['./colcon.meta'], base_paths=['.'], packages_ignore=None, packages_ignore_regex=None, paths=None, packages_up_to=None, packages_up_to_regex=None, packages_above=None, packages_above_and_dependencies=None, packages_above_depth=None, packages_select_by_dep=None, packages_skip_by_dep=None, packages_skip_up_to=None, packages_select_build_failed=False, packages_skip_build_finished=False, packages_select_test_failures=False, packages_skip_test_passed=False, packages_select=None, packages_skip=None, packages_select_regex=None, packages_skip_regex=None, packages_start=None, packages_end=None, allow_overriding=[], cmake_args=None, cmake_target=None, cmake_target_skip_unavailable=False, cmake_clean_cache=False, cmake_clean_first=False, cmake_force_configure=False, ament_cmake_args=None, catkin_cmake_args=None, catkin_skip_building_tests=False, mixin_files=None, mixin=None, verb_parser=<colcon_mixin.mixin.mixin_argument.MixinArgumentDecorator object at 0x73bce0355280>, verb_extension=<colcon_core.verb.build.BuildVerb object at 0x73bce0354e60>, main=<bound method BuildVerb.main of <colcon_core.verb.build.BuildVerb object at 0x73bce0354e60>>, mixin_verb=('build',))
[0.183s] Level 1:colcon.colcon_core.package_discovery:discover_packages(colcon_meta) check parameters
[0.183s] Level 1:colcon.colcon_core.package_discovery:discover_packages(recursive) check parameters
[0.183s] Level 1:colcon.colcon_core.package_discovery:discover_packages(ignore) check parameters
[0.183s] Level 1:colcon.colcon_core.package_discovery:discover_packages(path) check parameters
[0.183s] Level 1:colcon.colcon_core.package_discovery:discover_packages(colcon_meta) discover
[0.183s] Level 1:colcon.colcon_core.package_discovery:discover_packages(recursive) discover
[0.183s] INFO:colcon.colcon_core.package_discovery:Crawling recursively for packages in '/home/haodong/Swarm_Module/Swarm_Module_ws'
[0.183s] Level 1:colcon.colcon_core.package_identification:_identify(.) by extensions ['ignore', 'ignore_ament_install']
[0.183s] Level 1:colcon.colcon_core.package_identification:_identify(.) by extension 'ignore'
[0.183s] Level 1:colcon.colcon_core.package_identification:_identify(.) by extension 'ignore_ament_install'
[0.183s] Level 1:colcon.colcon_core.package_identification:_identify(.) by extensions ['colcon_pkg']
[0.183s] Level 1:colcon.colcon_core.package_identification:_identify(.) by extension 'colcon_pkg'
[0.184s] Level 1:colcon.colcon_core.package_identification:_identify(.) by extensions ['colcon_meta']
[0.184s] Level 1:colcon.colcon_core.package_identification:_identify(.) by extension 'colcon_meta'
[0.184s] Level 1:colcon.colcon_core.package_identification:_identify(.) by extensions ['ros']
[0.184s] Level 1:colcon.colcon_core.package_identification:_identify(.) by extension 'ros'
[0.206s] Level 1:colcon.colcon_core.package_identification:_identify(.) by extensions ['cmake', 'python']
[0.206s] Level 1:colcon.colcon_core.package_identification:_identify(.) by extension 'cmake'
[0.206s] Level 1:colcon.colcon_core.package_identification:_identify(.) by extension 'python'
[0.206s] Level 1:colcon.colcon_core.package_identification:_identify(.) by extensions ['python_setup_py']
[0.206s] Level 1:colcon.colcon_core.package_identification:_identify(.) by extension 'python_setup_py'
[0.206s] Level 1:colcon.colcon_core.package_identification:_identify(build) by extensions ['ignore', 'ignore_ament_install']
[0.206s] Level 1:colcon.colcon_core.package_identification:_identify(build) by extension 'ignore'
[0.206s] Level 1:colcon.colcon_core.package_identification:_identify(build) ignored
[0.206s] Level 1:colcon.colcon_core.package_identification:_identify(install) by extensions ['ignore', 'ignore_ament_install']
[0.206s] Level 1:colcon.colcon_core.package_identification:_identify(install) by extension 'ignore'
[0.206s] Level 1:colcon.colcon_core.package_identification:_identify(install) ignored
[0.206s] Level 1:colcon.colcon_core.package_identification:_identify(log) by extensions ['ignore', 'ignore_ament_install']
[0.206s] Level 1:colcon.colcon_core.package_identification:_identify(log) by extension 'ignore'
[0.206s] Level 1:colcon.colcon_core.package_identification:_identify(log) ignored
[0.206s] Level 1:colcon.colcon_core.package_identification:_identify(src) by extensions ['ignore', 'ignore_ament_install']
[0.207s] Level 1:colcon.colcon_core.package_identification:_identify(src) by extension 'ignore'
[0.207s] Level 1:colcon.colcon_core.package_identification:_identify(src) by extension 'ignore_ament_install'
[0.207s] Level 1:colcon.colcon_core.package_identification:_identify(src) by extensions ['colcon_pkg']
[0.207s] Level 1:colcon.colcon_core.package_identification:_identify(src) by extension 'colcon_pkg'
[0.207s] Level 1:colcon.colcon_core.package_identification:_identify(src) by extensions ['colcon_meta']
[0.207s] Level 1:colcon.colcon_core.package_identification:_identify(src) by extension 'colcon_meta'
[0.207s] Level 1:colcon.colcon_core.package_identification:_identify(src) by extensions ['ros']
[0.207s] Level 1:colcon.colcon_core.package_identification:_identify(src) by extension 'ros'
[0.207s] Level 1:colcon.colcon_core.package_identification:_identify(src) by extensions ['cmake', 'python']
[0.207s] Level 1:colcon.colcon_core.package_identification:_identify(src) by extension 'cmake'
[0.207s] Level 1:colcon.colcon_core.package_identification:_identify(src) by extension 'python'
[0.207s] Level 1:colcon.colcon_core.package_identification:_identify(src) by extensions ['python_setup_py']
[0.207s] Level 1:colcon.colcon_core.package_identification:_identify(src) by extension 'python_setup_py'
[0.207s] Level 1:colcon.colcon_core.package_identification:_identify(src/dynamixel_motor) by extensions ['ignore', 'ignore_ament_install']
[0.207s] Level 1:colcon.colcon_core.package_identification:_identify(src/dynamixel_motor) by extension 'ignore'
[0.207s] Level 1:colcon.colcon_core.package_identification:_identify(src/dynamixel_motor) by extension 'ignore_ament_install'
[0.207s] Level 1:colcon.colcon_core.package_identification:_identify(src/dynamixel_motor) by extensions ['colcon_pkg']
[0.207s] Level 1:colcon.colcon_core.package_identification:_identify(src/dynamixel_motor) by extension 'colcon_pkg'
[0.207s] Level 1:colcon.colcon_core.package_identification:_identify(src/dynamixel_motor) by extensions ['colcon_meta']
[0.207s] Level 1:colcon.colcon_core.package_identification:_identify(src/dynamixel_motor) by extension 'colcon_meta'
[0.207s] Level 1:colcon.colcon_core.package_identification:_identify(src/dynamixel_motor) by extensions ['ros']
[0.207s] Level 1:colcon.colcon_core.package_identification:_identify(src/dynamixel_motor) by extension 'ros'
[0.210s] DEBUG:colcon.colcon_core.package_identification:Package 'src/dynamixel_motor' with type 'ros.ament_python' and name 'dynamixel_motor'
[0.210s] Level 1:colcon.colcon_core.package_identification:_identify(src/dynamixel_sdk) by extensions ['ignore', 'ignore_ament_install']
[0.210s] Level 1:colcon.colcon_core.package_identification:_identify(src/dynamixel_sdk) by extension 'ignore'
[0.210s] Level 1:colcon.colcon_core.package_identification:_identify(src/dynamixel_sdk) by extension 'ignore_ament_install'
[0.210s] Level 1:colcon.colcon_core.package_identification:_identify(src/dynamixel_sdk) by extensions ['colcon_pkg']
[0.210s] Level 1:colcon.colcon_core.package_identification:_identify(src/dynamixel_sdk) by extension 'colcon_pkg'
[0.210s] Level 1:colcon.colcon_core.package_identification:_identify(src/dynamixel_sdk) by extensions ['colcon_meta']
[0.210s] Level 1:colcon.colcon_core.package_identification:_identify(src/dynamixel_sdk) by extension 'colcon_meta'
[0.210s] Level 1:colcon.colcon_core.package_identification:_identify(src/dynamixel_sdk) by extensions ['ros']
[0.210s] Level 1:colcon.colcon_core.package_identification:_identify(src/dynamixel_sdk) by extension 'ros'
[0.210s] DEBUG:colcon.colcon_core.package_identification:Package 'src/dynamixel_sdk' with type 'ros.ament_cmake' and name 'dynamixel_sdk'
[0.211s] Level 1:colcon.colcon_core.package_identification:_identify(src/dynamixel_sdk_custom_interfaces) by extensions ['ignore', 'ignore_ament_install']
[0.211s] Level 1:colcon.colcon_core.package_identification:_identify(src/dynamixel_sdk_custom_interfaces) by extension 'ignore'
[0.211s] Level 1:colcon.colcon_core.package_identification:_identify(src/dynamixel_sdk_custom_interfaces) by extension 'ignore_ament_install'
[0.211s] Level 1:colcon.colcon_core.package_identification:_identify(src/dynamixel_sdk_custom_interfaces) by extensions ['colcon_pkg']
[0.211s] Level 1:colcon.colcon_core.package_identification:_identify(src/dynamixel_sdk_custom_interfaces) by extension 'colcon_pkg'
[0.211s] Level 1:colcon.colcon_core.package_identification:_identify(src/dynamixel_sdk_custom_interfaces) by extensions ['colcon_meta']
[0.211s] Level 1:colcon.colcon_core.package_identification:_identify(src/dynamixel_sdk_custom_interfaces) by extension 'colcon_meta'
[0.211s] Level 1:colcon.colcon_core.package_identification:_identify(src/dynamixel_sdk_custom_interfaces) by extensions ['ros']
[0.211s] Level 1:colcon.colcon_core.package_identification:_identify(src/dynamixel_sdk_custom_interfaces) by extension 'ros'
[0.211s] DEBUG:colcon.colcon_core.package_identification:Package 'src/dynamixel_sdk_custom_interfaces' with type 'ros.ament_cmake' and name 'dynamixel_sdk_custom_interfaces'
[0.211s] Level 1:colcon.colcon_core.package_identification:_identify(src/dynamixel_sdk_examples) by extensions ['ignore', 'ignore_ament_install']
[0.211s] Level 1:colcon.colcon_core.package_identification:_identify(src/dynamixel_sdk_examples) by extension 'ignore'
[0.211s] Level 1:colcon.colcon_core.package_identification:_identify(src/dynamixel_sdk_examples) by extension 'ignore_ament_install'
[0.212s] Level 1:colcon.colcon_core.package_identification:_identify(src/dynamixel_sdk_examples) by extensions ['colcon_pkg']
[0.212s] Level 1:colcon.colcon_core.package_identification:_identify(src/dynamixel_sdk_examples) by extension 'colcon_pkg'
[0.212s] Level 1:colcon.colcon_core.package_identification:_identify(src/dynamixel_sdk_examples) by extensions ['colcon_meta']
[0.212s] Level 1:colcon.colcon_core.package_identification:_identify(src/dynamixel_sdk_examples) by extension 'colcon_meta'
[0.212s] Level 1:colcon.colcon_core.package_identification:_identify(src/dynamixel_sdk_examples) by extensions ['ros']
[0.212s] Level 1:colcon.colcon_core.package_identification:_identify(src/dynamixel_sdk_examples) by extension 'ros'
[0.212s] DEBUG:colcon.colcon_core.package_identification:Package 'src/dynamixel_sdk_examples' with type 'ros.ament_cmake' and name 'dynamixel_sdk_examples'
[0.212s] Level 1:colcon.colcon_core.package_discovery:discover_packages(recursive) using defaults
[0.212s] Level 1:colcon.colcon_core.package_discovery:discover_packages(ignore) discover
[0.213s] Level 1:colcon.colcon_core.package_discovery:discover_packages(ignore) using defaults
[0.213s] Level 1:colcon.colcon_core.package_discovery:discover_packages(path) discover
[0.213s] Level 1:colcon.colcon_core.package_discovery:discover_packages(path) using defaults
[0.230s] Level 1:colcon.colcon_core.package_discovery:discover_packages(prefix_path) check parameters
[0.230s] Level 1:colcon.colcon_core.package_discovery:discover_packages(prefix_path) discover
[0.234s] DEBUG:colcon.colcon_installed_package_information.package_discovery:Found 4 installed packages in /home/haodong/Swarm_Module/Swarm_Module_ws/install
[0.236s] DEBUG:colcon.colcon_installed_package_information.package_discovery:Found 71 installed packages in /home/haodong/ws_moveit/install
[0.237s] DEBUG:colcon.colcon_installed_package_information.package_discovery:Found 11 installed packages in /home/haodong/ws/franka/install
[0.239s] DEBUG:colcon.colcon_installed_package_information.package_discovery:Found 488 installed packages in /opt/ros/jazzy
[0.241s] Level 1:colcon.colcon_core.package_discovery:discover_packages(prefix_path) using defaults
[0.322s] Level 5:colcon.colcon_core.verb:set package 'dynamixel_sdk' build argument 'cmake_args' from command line to 'None'
[0.322s] Level 5:colcon.colcon_core.verb:set package 'dynamixel_sdk' build argument 'cmake_target' from command line to 'None'
[0.322s] Level 5:colcon.colcon_core.verb:set package 'dynamixel_sdk' build argument 'cmake_target_skip_unavailable' from command line to 'False'
[0.322s] Level 5:colcon.colcon_core.verb:set package 'dynamixel_sdk' build argument 'cmake_clean_cache' from command line to 'False'
[0.322s] Level 5:colcon.colcon_core.verb:set package 'dynamixel_sdk' build argument 'cmake_clean_first' from command line to 'False'
[0.322s] Level 5:colcon.colcon_core.verb:set package 'dynamixel_sdk' build argument 'cmake_force_configure' from command line to 'False'
[0.322s] Level 5:colcon.colcon_core.verb:set package 'dynamixel_sdk' build argument 'ament_cmake_args' from command line to 'None'
[0.322s] Level 5:colcon.colcon_core.verb:set package 'dynamixel_sdk' build argument 'catkin_cmake_args' from command line to 'None'
[0.322s] Level 5:colcon.colcon_core.verb:set package 'dynamixel_sdk' build argument 'catkin_skip_building_tests' from command line to 'False'
[0.322s] DEBUG:colcon.colcon_core.verb:Building package 'dynamixel_sdk' with the following arguments: {'ament_cmake_args': None, 'build_base': '/home/haodong/Swarm_Module/Swarm_Module_ws/build/dynamixel_sdk', 'catkin_cmake_args': None, 'catkin_skip_building_tests': False, 'cmake_args': None, 'cmake_clean_cache': False, 'cmake_clean_first': False, 'cmake_force_configure': False, 'cmake_target': None, 'cmake_target_skip_unavailable': False, 'install_base': '/home/haodong/Swarm_Module/Swarm_Module_ws/install/dynamixel_sdk', 'merge_install': False, 'path': '/home/haodong/Swarm_Module/Swarm_Module_ws/src/dynamixel_sdk', 'symlink_install': False, 'test_result_base': None}
[0.322s] Level 5:colcon.colcon_core.verb:set package 'dynamixel_sdk_custom_interfaces' build argument 'cmake_args' from command line to 'None'
[0.322s] Level 5:colcon.colcon_core.verb:set package 'dynamixel_sdk_custom_interfaces' build argument 'cmake_target' from command line to 'None'
[0.322s] Level 5:colcon.colcon_core.verb:set package 'dynamixel_sdk_custom_interfaces' build argument 'cmake_target_skip_unavailable' from command line to 'False'
[0.322s] Level 5:colcon.colcon_core.verb:set package 'dynamixel_sdk_custom_interfaces' build argument 'cmake_clean_cache' from command line to 'False'
[0.322s] Level 5:colcon.colcon_core.verb:set package 'dynamixel_sdk_custom_interfaces' build argument 'cmake_clean_first' from command line to 'False'
[0.322s] Level 5:colcon.colcon_core.verb:set package 'dynamixel_sdk_custom_interfaces' build argument 'cmake_force_configure' from command line to 'False'
[0.322s] Level 5:colcon.colcon_core.verb:set package 'dynamixel_sdk_custom_interfaces' build argument 'ament_cmake_args' from command line to 'None'
[0.322s] Level 5:colcon.colcon_core.verb:set package 'dynamixel_sdk_custom_interfaces' build argument 'catkin_cmake_args' from command line to 'None'
[0.322s] Level 5:colcon.colcon_core.verb:set package 'dynamixel_sdk_custom_interfaces' build argument 'catkin_skip_building_tests' from command line to 'False'
[0.322s] DEBUG:colcon.colcon_core.verb:Building package 'dynamixel_sdk_custom_interfaces' with the following arguments: {'ament_cmake_args': None, 'build_base': '/home/haodong/Swarm_Module/Swarm_Module_ws/build/dynamixel_sdk_custom_interfaces', 'catkin_cmake_args': None, 'catkin_skip_building_tests': False, 'cmake_args': None, 'cmake_clean_cache': False, 'cmake_clean_first': False, 'cmake_force_configure': False, 'cmake_target': None, 'cmake_target_skip_unavailable': False, 'install_base': '/home/haodong/Swarm_Module/Swarm_Module_ws/install/dynamixel_sdk_custom_interfaces', 'merge_install': False, 'path': '/home/haodong/Swarm_Module/Swarm_Module_ws/src/dynamixel_sdk_custom_interfaces', 'symlink_install': False, 'test_result_base': None}
[0.323s] Level 5:colcon.colcon_core.verb:set package 'dynamixel_sdk_examples' build argument 'cmake_args' from command line to 'None'
[0.323s] Level 5:colcon.colcon_core.verb:set package 'dynamixel_sdk_examples' build argument 'cmake_target' from command line to 'None'
[0.323s] Level 5:colcon.colcon_core.verb:set package 'dynamixel_sdk_examples' build argument 'cmake_target_skip_unavailable' from command line to 'False'
[0.323s] Level 5:colcon.colcon_core.verb:set package 'dynamixel_sdk_examples' build argument 'cmake_clean_cache' from command line to 'False'
[0.323s] Level 5:colcon.colcon_core.verb:set package 'dynamixel_sdk_examples' build argument 'cmake_clean_first' from command line to 'False'
[0.323s] Level 5:colcon.colcon_core.verb:set package 'dynamixel_sdk_examples' build argument 'cmake_force_configure' from command line to 'False'
[0.323s] Level 5:colcon.colcon_core.verb:set package 'dynamixel_sdk_examples' build argument 'ament_cmake_args' from command line to 'None'
[0.323s] Level 5:colcon.colcon_core.verb:set package 'dynamixel_sdk_examples' build argument 'catkin_cmake_args' from command line to 'None'
[0.323s] Level 5:colcon.colcon_core.verb:set package 'dynamixel_sdk_examples' build argument 'catkin_skip_building_tests' from command line to 'False'
[0.323s] DEBUG:colcon.colcon_core.verb:Building package 'dynamixel_sdk_examples' with the following arguments: {'ament_cmake_args': None, 'build_base': '/home/haodong/Swarm_Module/Swarm_Module_ws/build/dynamixel_sdk_examples', 'catkin_cmake_args': None, 'catkin_skip_building_tests': False, 'cmake_args': None, 'cmake_clean_cache': False, 'cmake_clean_first': False, 'cmake_force_configure': False, 'cmake_target': None, 'cmake_target_skip_unavailable': False, 'install_base': '/home/haodong/Swarm_Module/Swarm_Module_ws/install/dynamixel_sdk_examples', 'merge_install': False, 'path': '/home/haodong/Swarm_Module/Swarm_Module_ws/src/dynamixel_sdk_examples', 'symlink_install': False, 'test_result_base': None}
[0.323s] Level 5:colcon.colcon_core.verb:set package 'dynamixel_motor' build argument 'cmake_args' from command line to 'None'
[0.323s] Level 5:colcon.colcon_core.verb:set package 'dynamixel_motor' build argument 'cmake_target' from command line to 'None'
[0.323s] Level 5:colcon.colcon_core.verb:set package 'dynamixel_motor' build argument 'cmake_target_skip_unavailable' from command line to 'False'
[0.323s] Level 5:colcon.colcon_core.verb:set package 'dynamixel_motor' build argument 'cmake_clean_cache' from command line to 'False'
[0.323s] Level 5:colcon.colcon_core.verb:set package 'dynamixel_motor' build argument 'cmake_clean_first' from command line to 'False'
[0.323s] Level 5:colcon.colcon_core.verb:set package 'dynamixel_motor' build argument 'cmake_force_configure' from command line to 'False'
[0.323s] Level 5:colcon.colcon_core.verb:set package 'dynamixel_motor' build argument 'ament_cmake_args' from command line to 'None'
[0.323s] Level 5:colcon.colcon_core.verb:set package 'dynamixel_motor' build argument 'catkin_cmake_args' from command line to 'None'
[0.323s] Level 5:colcon.colcon_core.verb:set package 'dynamixel_motor' build argument 'catkin_skip_building_tests' from command line to 'False'
[0.323s] DEBUG:colcon.colcon_core.verb:Building package 'dynamixel_motor' with the following arguments: {'ament_cmake_args': None, 'build_base': '/home/haodong/Swarm_Module/Swarm_Module_ws/build/dynamixel_motor', 'catkin_cmake_args': None, 'catkin_skip_building_tests': False, 'cmake_args': None, 'cmake_clean_cache': False, 'cmake_clean_first': False, 'cmake_force_configure': False, 'cmake_target': None, 'cmake_target_skip_unavailable': False, 'install_base': '/home/haodong/Swarm_Module/Swarm_Module_ws/install/dynamixel_motor', 'merge_install': False, 'path': '/home/haodong/Swarm_Module/Swarm_Module_ws/src/dynamixel_motor', 'symlink_install': False, 'test_result_base': None}
[0.323s] INFO:colcon.colcon_core.executor:Executing jobs using 'parallel' executor
[0.324s] DEBUG:colcon.colcon_parallel_executor.executor.parallel:run_until_complete
[0.325s] INFO:colcon.colcon_ros.task.ament_cmake.build:Building ROS package in '/home/haodong/Swarm_Module/Swarm_Module_ws/src/dynamixel_sdk' with build type 'ament_cmake'
[0.325s] INFO:colcon.colcon_cmake.task.cmake.build:Building CMake package in '/home/haodong/Swarm_Module/Swarm_Module_ws/src/dynamixel_sdk'
[0.327s] INFO:colcon.colcon_core.plugin_system:Skipping extension 'colcon_core.shell.bat': Not used on non-Windows systems
[0.328s] INFO:colcon.colcon_core.shell:Skip shell extension 'powershell' for command environment: Not usable outside of PowerShell
[0.328s] DEBUG:colcon.colcon_core.shell:Skip shell extension 'dsv' for command environment
[0.339s] INFO:colcon.colcon_ros.task.ament_cmake.build:Building ROS package in '/home/haodong/Swarm_Module/Swarm_Module_ws/src/dynamixel_sdk_custom_interfaces' with build type 'ament_cmake'
[0.339s] INFO:colcon.colcon_cmake.task.cmake.build:Building CMake package in '/home/haodong/Swarm_Module/Swarm_Module_ws/src/dynamixel_sdk_custom_interfaces'
[0.340s] INFO:colcon.colcon_core.shell:Skip shell extension 'powershell' for command environment: Not usable outside of PowerShell
[0.340s] DEBUG:colcon.colcon_core.shell:Skip shell extension 'dsv' for command environment
[0.358s] DEBUG:colcon.colcon_core.event_handler.log_command:Invoking command in '/home/haodong/Swarm_Module/Swarm_Module_ws/build/dynamixel_sdk': CMAKE_PREFIX_PATH=${CMAKE_PREFIX_PATH}:/home/haodong/Swarm_Module/Swarm_Module_ws/install/dynamixel_motor:/home/haodong/ws_moveit/install/moveit_configs_utils:/opt/ros/jazzy DEBUGINFOD_URLS=https://debuginfod.ubuntu.com /usr/bin/cmake --build /home/haodong/Swarm_Module/Swarm_Module_ws/build/dynamixel_sdk -- -j12 -l12
[0.363s] DEBUG:colcon.colcon_core.event_handler.log_command:Invoking command in '/home/haodong/Swarm_Module/Swarm_Module_ws/build/dynamixel_sdk_custom_interfaces': CMAKE_PREFIX_PATH=${CMAKE_PREFIX_PATH}:/home/haodong/Swarm_Module/Swarm_Module_ws/install/dynamixel_motor:/home/haodong/ws_moveit/install/moveit_configs_utils:/opt/ros/jazzy DEBUGINFOD_URLS=https://debuginfod.ubuntu.com /usr/bin/cmake --build /home/haodong/Swarm_Module/Swarm_Module_ws/build/dynamixel_sdk_custom_interfaces -- -j12 -l12
[0.484s] DEBUG:colcon.colcon_core.event_handler.log_command:Invoked command in '/home/haodong/Swarm_Module/Swarm_Module_ws/build/dynamixel_sdk' returned '0': CMAKE_PREFIX_PATH=${CMAKE_PREFIX_PATH}:/home/haodong/Swarm_Module/Swarm_Module_ws/install/dynamixel_motor:/home/haodong/ws_moveit/install/moveit_configs_utils:/opt/ros/jazzy DEBUGINFOD_URLS=https://debuginfod.ubuntu.com /usr/bin/cmake --build /home/haodong/Swarm_Module/Swarm_Module_ws/build/dynamixel_sdk -- -j12 -l12
[0.607s] DEBUG:colcon.colcon_core.event_handler.log_command:Invoking command in '/home/haodong/Swarm_Module/Swarm_Module_ws/build/dynamixel_sdk': CMAKE_PREFIX_PATH=${CMAKE_PREFIX_PATH}:/home/haodong/Swarm_Module/Swarm_Module_ws/install/dynamixel_motor:/home/haodong/ws_moveit/install/moveit_configs_utils:/opt/ros/jazzy DEBUGINFOD_URLS=https://debuginfod.ubuntu.com /usr/bin/cmake --install /home/haodong/Swarm_Module/Swarm_Module_ws/build/dynamixel_sdk
[0.629s] Level 1:colcon.colcon_core.environment:create_environment_scripts_only(dynamixel_sdk)
[0.631s] DEBUG:colcon.colcon_core.event_handler.log_command:Invoked command in '/home/haodong/Swarm_Module/Swarm_Module_ws/build/dynamixel_sdk' returned '0': CMAKE_PREFIX_PATH=${CMAKE_PREFIX_PATH}:/home/haodong/Swarm_Module/Swarm_Module_ws/install/dynamixel_motor:/home/haodong/ws_moveit/install/moveit_configs_utils:/opt/ros/jazzy DEBUGINFOD_URLS=https://debuginfod.ubuntu.com /usr/bin/cmake --install /home/haodong/Swarm_Module/Swarm_Module_ws/build/dynamixel_sdk
[0.633s] Level 1:colcon.colcon_core.environment:checking '/home/haodong/Swarm_Module/Swarm_Module_ws/install/dynamixel_sdk' for CMake module files
[0.633s] Level 1:colcon.colcon_core.environment:checking '/home/haodong/Swarm_Module/Swarm_Module_ws/install/dynamixel_sdk' for CMake config files
[0.634s] Level 1:colcon.colcon_core.shell:create_environment_hook('dynamixel_sdk', 'cmake_prefix_path')
[0.634s] INFO:colcon.colcon_core.shell:Creating environment hook '/home/haodong/Swarm_Module/Swarm_Module_ws/install/dynamixel_sdk/share/dynamixel_sdk/hook/cmake_prefix_path.ps1'
[0.635s] INFO:colcon.colcon_core.shell:Creating environment descriptor '/home/haodong/Swarm_Module/Swarm_Module_ws/install/dynamixel_sdk/share/dynamixel_sdk/hook/cmake_prefix_path.dsv'
[0.635s] INFO:colcon.colcon_core.shell:Creating environment hook '/home/haodong/Swarm_Module/Swarm_Module_ws/install/dynamixel_sdk/share/dynamixel_sdk/hook/cmake_prefix_path.sh'
[0.636s] Level 1:colcon.colcon_core.environment:checking '/home/haodong/Swarm_Module/Swarm_Module_ws/install/dynamixel_sdk/lib'
[0.636s] Level 1:colcon.colcon_core.shell:create_environment_hook('dynamixel_sdk', 'ld_library_path_lib')
[0.637s] INFO:colcon.colcon_core.shell:Creating environment hook '/home/haodong/Swarm_Module/Swarm_Module_ws/install/dynamixel_sdk/share/dynamixel_sdk/hook/ld_library_path_lib.ps1'
[0.637s] INFO:colcon.colcon_core.shell:Creating environment descriptor '/home/haodong/Swarm_Module/Swarm_Module_ws/install/dynamixel_sdk/share/dynamixel_sdk/hook/ld_library_path_lib.dsv'
[0.638s] INFO:colcon.colcon_core.shell:Creating environment hook '/home/haodong/Swarm_Module/Swarm_Module_ws/install/dynamixel_sdk/share/dynamixel_sdk/hook/ld_library_path_lib.sh'
[0.638s] Level 1:colcon.colcon_core.environment:checking '/home/haodong/Swarm_Module/Swarm_Module_ws/install/dynamixel_sdk/bin'
[0.638s] Level 1:colcon.colcon_core.environment:checking '/home/haodong/Swarm_Module/Swarm_Module_ws/install/dynamixel_sdk/lib/pkgconfig/dynamixel_sdk.pc'
[0.639s] Level 1:colcon.colcon_core.environment:checking '/home/haodong/Swarm_Module/Swarm_Module_ws/install/dynamixel_sdk/lib/python3.12/site-packages'
[0.639s] Level 1:colcon.colcon_core.environment:checking '/home/haodong/Swarm_Module/Swarm_Module_ws/install/dynamixel_sdk/bin'
[0.639s] INFO:colcon.colcon_core.shell:Creating package script '/home/haodong/Swarm_Module/Swarm_Module_ws/install/dynamixel_sdk/share/dynamixel_sdk/package.ps1'
[0.640s] INFO:colcon.colcon_core.shell:Creating package descriptor '/home/haodong/Swarm_Module/Swarm_Module_ws/install/dynamixel_sdk/share/dynamixel_sdk/package.dsv'
[0.641s] INFO:colcon.colcon_core.shell:Creating package script '/home/haodong/Swarm_Module/Swarm_Module_ws/install/dynamixel_sdk/share/dynamixel_sdk/package.sh'
[0.641s] INFO:colcon.colcon_core.shell:Creating package script '/home/haodong/Swarm_Module/Swarm_Module_ws/install/dynamixel_sdk/share/dynamixel_sdk/package.bash'
[0.642s] INFO:colcon.colcon_core.shell:Creating package script '/home/haodong/Swarm_Module/Swarm_Module_ws/install/dynamixel_sdk/share/dynamixel_sdk/package.zsh'
[0.643s] Level 1:colcon.colcon_core.environment:create_file_with_runtime_dependencies(/home/haodong/Swarm_Module/Swarm_Module_ws/install/dynamixel_sdk/share/colcon-core/packages/dynamixel_sdk)
[0.724s] Level 1:colcon.colcon_core.environment:create_environment_scripts_only(dynamixel_sdk)
[0.724s] Level 1:colcon.colcon_core.environment:checking '/home/haodong/Swarm_Module/Swarm_Module_ws/install/dynamixel_sdk' for CMake module files
[0.725s] Level 1:colcon.colcon_core.environment:checking '/home/haodong/Swarm_Module/Swarm_Module_ws/install/dynamixel_sdk' for CMake config files
[0.725s] Level 1:colcon.colcon_core.shell:create_environment_hook('dynamixel_sdk', 'cmake_prefix_path')
[0.726s] INFO:colcon.colcon_core.shell:Creating environment hook '/home/haodong/Swarm_Module/Swarm_Module_ws/install/dynamixel_sdk/share/dynamixel_sdk/hook/cmake_prefix_path.ps1'
[0.726s] INFO:colcon.colcon_core.shell:Creating environment descriptor '/home/haodong/Swarm_Module/Swarm_Module_ws/install/dynamixel_sdk/share/dynamixel_sdk/hook/cmake_prefix_path.dsv'
[0.727s] INFO:colcon.colcon_core.shell:Creating environment hook '/home/haodong/Swarm_Module/Swarm_Module_ws/install/dynamixel_sdk/share/dynamixel_sdk/hook/cmake_prefix_path.sh'
[0.728s] Level 1:colcon.colcon_core.environment:checking '/home/haodong/Swarm_Module/Swarm_Module_ws/install/dynamixel_sdk/lib'
[0.728s] Level 1:colcon.colcon_core.shell:create_environment_hook('dynamixel_sdk', 'ld_library_path_lib')
[0.728s] INFO:colcon.colcon_core.shell:Creating environment hook '/home/haodong/Swarm_Module/Swarm_Module_ws/install/dynamixel_sdk/share/dynamixel_sdk/hook/ld_library_path_lib.ps1'
[0.728s] INFO:colcon.colcon_core.shell:Creating environment descriptor '/home/haodong/Swarm_Module/Swarm_Module_ws/install/dynamixel_sdk/share/dynamixel_sdk/hook/ld_library_path_lib.dsv'
[0.729s] INFO:colcon.colcon_core.shell:Creating environment hook '/home/haodong/Swarm_Module/Swarm_Module_ws/install/dynamixel_sdk/share/dynamixel_sdk/hook/ld_library_path_lib.sh'
[0.729s] Level 1:colcon.colcon_core.environment:checking '/home/haodong/Swarm_Module/Swarm_Module_ws/install/dynamixel_sdk/bin'
[0.729s] Level 1:colcon.colcon_core.environment:checking '/home/haodong/Swarm_Module/Swarm_Module_ws/install/dynamixel_sdk/lib/pkgconfig/dynamixel_sdk.pc'
[0.730s] Level 1:colcon.colcon_core.environment:checking '/home/haodong/Swarm_Module/Swarm_Module_ws/install/dynamixel_sdk/lib/python3.12/site-packages'
[0.730s] Level 1:colcon.colcon_core.environment:checking '/home/haodong/Swarm_Module/Swarm_Module_ws/install/dynamixel_sdk/bin'
[0.730s] INFO:colcon.colcon_core.shell:Creating package script '/home/haodong/Swarm_Module/Swarm_Module_ws/install/dynamixel_sdk/share/dynamixel_sdk/package.ps1'
[0.731s] INFO:colcon.colcon_core.shell:Creating package descriptor '/home/haodong/Swarm_Module/Swarm_Module_ws/install/dynamixel_sdk/share/dynamixel_sdk/package.dsv'
[0.732s] INFO:colcon.colcon_core.shell:Creating package script '/home/haodong/Swarm_Module/Swarm_Module_ws/install/dynamixel_sdk/share/dynamixel_sdk/package.sh'
[0.732s] INFO:colcon.colcon_core.shell:Creating package script '/home/haodong/Swarm_Module/Swarm_Module_ws/install/dynamixel_sdk/share/dynamixel_sdk/package.bash'
[0.733s] INFO:colcon.colcon_core.shell:Creating package script '/home/haodong/Swarm_Module/Swarm_Module_ws/install/dynamixel_sdk/share/dynamixel_sdk/package.zsh'
[0.733s] Level 1:colcon.colcon_core.environment:create_file_with_runtime_dependencies(/home/haodong/Swarm_Module/Swarm_Module_ws/install/dynamixel_sdk/share/colcon-core/packages/dynamixel_sdk)
[1.090s] DEBUG:colcon.colcon_core.event_handler.log_command:Invoked command in '/home/haodong/Swarm_Module/Swarm_Module_ws/build/dynamixel_sdk_custom_interfaces' returned '0': CMAKE_PREFIX_PATH=${CMAKE_PREFIX_PATH}:/home/haodong/Swarm_Module/Swarm_Module_ws/install/dynamixel_motor:/home/haodong/ws_moveit/install/moveit_configs_utils:/opt/ros/jazzy DEBUGINFOD_URLS=https://debuginfod.ubuntu.com /usr/bin/cmake --build /home/haodong/Swarm_Module/Swarm_Module_ws/build/dynamixel_sdk_custom_interfaces -- -j12 -l12
[2.551s] DEBUG:colcon.colcon_core.event_handler.log_command:Invoking command in '/home/haodong/Swarm_Module/Swarm_Module_ws/build/dynamixel_sdk_custom_interfaces': CMAKE_PREFIX_PATH=${CMAKE_PREFIX_PATH}:/home/haodong/Swarm_Module/Swarm_Module_ws/install/dynamixel_motor:/home/haodong/ws_moveit/install/moveit_configs_utils:/opt/ros/jazzy DEBUGINFOD_URLS=https://debuginfod.ubuntu.com /usr/bin/cmake --install /home/haodong/Swarm_Module/Swarm_Module_ws/build/dynamixel_sdk_custom_interfaces
[2.795s] Level 1:colcon.colcon_core.environment:create_environment_scripts_only(dynamixel_sdk_custom_interfaces)
[2.796s] Level 1:colcon.colcon_core.environment:checking '/home/haodong/Swarm_Module/Swarm_Module_ws/install/dynamixel_sdk_custom_interfaces' for CMake module files
[2.796s] DEBUG:colcon.colcon_core.event_handler.log_command:Invoked command in '/home/haodong/Swarm_Module/Swarm_Module_ws/build/dynamixel_sdk_custom_interfaces' returned '0': CMAKE_PREFIX_PATH=${CMAKE_PREFIX_PATH}:/home/haodong/Swarm_Module/Swarm_Module_ws/install/dynamixel_motor:/home/haodong/ws_moveit/install/moveit_configs_utils:/opt/ros/jazzy DEBUGINFOD_URLS=https://debuginfod.ubuntu.com /usr/bin/cmake --install /home/haodong/Swarm_Module/Swarm_Module_ws/build/dynamixel_sdk_custom_interfaces
[2.797s] Level 1:colcon.colcon_core.environment:checking '/home/haodong/Swarm_Module/Swarm_Module_ws/install/dynamixel_sdk_custom_interfaces' for CMake config files
[2.798s] Level 1:colcon.colcon_core.shell:create_environment_hook('dynamixel_sdk_custom_interfaces', 'cmake_prefix_path')
[2.798s] INFO:colcon.colcon_core.shell:Creating environment hook '/home/haodong/Swarm_Module/Swarm_Module_ws/install/dynamixel_sdk_custom_interfaces/share/dynamixel_sdk_custom_interfaces/hook/cmake_prefix_path.ps1'
[2.799s] INFO:colcon.colcon_core.shell:Creating environment descriptor '/home/haodong/Swarm_Module/Swarm_Module_ws/install/dynamixel_sdk_custom_interfaces/share/dynamixel_sdk_custom_interfaces/hook/cmake_prefix_path.dsv'
[2.799s] INFO:colcon.colcon_core.shell:Creating environment hook '/home/haodong/Swarm_Module/Swarm_Module_ws/install/dynamixel_sdk_custom_interfaces/share/dynamixel_sdk_custom_interfaces/hook/cmake_prefix_path.sh'
[2.800s] Level 1:colcon.colcon_core.environment:checking '/home/haodong/Swarm_Module/Swarm_Module_ws/install/dynamixel_sdk_custom_interfaces/lib'
[2.800s] Level 1:colcon.colcon_core.shell:create_environment_hook('dynamixel_sdk_custom_interfaces', 'ld_library_path_lib')
[2.800s] INFO:colcon.colcon_core.shell:Creating environment hook '/home/haodong/Swarm_Module/Swarm_Module_ws/install/dynamixel_sdk_custom_interfaces/share/dynamixel_sdk_custom_interfaces/hook/ld_library_path_lib.ps1'
[2.800s] INFO:colcon.colcon_core.shell:Creating environment descriptor '/home/haodong/Swarm_Module/Swarm_Module_ws/install/dynamixel_sdk_custom_interfaces/share/dynamixel_sdk_custom_interfaces/hook/ld_library_path_lib.dsv'
[2.801s] INFO:colcon.colcon_core.shell:Creating environment hook '/home/haodong/Swarm_Module/Swarm_Module_ws/install/dynamixel_sdk_custom_interfaces/share/dynamixel_sdk_custom_interfaces/hook/ld_library_path_lib.sh'
[2.801s] Level 1:colcon.colcon_core.environment:checking '/home/haodong/Swarm_Module/Swarm_Module_ws/install/dynamixel_sdk_custom_interfaces/bin'
[2.801s] Level 1:colcon.colcon_core.environment:checking '/home/haodong/Swarm_Module/Swarm_Module_ws/install/dynamixel_sdk_custom_interfaces/lib/pkgconfig/dynamixel_sdk_custom_interfaces.pc'
[2.802s] Level 1:colcon.colcon_core.environment:checking '/home/haodong/Swarm_Module/Swarm_Module_ws/install/dynamixel_sdk_custom_interfaces/lib/python3.12/site-packages'
[2.802s] Level 1:colcon.colcon_core.shell:create_environment_hook('dynamixel_sdk_custom_interfaces', 'pythonpath')
[2.802s] INFO:colcon.colcon_core.shell:Creating environment hook '/home/haodong/Swarm_Module/Swarm_Module_ws/install/dynamixel_sdk_custom_interfaces/share/dynamixel_sdk_custom_interfaces/hook/pythonpath.ps1'
[2.802s] INFO:colcon.colcon_core.shell:Creating environment descriptor '/home/haodong/Swarm_Module/Swarm_Module_ws/install/dynamixel_sdk_custom_interfaces/share/dynamixel_sdk_custom_interfaces/hook/pythonpath.dsv'
[2.803s] INFO:colcon.colcon_core.shell:Creating environment hook '/home/haodong/Swarm_Module/Swarm_Module_ws/install/dynamixel_sdk_custom_interfaces/share/dynamixel_sdk_custom_interfaces/hook/pythonpath.sh'
[2.803s] Level 1:colcon.colcon_core.environment:checking '/home/haodong/Swarm_Module/Swarm_Module_ws/install/dynamixel_sdk_custom_interfaces/bin'
[2.804s] INFO:colcon.colcon_core.shell:Creating package script '/home/haodong/Swarm_Module/Swarm_Module_ws/install/dynamixel_sdk_custom_interfaces/share/dynamixel_sdk_custom_interfaces/package.ps1'
[2.804s] INFO:colcon.colcon_core.shell:Creating package descriptor '/home/haodong/Swarm_Module/Swarm_Module_ws/install/dynamixel_sdk_custom_interfaces/share/dynamixel_sdk_custom_interfaces/package.dsv'
[2.805s] INFO:colcon.colcon_core.shell:Creating package script '/home/haodong/Swarm_Module/Swarm_Module_ws/install/dynamixel_sdk_custom_interfaces/share/dynamixel_sdk_custom_interfaces/package.sh'
[2.805s] INFO:colcon.colcon_core.shell:Creating package script '/home/haodong/Swarm_Module/Swarm_Module_ws/install/dynamixel_sdk_custom_interfaces/share/dynamixel_sdk_custom_interfaces/package.bash'
[2.806s] INFO:colcon.colcon_core.shell:Creating package script '/home/haodong/Swarm_Module/Swarm_Module_ws/install/dynamixel_sdk_custom_interfaces/share/dynamixel_sdk_custom_interfaces/package.zsh'
[2.806s] Level 1:colcon.colcon_core.environment:create_file_with_runtime_dependencies(/home/haodong/Swarm_Module/Swarm_Module_ws/install/dynamixel_sdk_custom_interfaces/share/colcon-core/packages/dynamixel_sdk_custom_interfaces)
[4.040s] Level 1:colcon.colcon_core.environment:create_environment_scripts_only(dynamixel_sdk_custom_interfaces)
[4.041s] Level 1:colcon.colcon_core.environment:checking '/home/haodong/Swarm_Module/Swarm_Module_ws/install/dynamixel_sdk_custom_interfaces' for CMake module files
[4.045s] Level 1:colcon.colcon_core.environment:checking '/home/haodong/Swarm_Module/Swarm_Module_ws/install/dynamixel_sdk_custom_interfaces' for CMake config files
[4.048s] Level 1:colcon.colcon_core.shell:create_environment_hook('dynamixel_sdk_custom_interfaces', 'cmake_prefix_path')
[4.049s] INFO:colcon.colcon_core.shell:Creating environment hook '/home/haodong/Swarm_Module/Swarm_Module_ws/install/dynamixel_sdk_custom_interfaces/share/dynamixel_sdk_custom_interfaces/hook/cmake_prefix_path.ps1'
[4.051s] INFO:colcon.colcon_core.shell:Creating environment descriptor '/home/haodong/Swarm_Module/Swarm_Module_ws/install/dynamixel_sdk_custom_interfaces/share/dynamixel_sdk_custom_interfaces/hook/cmake_prefix_path.dsv'
[4.052s] INFO:colcon.colcon_core.shell:Creating environment hook '/home/haodong/Swarm_Module/Swarm_Module_ws/install/dynamixel_sdk_custom_interfaces/share/dynamixel_sdk_custom_interfaces/hook/cmake_prefix_path.sh'
[4.055s] Level 1:colcon.colcon_core.environment:checking '/home/haodong/Swarm_Module/Swarm_Module_ws/install/dynamixel_sdk_custom_interfaces/lib'
[4.055s] Level 1:colcon.colcon_core.shell:create_environment_hook('dynamixel_sdk_custom_interfaces', 'ld_library_path_lib')
[4.056s] INFO:colcon.colcon_core.shell:Creating environment hook '/home/haodong/Swarm_Module/Swarm_Module_ws/install/dynamixel_sdk_custom_interfaces/share/dynamixel_sdk_custom_interfaces/hook/ld_library_path_lib.ps1'
[4.058s] INFO:colcon.colcon_core.shell:Creating environment descriptor '/home/haodong/Swarm_Module/Swarm_Module_ws/install/dynamixel_sdk_custom_interfaces/share/dynamixel_sdk_custom_interfaces/hook/ld_library_path_lib.dsv'
[4.060s] INFO:colcon.colcon_core.shell:Creating environment hook '/home/haodong/Swarm_Module/Swarm_Module_ws/install/dynamixel_sdk_custom_interfaces/share/dynamixel_sdk_custom_interfaces/hook/ld_library_path_lib.sh'
[4.062s] Level 1:colcon.colcon_core.environment:checking '/home/haodong/Swarm_Module/Swarm_Module_ws/install/dynamixel_sdk_custom_interfaces/bin'
[4.062s] Level 1:colcon.colcon_core.environment:checking '/home/haodong/Swarm_Module/Swarm_Module_ws/install/dynamixel_sdk_custom_interfaces/lib/pkgconfig/dynamixel_sdk_custom_interfaces.pc'
[4.063s] Level 1:colcon.colcon_core.environment:checking '/home/haodong/Swarm_Module/Swarm_Module_ws/install/dynamixel_sdk_custom_interfaces/lib/python3.12/site-packages'
[4.064s] Level 1:colcon.colcon_core.shell:create_environment_hook('dynamixel_sdk_custom_interfaces', 'pythonpath')
[4.064s] INFO:colcon.colcon_core.shell:Creating environment hook '/home/haodong/Swarm_Module/Swarm_Module_ws/install/dynamixel_sdk_custom_interfaces/share/dynamixel_sdk_custom_interfaces/hook/pythonpath.ps1'
[4.066s] INFO:colcon.colcon_core.shell:Creating environment descriptor '/home/haodong/Swarm_Module/Swarm_Module_ws/install/dynamixel_sdk_custom_interfaces/share/dynamixel_sdk_custom_interfaces/hook/pythonpath.dsv'
[4.067s] INFO:colcon.colcon_core.shell:Creating environment hook '/home/haodong/Swarm_Module/Swarm_Module_ws/install/dynamixel_sdk_custom_interfaces/share/dynamixel_sdk_custom_interfaces/hook/pythonpath.sh'
[4.070s] Level 1:colcon.colcon_core.environment:checking '/home/haodong/Swarm_Module/Swarm_Module_ws/install/dynamixel_sdk_custom_interfaces/bin'
[4.071s] INFO:colcon.colcon_core.shell:Creating package script '/home/haodong/Swarm_Module/Swarm_Module_ws/install/dynamixel_sdk_custom_interfaces/share/dynamixel_sdk_custom_interfaces/package.ps1'
[4.073s] INFO:colcon.colcon_core.shell:Creating package descriptor '/home/haodong/Swarm_Module/Swarm_Module_ws/install/dynamixel_sdk_custom_interfaces/share/dynamixel_sdk_custom_interfaces/package.dsv'
[4.076s] INFO:colcon.colcon_core.shell:Creating package script '/home/haodong/Swarm_Module/Swarm_Module_ws/install/dynamixel_sdk_custom_interfaces/share/dynamixel_sdk_custom_interfaces/package.sh'
[4.078s] INFO:colcon.colcon_core.shell:Creating package script '/home/haodong/Swarm_Module/Swarm_Module_ws/install/dynamixel_sdk_custom_interfaces/share/dynamixel_sdk_custom_interfaces/package.bash'
[4.079s] INFO:colcon.colcon_core.shell:Creating package script '/home/haodong/Swarm_Module/Swarm_Module_ws/install/dynamixel_sdk_custom_interfaces/share/dynamixel_sdk_custom_interfaces/package.zsh'
[4.081s] Level 1:colcon.colcon_core.environment:create_file_with_runtime_dependencies(/home/haodong/Swarm_Module/Swarm_Module_ws/install/dynamixel_sdk_custom_interfaces/share/colcon-core/packages/dynamixel_sdk_custom_interfaces)
[4.082s] INFO:colcon.colcon_ros.task.ament_cmake.build:Building ROS package in '/home/haodong/Swarm_Module/Swarm_Module_ws/src/dynamixel_sdk_examples' with build type 'ament_cmake'
[4.082s] INFO:colcon.colcon_cmake.task.cmake.build:Building CMake package in '/home/haodong/Swarm_Module/Swarm_Module_ws/src/dynamixel_sdk_examples'
[4.083s] INFO:colcon.colcon_core.shell:Skip shell extension 'powershell' for command environment: Not usable outside of PowerShell
[4.083s] DEBUG:colcon.colcon_core.shell:Skip shell extension 'dsv' for command environment
[4.190s] DEBUG:colcon.colcon_core.event_handler.log_command:Invoking command in '/home/haodong/Swarm_Module/Swarm_Module_ws/build/dynamixel_sdk_examples': CMAKE_PREFIX_PATH=/home/haodong/Swarm_Module/Swarm_Module_ws/install/dynamixel_sdk_custom_interfaces:/home/haodong/Swarm_Module/Swarm_Module_ws/install/dynamixel_sdk:/home/haodong/Swarm_Module/Swarm_Module_ws/install/dynamixel_sdk_examples:/home/haodong/ws_moveit/install/robotiq_hardware_tests:/home/haodong/ws_moveit/install/robotiq_driver:/home/haodong/ws_moveit/install/serial:/home/haodong/ws_moveit/install/moveit2_tutorials:/home/haodong/ws_moveit/install/moveit_visual_tools:/home/haodong/ws_moveit/install/rviz_visual_tools:/home/haodong/ws_moveit/install/moveit_task_constructor_visualization:/home/haodong/ws_moveit/install/moveit_task_constructor_demo:/home/haodong/ws_moveit/install/moveit_task_constructor_capabilities:/home/haodong/ws_moveit/install/moveit_task_constructor_core:/home/haodong/ws_moveit/install/rviz_marker_tools:/home/haodong/ws_moveit/install/kortex_bringup:/home/haodong/ws_moveit/install/kinova_gen3_lite_moveit_config:/home/haodong/ws_moveit/install/kinova_gen3_7dof_robotiq_2f_85_moveit_config:/home/haodong/ws_moveit/install/kinova_gen3_6dof_robotiq_2f_85_moveit_config:/home/haodong/ws_moveit/install/kortex_description:/home/haodong/ws_moveit/install/robotiq_description:/home/haodong/ws_moveit/install/robotiq_controllers:/home/haodong/ws_moveit/install/pilz_industrial_motion_planner_testutils:/home/haodong/ws_moveit/install/moveit_runtime:/home/haodong/ws_moveit/install/moveit:/home/haodong/ws_moveit/install/moveit_planners:/home/haodong/ws_moveit/install/pilz_industrial_motion_planner:/home/haodong/ws_moveit/install/pick_ik:/home/haodong/ws_moveit/install/moveit_task_constructor_msgs:/home/haodong/ws_moveit/install/moveit_ros_control_interface:/home/haodong/ws_moveit/install/moveit_plugins:/home/haodong/ws_moveit/install/moveit_simple_controller_manager:/home/haodong/ws_moveit/install/moveit_setup_assistant:/home/haodong/ws_moveit/install/moveit_setup_srdf_plugins:/home/haodong/ws_moveit/install/moveit_setup_core_plugins:/home/haodong/ws_moveit/install/moveit_setup_controllers:/home/haodong/ws_moveit/install/moveit_setup_app_plugins:/home/haodong/ws_moveit/install/moveit_setup_framework:/home/haodong/ws_moveit/install/moveit_servo:/home/haodong/ws_moveit/install/moveit_ros_trajectory_cache:/home/haodong/ws_moveit/install/moveit_ros:/home/haodong/ws_moveit/install/moveit_ros_visualization:/home/haodong/ws_moveit/install/moveit_py:/home/haodong/ws_moveit/install/moveit_hybrid_planning:/home/haodong/ws_moveit/install/moveit_ros_planning_interface:/home/haodong/ws_moveit/install/moveit_ros_benchmarks:/home/haodong/ws_moveit/install/moveit_ros_warehouse:/home/haodong/ws_moveit/install/moveit_ros_robot_interaction:/home/haodong/ws_moveit/install/moveit_ros_perception:/home/haodong/ws_moveit/install/moveit_resources_prbt_pg70_support:/home/haodong/ws_moveit/install/moveit_resources_prbt_moveit_config:/home/haodong/ws_moveit/install/moveit_ros_move_group:/home/haodong/ws_moveit/install/moveit_planners_ompl:/home/haodong/ws_moveit/install/moveit_kinematics:/home/haodong/ws_moveit/install/moveit_ros_planning:/home/haodong/ws_moveit/install/moveit_ros_occupancy_map_monitor:/home/haodong/ws_moveit/install/moveit_resources_prbt_support:/home/haodong/ws_moveit/install/moveit_resources_prbt_ikfast_manipulator_plugin:/home/haodong/ws_moveit/install/moveit_resources:/home/haodong/ws_moveit/install/moveit_resources_pr2_description:/home/haodong/ws_moveit/install/moveit_resources_panda_moveit_config:/home/haodong/ws_moveit/install/dual_arm_panda_moveit_config:/home/haodong/ws_moveit/install/moveit_resources_panda_description:/home/haodong/ws_moveit/install/moveit_resources_fanuc_moveit_config:/home/haodong/ws_moveit/install/moveit_resources_fanuc_description:/home/haodong/ws_moveit/install/moveit_planners_stomp:/home/haodong/ws_moveit/install/moveit_planners_chomp:/home/haodong/ws_moveit/install/chomp_motion_planner:/home/haodong/ws_moveit/install/moveit_core:/home/haodong/ws_moveit/install/moveit_msgs:/home/haodong/ws_moveit/install/moveit_common:/home/haodong/ws_moveit/install/kortex_driver:/home/haodong/ws_moveit/install/kortex_api:/home/haodong/ws/franka/install:/opt/ros/jazzy/opt/gz_sim_vendor:/opt/ros/jazzy/opt/gz_sensors_vendor:/opt/ros/jazzy/opt/gz_physics_vendor:/opt/ros/jazzy/opt/sdformat_vendor:/opt/ros/jazzy/opt/gz_gui_vendor:/opt/ros/jazzy/opt/gz_transport_vendor:/opt/ros/jazzy/opt/gz_rendering_vendor:/opt/ros/jazzy/opt/gz_plugin_vendor:/opt/ros/jazzy/opt/gz_fuel_tools_vendor:/opt/ros/jazzy/opt/gz_msgs_vendor:/opt/ros/jazzy/opt/gz_common_vendor:/opt/ros/jazzy/opt/gz_math_vendor:/opt/ros/jazzy/opt/gz_utils_vendor:/opt/ros/jazzy/opt/gz_tools_vendor:/opt/ros/jazzy/opt/gz_ogre_next_vendor:/opt/ros/jazzy/opt/gz_dartsim_vendor:/opt/ros/jazzy/opt/gz_cmake_vendor:/home/haodong/Swarm_Module/Swarm_Module_ws/install/dynamixel_motor:/home/haodong/ws_moveit/install/moveit_configs_utils:/opt/ros/jazzy DEBUGINFOD_URLS=https://debuginfod.ubuntu.com PYTHONPATH=/home/haodong/Swarm_Module/Swarm_Module_ws/install/dynamixel_sdk_custom_interfaces/lib/python3.12/site-packages:/home/haodong/Swarm_Module/Swarm_Module_ws/install/dynamixel_motor/lib/python3.12/site-packages:/home/haodong/ws_moveit/install/moveit_task_constructor_core/lib/python3.12/site-packages:/home/haodong/ws_moveit/install/moveit_task_constructor_msgs/lib/python3.12/site-packages:/home/haodong/ws_moveit/install/moveit_py/lib/python3.12/site-packages:/home/haodong/ws_moveit/install/moveit_msgs/lib/python3.12/site-packages:/home/haodong/ws_moveit/install/moveit_configs_utils/lib/python3.12/site-packages:/home/haodong/ws/franka/install/lib/python3.12/site-packages:/opt/ros/jazzy/lib/python3.12/site-packages /usr/bin/cmake --build /home/haodong/Swarm_Module/Swarm_Module_ws/build/dynamixel_sdk_examples -- -j12 -l12
[4.635s] DEBUG:colcon.colcon_core.event_handler.log_command:Invoked command in '/home/haodong/Swarm_Module/Swarm_Module_ws/build/dynamixel_sdk_examples' returned '0': CMAKE_PREFIX_PATH=/home/haodong/Swarm_Module/Swarm_Module_ws/install/dynamixel_sdk_custom_interfaces:/home/haodong/Swarm_Module/Swarm_Module_ws/install/dynamixel_sdk:/home/haodong/Swarm_Module/Swarm_Module_ws/install/dynamixel_sdk_examples:/home/haodong/ws_moveit/install/robotiq_hardware_tests:/home/haodong/ws_moveit/install/robotiq_driver:/home/haodong/ws_moveit/install/serial:/home/haodong/ws_moveit/install/moveit2_tutorials:/home/haodong/ws_moveit/install/moveit_visual_tools:/home/haodong/ws_moveit/install/rviz_visual_tools:/home/haodong/ws_moveit/install/moveit_task_constructor_visualization:/home/haodong/ws_moveit/install/moveit_task_constructor_demo:/home/haodong/ws_moveit/install/moveit_task_constructor_capabilities:/home/haodong/ws_moveit/install/moveit_task_constructor_core:/home/haodong/ws_moveit/install/rviz_marker_tools:/home/haodong/ws_moveit/install/kortex_bringup:/home/haodong/ws_moveit/install/kinova_gen3_lite_moveit_config:/home/haodong/ws_moveit/install/kinova_gen3_7dof_robotiq_2f_85_moveit_config:/home/haodong/ws_moveit/install/kinova_gen3_6dof_robotiq_2f_85_moveit_config:/home/haodong/ws_moveit/install/kortex_description:/home/haodong/ws_moveit/install/robotiq_description:/home/haodong/ws_moveit/install/robotiq_controllers:/home/haodong/ws_moveit/install/pilz_industrial_motion_planner_testutils:/home/haodong/ws_moveit/install/moveit_runtime:/home/haodong/ws_moveit/install/moveit:/home/haodong/ws_moveit/install/moveit_planners:/home/haodong/ws_moveit/install/pilz_industrial_motion_planner:/home/haodong/ws_moveit/install/pick_ik:/home/haodong/ws_moveit/install/moveit_task_constructor_msgs:/home/haodong/ws_moveit/install/moveit_ros_control_interface:/home/haodong/ws_moveit/install/moveit_plugins:/home/haodong/ws_moveit/install/moveit_simple_controller_manager:/home/haodong/ws_moveit/install/moveit_setup_assistant:/home/haodong/ws_moveit/install/moveit_setup_srdf_plugins:/home/haodong/ws_moveit/install/moveit_setup_core_plugins:/home/haodong/ws_moveit/install/moveit_setup_controllers:/home/haodong/ws_moveit/install/moveit_setup_app_plugins:/home/haodong/ws_moveit/install/moveit_setup_framework:/home/haodong/ws_moveit/install/moveit_servo:/home/haodong/ws_moveit/install/moveit_ros_trajectory_cache:/home/haodong/ws_moveit/install/moveit_ros:/home/haodong/ws_moveit/install/moveit_ros_visualization:/home/haodong/ws_moveit/install/moveit_py:/home/haodong/ws_moveit/install/moveit_hybrid_planning:/home/haodong/ws_moveit/install/moveit_ros_planning_interface:/home/haodong/ws_moveit/install/moveit_ros_benchmarks:/home/haodong/ws_moveit/install/moveit_ros_warehouse:/home/haodong/ws_moveit/install/moveit_ros_robot_interaction:/home/haodong/ws_moveit/install/moveit_ros_perception:/home/haodong/ws_moveit/install/moveit_resources_prbt_pg70_support:/home/haodong/ws_moveit/install/moveit_resources_prbt_moveit_config:/home/haodong/ws_moveit/install/moveit_ros_move_group:/home/haodong/ws_moveit/install/moveit_planners_ompl:/home/haodong/ws_moveit/install/moveit_kinematics:/home/haodong/ws_moveit/install/moveit_ros_planning:/home/haodong/ws_moveit/install/moveit_ros_occupancy_map_monitor:/home/haodong/ws_moveit/install/moveit_resources_prbt_support:/home/haodong/ws_moveit/install/moveit_resources_prbt_ikfast_manipulator_plugin:/home/haodong/ws_moveit/install/moveit_resources:/home/haodong/ws_moveit/install/moveit_resources_pr2_description:/home/haodong/ws_moveit/install/moveit_resources_panda_moveit_config:/home/haodong/ws_moveit/install/dual_arm_panda_moveit_config:/home/haodong/ws_moveit/install/moveit_resources_panda_description:/home/haodong/ws_moveit/install/moveit_resources_fanuc_moveit_config:/home/haodong/ws_moveit/install/moveit_resources_fanuc_description:/home/haodong/ws_moveit/install/moveit_planners_stomp:/home/haodong/ws_moveit/install/moveit_planners_chomp:/home/haodong/ws_moveit/install/chomp_motion_planner:/home/haodong/ws_moveit/install/moveit_core:/home/haodong/ws_moveit/install/moveit_msgs:/home/haodong/ws_moveit/install/moveit_common:/home/haodong/ws_moveit/install/kortex_driver:/home/haodong/ws_moveit/install/kortex_api:/home/haodong/ws/franka/install:/opt/ros/jazzy/opt/gz_sim_vendor:/opt/ros/jazzy/opt/gz_sensors_vendor:/opt/ros/jazzy/opt/gz_physics_vendor:/opt/ros/jazzy/opt/sdformat_vendor:/opt/ros/jazzy/opt/gz_gui_vendor:/opt/ros/jazzy/opt/gz_transport_vendor:/opt/ros/jazzy/opt/gz_rendering_vendor:/opt/ros/jazzy/opt/gz_plugin_vendor:/opt/ros/jazzy/opt/gz_fuel_tools_vendor:/opt/ros/jazzy/opt/gz_msgs_vendor:/opt/ros/jazzy/opt/gz_common_vendor:/opt/ros/jazzy/opt/gz_math_vendor:/opt/ros/jazzy/opt/gz_utils_vendor:/opt/ros/jazzy/opt/gz_tools_vendor:/opt/ros/jazzy/opt/gz_ogre_next_vendor:/opt/ros/jazzy/opt/gz_dartsim_vendor:/opt/ros/jazzy/opt/gz_cmake_vendor:/home/haodong/Swarm_Module/Swarm_Module_ws/install/dynamixel_motor:/home/haodong/ws_moveit/install/moveit_configs_utils:/opt/ros/jazzy DEBUGINFOD_URLS=https://debuginfod.ubuntu.com PYTHONPATH=/home/haodong/Swarm_Module/Swarm_Module_ws/install/dynamixel_sdk_custom_interfaces/lib/python3.12/site-packages:/home/haodong/Swarm_Module/Swarm_Module_ws/install/dynamixel_motor/lib/python3.12/site-packages:/home/haodong/ws_moveit/install/moveit_task_constructor_core/lib/python3.12/site-packages:/home/haodong/ws_moveit/install/moveit_task_constructor_msgs/lib/python3.12/site-packages:/home/haodong/ws_moveit/install/moveit_py/lib/python3.12/site-packages:/home/haodong/ws_moveit/install/moveit_msgs/lib/python3.12/site-packages:/home/haodong/ws_moveit/install/moveit_configs_utils/lib/python3.12/site-packages:/home/haodong/ws/franka/install/lib/python3.12/site-packages:/opt/ros/jazzy/lib/python3.12/site-packages /usr/bin/cmake --build /home/haodong/Swarm_Module/Swarm_Module_ws/build/dynamixel_sdk_examples -- -j12 -l12
[4.811s] DEBUG:colcon.colcon_core.event_handler.log_command:Invoking command in '/home/haodong/Swarm_Module/Swarm_Module_ws/build/dynamixel_sdk_examples': CMAKE_PREFIX_PATH=/home/haodong/Swarm_Module/Swarm_Module_ws/install/dynamixel_sdk_custom_interfaces:/home/haodong/Swarm_Module/Swarm_Module_ws/install/dynamixel_sdk:/home/haodong/Swarm_Module/Swarm_Module_ws/install/dynamixel_sdk_examples:/home/haodong/ws_moveit/install/robotiq_hardware_tests:/home/haodong/ws_moveit/install/robotiq_driver:/home/haodong/ws_moveit/install/serial:/home/haodong/ws_moveit/install/moveit2_tutorials:/home/haodong/ws_moveit/install/moveit_visual_tools:/home/haodong/ws_moveit/install/rviz_visual_tools:/home/haodong/ws_moveit/install/moveit_task_constructor_visualization:/home/haodong/ws_moveit/install/moveit_task_constructor_demo:/home/haodong/ws_moveit/install/moveit_task_constructor_capabilities:/home/haodong/ws_moveit/install/moveit_task_constructor_core:/home/haodong/ws_moveit/install/rviz_marker_tools:/home/haodong/ws_moveit/install/kortex_bringup:/home/haodong/ws_moveit/install/kinova_gen3_lite_moveit_config:/home/haodong/ws_moveit/install/kinova_gen3_7dof_robotiq_2f_85_moveit_config:/home/haodong/ws_moveit/install/kinova_gen3_6dof_robotiq_2f_85_moveit_config:/home/haodong/ws_moveit/install/kortex_description:/home/haodong/ws_moveit/install/robotiq_description:/home/haodong/ws_moveit/install/robotiq_controllers:/home/haodong/ws_moveit/install/pilz_industrial_motion_planner_testutils:/home/haodong/ws_moveit/install/moveit_runtime:/home/haodong/ws_moveit/install/moveit:/home/haodong/ws_moveit/install/moveit_planners:/home/haodong/ws_moveit/install/pilz_industrial_motion_planner:/home/haodong/ws_moveit/install/pick_ik:/home/haodong/ws_moveit/install/moveit_task_constructor_msgs:/home/haodong/ws_moveit/install/moveit_ros_control_interface:/home/haodong/ws_moveit/install/moveit_plugins:/home/haodong/ws_moveit/install/moveit_simple_controller_manager:/home/haodong/ws_moveit/install/moveit_setup_assistant:/home/haodong/ws_moveit/install/moveit_setup_srdf_plugins:/home/haodong/ws_moveit/install/moveit_setup_core_plugins:/home/haodong/ws_moveit/install/moveit_setup_controllers:/home/haodong/ws_moveit/install/moveit_setup_app_plugins:/home/haodong/ws_moveit/install/moveit_setup_framework:/home/haodong/ws_moveit/install/moveit_servo:/home/haodong/ws_moveit/install/moveit_ros_trajectory_cache:/home/haodong/ws_moveit/install/moveit_ros:/home/haodong/ws_moveit/install/moveit_ros_visualization:/home/haodong/ws_moveit/install/moveit_py:/home/haodong/ws_moveit/install/moveit_hybrid_planning:/home/haodong/ws_moveit/install/moveit_ros_planning_interface:/home/haodong/ws_moveit/install/moveit_ros_benchmarks:/home/haodong/ws_moveit/install/moveit_ros_warehouse:/home/haodong/ws_moveit/install/moveit_ros_robot_interaction:/home/haodong/ws_moveit/install/moveit_ros_perception:/home/haodong/ws_moveit/install/moveit_resources_prbt_pg70_support:/home/haodong/ws_moveit/install/moveit_resources_prbt_moveit_config:/home/haodong/ws_moveit/install/moveit_ros_move_group:/home/haodong/ws_moveit/install/moveit_planners_ompl:/home/haodong/ws_moveit/install/moveit_kinematics:/home/haodong/ws_moveit/install/moveit_ros_planning:/home/haodong/ws_moveit/install/moveit_ros_occupancy_map_monitor:/home/haodong/ws_moveit/install/moveit_resources_prbt_support:/home/haodong/ws_moveit/install/moveit_resources_prbt_ikfast_manipulator_plugin:/home/haodong/ws_moveit/install/moveit_resources:/home/haodong/ws_moveit/install/moveit_resources_pr2_description:/home/haodong/ws_moveit/install/moveit_resources_panda_moveit_config:/home/haodong/ws_moveit/install/dual_arm_panda_moveit_config:/home/haodong/ws_moveit/install/moveit_resources_panda_description:/home/haodong/ws_moveit/install/moveit_resources_fanuc_moveit_config:/home/haodong/ws_moveit/install/moveit_resources_fanuc_description:/home/haodong/ws_moveit/install/moveit_planners_stomp:/home/haodong/ws_moveit/install/moveit_planners_chomp:/home/haodong/ws_moveit/install/chomp_motion_planner:/home/haodong/ws_moveit/install/moveit_core:/home/haodong/ws_moveit/install/moveit_msgs:/home/haodong/ws_moveit/install/moveit_common:/home/haodong/ws_moveit/install/kortex_driver:/home/haodong/ws_moveit/install/kortex_api:/home/haodong/ws/franka/install:/opt/ros/jazzy/opt/gz_sim_vendor:/opt/ros/jazzy/opt/gz_sensors_vendor:/opt/ros/jazzy/opt/gz_physics_vendor:/opt/ros/jazzy/opt/sdformat_vendor:/opt/ros/jazzy/opt/gz_gui_vendor:/opt/ros/jazzy/opt/gz_transport_vendor:/opt/ros/jazzy/opt/gz_rendering_vendor:/opt/ros/jazzy/opt/gz_plugin_vendor:/opt/ros/jazzy/opt/gz_fuel_tools_vendor:/opt/ros/jazzy/opt/gz_msgs_vendor:/opt/ros/jazzy/opt/gz_common_vendor:/opt/ros/jazzy/opt/gz_math_vendor:/opt/ros/jazzy/opt/gz_utils_vendor:/opt/ros/jazzy/opt/gz_tools_vendor:/opt/ros/jazzy/opt/gz_ogre_next_vendor:/opt/ros/jazzy/opt/gz_dartsim_vendor:/opt/ros/jazzy/opt/gz_cmake_vendor:/home/haodong/Swarm_Module/Swarm_Module_ws/install/dynamixel_motor:/home/haodong/ws_moveit/install/moveit_configs_utils:/opt/ros/jazzy DEBUGINFOD_URLS=https://debuginfod.ubuntu.com PYTHONPATH=/home/haodong/Swarm_Module/Swarm_Module_ws/install/dynamixel_sdk_custom_interfaces/lib/python3.12/site-packages:/home/haodong/Swarm_Module/Swarm_Module_ws/install/dynamixel_motor/lib/python3.12/site-packages:/home/haodong/ws_moveit/install/moveit_task_constructor_core/lib/python3.12/site-packages:/home/haodong/ws_moveit/install/moveit_task_constructor_msgs/lib/python3.12/site-packages:/home/haodong/ws_moveit/install/moveit_py/lib/python3.12/site-packages:/home/haodong/ws_moveit/install/moveit_msgs/lib/python3.12/site-packages:/home/haodong/ws_moveit/install/moveit_configs_utils/lib/python3.12/site-packages:/home/haodong/ws/franka/install/lib/python3.12/site-packages:/opt/ros/jazzy/lib/python3.12/site-packages /usr/bin/cmake --install /home/haodong/Swarm_Module/Swarm_Module_ws/build/dynamixel_sdk_examples
[4.879s] Level 1:colcon.colcon_core.environment:create_environment_scripts_only(dynamixel_sdk_examples)
[4.879s] Level 1:colcon.colcon_core.environment:checking '/home/haodong/Swarm_Module/Swarm_Module_ws/install/dynamixel_sdk_examples' for CMake module files
[4.882s] DEBUG:colcon.colcon_core.event_handler.log_command:Invoked command in '/home/haodong/Swarm_Module/Swarm_Module_ws/build/dynamixel_sdk_examples' returned '0': CMAKE_PREFIX_PATH=/home/haodong/Swarm_Module/Swarm_Module_ws/install/dynamixel_sdk_custom_interfaces:/home/haodong/Swarm_Module/Swarm_Module_ws/install/dynamixel_sdk:/home/haodong/Swarm_Module/Swarm_Module_ws/install/dynamixel_sdk_examples:/home/haodong/ws_moveit/install/robotiq_hardware_tests:/home/haodong/ws_moveit/install/robotiq_driver:/home/haodong/ws_moveit/install/serial:/home/haodong/ws_moveit/install/moveit2_tutorials:/home/haodong/ws_moveit/install/moveit_visual_tools:/home/haodong/ws_moveit/install/rviz_visual_tools:/home/haodong/ws_moveit/install/moveit_task_constructor_visualization:/home/haodong/ws_moveit/install/moveit_task_constructor_demo:/home/haodong/ws_moveit/install/moveit_task_constructor_capabilities:/home/haodong/ws_moveit/install/moveit_task_constructor_core:/home/haodong/ws_moveit/install/rviz_marker_tools:/home/haodong/ws_moveit/install/kortex_bringup:/home/haodong/ws_moveit/install/kinova_gen3_lite_moveit_config:/home/haodong/ws_moveit/install/kinova_gen3_7dof_robotiq_2f_85_moveit_config:/home/haodong/ws_moveit/install/kinova_gen3_6dof_robotiq_2f_85_moveit_config:/home/haodong/ws_moveit/install/kortex_description:/home/haodong/ws_moveit/install/robotiq_description:/home/haodong/ws_moveit/install/robotiq_controllers:/home/haodong/ws_moveit/install/pilz_industrial_motion_planner_testutils:/home/haodong/ws_moveit/install/moveit_runtime:/home/haodong/ws_moveit/install/moveit:/home/haodong/ws_moveit/install/moveit_planners:/home/haodong/ws_moveit/install/pilz_industrial_motion_planner:/home/haodong/ws_moveit/install/pick_ik:/home/haodong/ws_moveit/install/moveit_task_constructor_msgs:/home/haodong/ws_moveit/install/moveit_ros_control_interface:/home/haodong/ws_moveit/install/moveit_plugins:/home/haodong/ws_moveit/install/moveit_simple_controller_manager:/home/haodong/ws_moveit/install/moveit_setup_assistant:/home/haodong/ws_moveit/install/moveit_setup_srdf_plugins:/home/haodong/ws_moveit/install/moveit_setup_core_plugins:/home/haodong/ws_moveit/install/moveit_setup_controllers:/home/haodong/ws_moveit/install/moveit_setup_app_plugins:/home/haodong/ws_moveit/install/moveit_setup_framework:/home/haodong/ws_moveit/install/moveit_servo:/home/haodong/ws_moveit/install/moveit_ros_trajectory_cache:/home/haodong/ws_moveit/install/moveit_ros:/home/haodong/ws_moveit/install/moveit_ros_visualization:/home/haodong/ws_moveit/install/moveit_py:/home/haodong/ws_moveit/install/moveit_hybrid_planning:/home/haodong/ws_moveit/install/moveit_ros_planning_interface:/home/haodong/ws_moveit/install/moveit_ros_benchmarks:/home/haodong/ws_moveit/install/moveit_ros_warehouse:/home/haodong/ws_moveit/install/moveit_ros_robot_interaction:/home/haodong/ws_moveit/install/moveit_ros_perception:/home/haodong/ws_moveit/install/moveit_resources_prbt_pg70_support:/home/haodong/ws_moveit/install/moveit_resources_prbt_moveit_config:/home/haodong/ws_moveit/install/moveit_ros_move_group:/home/haodong/ws_moveit/install/moveit_planners_ompl:/home/haodong/ws_moveit/install/moveit_kinematics:/home/haodong/ws_moveit/install/moveit_ros_planning:/home/haodong/ws_moveit/install/moveit_ros_occupancy_map_monitor:/home/haodong/ws_moveit/install/moveit_resources_prbt_support:/home/haodong/ws_moveit/install/moveit_resources_prbt_ikfast_manipulator_plugin:/home/haodong/ws_moveit/install/moveit_resources:/home/haodong/ws_moveit/install/moveit_resources_pr2_description:/home/haodong/ws_moveit/install/moveit_resources_panda_moveit_config:/home/haodong/ws_moveit/install/dual_arm_panda_moveit_config:/home/haodong/ws_moveit/install/moveit_resources_panda_description:/home/haodong/ws_moveit/install/moveit_resources_fanuc_moveit_config:/home/haodong/ws_moveit/install/moveit_resources_fanuc_description:/home/haodong/ws_moveit/install/moveit_planners_stomp:/home/haodong/ws_moveit/install/moveit_planners_chomp:/home/haodong/ws_moveit/install/chomp_motion_planner:/home/haodong/ws_moveit/install/moveit_core:/home/haodong/ws_moveit/install/moveit_msgs:/home/haodong/ws_moveit/install/moveit_common:/home/haodong/ws_moveit/install/kortex_driver:/home/haodong/ws_moveit/install/kortex_api:/home/haodong/ws/franka/install:/opt/ros/jazzy/opt/gz_sim_vendor:/opt/ros/jazzy/opt/gz_sensors_vendor:/opt/ros/jazzy/opt/gz_physics_vendor:/opt/ros/jazzy/opt/sdformat_vendor:/opt/ros/jazzy/opt/gz_gui_vendor:/opt/ros/jazzy/opt/gz_transport_vendor:/opt/ros/jazzy/opt/gz_rendering_vendor:/opt/ros/jazzy/opt/gz_plugin_vendor:/opt/ros/jazzy/opt/gz_fuel_tools_vendor:/opt/ros/jazzy/opt/gz_msgs_vendor:/opt/ros/jazzy/opt/gz_common_vendor:/opt/ros/jazzy/opt/gz_math_vendor:/opt/ros/jazzy/opt/gz_utils_vendor:/opt/ros/jazzy/opt/gz_tools_vendor:/opt/ros/jazzy/opt/gz_ogre_next_vendor:/opt/ros/jazzy/opt/gz_dartsim_vendor:/opt/ros/jazzy/opt/gz_cmake_vendor:/home/haodong/Swarm_Module/Swarm_Module_ws/install/dynamixel_motor:/home/haodong/ws_moveit/install/moveit_configs_utils:/opt/ros/jazzy DEBUGINFOD_URLS=https://debuginfod.ubuntu.com PYTHONPATH=/home/haodong/Swarm_Module/Swarm_Module_ws/install/dynamixel_sdk_custom_interfaces/lib/python3.12/site-packages:/home/haodong/Swarm_Module/Swarm_Module_ws/install/dynamixel_motor/lib/python3.12/site-packages:/home/haodong/ws_moveit/install/moveit_task_constructor_core/lib/python3.12/site-packages:/home/haodong/ws_moveit/install/moveit_task_constructor_msgs/lib/python3.12/site-packages:/home/haodong/ws_moveit/install/moveit_py/lib/python3.12/site-packages:/home/haodong/ws_moveit/install/moveit_msgs/lib/python3.12/site-packages:/home/haodong/ws_moveit/install/moveit_configs_utils/lib/python3.12/site-packages:/home/haodong/ws/franka/install/lib/python3.12/site-packages:/opt/ros/jazzy/lib/python3.12/site-packages /usr/bin/cmake --install /home/haodong/Swarm_Module/Swarm_Module_ws/build/dynamixel_sdk_examples
[4.883s] Level 1:colcon.colcon_core.environment:checking '/home/haodong/Swarm_Module/Swarm_Module_ws/install/dynamixel_sdk_examples' for CMake config files
[4.884s] Level 1:colcon.colcon_core.shell:create_environment_hook('dynamixel_sdk_examples', 'cmake_prefix_path')
[4.885s] INFO:colcon.colcon_core.shell:Creating environment hook '/home/haodong/Swarm_Module/Swarm_Module_ws/install/dynamixel_sdk_examples/share/dynamixel_sdk_examples/hook/cmake_prefix_path.ps1'
[4.886s] INFO:colcon.colcon_core.shell:Creating environment descriptor '/home/haodong/Swarm_Module/Swarm_Module_ws/install/dynamixel_sdk_examples/share/dynamixel_sdk_examples/hook/cmake_prefix_path.dsv'
[4.888s] INFO:colcon.colcon_core.shell:Creating environment hook '/home/haodong/Swarm_Module/Swarm_Module_ws/install/dynamixel_sdk_examples/share/dynamixel_sdk_examples/hook/cmake_prefix_path.sh'
[4.890s] Level 1:colcon.colcon_core.environment:checking '/home/haodong/Swarm_Module/Swarm_Module_ws/install/dynamixel_sdk_examples/lib'
[4.891s] Level 1:colcon.colcon_core.environment:checking '/home/haodong/Swarm_Module/Swarm_Module_ws/install/dynamixel_sdk_examples/bin'
[4.891s] Level 1:colcon.colcon_core.environment:checking '/home/haodong/Swarm_Module/Swarm_Module_ws/install/dynamixel_sdk_examples/lib/pkgconfig/dynamixel_sdk_examples.pc'
[4.892s] Level 1:colcon.colcon_core.environment:checking '/home/haodong/Swarm_Module/Swarm_Module_ws/install/dynamixel_sdk_examples/lib/python3.12/site-packages'
[4.893s] Level 1:colcon.colcon_core.environment:checking '/home/haodong/Swarm_Module/Swarm_Module_ws/install/dynamixel_sdk_examples/bin'
[4.894s] INFO:colcon.colcon_core.shell:Creating package script '/home/haodong/Swarm_Module/Swarm_Module_ws/install/dynamixel_sdk_examples/share/dynamixel_sdk_examples/package.ps1'
[4.896s] INFO:colcon.colcon_core.shell:Creating package descriptor '/home/haodong/Swarm_Module/Swarm_Module_ws/install/dynamixel_sdk_examples/share/dynamixel_sdk_examples/package.dsv'
[4.897s] INFO:colcon.colcon_core.shell:Creating package script '/home/haodong/Swarm_Module/Swarm_Module_ws/install/dynamixel_sdk_examples/share/dynamixel_sdk_examples/package.sh'
[4.899s] INFO:colcon.colcon_core.shell:Creating package script '/home/haodong/Swarm_Module/Swarm_Module_ws/install/dynamixel_sdk_examples/share/dynamixel_sdk_examples/package.bash'
[4.900s] INFO:colcon.colcon_core.shell:Creating package script '/home/haodong/Swarm_Module/Swarm_Module_ws/install/dynamixel_sdk_examples/share/dynamixel_sdk_examples/package.zsh'
[4.902s] Level 1:colcon.colcon_core.environment:create_file_with_runtime_dependencies(/home/haodong/Swarm_Module/Swarm_Module_ws/install/dynamixel_sdk_examples/share/colcon-core/packages/dynamixel_sdk_examples)
[5.072s] Level 1:colcon.colcon_core.environment:create_environment_scripts_only(dynamixel_sdk_examples)
[5.073s] Level 1:colcon.colcon_core.environment:checking '/home/haodong/Swarm_Module/Swarm_Module_ws/install/dynamixel_sdk_examples' for CMake module files
[5.076s] Level 1:colcon.colcon_core.environment:checking '/home/haodong/Swarm_Module/Swarm_Module_ws/install/dynamixel_sdk_examples' for CMake config files
[5.076s] Level 1:colcon.colcon_core.shell:create_environment_hook('dynamixel_sdk_examples', 'cmake_prefix_path')
[5.077s] INFO:colcon.colcon_core.shell:Creating environment hook '/home/haodong/Swarm_Module/Swarm_Module_ws/install/dynamixel_sdk_examples/share/dynamixel_sdk_examples/hook/cmake_prefix_path.ps1'
[5.079s] INFO:colcon.colcon_core.shell:Creating environment descriptor '/home/haodong/Swarm_Module/Swarm_Module_ws/install/dynamixel_sdk_examples/share/dynamixel_sdk_examples/hook/cmake_prefix_path.dsv'
[5.080s] INFO:colcon.colcon_core.shell:Creating environment hook '/home/haodong/Swarm_Module/Swarm_Module_ws/install/dynamixel_sdk_examples/share/dynamixel_sdk_examples/hook/cmake_prefix_path.sh'
[5.083s] Level 1:colcon.colcon_core.environment:checking '/home/haodong/Swarm_Module/Swarm_Module_ws/install/dynamixel_sdk_examples/lib'
[5.083s] Level 1:colcon.colcon_core.environment:checking '/home/haodong/Swarm_Module/Swarm_Module_ws/install/dynamixel_sdk_examples/bin'
[5.083s] Level 1:colcon.colcon_core.environment:checking '/home/haodong/Swarm_Module/Swarm_Module_ws/install/dynamixel_sdk_examples/lib/pkgconfig/dynamixel_sdk_examples.pc'
[5.084s] Level 1:colcon.colcon_core.environment:checking '/home/haodong/Swarm_Module/Swarm_Module_ws/install/dynamixel_sdk_examples/lib/python3.12/site-packages'
[5.085s] Level 1:colcon.colcon_core.environment:checking '/home/haodong/Swarm_Module/Swarm_Module_ws/install/dynamixel_sdk_examples/bin'
[5.086s] INFO:colcon.colcon_core.shell:Creating package script '/home/haodong/Swarm_Module/Swarm_Module_ws/install/dynamixel_sdk_examples/share/dynamixel_sdk_examples/package.ps1'
[5.088s] INFO:colcon.colcon_core.shell:Creating package descriptor '/home/haodong/Swarm_Module/Swarm_Module_ws/install/dynamixel_sdk_examples/share/dynamixel_sdk_examples/package.dsv'
[5.090s] INFO:colcon.colcon_core.shell:Creating package script '/home/haodong/Swarm_Module/Swarm_Module_ws/install/dynamixel_sdk_examples/share/dynamixel_sdk_examples/package.sh'
[5.092s] INFO:colcon.colcon_core.shell:Creating package script '/home/haodong/Swarm_Module/Swarm_Module_ws/install/dynamixel_sdk_examples/share/dynamixel_sdk_examples/package.bash'
[5.094s] INFO:colcon.colcon_core.shell:Creating package script '/home/haodong/Swarm_Module/Swarm_Module_ws/install/dynamixel_sdk_examples/share/dynamixel_sdk_examples/package.zsh'
[5.095s] Level 1:colcon.colcon_core.environment:create_file_with_runtime_dependencies(/home/haodong/Swarm_Module/Swarm_Module_ws/install/dynamixel_sdk_examples/share/colcon-core/packages/dynamixel_sdk_examples)
[5.096s] INFO:colcon.colcon_ros.task.ament_python.build:Building ROS package in '/home/haodong/Swarm_Module/Swarm_Module_ws/src/dynamixel_motor' with build type 'ament_python'
[5.097s] Level 1:colcon.colcon_core.shell:create_environment_hook('dynamixel_motor', 'ament_prefix_path')
[5.098s] INFO:colcon.colcon_core.shell:Creating environment hook '/home/haodong/Swarm_Module/Swarm_Module_ws/install/dynamixel_motor/share/dynamixel_motor/hook/ament_prefix_path.ps1'
[5.101s] INFO:colcon.colcon_core.shell:Creating environment descriptor '/home/haodong/Swarm_Module/Swarm_Module_ws/install/dynamixel_motor/share/dynamixel_motor/hook/ament_prefix_path.dsv'
[5.103s] INFO:colcon.colcon_core.shell:Creating environment hook '/home/haodong/Swarm_Module/Swarm_Module_ws/install/dynamixel_motor/share/dynamixel_motor/hook/ament_prefix_path.sh'
[5.105s] INFO:colcon.colcon_core.shell:Skip shell extension 'powershell' for command environment: Not usable outside of PowerShell
[5.105s] DEBUG:colcon.colcon_core.shell:Skip shell extension 'dsv' for command environment
[5.567s] INFO:colcon.colcon_core.task.python.build:Building Python package in '/home/haodong/Swarm_Module/Swarm_Module_ws/src/dynamixel_motor'
[5.567s] INFO:colcon.colcon_core.shell:Skip shell extension 'powershell' for command environment: Not usable outside of PowerShell
[5.567s] DEBUG:colcon.colcon_core.shell:Skip shell extension 'dsv' for command environment
[6.399s] DEBUG:colcon.colcon_core.event_handler.log_command:Invoking command in '/home/haodong/Swarm_Module/Swarm_Module_ws/src/dynamixel_motor': DEBUGINFOD_URLS=https://debuginfod.ubuntu.com PYTHONPATH=/home/haodong/Swarm_Module/Swarm_Module_ws/build/dynamixel_motor/prefix_override:/usr/lib/python3/dist-packages/colcon_core/task/python/colcon_distutils_commands:/home/haodong/Swarm_Module/Swarm_Module_ws/install/dynamixel_motor/lib/python3.12/site-packages:/home/haodong/Swarm_Module/Swarm_Module_ws/install/dynamixel_sdk_custom_interfaces/lib/python3.12/site-packages:/home/haodong/Swarm_Module/Swarm_Module_ws/install/dynamixel_motor/lib/python3.12/site-packages:/home/haodong/ws_moveit/install/moveit_task_constructor_core/lib/python3.12/site-packages:/home/haodong/ws_moveit/install/moveit_task_constructor_msgs/lib/python3.12/site-packages:/home/haodong/ws_moveit/install/moveit_py/lib/python3.12/site-packages:/home/haodong/ws_moveit/install/moveit_msgs/lib/python3.12/site-packages:/home/haodong/ws_moveit/install/moveit_configs_utils/lib/python3.12/site-packages:/home/haodong/ws/franka/install/lib/python3.12/site-packages:/opt/ros/jazzy/lib/python3.12/site-packages /usr/bin/python3 -W ignore:setup.py install is deprecated setup.py egg_info --egg-base ../../build/dynamixel_motor build --build-base /home/haodong/Swarm_Module/Swarm_Module_ws/build/dynamixel_motor/build install --record /home/haodong/Swarm_Module/Swarm_Module_ws/build/dynamixel_motor/install.log --single-version-externally-managed install_data
[7.183s] Level 1:colcon.colcon_core.environment:checking '/home/haodong/Swarm_Module/Swarm_Module_ws/install/dynamixel_motor' for CMake module files
[7.184s] DEBUG:colcon.colcon_core.event_handler.log_command:Invoked command in '/home/haodong/Swarm_Module/Swarm_Module_ws/src/dynamixel_motor' returned '0': DEBUGINFOD_URLS=https://debuginfod.ubuntu.com PYTHONPATH=/home/haodong/Swarm_Module/Swarm_Module_ws/build/dynamixel_motor/prefix_override:/usr/lib/python3/dist-packages/colcon_core/task/python/colcon_distutils_commands:/home/haodong/Swarm_Module/Swarm_Module_ws/install/dynamixel_motor/lib/python3.12/site-packages:/home/haodong/Swarm_Module/Swarm_Module_ws/install/dynamixel_sdk_custom_interfaces/lib/python3.12/site-packages:/home/haodong/Swarm_Module/Swarm_Module_ws/install/dynamixel_motor/lib/python3.12/site-packages:/home/haodong/ws_moveit/install/moveit_task_constructor_core/lib/python3.12/site-packages:/home/haodong/ws_moveit/install/moveit_task_constructor_msgs/lib/python3.12/site-packages:/home/haodong/ws_moveit/install/moveit_py/lib/python3.12/site-packages:/home/haodong/ws_moveit/install/moveit_msgs/lib/python3.12/site-packages:/home/haodong/ws_moveit/install/moveit_configs_utils/lib/python3.12/site-packages:/home/haodong/ws/franka/install/lib/python3.12/site-packages:/opt/ros/jazzy/lib/python3.12/site-packages /usr/bin/python3 -W ignore:setup.py install is deprecated setup.py egg_info --egg-base ../../build/dynamixel_motor build --build-base /home/haodong/Swarm_Module/Swarm_Module_ws/build/dynamixel_motor/build install --record /home/haodong/Swarm_Module/Swarm_Module_ws/build/dynamixel_motor/install.log --single-version-externally-managed install_data
[7.184s] Level 1:colcon.colcon_core.environment:checking '/home/haodong/Swarm_Module/Swarm_Module_ws/install/dynamixel_motor' for CMake config files
[7.184s] Level 1:colcon.colcon_core.environment:checking '/home/haodong/Swarm_Module/Swarm_Module_ws/install/dynamixel_motor/lib'
[7.184s] Level 1:colcon.colcon_core.environment:checking '/home/haodong/Swarm_Module/Swarm_Module_ws/install/dynamixel_motor/bin'
[7.185s] Level 1:colcon.colcon_core.environment:checking '/home/haodong/Swarm_Module/Swarm_Module_ws/install/dynamixel_motor/lib/pkgconfig/dynamixel_motor.pc'
[7.185s] Level 1:colcon.colcon_core.environment:checking '/home/haodong/Swarm_Module/Swarm_Module_ws/install/dynamixel_motor/lib/python3.12/site-packages'
[7.185s] Level 1:colcon.colcon_core.shell:create_environment_hook('dynamixel_motor', 'pythonpath')
[7.185s] INFO:colcon.colcon_core.shell:Creating environment hook '/home/haodong/Swarm_Module/Swarm_Module_ws/install/dynamixel_motor/share/dynamixel_motor/hook/pythonpath.ps1'
[7.185s] INFO:colcon.colcon_core.shell:Creating environment descriptor '/home/haodong/Swarm_Module/Swarm_Module_ws/install/dynamixel_motor/share/dynamixel_motor/hook/pythonpath.dsv'
[7.186s] INFO:colcon.colcon_core.shell:Creating environment hook '/home/haodong/Swarm_Module/Swarm_Module_ws/install/dynamixel_motor/share/dynamixel_motor/hook/pythonpath.sh'
[7.186s] Level 1:colcon.colcon_core.environment:checking '/home/haodong/Swarm_Module/Swarm_Module_ws/install/dynamixel_motor/bin'
[7.187s] Level 1:colcon.colcon_core.environment:create_environment_scripts_only(dynamixel_motor)
[7.187s] INFO:colcon.colcon_core.shell:Creating package script '/home/haodong/Swarm_Module/Swarm_Module_ws/install/dynamixel_motor/share/dynamixel_motor/package.ps1'
[7.187s] INFO:colcon.colcon_core.shell:Creating package descriptor '/home/haodong/Swarm_Module/Swarm_Module_ws/install/dynamixel_motor/share/dynamixel_motor/package.dsv'
[7.188s] INFO:colcon.colcon_core.shell:Creating package script '/home/haodong/Swarm_Module/Swarm_Module_ws/install/dynamixel_motor/share/dynamixel_motor/package.sh'
[7.188s] INFO:colcon.colcon_core.shell:Creating package script '/home/haodong/Swarm_Module/Swarm_Module_ws/install/dynamixel_motor/share/dynamixel_motor/package.bash'
[7.188s] INFO:colcon.colcon_core.shell:Creating package script '/home/haodong/Swarm_Module/Swarm_Module_ws/install/dynamixel_motor/share/dynamixel_motor/package.zsh'
[7.189s] Level 1:colcon.colcon_core.environment:create_file_with_runtime_dependencies(/home/haodong/Swarm_Module/Swarm_Module_ws/install/dynamixel_motor/share/colcon-core/packages/dynamixel_motor)
[7.189s] DEBUG:colcon.colcon_parallel_executor.executor.parallel:closing loop
[7.189s] DEBUG:colcon.colcon_parallel_executor.executor.parallel:loop closed
[7.190s] DEBUG:colcon.colcon_parallel_executor.executor.parallel:run_until_complete finished with '0'
[7.190s] DEBUG:colcon.colcon_core.event_reactor:joining thread
[7.198s] INFO:colcon.colcon_core.plugin_system:Skipping extension 'colcon_notification.desktop_notification.terminal_notifier': Not used on non-Darwin systems
[7.198s] INFO:colcon.colcon_core.plugin_system:Skipping extension 'colcon_notification.desktop_notification.win32': Not used on non-Windows systems
[7.198s] INFO:colcon.colcon_notification.desktop_notification:Sending desktop notification using 'notify2'
[7.211s] DEBUG:colcon.colcon_core.event_reactor:joined thread
[7.211s] INFO:colcon.colcon_core.shell:Creating prefix script '/home/haodong/Swarm_Module/Swarm_Module_ws/install/local_setup.ps1'
[7.212s] INFO:colcon.colcon_core.shell:Creating prefix util module '/home/haodong/Swarm_Module/Swarm_Module_ws/install/_local_setup_util_ps1.py'
[7.213s] INFO:colcon.colcon_core.shell:Creating prefix chain script '/home/haodong/Swarm_Module/Swarm_Module_ws/install/setup.ps1'
[7.217s] INFO:colcon.colcon_core.shell:Creating prefix script '/home/haodong/Swarm_Module/Swarm_Module_ws/install/local_setup.sh'
[7.218s] INFO:colcon.colcon_core.shell:Creating prefix util module '/home/haodong/Swarm_Module/Swarm_Module_ws/install/_local_setup_util_sh.py'
[7.218s] INFO:colcon.colcon_core.shell:Creating prefix chain script '/home/haodong/Swarm_Module/Swarm_Module_ws/install/setup.sh'
[7.223s] INFO:colcon.colcon_core.shell:Creating prefix script '/home/haodong/Swarm_Module/Swarm_Module_ws/install/local_setup.bash'
[7.224s] INFO:colcon.colcon_core.shell:Creating prefix chain script '/home/haodong/Swarm_Module/Swarm_Module_ws/install/setup.bash'
[7.227s] INFO:colcon.colcon_core.shell:Creating prefix script '/home/haodong/Swarm_Module/Swarm_Module_ws/install/local_setup.zsh'
[7.228s] INFO:colcon.colcon_core.shell:Creating prefix chain script '/home/haodong/Swarm_Module/Swarm_Module_ws/install/setup.zsh'
