[1.581s] Invoking command in '/home/haodong/modular_ws/src/dynamixel_motor': DEBUGINFOD_URLS=https://debuginfod.ubuntu.com PYTHONPATH=/home/haodong/modular_ws/build/dynamixel_motor/prefix_override:/usr/lib/python3/dist-packages/colcon_core/task/python/colcon_distutils_commands:/home/haodong/modular_ws/install/dynamixel_motor/lib/python3.12/site-packages:/home/haodong/modular_ws/install/dynamixel_sdk_custom_interfaces/lib/python3.12/site-packages:/home/haodong/modular_ws/install/dynamixel_motor/lib/python3.12/site-packages:/home/haodong/ws_moveit/install/moveit_task_constructor_core/lib/python3.12/site-packages:/home/haodong/ws_moveit/install/moveit_task_constructor_msgs/lib/python3.12/site-packages:/home/haodong/ws_moveit/install/moveit_py/lib/python3.12/site-packages:/home/haodong/ws_moveit/install/moveit_msgs/lib/python3.12/site-packages:/home/haodong/ws_moveit/install/moveit_configs_utils/lib/python3.12/site-packages:/home/haodong/ws/franka/install/lib/python3.12/site-packages:/opt/ros/jazzy/lib/python3.12/site-packages /usr/bin/python3 -W ignore:setup.py install is deprecated setup.py egg_info --egg-base ../../build/dynamixel_motor build --build-base /home/haodong/modular_ws/build/dynamixel_motor/build install --record /home/haodong/modular_ws/build/dynamixel_motor/install.log --single-version-externally-managed install_data
[2.135s] running egg_info
[2.136s] creating ../../build/dynamixel_motor/dynamixel_motor.egg-info
[2.175s] writing ../../build/dynamixel_motor/dynamixel_motor.egg-info/PKG-INFO
[2.175s] writing dependency_links to ../../build/dynamixel_motor/dynamixel_motor.egg-info/dependency_links.txt
[2.175s] writing entry points to ../../build/dynamixel_motor/dynamixel_motor.egg-info/entry_points.txt
[2.176s] writing requirements to ../../build/dynamixel_motor/dynamixel_motor.egg-info/requires.txt
[2.176s] writing top-level names to ../../build/dynamixel_motor/dynamixel_motor.egg-info/top_level.txt
[2.176s] writing manifest file '../../build/dynamixel_motor/dynamixel_motor.egg-info/SOURCES.txt'
[2.268s] reading manifest file '../../build/dynamixel_motor/dynamixel_motor.egg-info/SOURCES.txt'
[2.268s] adding license file 'LICENSE'
[2.269s] writing manifest file '../../build/dynamixel_motor/dynamixel_motor.egg-info/SOURCES.txt'
[2.269s] running build
[2.269s] running build_py
[2.269s] creating /home/haodong/modular_ws/build/dynamixel_motor/build
[2.269s] creating /home/haodong/modular_ws/build/dynamixel_motor/build/lib
[2.269s] creating /home/haodong/modular_ws/build/dynamixel_motor/build/lib/dynamixel_motor
[2.269s] copying dynamixel_motor/MovementControl.py -> /home/haodong/modular_ws/build/dynamixel_motor/build/lib/dynamixel_motor
[2.269s] copying dynamixel_motor/__init__.py -> /home/haodong/modular_ws/build/dynamixel_motor/build/lib/dynamixel_motor
[2.269s] running install
[2.276s] running install_lib
[2.327s] creating /home/haodong/modular_ws/install/dynamixel_motor/lib/python3.12/site-packages/dynamixel_motor
[2.328s] copying /home/haodong/modular_ws/build/dynamixel_motor/build/lib/dynamixel_motor/MovementControl.py -> /home/haodong/modular_ws/install/dynamixel_motor/lib/python3.12/site-packages/dynamixel_motor
[2.328s] copying /home/haodong/modular_ws/build/dynamixel_motor/build/lib/dynamixel_motor/__init__.py -> /home/haodong/modular_ws/install/dynamixel_motor/lib/python3.12/site-packages/dynamixel_motor
[2.329s] byte-compiling /home/haodong/modular_ws/install/dynamixel_motor/lib/python3.12/site-packages/dynamixel_motor/MovementControl.py to MovementControl.cpython-312.pyc
[2.338s] byte-compiling /home/haodong/modular_ws/install/dynamixel_motor/lib/python3.12/site-packages/dynamixel_motor/__init__.py to __init__.cpython-312.pyc
[2.338s] running install_data
[2.339s] creating /home/haodong/modular_ws/install/dynamixel_motor/share/ament_index
[2.339s] creating /home/haodong/modular_ws/install/dynamixel_motor/share/ament_index/resource_index
[2.339s] creating /home/haodong/modular_ws/install/dynamixel_motor/share/ament_index/resource_index/packages
[2.339s] copying resource/dynamixel_motor -> /home/haodong/modular_ws/install/dynamixel_motor/share/ament_index/resource_index/packages
[2.339s] copying package.xml -> /home/haodong/modular_ws/install/dynamixel_motor/share/dynamixel_motor
[2.339s] running install_egg_info
[2.384s] Copying ../../build/dynamixel_motor/dynamixel_motor.egg-info to /home/haodong/modular_ws/install/dynamixel_motor/lib/python3.12/site-packages/dynamixel_motor-0.0.0-py3.12.egg-info
[2.385s] running install_scripts
[2.667s] Installing MovementControl script to /home/haodong/modular_ws/install/dynamixel_motor/lib/dynamixel_motor
[2.668s] writing list of installed files to '/home/haodong/modular_ws/build/dynamixel_motor/install.log'
[2.691s] Invoked command in '/home/haodong/modular_ws/src/dynamixel_motor' returned '0': DEBUGINFOD_URLS=https://debuginfod.ubuntu.com PYTHONPATH=/home/haodong/modular_ws/build/dynamixel_motor/prefix_override:/usr/lib/python3/dist-packages/colcon_core/task/python/colcon_distutils_commands:/home/haodong/modular_ws/install/dynamixel_motor/lib/python3.12/site-packages:/home/haodong/modular_ws/install/dynamixel_sdk_custom_interfaces/lib/python3.12/site-packages:/home/haodong/modular_ws/install/dynamixel_motor/lib/python3.12/site-packages:/home/haodong/ws_moveit/install/moveit_task_constructor_core/lib/python3.12/site-packages:/home/haodong/ws_moveit/install/moveit_task_constructor_msgs/lib/python3.12/site-packages:/home/haodong/ws_moveit/install/moveit_py/lib/python3.12/site-packages:/home/haodong/ws_moveit/install/moveit_msgs/lib/python3.12/site-packages:/home/haodong/ws_moveit/install/moveit_configs_utils/lib/python3.12/site-packages:/home/haodong/ws/franka/install/lib/python3.12/site-packages:/opt/ros/jazzy/lib/python3.12/site-packages /usr/bin/python3 -W ignore:setup.py install is deprecated setup.py egg_info --egg-base ../../build/dynamixel_motor build --build-base /home/haodong/modular_ws/build/dynamixel_motor/build install --record /home/haodong/modular_ws/build/dynamixel_motor/install.log --single-version-externally-managed install_data
