[0.165s] DEBUG:colcon:Command line arguments: ['/usr/bin/colcon', 'build']
[0.165s] DEBUG:colcon:Parsed command line arguments: Namespace(log_base=None, log_level=None, verb_name='build', build_base='build', install_base='install', merge_install=False, symlink_install=False, test_result_base=None, continue_on_error=False, executor='parallel', parallel_workers=12, event_handlers=None, ignore_user_meta=False, metas=['./colcon.meta'], base_paths=['.'], packages_ignore=None, packages_ignore_regex=None, paths=None, packages_up_to=None, packages_up_to_regex=None, packages_above=None, packages_above_and_dependencies=None, packages_above_depth=None, packages_select_by_dep=None, packages_skip_by_dep=None, packages_skip_up_to=None, packages_select_build_failed=False, packages_skip_build_finished=False, packages_select_test_failures=False, packages_skip_test_passed=False, packages_select=None, packages_skip=None, packages_select_regex=None, packages_skip_regex=None, packages_start=None, packages_end=None, allow_overriding=[], cmake_args=None, cmake_target=None, cmake_target_skip_unavailable=False, cmake_clean_cache=False, cmake_clean_first=False, cmake_force_configure=False, ament_cmake_args=None, catkin_cmake_args=None, catkin_skip_building_tests=False, mixin_files=None, mixin=None, verb_parser=<colcon_mixin.mixin.mixin_argument.MixinArgumentDecorator object at 0x7ecca94fd4c0>, verb_extension=<colcon_core.verb.build.BuildVerb object at 0x7ecca94fd0d0>, main=<bound method BuildVerb.main of <colcon_core.verb.build.BuildVerb object at 0x7ecca94fd0d0>>, mixin_verb=('build',))
[0.200s] Level 1:colcon.colcon_core.package_discovery:discover_packages(colcon_meta) check parameters
[0.200s] Level 1:colcon.colcon_core.package_discovery:discover_packages(recursive) check parameters
[0.200s] Level 1:colcon.colcon_core.package_discovery:discover_packages(ignore) check parameters
[0.200s] Level 1:colcon.colcon_core.package_discovery:discover_packages(path) check parameters
[0.200s] Level 1:colcon.colcon_core.package_discovery:discover_packages(colcon_meta) discover
[0.200s] Level 1:colcon.colcon_core.package_discovery:discover_packages(recursive) discover
[0.200s] INFO:colcon.colcon_core.package_discovery:Crawling recursively for packages in '/home/haodong/Swarm_Module/Swarm_Module_ws'
[0.200s] Level 1:colcon.colcon_core.package_identification:_identify(.) by extensions ['ignore', 'ignore_ament_install']
[0.200s] Level 1:colcon.colcon_core.package_identification:_identify(.) by extension 'ignore'
[0.200s] Level 1:colcon.colcon_core.package_identification:_identify(.) by extension 'ignore_ament_install'
[0.200s] Level 1:colcon.colcon_core.package_identification:_identify(.) by extensions ['colcon_pkg']
[0.200s] Level 1:colcon.colcon_core.package_identification:_identify(.) by extension 'colcon_pkg'
[0.200s] Level 1:colcon.colcon_core.package_identification:_identify(.) by extensions ['colcon_meta']
[0.200s] Level 1:colcon.colcon_core.package_identification:_identify(.) by extension 'colcon_meta'
[0.200s] Level 1:colcon.colcon_core.package_identification:_identify(.) by extensions ['ros']
[0.200s] Level 1:colcon.colcon_core.package_identification:_identify(.) by extension 'ros'
[0.223s] Level 1:colcon.colcon_core.package_identification:_identify(.) by extensions ['cmake', 'python']
[0.223s] Level 1:colcon.colcon_core.package_identification:_identify(.) by extension 'cmake'
[0.223s] Level 1:colcon.colcon_core.package_identification:_identify(.) by extension 'python'
[0.223s] Level 1:colcon.colcon_core.package_identification:_identify(.) by extensions ['python_setup_py']
[0.223s] Level 1:colcon.colcon_core.package_identification:_identify(.) by extension 'python_setup_py'
[0.223s] Level 1:colcon.colcon_core.package_identification:_identify(build) by extensions ['ignore', 'ignore_ament_install']
[0.223s] Level 1:colcon.colcon_core.package_identification:_identify(build) by extension 'ignore'
[0.223s] Level 1:colcon.colcon_core.package_identification:_identify(build) ignored
[0.223s] Level 1:colcon.colcon_core.package_identification:_identify(install) by extensions ['ignore', 'ignore_ament_install']
[0.223s] Level 1:colcon.colcon_core.package_identification:_identify(install) by extension 'ignore'
[0.223s] Level 1:colcon.colcon_core.package_identification:_identify(install) ignored
[0.224s] Level 1:colcon.colcon_core.package_identification:_identify(log) by extensions ['ignore', 'ignore_ament_install']
[0.224s] Level 1:colcon.colcon_core.package_identification:_identify(log) by extension 'ignore'
[0.224s] Level 1:colcon.colcon_core.package_identification:_identify(log) ignored
[0.224s] Level 1:colcon.colcon_core.package_identification:_identify(src) by extensions ['ignore', 'ignore_ament_install']
[0.224s] Level 1:colcon.colcon_core.package_identification:_identify(src) by extension 'ignore'
[0.224s] Level 1:colcon.colcon_core.package_identification:_identify(src) by extension 'ignore_ament_install'
[0.224s] Level 1:colcon.colcon_core.package_identification:_identify(src) by extensions ['colcon_pkg']
[0.224s] Level 1:colcon.colcon_core.package_identification:_identify(src) by extension 'colcon_pkg'
[0.224s] Level 1:colcon.colcon_core.package_identification:_identify(src) by extensions ['colcon_meta']
[0.224s] Level 1:colcon.colcon_core.package_identification:_identify(src) by extension 'colcon_meta'
[0.224s] Level 1:colcon.colcon_core.package_identification:_identify(src) by extensions ['ros']
[0.224s] Level 1:colcon.colcon_core.package_identification:_identify(src) by extension 'ros'
[0.224s] Level 1:colcon.colcon_core.package_identification:_identify(src) by extensions ['cmake', 'python']
[0.224s] Level 1:colcon.colcon_core.package_identification:_identify(src) by extension 'cmake'
[0.224s] Level 1:colcon.colcon_core.package_identification:_identify(src) by extension 'python'
[0.224s] Level 1:colcon.colcon_core.package_identification:_identify(src) by extensions ['python_setup_py']
[0.224s] Level 1:colcon.colcon_core.package_identification:_identify(src) by extension 'python_setup_py'
[0.224s] Level 1:colcon.colcon_core.package_identification:_identify(src/dynamixel_motor) by extensions ['ignore', 'ignore_ament_install']
[0.224s] Level 1:colcon.colcon_core.package_identification:_identify(src/dynamixel_motor) by extension 'ignore'
[0.224s] Level 1:colcon.colcon_core.package_identification:_identify(src/dynamixel_motor) by extension 'ignore_ament_install'
[0.225s] Level 1:colcon.colcon_core.package_identification:_identify(src/dynamixel_motor) by extensions ['colcon_pkg']
[0.225s] Level 1:colcon.colcon_core.package_identification:_identify(src/dynamixel_motor) by extension 'colcon_pkg'
[0.225s] Level 1:colcon.colcon_core.package_identification:_identify(src/dynamixel_motor) by extensions ['colcon_meta']
[0.225s] Level 1:colcon.colcon_core.package_identification:_identify(src/dynamixel_motor) by extension 'colcon_meta'
[0.225s] Level 1:colcon.colcon_core.package_identification:_identify(src/dynamixel_motor) by extensions ['ros']
[0.225s] Level 1:colcon.colcon_core.package_identification:_identify(src/dynamixel_motor) by extension 'ros'
[0.227s] DEBUG:colcon.colcon_core.package_identification:Package 'src/dynamixel_motor' with type 'ros.ament_python' and name 'dynamixel_motor'
[0.227s] Level 1:colcon.colcon_core.package_identification:_identify(src/dynamixel_sdk) by extensions ['ignore', 'ignore_ament_install']
[0.227s] Level 1:colcon.colcon_core.package_identification:_identify(src/dynamixel_sdk) by extension 'ignore'
[0.227s] Level 1:colcon.colcon_core.package_identification:_identify(src/dynamixel_sdk) by extension 'ignore_ament_install'
[0.227s] Level 1:colcon.colcon_core.package_identification:_identify(src/dynamixel_sdk) by extensions ['colcon_pkg']
[0.227s] Level 1:colcon.colcon_core.package_identification:_identify(src/dynamixel_sdk) by extension 'colcon_pkg'
[0.227s] Level 1:colcon.colcon_core.package_identification:_identify(src/dynamixel_sdk) by extensions ['colcon_meta']
[0.227s] Level 1:colcon.colcon_core.package_identification:_identify(src/dynamixel_sdk) by extension 'colcon_meta'
[0.227s] Level 1:colcon.colcon_core.package_identification:_identify(src/dynamixel_sdk) by extensions ['ros']
[0.227s] Level 1:colcon.colcon_core.package_identification:_identify(src/dynamixel_sdk) by extension 'ros'
[0.227s] DEBUG:colcon.colcon_core.package_identification:Package 'src/dynamixel_sdk' with type 'ros.ament_cmake' and name 'dynamixel_sdk'
[0.228s] Level 1:colcon.colcon_core.package_identification:_identify(src/dynamixel_sdk_custom_interfaces) by extensions ['ignore', 'ignore_ament_install']
[0.228s] Level 1:colcon.colcon_core.package_identification:_identify(src/dynamixel_sdk_custom_interfaces) by extension 'ignore'
[0.228s] Level 1:colcon.colcon_core.package_identification:_identify(src/dynamixel_sdk_custom_interfaces) by extension 'ignore_ament_install'
[0.228s] Level 1:colcon.colcon_core.package_identification:_identify(src/dynamixel_sdk_custom_interfaces) by extensions ['colcon_pkg']
[0.228s] Level 1:colcon.colcon_core.package_identification:_identify(src/dynamixel_sdk_custom_interfaces) by extension 'colcon_pkg'
[0.228s] Level 1:colcon.colcon_core.package_identification:_identify(src/dynamixel_sdk_custom_interfaces) by extensions ['colcon_meta']
[0.228s] Level 1:colcon.colcon_core.package_identification:_identify(src/dynamixel_sdk_custom_interfaces) by extension 'colcon_meta'
[0.228s] Level 1:colcon.colcon_core.package_identification:_identify(src/dynamixel_sdk_custom_interfaces) by extensions ['ros']
[0.228s] Level 1:colcon.colcon_core.package_identification:_identify(src/dynamixel_sdk_custom_interfaces) by extension 'ros'
[0.228s] DEBUG:colcon.colcon_core.package_identification:Package 'src/dynamixel_sdk_custom_interfaces' with type 'ros.ament_cmake' and name 'dynamixel_sdk_custom_interfaces'
[0.228s] Level 1:colcon.colcon_core.package_identification:_identify(src/dynamixel_sdk_examples) by extensions ['ignore', 'ignore_ament_install']
[0.228s] Level 1:colcon.colcon_core.package_identification:_identify(src/dynamixel_sdk_examples) by extension 'ignore'
[0.229s] Level 1:colcon.colcon_core.package_identification:_identify(src/dynamixel_sdk_examples) by extension 'ignore_ament_install'
[0.229s] Level 1:colcon.colcon_core.package_identification:_identify(src/dynamixel_sdk_examples) by extensions ['colcon_pkg']
[0.229s] Level 1:colcon.colcon_core.package_identification:_identify(src/dynamixel_sdk_examples) by extension 'colcon_pkg'
[0.229s] Level 1:colcon.colcon_core.package_identification:_identify(src/dynamixel_sdk_examples) by extensions ['colcon_meta']
[0.229s] Level 1:colcon.colcon_core.package_identification:_identify(src/dynamixel_sdk_examples) by extension 'colcon_meta'
[0.229s] Level 1:colcon.colcon_core.package_identification:_identify(src/dynamixel_sdk_examples) by extensions ['ros']
[0.229s] Level 1:colcon.colcon_core.package_identification:_identify(src/dynamixel_sdk_examples) by extension 'ros'
[0.229s] DEBUG:colcon.colcon_core.package_identification:Package 'src/dynamixel_sdk_examples' with type 'ros.ament_cmake' and name 'dynamixel_sdk_examples'
[0.229s] Level 1:colcon.colcon_core.package_discovery:discover_packages(recursive) using defaults
[0.229s] Level 1:colcon.colcon_core.package_discovery:discover_packages(ignore) discover
[0.229s] Level 1:colcon.colcon_core.package_discovery:discover_packages(ignore) using defaults
[0.230s] Level 1:colcon.colcon_core.package_discovery:discover_packages(path) discover
[0.230s] Level 1:colcon.colcon_core.package_discovery:discover_packages(path) using defaults
[0.246s] Level 1:colcon.colcon_core.package_discovery:discover_packages(prefix_path) check parameters
[0.246s] Level 1:colcon.colcon_core.package_discovery:discover_packages(prefix_path) discover
[0.250s] DEBUG:colcon.colcon_installed_package_information.package_discovery:Found 4 installed packages in /home/haodong/Swarm_Module/Swarm_Module_ws/install
[0.252s] DEBUG:colcon.colcon_installed_package_information.package_discovery:Found 71 installed packages in /home/haodong/ws_moveit/install
[0.253s] DEBUG:colcon.colcon_installed_package_information.package_discovery:Found 11 installed packages in /home/haodong/ws/franka/install
[0.255s] DEBUG:colcon.colcon_installed_package_information.package_discovery:Found 488 installed packages in /opt/ros/jazzy
[0.257s] Level 1:colcon.colcon_core.package_discovery:discover_packages(prefix_path) using defaults
[0.338s] Level 5:colcon.colcon_core.verb:set package 'dynamixel_sdk' build argument 'cmake_args' from command line to 'None'
[0.338s] Level 5:colcon.colcon_core.verb:set package 'dynamixel_sdk' build argument 'cmake_target' from command line to 'None'
[0.338s] Level 5:colcon.colcon_core.verb:set package 'dynamixel_sdk' build argument 'cmake_target_skip_unavailable' from command line to 'False'
[0.338s] Level 5:colcon.colcon_core.verb:set package 'dynamixel_sdk' build argument 'cmake_clean_cache' from command line to 'False'
[0.338s] Level 5:colcon.colcon_core.verb:set package 'dynamixel_sdk' build argument 'cmake_clean_first' from command line to 'False'
[0.338s] Level 5:colcon.colcon_core.verb:set package 'dynamixel_sdk' build argument 'cmake_force_configure' from command line to 'False'
[0.338s] Level 5:colcon.colcon_core.verb:set package 'dynamixel_sdk' build argument 'ament_cmake_args' from command line to 'None'
[0.338s] Level 5:colcon.colcon_core.verb:set package 'dynamixel_sdk' build argument 'catkin_cmake_args' from command line to 'None'
[0.338s] Level 5:colcon.colcon_core.verb:set package 'dynamixel_sdk' build argument 'catkin_skip_building_tests' from command line to 'False'
[0.338s] DEBUG:colcon.colcon_core.verb:Building package 'dynamixel_sdk' with the following arguments: {'ament_cmake_args': None, 'build_base': '/home/haodong/Swarm_Module/Swarm_Module_ws/build/dynamixel_sdk', 'catkin_cmake_args': None, 'catkin_skip_building_tests': False, 'cmake_args': None, 'cmake_clean_cache': False, 'cmake_clean_first': False, 'cmake_force_configure': False, 'cmake_target': None, 'cmake_target_skip_unavailable': False, 'install_base': '/home/haodong/Swarm_Module/Swarm_Module_ws/install/dynamixel_sdk', 'merge_install': False, 'path': '/home/haodong/Swarm_Module/Swarm_Module_ws/src/dynamixel_sdk', 'symlink_install': False, 'test_result_base': None}
[0.338s] Level 5:colcon.colcon_core.verb:set package 'dynamixel_sdk_custom_interfaces' build argument 'cmake_args' from command line to 'None'
[0.338s] Level 5:colcon.colcon_core.verb:set package 'dynamixel_sdk_custom_interfaces' build argument 'cmake_target' from command line to 'None'
[0.338s] Level 5:colcon.colcon_core.verb:set package 'dynamixel_sdk_custom_interfaces' build argument 'cmake_target_skip_unavailable' from command line to 'False'
[0.338s] Level 5:colcon.colcon_core.verb:set package 'dynamixel_sdk_custom_interfaces' build argument 'cmake_clean_cache' from command line to 'False'
[0.338s] Level 5:colcon.colcon_core.verb:set package 'dynamixel_sdk_custom_interfaces' build argument 'cmake_clean_first' from command line to 'False'
[0.338s] Level 5:colcon.colcon_core.verb:set package 'dynamixel_sdk_custom_interfaces' build argument 'cmake_force_configure' from command line to 'False'
[0.338s] Level 5:colcon.colcon_core.verb:set package 'dynamixel_sdk_custom_interfaces' build argument 'ament_cmake_args' from command line to 'None'
[0.338s] Level 5:colcon.colcon_core.verb:set package 'dynamixel_sdk_custom_interfaces' build argument 'catkin_cmake_args' from command line to 'None'
[0.338s] Level 5:colcon.colcon_core.verb:set package 'dynamixel_sdk_custom_interfaces' build argument 'catkin_skip_building_tests' from command line to 'False'
[0.339s] DEBUG:colcon.colcon_core.verb:Building package 'dynamixel_sdk_custom_interfaces' with the following arguments: {'ament_cmake_args': None, 'build_base': '/home/haodong/Swarm_Module/Swarm_Module_ws/build/dynamixel_sdk_custom_interfaces', 'catkin_cmake_args': None, 'catkin_skip_building_tests': False, 'cmake_args': None, 'cmake_clean_cache': False, 'cmake_clean_first': False, 'cmake_force_configure': False, 'cmake_target': None, 'cmake_target_skip_unavailable': False, 'install_base': '/home/haodong/Swarm_Module/Swarm_Module_ws/install/dynamixel_sdk_custom_interfaces', 'merge_install': False, 'path': '/home/haodong/Swarm_Module/Swarm_Module_ws/src/dynamixel_sdk_custom_interfaces', 'symlink_install': False, 'test_result_base': None}
[0.339s] Level 5:colcon.colcon_core.verb:set package 'dynamixel_sdk_examples' build argument 'cmake_args' from command line to 'None'
[0.339s] Level 5:colcon.colcon_core.verb:set package 'dynamixel_sdk_examples' build argument 'cmake_target' from command line to 'None'
[0.339s] Level 5:colcon.colcon_core.verb:set package 'dynamixel_sdk_examples' build argument 'cmake_target_skip_unavailable' from command line to 'False'
[0.339s] Level 5:colcon.colcon_core.verb:set package 'dynamixel_sdk_examples' build argument 'cmake_clean_cache' from command line to 'False'
[0.339s] Level 5:colcon.colcon_core.verb:set package 'dynamixel_sdk_examples' build argument 'cmake_clean_first' from command line to 'False'
[0.339s] Level 5:colcon.colcon_core.verb:set package 'dynamixel_sdk_examples' build argument 'cmake_force_configure' from command line to 'False'
[0.339s] Level 5:colcon.colcon_core.verb:set package 'dynamixel_sdk_examples' build argument 'ament_cmake_args' from command line to 'None'
[0.339s] Level 5:colcon.colcon_core.verb:set package 'dynamixel_sdk_examples' build argument 'catkin_cmake_args' from command line to 'None'
[0.339s] Level 5:colcon.colcon_core.verb:set package 'dynamixel_sdk_examples' build argument 'catkin_skip_building_tests' from command line to 'False'
[0.339s] DEBUG:colcon.colcon_core.verb:Building package 'dynamixel_sdk_examples' with the following arguments: {'ament_cmake_args': None, 'build_base': '/home/haodong/Swarm_Module/Swarm_Module_ws/build/dynamixel_sdk_examples', 'catkin_cmake_args': None, 'catkin_skip_building_tests': False, 'cmake_args': None, 'cmake_clean_cache': False, 'cmake_clean_first': False, 'cmake_force_configure': False, 'cmake_target': None, 'cmake_target_skip_unavailable': False, 'install_base': '/home/haodong/Swarm_Module/Swarm_Module_ws/install/dynamixel_sdk_examples', 'merge_install': False, 'path': '/home/haodong/Swarm_Module/Swarm_Module_ws/src/dynamixel_sdk_examples', 'symlink_install': False, 'test_result_base': None}
[0.339s] Level 5:colcon.colcon_core.verb:set package 'dynamixel_motor' build argument 'cmake_args' from command line to 'None'
[0.339s] Level 5:colcon.colcon_core.verb:set package 'dynamixel_motor' build argument 'cmake_target' from command line to 'None'
[0.339s] Level 5:colcon.colcon_core.verb:set package 'dynamixel_motor' build argument 'cmake_target_skip_unavailable' from command line to 'False'
[0.339s] Level 5:colcon.colcon_core.verb:set package 'dynamixel_motor' build argument 'cmake_clean_cache' from command line to 'False'
[0.339s] Level 5:colcon.colcon_core.verb:set package 'dynamixel_motor' build argument 'cmake_clean_first' from command line to 'False'
[0.339s] Level 5:colcon.colcon_core.verb:set package 'dynamixel_motor' build argument 'cmake_force_configure' from command line to 'False'
[0.339s] Level 5:colcon.colcon_core.verb:set package 'dynamixel_motor' build argument 'ament_cmake_args' from command line to 'None'
[0.339s] Level 5:colcon.colcon_core.verb:set package 'dynamixel_motor' build argument 'catkin_cmake_args' from command line to 'None'
[0.339s] Level 5:colcon.colcon_core.verb:set package 'dynamixel_motor' build argument 'catkin_skip_building_tests' from command line to 'False'
[0.340s] DEBUG:colcon.colcon_core.verb:Building package 'dynamixel_motor' with the following arguments: {'ament_cmake_args': None, 'build_base': '/home/haodong/Swarm_Module/Swarm_Module_ws/build/dynamixel_motor', 'catkin_cmake_args': None, 'catkin_skip_building_tests': False, 'cmake_args': None, 'cmake_clean_cache': False, 'cmake_clean_first': False, 'cmake_force_configure': False, 'cmake_target': None, 'cmake_target_skip_unavailable': False, 'install_base': '/home/haodong/Swarm_Module/Swarm_Module_ws/install/dynamixel_motor', 'merge_install': False, 'path': '/home/haodong/Swarm_Module/Swarm_Module_ws/src/dynamixel_motor', 'symlink_install': False, 'test_result_base': None}
[0.340s] INFO:colcon.colcon_core.executor:Executing jobs using 'parallel' executor
[0.340s] DEBUG:colcon.colcon_parallel_executor.executor.parallel:run_until_complete
[0.341s] INFO:colcon.colcon_ros.task.ament_cmake.build:Building ROS package in '/home/haodong/Swarm_Module/Swarm_Module_ws/src/dynamixel_sdk' with build type 'ament_cmake'
[0.341s] INFO:colcon.colcon_cmake.task.cmake.build:Building CMake package in '/home/haodong/Swarm_Module/Swarm_Module_ws/src/dynamixel_sdk'
[0.343s] INFO:colcon.colcon_core.plugin_system:Skipping extension 'colcon_core.shell.bat': Not used on non-Windows systems
[0.343s] INFO:colcon.colcon_core.shell:Skip shell extension 'powershell' for command environment: Not usable outside of PowerShell
[0.343s] DEBUG:colcon.colcon_core.shell:Skip shell extension 'dsv' for command environment
[0.354s] INFO:colcon.colcon_ros.task.ament_cmake.build:Building ROS package in '/home/haodong/Swarm_Module/Swarm_Module_ws/src/dynamixel_sdk_custom_interfaces' with build type 'ament_cmake'
[0.355s] INFO:colcon.colcon_cmake.task.cmake.build:Building CMake package in '/home/haodong/Swarm_Module/Swarm_Module_ws/src/dynamixel_sdk_custom_interfaces'
[0.355s] INFO:colcon.colcon_core.shell:Skip shell extension 'powershell' for command environment: Not usable outside of PowerShell
[0.355s] DEBUG:colcon.colcon_core.shell:Skip shell extension 'dsv' for command environment
[0.371s] DEBUG:colcon.colcon_core.event_handler.log_command:Invoking command in '/home/haodong/Swarm_Module/Swarm_Module_ws/build/dynamixel_sdk': CMAKE_PREFIX_PATH=${CMAKE_PREFIX_PATH}:/home/haodong/Swarm_Module/Swarm_Module_ws/install/dynamixel_motor:/home/haodong/ws_moveit/install/moveit_configs_utils:/opt/ros/jazzy DEBUGINFOD_URLS=https://debuginfod.ubuntu.com /usr/bin/cmake --build /home/haodong/Swarm_Module/Swarm_Module_ws/build/dynamixel_sdk -- -j12 -l12
[0.376s] DEBUG:colcon.colcon_core.event_handler.log_command:Invoking command in '/home/haodong/Swarm_Module/Swarm_Module_ws/build/dynamixel_sdk_custom_interfaces': CMAKE_PREFIX_PATH=${CMAKE_PREFIX_PATH}:/home/haodong/Swarm_Module/Swarm_Module_ws/install/dynamixel_motor:/home/haodong/ws_moveit/install/moveit_configs_utils:/opt/ros/jazzy DEBUGINFOD_URLS=https://debuginfod.ubuntu.com /usr/bin/cmake --build /home/haodong/Swarm_Module/Swarm_Module_ws/build/dynamixel_sdk_custom_interfaces -- -j12 -l12
[0.481s] DEBUG:colcon.colcon_core.event_handler.log_command:Invoked command in '/home/haodong/Swarm_Module/Swarm_Module_ws/build/dynamixel_sdk' returned '0': CMAKE_PREFIX_PATH=${CMAKE_PREFIX_PATH}:/home/haodong/Swarm_Module/Swarm_Module_ws/install/dynamixel_motor:/home/haodong/ws_moveit/install/moveit_configs_utils:/opt/ros/jazzy DEBUGINFOD_URLS=https://debuginfod.ubuntu.com /usr/bin/cmake --build /home/haodong/Swarm_Module/Swarm_Module_ws/build/dynamixel_sdk -- -j12 -l12
[0.588s] DEBUG:colcon.colcon_core.event_handler.log_command:Invoking command in '/home/haodong/Swarm_Module/Swarm_Module_ws/build/dynamixel_sdk': CMAKE_PREFIX_PATH=${CMAKE_PREFIX_PATH}:/home/haodong/Swarm_Module/Swarm_Module_ws/install/dynamixel_motor:/home/haodong/ws_moveit/install/moveit_configs_utils:/opt/ros/jazzy DEBUGINFOD_URLS=https://debuginfod.ubuntu.com /usr/bin/cmake --install /home/haodong/Swarm_Module/Swarm_Module_ws/build/dynamixel_sdk
[0.609s] Level 1:colcon.colcon_core.environment:create_environment_scripts_only(dynamixel_sdk)
[0.610s] DEBUG:colcon.colcon_core.event_handler.log_command:Invoked command in '/home/haodong/Swarm_Module/Swarm_Module_ws/build/dynamixel_sdk' returned '0': CMAKE_PREFIX_PATH=${CMAKE_PREFIX_PATH}:/home/haodong/Swarm_Module/Swarm_Module_ws/install/dynamixel_motor:/home/haodong/ws_moveit/install/moveit_configs_utils:/opt/ros/jazzy DEBUGINFOD_URLS=https://debuginfod.ubuntu.com /usr/bin/cmake --install /home/haodong/Swarm_Module/Swarm_Module_ws/build/dynamixel_sdk
[0.613s] Level 1:colcon.colcon_core.environment:checking '/home/haodong/Swarm_Module/Swarm_Module_ws/install/dynamixel_sdk' for CMake module files
[0.614s] Level 1:colcon.colcon_core.environment:checking '/home/haodong/Swarm_Module/Swarm_Module_ws/install/dynamixel_sdk' for CMake config files
[0.615s] Level 1:colcon.colcon_core.shell:create_environment_hook('dynamixel_sdk', 'cmake_prefix_path')
[0.615s] INFO:colcon.colcon_core.shell:Creating environment hook '/home/haodong/Swarm_Module/Swarm_Module_ws/install/dynamixel_sdk/share/dynamixel_sdk/hook/cmake_prefix_path.ps1'
[0.616s] INFO:colcon.colcon_core.shell:Creating environment descriptor '/home/haodong/Swarm_Module/Swarm_Module_ws/install/dynamixel_sdk/share/dynamixel_sdk/hook/cmake_prefix_path.dsv'
[0.617s] INFO:colcon.colcon_core.shell:Creating environment hook '/home/haodong/Swarm_Module/Swarm_Module_ws/install/dynamixel_sdk/share/dynamixel_sdk/hook/cmake_prefix_path.sh'
[0.618s] Level 1:colcon.colcon_core.environment:checking '/home/haodong/Swarm_Module/Swarm_Module_ws/install/dynamixel_sdk/lib'
[0.618s] Level 1:colcon.colcon_core.shell:create_environment_hook('dynamixel_sdk', 'ld_library_path_lib')
[0.618s] INFO:colcon.colcon_core.shell:Creating environment hook '/home/haodong/Swarm_Module/Swarm_Module_ws/install/dynamixel_sdk/share/dynamixel_sdk/hook/ld_library_path_lib.ps1'
[0.619s] INFO:colcon.colcon_core.shell:Creating environment descriptor '/home/haodong/Swarm_Module/Swarm_Module_ws/install/dynamixel_sdk/share/dynamixel_sdk/hook/ld_library_path_lib.dsv'
[0.619s] INFO:colcon.colcon_core.shell:Creating environment hook '/home/haodong/Swarm_Module/Swarm_Module_ws/install/dynamixel_sdk/share/dynamixel_sdk/hook/ld_library_path_lib.sh'
[0.620s] Level 1:colcon.colcon_core.environment:checking '/home/haodong/Swarm_Module/Swarm_Module_ws/install/dynamixel_sdk/bin'
[0.620s] Level 1:colcon.colcon_core.environment:checking '/home/haodong/Swarm_Module/Swarm_Module_ws/install/dynamixel_sdk/lib/pkgconfig/dynamixel_sdk.pc'
[0.620s] Level 1:colcon.colcon_core.environment:checking '/home/haodong/Swarm_Module/Swarm_Module_ws/install/dynamixel_sdk/lib/python3.12/site-packages'
[0.621s] Level 1:colcon.colcon_core.environment:checking '/home/haodong/Swarm_Module/Swarm_Module_ws/install/dynamixel_sdk/bin'
[0.621s] INFO:colcon.colcon_core.shell:Creating package script '/home/haodong/Swarm_Module/Swarm_Module_ws/install/dynamixel_sdk/share/dynamixel_sdk/package.ps1'
[0.622s] INFO:colcon.colcon_core.shell:Creating package descriptor '/home/haodong/Swarm_Module/Swarm_Module_ws/install/dynamixel_sdk/share/dynamixel_sdk/package.dsv'
[0.622s] INFO:colcon.colcon_core.shell:Creating package script '/home/haodong/Swarm_Module/Swarm_Module_ws/install/dynamixel_sdk/share/dynamixel_sdk/package.sh'
[0.623s] INFO:colcon.colcon_core.shell:Creating package script '/home/haodong/Swarm_Module/Swarm_Module_ws/install/dynamixel_sdk/share/dynamixel_sdk/package.bash'
[0.623s] INFO:colcon.colcon_core.shell:Creating package script '/home/haodong/Swarm_Module/Swarm_Module_ws/install/dynamixel_sdk/share/dynamixel_sdk/package.zsh'
[0.624s] Level 1:colcon.colcon_core.environment:create_file_with_runtime_dependencies(/home/haodong/Swarm_Module/Swarm_Module_ws/install/dynamixel_sdk/share/colcon-core/packages/dynamixel_sdk)
[0.700s] Level 1:colcon.colcon_core.environment:create_environment_scripts_only(dynamixel_sdk)
[0.700s] Level 1:colcon.colcon_core.environment:checking '/home/haodong/Swarm_Module/Swarm_Module_ws/install/dynamixel_sdk' for CMake module files
[0.702s] Level 1:colcon.colcon_core.environment:checking '/home/haodong/Swarm_Module/Swarm_Module_ws/install/dynamixel_sdk' for CMake config files
[0.702s] Level 1:colcon.colcon_core.shell:create_environment_hook('dynamixel_sdk', 'cmake_prefix_path')
[0.702s] INFO:colcon.colcon_core.shell:Creating environment hook '/home/haodong/Swarm_Module/Swarm_Module_ws/install/dynamixel_sdk/share/dynamixel_sdk/hook/cmake_prefix_path.ps1'
[0.703s] INFO:colcon.colcon_core.shell:Creating environment descriptor '/home/haodong/Swarm_Module/Swarm_Module_ws/install/dynamixel_sdk/share/dynamixel_sdk/hook/cmake_prefix_path.dsv'
[0.703s] INFO:colcon.colcon_core.shell:Creating environment hook '/home/haodong/Swarm_Module/Swarm_Module_ws/install/dynamixel_sdk/share/dynamixel_sdk/hook/cmake_prefix_path.sh'
[0.704s] Level 1:colcon.colcon_core.environment:checking '/home/haodong/Swarm_Module/Swarm_Module_ws/install/dynamixel_sdk/lib'
[0.704s] Level 1:colcon.colcon_core.shell:create_environment_hook('dynamixel_sdk', 'ld_library_path_lib')
[0.704s] INFO:colcon.colcon_core.shell:Creating environment hook '/home/haodong/Swarm_Module/Swarm_Module_ws/install/dynamixel_sdk/share/dynamixel_sdk/hook/ld_library_path_lib.ps1'
[0.705s] INFO:colcon.colcon_core.shell:Creating environment descriptor '/home/haodong/Swarm_Module/Swarm_Module_ws/install/dynamixel_sdk/share/dynamixel_sdk/hook/ld_library_path_lib.dsv'
[0.705s] INFO:colcon.colcon_core.shell:Creating environment hook '/home/haodong/Swarm_Module/Swarm_Module_ws/install/dynamixel_sdk/share/dynamixel_sdk/hook/ld_library_path_lib.sh'
[0.705s] Level 1:colcon.colcon_core.environment:checking '/home/haodong/Swarm_Module/Swarm_Module_ws/install/dynamixel_sdk/bin'
[0.705s] Level 1:colcon.colcon_core.environment:checking '/home/haodong/Swarm_Module/Swarm_Module_ws/install/dynamixel_sdk/lib/pkgconfig/dynamixel_sdk.pc'
[0.706s] Level 1:colcon.colcon_core.environment:checking '/home/haodong/Swarm_Module/Swarm_Module_ws/install/dynamixel_sdk/lib/python3.12/site-packages'
[0.706s] Level 1:colcon.colcon_core.environment:checking '/home/haodong/Swarm_Module/Swarm_Module_ws/install/dynamixel_sdk/bin'
[0.706s] INFO:colcon.colcon_core.shell:Creating package script '/home/haodong/Swarm_Module/Swarm_Module_ws/install/dynamixel_sdk/share/dynamixel_sdk/package.ps1'
[0.707s] INFO:colcon.colcon_core.shell:Creating package descriptor '/home/haodong/Swarm_Module/Swarm_Module_ws/install/dynamixel_sdk/share/dynamixel_sdk/package.dsv'
[0.707s] INFO:colcon.colcon_core.shell:Creating package script '/home/haodong/Swarm_Module/Swarm_Module_ws/install/dynamixel_sdk/share/dynamixel_sdk/package.sh'
[0.708s] INFO:colcon.colcon_core.shell:Creating package script '/home/haodong/Swarm_Module/Swarm_Module_ws/install/dynamixel_sdk/share/dynamixel_sdk/package.bash'
[0.708s] INFO:colcon.colcon_core.shell:Creating package script '/home/haodong/Swarm_Module/Swarm_Module_ws/install/dynamixel_sdk/share/dynamixel_sdk/package.zsh'
[0.709s] Level 1:colcon.colcon_core.environment:create_file_with_runtime_dependencies(/home/haodong/Swarm_Module/Swarm_Module_ws/install/dynamixel_sdk/share/colcon-core/packages/dynamixel_sdk)
[1.067s] DEBUG:colcon.colcon_core.event_handler.log_command:Invoked command in '/home/haodong/Swarm_Module/Swarm_Module_ws/build/dynamixel_sdk_custom_interfaces' returned '0': CMAKE_PREFIX_PATH=${CMAKE_PREFIX_PATH}:/home/haodong/Swarm_Module/Swarm_Module_ws/install/dynamixel_motor:/home/haodong/ws_moveit/install/moveit_configs_utils:/opt/ros/jazzy DEBUGINFOD_URLS=https://debuginfod.ubuntu.com /usr/bin/cmake --build /home/haodong/Swarm_Module/Swarm_Module_ws/build/dynamixel_sdk_custom_interfaces -- -j12 -l12
[2.380s] DEBUG:colcon.colcon_core.event_handler.log_command:Invoking command in '/home/haodong/Swarm_Module/Swarm_Module_ws/build/dynamixel_sdk_custom_interfaces': CMAKE_PREFIX_PATH=${CMAKE_PREFIX_PATH}:/home/haodong/Swarm_Module/Swarm_Module_ws/install/dynamixel_motor:/home/haodong/ws_moveit/install/moveit_configs_utils:/opt/ros/jazzy DEBUGINFOD_URLS=https://debuginfod.ubuntu.com /usr/bin/cmake --install /home/haodong/Swarm_Module/Swarm_Module_ws/build/dynamixel_sdk_custom_interfaces
[2.605s] Level 1:colcon.colcon_core.environment:create_environment_scripts_only(dynamixel_sdk_custom_interfaces)
[2.605s] Level 1:colcon.colcon_core.environment:checking '/home/haodong/Swarm_Module/Swarm_Module_ws/install/dynamixel_sdk_custom_interfaces' for CMake module files
[2.606s] DEBUG:colcon.colcon_core.event_handler.log_command:Invoked command in '/home/haodong/Swarm_Module/Swarm_Module_ws/build/dynamixel_sdk_custom_interfaces' returned '0': CMAKE_PREFIX_PATH=${CMAKE_PREFIX_PATH}:/home/haodong/Swarm_Module/Swarm_Module_ws/install/dynamixel_motor:/home/haodong/ws_moveit/install/moveit_configs_utils:/opt/ros/jazzy DEBUGINFOD_URLS=https://debuginfod.ubuntu.com /usr/bin/cmake --install /home/haodong/Swarm_Module/Swarm_Module_ws/build/dynamixel_sdk_custom_interfaces
[2.607s] Level 1:colcon.colcon_core.environment:checking '/home/haodong/Swarm_Module/Swarm_Module_ws/install/dynamixel_sdk_custom_interfaces' for CMake config files
[2.608s] Level 1:colcon.colcon_core.shell:create_environment_hook('dynamixel_sdk_custom_interfaces', 'cmake_prefix_path')
[2.608s] INFO:colcon.colcon_core.shell:Creating environment hook '/home/haodong/Swarm_Module/Swarm_Module_ws/install/dynamixel_sdk_custom_interfaces/share/dynamixel_sdk_custom_interfaces/hook/cmake_prefix_path.ps1'
[2.608s] INFO:colcon.colcon_core.shell:Creating environment descriptor '/home/haodong/Swarm_Module/Swarm_Module_ws/install/dynamixel_sdk_custom_interfaces/share/dynamixel_sdk_custom_interfaces/hook/cmake_prefix_path.dsv'
[2.609s] INFO:colcon.colcon_core.shell:Creating environment hook '/home/haodong/Swarm_Module/Swarm_Module_ws/install/dynamixel_sdk_custom_interfaces/share/dynamixel_sdk_custom_interfaces/hook/cmake_prefix_path.sh'
[2.609s] Level 1:colcon.colcon_core.environment:checking '/home/haodong/Swarm_Module/Swarm_Module_ws/install/dynamixel_sdk_custom_interfaces/lib'
[2.609s] Level 1:colcon.colcon_core.shell:create_environment_hook('dynamixel_sdk_custom_interfaces', 'ld_library_path_lib')
[2.609s] INFO:colcon.colcon_core.shell:Creating environment hook '/home/haodong/Swarm_Module/Swarm_Module_ws/install/dynamixel_sdk_custom_interfaces/share/dynamixel_sdk_custom_interfaces/hook/ld_library_path_lib.ps1'
[2.610s] INFO:colcon.colcon_core.shell:Creating environment descriptor '/home/haodong/Swarm_Module/Swarm_Module_ws/install/dynamixel_sdk_custom_interfaces/share/dynamixel_sdk_custom_interfaces/hook/ld_library_path_lib.dsv'
[2.610s] INFO:colcon.colcon_core.shell:Creating environment hook '/home/haodong/Swarm_Module/Swarm_Module_ws/install/dynamixel_sdk_custom_interfaces/share/dynamixel_sdk_custom_interfaces/hook/ld_library_path_lib.sh'
[2.610s] Level 1:colcon.colcon_core.environment:checking '/home/haodong/Swarm_Module/Swarm_Module_ws/install/dynamixel_sdk_custom_interfaces/bin'
[2.610s] Level 1:colcon.colcon_core.environment:checking '/home/haodong/Swarm_Module/Swarm_Module_ws/install/dynamixel_sdk_custom_interfaces/lib/pkgconfig/dynamixel_sdk_custom_interfaces.pc'
[2.611s] Level 1:colcon.colcon_core.environment:checking '/home/haodong/Swarm_Module/Swarm_Module_ws/install/dynamixel_sdk_custom_interfaces/lib/python3.12/site-packages'
[2.611s] Level 1:colcon.colcon_core.shell:create_environment_hook('dynamixel_sdk_custom_interfaces', 'pythonpath')
[2.611s] INFO:colcon.colcon_core.shell:Creating environment hook '/home/haodong/Swarm_Module/Swarm_Module_ws/install/dynamixel_sdk_custom_interfaces/share/dynamixel_sdk_custom_interfaces/hook/pythonpath.ps1'
[2.611s] INFO:colcon.colcon_core.shell:Creating environment descriptor '/home/haodong/Swarm_Module/Swarm_Module_ws/install/dynamixel_sdk_custom_interfaces/share/dynamixel_sdk_custom_interfaces/hook/pythonpath.dsv'
[2.611s] INFO:colcon.colcon_core.shell:Creating environment hook '/home/haodong/Swarm_Module/Swarm_Module_ws/install/dynamixel_sdk_custom_interfaces/share/dynamixel_sdk_custom_interfaces/hook/pythonpath.sh'
[2.612s] Level 1:colcon.colcon_core.environment:checking '/home/haodong/Swarm_Module/Swarm_Module_ws/install/dynamixel_sdk_custom_interfaces/bin'
[2.612s] INFO:colcon.colcon_core.shell:Creating package script '/home/haodong/Swarm_Module/Swarm_Module_ws/install/dynamixel_sdk_custom_interfaces/share/dynamixel_sdk_custom_interfaces/package.ps1'
[2.613s] INFO:colcon.colcon_core.shell:Creating package descriptor '/home/haodong/Swarm_Module/Swarm_Module_ws/install/dynamixel_sdk_custom_interfaces/share/dynamixel_sdk_custom_interfaces/package.dsv'
[2.613s] INFO:colcon.colcon_core.shell:Creating package script '/home/haodong/Swarm_Module/Swarm_Module_ws/install/dynamixel_sdk_custom_interfaces/share/dynamixel_sdk_custom_interfaces/package.sh'
[2.613s] INFO:colcon.colcon_core.shell:Creating package script '/home/haodong/Swarm_Module/Swarm_Module_ws/install/dynamixel_sdk_custom_interfaces/share/dynamixel_sdk_custom_interfaces/package.bash'
[2.614s] INFO:colcon.colcon_core.shell:Creating package script '/home/haodong/Swarm_Module/Swarm_Module_ws/install/dynamixel_sdk_custom_interfaces/share/dynamixel_sdk_custom_interfaces/package.zsh'
[2.614s] Level 1:colcon.colcon_core.environment:create_file_with_runtime_dependencies(/home/haodong/Swarm_Module/Swarm_Module_ws/install/dynamixel_sdk_custom_interfaces/share/colcon-core/packages/dynamixel_sdk_custom_interfaces)
[4.020s] Level 1:colcon.colcon_core.environment:create_environment_scripts_only(dynamixel_sdk_custom_interfaces)
[4.021s] Level 1:colcon.colcon_core.environment:checking '/home/haodong/Swarm_Module/Swarm_Module_ws/install/dynamixel_sdk_custom_interfaces' for CMake module files
[4.024s] Level 1:colcon.colcon_core.environment:checking '/home/haodong/Swarm_Module/Swarm_Module_ws/install/dynamixel_sdk_custom_interfaces' for CMake config files
[4.026s] Level 1:colcon.colcon_core.shell:create_environment_hook('dynamixel_sdk_custom_interfaces', 'cmake_prefix_path')
[4.026s] INFO:colcon.colcon_core.shell:Creating environment hook '/home/haodong/Swarm_Module/Swarm_Module_ws/install/dynamixel_sdk_custom_interfaces/share/dynamixel_sdk_custom_interfaces/hook/cmake_prefix_path.ps1'
[4.028s] INFO:colcon.colcon_core.shell:Creating environment descriptor '/home/haodong/Swarm_Module/Swarm_Module_ws/install/dynamixel_sdk_custom_interfaces/share/dynamixel_sdk_custom_interfaces/hook/cmake_prefix_path.dsv'
[4.029s] INFO:colcon.colcon_core.shell:Creating environment hook '/home/haodong/Swarm_Module/Swarm_Module_ws/install/dynamixel_sdk_custom_interfaces/share/dynamixel_sdk_custom_interfaces/hook/cmake_prefix_path.sh'
[4.032s] Level 1:colcon.colcon_core.environment:checking '/home/haodong/Swarm_Module/Swarm_Module_ws/install/dynamixel_sdk_custom_interfaces/lib'
[4.032s] Level 1:colcon.colcon_core.shell:create_environment_hook('dynamixel_sdk_custom_interfaces', 'ld_library_path_lib')
[4.033s] INFO:colcon.colcon_core.shell:Creating environment hook '/home/haodong/Swarm_Module/Swarm_Module_ws/install/dynamixel_sdk_custom_interfaces/share/dynamixel_sdk_custom_interfaces/hook/ld_library_path_lib.ps1'
[4.034s] INFO:colcon.colcon_core.shell:Creating environment descriptor '/home/haodong/Swarm_Module/Swarm_Module_ws/install/dynamixel_sdk_custom_interfaces/share/dynamixel_sdk_custom_interfaces/hook/ld_library_path_lib.dsv'
[4.036s] INFO:colcon.colcon_core.shell:Creating environment hook '/home/haodong/Swarm_Module/Swarm_Module_ws/install/dynamixel_sdk_custom_interfaces/share/dynamixel_sdk_custom_interfaces/hook/ld_library_path_lib.sh'
[4.037s] Level 1:colcon.colcon_core.environment:checking '/home/haodong/Swarm_Module/Swarm_Module_ws/install/dynamixel_sdk_custom_interfaces/bin'
[4.038s] Level 1:colcon.colcon_core.environment:checking '/home/haodong/Swarm_Module/Swarm_Module_ws/install/dynamixel_sdk_custom_interfaces/lib/pkgconfig/dynamixel_sdk_custom_interfaces.pc'
[4.039s] Level 1:colcon.colcon_core.environment:checking '/home/haodong/Swarm_Module/Swarm_Module_ws/install/dynamixel_sdk_custom_interfaces/lib/python3.12/site-packages'
[4.039s] Level 1:colcon.colcon_core.shell:create_environment_hook('dynamixel_sdk_custom_interfaces', 'pythonpath')
[4.040s] INFO:colcon.colcon_core.shell:Creating environment hook '/home/haodong/Swarm_Module/Swarm_Module_ws/install/dynamixel_sdk_custom_interfaces/share/dynamixel_sdk_custom_interfaces/hook/pythonpath.ps1'
[4.041s] INFO:colcon.colcon_core.shell:Creating environment descriptor '/home/haodong/Swarm_Module/Swarm_Module_ws/install/dynamixel_sdk_custom_interfaces/share/dynamixel_sdk_custom_interfaces/hook/pythonpath.dsv'
[4.043s] INFO:colcon.colcon_core.shell:Creating environment hook '/home/haodong/Swarm_Module/Swarm_Module_ws/install/dynamixel_sdk_custom_interfaces/share/dynamixel_sdk_custom_interfaces/hook/pythonpath.sh'
[4.045s] Level 1:colcon.colcon_core.environment:checking '/home/haodong/Swarm_Module/Swarm_Module_ws/install/dynamixel_sdk_custom_interfaces/bin'
[4.046s] INFO:colcon.colcon_core.shell:Creating package script '/home/haodong/Swarm_Module/Swarm_Module_ws/install/dynamixel_sdk_custom_interfaces/share/dynamixel_sdk_custom_interfaces/package.ps1'
[4.049s] INFO:colcon.colcon_core.shell:Creating package descriptor '/home/haodong/Swarm_Module/Swarm_Module_ws/install/dynamixel_sdk_custom_interfaces/share/dynamixel_sdk_custom_interfaces/package.dsv'
[4.051s] INFO:colcon.colcon_core.shell:Creating package script '/home/haodong/Swarm_Module/Swarm_Module_ws/install/dynamixel_sdk_custom_interfaces/share/dynamixel_sdk_custom_interfaces/package.sh'
[4.053s] INFO:colcon.colcon_core.shell:Creating package script '/home/haodong/Swarm_Module/Swarm_Module_ws/install/dynamixel_sdk_custom_interfaces/share/dynamixel_sdk_custom_interfaces/package.bash'
[4.055s] INFO:colcon.colcon_core.shell:Creating package script '/home/haodong/Swarm_Module/Swarm_Module_ws/install/dynamixel_sdk_custom_interfaces/share/dynamixel_sdk_custom_interfaces/package.zsh'
[4.057s] Level 1:colcon.colcon_core.environment:create_file_with_runtime_dependencies(/home/haodong/Swarm_Module/Swarm_Module_ws/install/dynamixel_sdk_custom_interfaces/share/colcon-core/packages/dynamixel_sdk_custom_interfaces)
[4.058s] INFO:colcon.colcon_ros.task.ament_cmake.build:Building ROS package in '/home/haodong/Swarm_Module/Swarm_Module_ws/src/dynamixel_sdk_examples' with build type 'ament_cmake'
[4.059s] INFO:colcon.colcon_cmake.task.cmake.build:Building CMake package in '/home/haodong/Swarm_Module/Swarm_Module_ws/src/dynamixel_sdk_examples'
[4.059s] INFO:colcon.colcon_core.shell:Skip shell extension 'powershell' for command environment: Not usable outside of PowerShell
[4.059s] DEBUG:colcon.colcon_core.shell:Skip shell extension 'dsv' for command environment
[4.166s] DEBUG:colcon.colcon_core.event_handler.log_command:Invoking command in '/home/haodong/Swarm_Module/Swarm_Module_ws/build/dynamixel_sdk_examples': CMAKE_PREFIX_PATH=/home/haodong/Swarm_Module/Swarm_Module_ws/install/dynamixel_sdk_custom_interfaces:/home/haodong/Swarm_Module/Swarm_Module_ws/install/dynamixel_sdk:/home/haodong/Swarm_Module/Swarm_Module_ws/install/dynamixel_sdk_examples:/home/haodong/ws_moveit/install/robotiq_hardware_tests:/home/haodong/ws_moveit/install/robotiq_driver:/home/haodong/ws_moveit/install/serial:/home/haodong/ws_moveit/install/moveit2_tutorials:/home/haodong/ws_moveit/install/moveit_visual_tools:/home/haodong/ws_moveit/install/rviz_visual_tools:/home/haodong/ws_moveit/install/moveit_task_constructor_visualization:/home/haodong/ws_moveit/install/moveit_task_constructor_demo:/home/haodong/ws_moveit/install/moveit_task_constructor_capabilities:/home/haodong/ws_moveit/install/moveit_task_constructor_core:/home/haodong/ws_moveit/install/rviz_marker_tools:/home/haodong/ws_moveit/install/kortex_bringup:/home/haodong/ws_moveit/install/kinova_gen3_lite_moveit_config:/home/haodong/ws_moveit/install/kinova_gen3_7dof_robotiq_2f_85_moveit_config:/home/haodong/ws_moveit/install/kinova_gen3_6dof_robotiq_2f_85_moveit_config:/home/haodong/ws_moveit/install/kortex_description:/home/haodong/ws_moveit/install/robotiq_description:/home/haodong/ws_moveit/install/robotiq_controllers:/home/haodong/ws_moveit/install/pilz_industrial_motion_planner_testutils:/home/haodong/ws_moveit/install/moveit_runtime:/home/haodong/ws_moveit/install/moveit:/home/haodong/ws_moveit/install/moveit_planners:/home/haodong/ws_moveit/install/pilz_industrial_motion_planner:/home/haodong/ws_moveit/install/pick_ik:/home/haodong/ws_moveit/install/moveit_task_constructor_msgs:/home/haodong/ws_moveit/install/moveit_ros_control_interface:/home/haodong/ws_moveit/install/moveit_plugins:/home/haodong/ws_moveit/install/moveit_simple_controller_manager:/home/haodong/ws_moveit/install/moveit_setup_assistant:/home/haodong/ws_moveit/install/moveit_setup_srdf_plugins:/home/haodong/ws_moveit/install/moveit_setup_core_plugins:/home/haodong/ws_moveit/install/moveit_setup_controllers:/home/haodong/ws_moveit/install/moveit_setup_app_plugins:/home/haodong/ws_moveit/install/moveit_setup_framework:/home/haodong/ws_moveit/install/moveit_servo:/home/haodong/ws_moveit/install/moveit_ros_trajectory_cache:/home/haodong/ws_moveit/install/moveit_ros:/home/haodong/ws_moveit/install/moveit_ros_visualization:/home/haodong/ws_moveit/install/moveit_py:/home/haodong/ws_moveit/install/moveit_hybrid_planning:/home/haodong/ws_moveit/install/moveit_ros_planning_interface:/home/haodong/ws_moveit/install/moveit_ros_benchmarks:/home/haodong/ws_moveit/install/moveit_ros_warehouse:/home/haodong/ws_moveit/install/moveit_ros_robot_interaction:/home/haodong/ws_moveit/install/moveit_ros_perception:/home/haodong/ws_moveit/install/moveit_resources_prbt_pg70_support:/home/haodong/ws_moveit/install/moveit_resources_prbt_moveit_config:/home/haodong/ws_moveit/install/moveit_ros_move_group:/home/haodong/ws_moveit/install/moveit_planners_ompl:/home/haodong/ws_moveit/install/moveit_kinematics:/home/haodong/ws_moveit/install/moveit_ros_planning:/home/haodong/ws_moveit/install/moveit_ros_occupancy_map_monitor:/home/haodong/ws_moveit/install/moveit_resources_prbt_support:/home/haodong/ws_moveit/install/moveit_resources_prbt_ikfast_manipulator_plugin:/home/haodong/ws_moveit/install/moveit_resources:/home/haodong/ws_moveit/install/moveit_resources_pr2_description:/home/haodong/ws_moveit/install/moveit_resources_panda_moveit_config:/home/haodong/ws_moveit/install/dual_arm_panda_moveit_config:/home/haodong/ws_moveit/install/moveit_resources_panda_description:/home/haodong/ws_moveit/install/moveit_resources_fanuc_moveit_config:/home/haodong/ws_moveit/install/moveit_resources_fanuc_description:/home/haodong/ws_moveit/install/moveit_planners_stomp:/home/haodong/ws_moveit/install/moveit_planners_chomp:/home/haodong/ws_moveit/install/chomp_motion_planner:/home/haodong/ws_moveit/install/moveit_core:/home/haodong/ws_moveit/install/moveit_msgs:/home/haodong/ws_moveit/install/moveit_common:/home/haodong/ws_moveit/install/kortex_driver:/home/haodong/ws_moveit/install/kortex_api:/home/haodong/ws/franka/install:/opt/ros/jazzy/opt/gz_sim_vendor:/opt/ros/jazzy/opt/gz_sensors_vendor:/opt/ros/jazzy/opt/gz_physics_vendor:/opt/ros/jazzy/opt/sdformat_vendor:/opt/ros/jazzy/opt/gz_gui_vendor:/opt/ros/jazzy/opt/gz_transport_vendor:/opt/ros/jazzy/opt/gz_rendering_vendor:/opt/ros/jazzy/opt/gz_plugin_vendor:/opt/ros/jazzy/opt/gz_fuel_tools_vendor:/opt/ros/jazzy/opt/gz_msgs_vendor:/opt/ros/jazzy/opt/gz_common_vendor:/opt/ros/jazzy/opt/gz_math_vendor:/opt/ros/jazzy/opt/gz_utils_vendor:/opt/ros/jazzy/opt/gz_tools_vendor:/opt/ros/jazzy/opt/gz_ogre_next_vendor:/opt/ros/jazzy/opt/gz_dartsim_vendor:/opt/ros/jazzy/opt/gz_cmake_vendor:/home/haodong/Swarm_Module/Swarm_Module_ws/install/dynamixel_motor:/home/haodong/ws_moveit/install/moveit_configs_utils:/opt/ros/jazzy DEBUGINFOD_URLS=https://debuginfod.ubuntu.com PYTHONPATH=/home/haodong/Swarm_Module/Swarm_Module_ws/install/dynamixel_sdk_custom_interfaces/lib/python3.12/site-packages:/home/haodong/Swarm_Module/Swarm_Module_ws/install/dynamixel_motor/lib/python3.12/site-packages:/home/haodong/ws_moveit/install/moveit_task_constructor_core/lib/python3.12/site-packages:/home/haodong/ws_moveit/install/moveit_task_constructor_msgs/lib/python3.12/site-packages:/home/haodong/ws_moveit/install/moveit_py/lib/python3.12/site-packages:/home/haodong/ws_moveit/install/moveit_msgs/lib/python3.12/site-packages:/home/haodong/ws_moveit/install/moveit_configs_utils/lib/python3.12/site-packages:/home/haodong/ws/franka/install/lib/python3.12/site-packages:/opt/ros/jazzy/lib/python3.12/site-packages /usr/bin/cmake --build /home/haodong/Swarm_Module/Swarm_Module_ws/build/dynamixel_sdk_examples -- -j12 -l12
[4.612s] DEBUG:colcon.colcon_core.event_handler.log_command:Invoked command in '/home/haodong/Swarm_Module/Swarm_Module_ws/build/dynamixel_sdk_examples' returned '0': CMAKE_PREFIX_PATH=/home/haodong/Swarm_Module/Swarm_Module_ws/install/dynamixel_sdk_custom_interfaces:/home/haodong/Swarm_Module/Swarm_Module_ws/install/dynamixel_sdk:/home/haodong/Swarm_Module/Swarm_Module_ws/install/dynamixel_sdk_examples:/home/haodong/ws_moveit/install/robotiq_hardware_tests:/home/haodong/ws_moveit/install/robotiq_driver:/home/haodong/ws_moveit/install/serial:/home/haodong/ws_moveit/install/moveit2_tutorials:/home/haodong/ws_moveit/install/moveit_visual_tools:/home/haodong/ws_moveit/install/rviz_visual_tools:/home/haodong/ws_moveit/install/moveit_task_constructor_visualization:/home/haodong/ws_moveit/install/moveit_task_constructor_demo:/home/haodong/ws_moveit/install/moveit_task_constructor_capabilities:/home/haodong/ws_moveit/install/moveit_task_constructor_core:/home/haodong/ws_moveit/install/rviz_marker_tools:/home/haodong/ws_moveit/install/kortex_bringup:/home/haodong/ws_moveit/install/kinova_gen3_lite_moveit_config:/home/haodong/ws_moveit/install/kinova_gen3_7dof_robotiq_2f_85_moveit_config:/home/haodong/ws_moveit/install/kinova_gen3_6dof_robotiq_2f_85_moveit_config:/home/haodong/ws_moveit/install/kortex_description:/home/haodong/ws_moveit/install/robotiq_description:/home/haodong/ws_moveit/install/robotiq_controllers:/home/haodong/ws_moveit/install/pilz_industrial_motion_planner_testutils:/home/haodong/ws_moveit/install/moveit_runtime:/home/haodong/ws_moveit/install/moveit:/home/haodong/ws_moveit/install/moveit_planners:/home/haodong/ws_moveit/install/pilz_industrial_motion_planner:/home/haodong/ws_moveit/install/pick_ik:/home/haodong/ws_moveit/install/moveit_task_constructor_msgs:/home/haodong/ws_moveit/install/moveit_ros_control_interface:/home/haodong/ws_moveit/install/moveit_plugins:/home/haodong/ws_moveit/install/moveit_simple_controller_manager:/home/haodong/ws_moveit/install/moveit_setup_assistant:/home/haodong/ws_moveit/install/moveit_setup_srdf_plugins:/home/haodong/ws_moveit/install/moveit_setup_core_plugins:/home/haodong/ws_moveit/install/moveit_setup_controllers:/home/haodong/ws_moveit/install/moveit_setup_app_plugins:/home/haodong/ws_moveit/install/moveit_setup_framework:/home/haodong/ws_moveit/install/moveit_servo:/home/haodong/ws_moveit/install/moveit_ros_trajectory_cache:/home/haodong/ws_moveit/install/moveit_ros:/home/haodong/ws_moveit/install/moveit_ros_visualization:/home/haodong/ws_moveit/install/moveit_py:/home/haodong/ws_moveit/install/moveit_hybrid_planning:/home/haodong/ws_moveit/install/moveit_ros_planning_interface:/home/haodong/ws_moveit/install/moveit_ros_benchmarks:/home/haodong/ws_moveit/install/moveit_ros_warehouse:/home/haodong/ws_moveit/install/moveit_ros_robot_interaction:/home/haodong/ws_moveit/install/moveit_ros_perception:/home/haodong/ws_moveit/install/moveit_resources_prbt_pg70_support:/home/haodong/ws_moveit/install/moveit_resources_prbt_moveit_config:/home/haodong/ws_moveit/install/moveit_ros_move_group:/home/haodong/ws_moveit/install/moveit_planners_ompl:/home/haodong/ws_moveit/install/moveit_kinematics:/home/haodong/ws_moveit/install/moveit_ros_planning:/home/haodong/ws_moveit/install/moveit_ros_occupancy_map_monitor:/home/haodong/ws_moveit/install/moveit_resources_prbt_support:/home/haodong/ws_moveit/install/moveit_resources_prbt_ikfast_manipulator_plugin:/home/haodong/ws_moveit/install/moveit_resources:/home/haodong/ws_moveit/install/moveit_resources_pr2_description:/home/haodong/ws_moveit/install/moveit_resources_panda_moveit_config:/home/haodong/ws_moveit/install/dual_arm_panda_moveit_config:/home/haodong/ws_moveit/install/moveit_resources_panda_description:/home/haodong/ws_moveit/install/moveit_resources_fanuc_moveit_config:/home/haodong/ws_moveit/install/moveit_resources_fanuc_description:/home/haodong/ws_moveit/install/moveit_planners_stomp:/home/haodong/ws_moveit/install/moveit_planners_chomp:/home/haodong/ws_moveit/install/chomp_motion_planner:/home/haodong/ws_moveit/install/moveit_core:/home/haodong/ws_moveit/install/moveit_msgs:/home/haodong/ws_moveit/install/moveit_common:/home/haodong/ws_moveit/install/kortex_driver:/home/haodong/ws_moveit/install/kortex_api:/home/haodong/ws/franka/install:/opt/ros/jazzy/opt/gz_sim_vendor:/opt/ros/jazzy/opt/gz_sensors_vendor:/opt/ros/jazzy/opt/gz_physics_vendor:/opt/ros/jazzy/opt/sdformat_vendor:/opt/ros/jazzy/opt/gz_gui_vendor:/opt/ros/jazzy/opt/gz_transport_vendor:/opt/ros/jazzy/opt/gz_rendering_vendor:/opt/ros/jazzy/opt/gz_plugin_vendor:/opt/ros/jazzy/opt/gz_fuel_tools_vendor:/opt/ros/jazzy/opt/gz_msgs_vendor:/opt/ros/jazzy/opt/gz_common_vendor:/opt/ros/jazzy/opt/gz_math_vendor:/opt/ros/jazzy/opt/gz_utils_vendor:/opt/ros/jazzy/opt/gz_tools_vendor:/opt/ros/jazzy/opt/gz_ogre_next_vendor:/opt/ros/jazzy/opt/gz_dartsim_vendor:/opt/ros/jazzy/opt/gz_cmake_vendor:/home/haodong/Swarm_Module/Swarm_Module_ws/install/dynamixel_motor:/home/haodong/ws_moveit/install/moveit_configs_utils:/opt/ros/jazzy DEBUGINFOD_URLS=https://debuginfod.ubuntu.com PYTHONPATH=/home/haodong/Swarm_Module/Swarm_Module_ws/install/dynamixel_sdk_custom_interfaces/lib/python3.12/site-packages:/home/haodong/Swarm_Module/Swarm_Module_ws/install/dynamixel_motor/lib/python3.12/site-packages:/home/haodong/ws_moveit/install/moveit_task_constructor_core/lib/python3.12/site-packages:/home/haodong/ws_moveit/install/moveit_task_constructor_msgs/lib/python3.12/site-packages:/home/haodong/ws_moveit/install/moveit_py/lib/python3.12/site-packages:/home/haodong/ws_moveit/install/moveit_msgs/lib/python3.12/site-packages:/home/haodong/ws_moveit/install/moveit_configs_utils/lib/python3.12/site-packages:/home/haodong/ws/franka/install/lib/python3.12/site-packages:/opt/ros/jazzy/lib/python3.12/site-packages /usr/bin/cmake --build /home/haodong/Swarm_Module/Swarm_Module_ws/build/dynamixel_sdk_examples -- -j12 -l12
[4.763s] DEBUG:colcon.colcon_core.event_handler.log_command:Invoking command in '/home/haodong/Swarm_Module/Swarm_Module_ws/build/dynamixel_sdk_examples': CMAKE_PREFIX_PATH=/home/haodong/Swarm_Module/Swarm_Module_ws/install/dynamixel_sdk_custom_interfaces:/home/haodong/Swarm_Module/Swarm_Module_ws/install/dynamixel_sdk:/home/haodong/Swarm_Module/Swarm_Module_ws/install/dynamixel_sdk_examples:/home/haodong/ws_moveit/install/robotiq_hardware_tests:/home/haodong/ws_moveit/install/robotiq_driver:/home/haodong/ws_moveit/install/serial:/home/haodong/ws_moveit/install/moveit2_tutorials:/home/haodong/ws_moveit/install/moveit_visual_tools:/home/haodong/ws_moveit/install/rviz_visual_tools:/home/haodong/ws_moveit/install/moveit_task_constructor_visualization:/home/haodong/ws_moveit/install/moveit_task_constructor_demo:/home/haodong/ws_moveit/install/moveit_task_constructor_capabilities:/home/haodong/ws_moveit/install/moveit_task_constructor_core:/home/haodong/ws_moveit/install/rviz_marker_tools:/home/haodong/ws_moveit/install/kortex_bringup:/home/haodong/ws_moveit/install/kinova_gen3_lite_moveit_config:/home/haodong/ws_moveit/install/kinova_gen3_7dof_robotiq_2f_85_moveit_config:/home/haodong/ws_moveit/install/kinova_gen3_6dof_robotiq_2f_85_moveit_config:/home/haodong/ws_moveit/install/kortex_description:/home/haodong/ws_moveit/install/robotiq_description:/home/haodong/ws_moveit/install/robotiq_controllers:/home/haodong/ws_moveit/install/pilz_industrial_motion_planner_testutils:/home/haodong/ws_moveit/install/moveit_runtime:/home/haodong/ws_moveit/install/moveit:/home/haodong/ws_moveit/install/moveit_planners:/home/haodong/ws_moveit/install/pilz_industrial_motion_planner:/home/haodong/ws_moveit/install/pick_ik:/home/haodong/ws_moveit/install/moveit_task_constructor_msgs:/home/haodong/ws_moveit/install/moveit_ros_control_interface:/home/haodong/ws_moveit/install/moveit_plugins:/home/haodong/ws_moveit/install/moveit_simple_controller_manager:/home/haodong/ws_moveit/install/moveit_setup_assistant:/home/haodong/ws_moveit/install/moveit_setup_srdf_plugins:/home/haodong/ws_moveit/install/moveit_setup_core_plugins:/home/haodong/ws_moveit/install/moveit_setup_controllers:/home/haodong/ws_moveit/install/moveit_setup_app_plugins:/home/haodong/ws_moveit/install/moveit_setup_framework:/home/haodong/ws_moveit/install/moveit_servo:/home/haodong/ws_moveit/install/moveit_ros_trajectory_cache:/home/haodong/ws_moveit/install/moveit_ros:/home/haodong/ws_moveit/install/moveit_ros_visualization:/home/haodong/ws_moveit/install/moveit_py:/home/haodong/ws_moveit/install/moveit_hybrid_planning:/home/haodong/ws_moveit/install/moveit_ros_planning_interface:/home/haodong/ws_moveit/install/moveit_ros_benchmarks:/home/haodong/ws_moveit/install/moveit_ros_warehouse:/home/haodong/ws_moveit/install/moveit_ros_robot_interaction:/home/haodong/ws_moveit/install/moveit_ros_perception:/home/haodong/ws_moveit/install/moveit_resources_prbt_pg70_support:/home/haodong/ws_moveit/install/moveit_resources_prbt_moveit_config:/home/haodong/ws_moveit/install/moveit_ros_move_group:/home/haodong/ws_moveit/install/moveit_planners_ompl:/home/haodong/ws_moveit/install/moveit_kinematics:/home/haodong/ws_moveit/install/moveit_ros_planning:/home/haodong/ws_moveit/install/moveit_ros_occupancy_map_monitor:/home/haodong/ws_moveit/install/moveit_resources_prbt_support:/home/haodong/ws_moveit/install/moveit_resources_prbt_ikfast_manipulator_plugin:/home/haodong/ws_moveit/install/moveit_resources:/home/haodong/ws_moveit/install/moveit_resources_pr2_description:/home/haodong/ws_moveit/install/moveit_resources_panda_moveit_config:/home/haodong/ws_moveit/install/dual_arm_panda_moveit_config:/home/haodong/ws_moveit/install/moveit_resources_panda_description:/home/haodong/ws_moveit/install/moveit_resources_fanuc_moveit_config:/home/haodong/ws_moveit/install/moveit_resources_fanuc_description:/home/haodong/ws_moveit/install/moveit_planners_stomp:/home/haodong/ws_moveit/install/moveit_planners_chomp:/home/haodong/ws_moveit/install/chomp_motion_planner:/home/haodong/ws_moveit/install/moveit_core:/home/haodong/ws_moveit/install/moveit_msgs:/home/haodong/ws_moveit/install/moveit_common:/home/haodong/ws_moveit/install/kortex_driver:/home/haodong/ws_moveit/install/kortex_api:/home/haodong/ws/franka/install:/opt/ros/jazzy/opt/gz_sim_vendor:/opt/ros/jazzy/opt/gz_sensors_vendor:/opt/ros/jazzy/opt/gz_physics_vendor:/opt/ros/jazzy/opt/sdformat_vendor:/opt/ros/jazzy/opt/gz_gui_vendor:/opt/ros/jazzy/opt/gz_transport_vendor:/opt/ros/jazzy/opt/gz_rendering_vendor:/opt/ros/jazzy/opt/gz_plugin_vendor:/opt/ros/jazzy/opt/gz_fuel_tools_vendor:/opt/ros/jazzy/opt/gz_msgs_vendor:/opt/ros/jazzy/opt/gz_common_vendor:/opt/ros/jazzy/opt/gz_math_vendor:/opt/ros/jazzy/opt/gz_utils_vendor:/opt/ros/jazzy/opt/gz_tools_vendor:/opt/ros/jazzy/opt/gz_ogre_next_vendor:/opt/ros/jazzy/opt/gz_dartsim_vendor:/opt/ros/jazzy/opt/gz_cmake_vendor:/home/haodong/Swarm_Module/Swarm_Module_ws/install/dynamixel_motor:/home/haodong/ws_moveit/install/moveit_configs_utils:/opt/ros/jazzy DEBUGINFOD_URLS=https://debuginfod.ubuntu.com PYTHONPATH=/home/haodong/Swarm_Module/Swarm_Module_ws/install/dynamixel_sdk_custom_interfaces/lib/python3.12/site-packages:/home/haodong/Swarm_Module/Swarm_Module_ws/install/dynamixel_motor/lib/python3.12/site-packages:/home/haodong/ws_moveit/install/moveit_task_constructor_core/lib/python3.12/site-packages:/home/haodong/ws_moveit/install/moveit_task_constructor_msgs/lib/python3.12/site-packages:/home/haodong/ws_moveit/install/moveit_py/lib/python3.12/site-packages:/home/haodong/ws_moveit/install/moveit_msgs/lib/python3.12/site-packages:/home/haodong/ws_moveit/install/moveit_configs_utils/lib/python3.12/site-packages:/home/haodong/ws/franka/install/lib/python3.12/site-packages:/opt/ros/jazzy/lib/python3.12/site-packages /usr/bin/cmake --install /home/haodong/Swarm_Module/Swarm_Module_ws/build/dynamixel_sdk_examples
[4.830s] Level 1:colcon.colcon_core.environment:create_environment_scripts_only(dynamixel_sdk_examples)
[4.831s] Level 1:colcon.colcon_core.environment:checking '/home/haodong/Swarm_Module/Swarm_Module_ws/install/dynamixel_sdk_examples' for CMake module files
[4.833s] DEBUG:colcon.colcon_core.event_handler.log_command:Invoked command in '/home/haodong/Swarm_Module/Swarm_Module_ws/build/dynamixel_sdk_examples' returned '0': CMAKE_PREFIX_PATH=/home/haodong/Swarm_Module/Swarm_Module_ws/install/dynamixel_sdk_custom_interfaces:/home/haodong/Swarm_Module/Swarm_Module_ws/install/dynamixel_sdk:/home/haodong/Swarm_Module/Swarm_Module_ws/install/dynamixel_sdk_examples:/home/haodong/ws_moveit/install/robotiq_hardware_tests:/home/haodong/ws_moveit/install/robotiq_driver:/home/haodong/ws_moveit/install/serial:/home/haodong/ws_moveit/install/moveit2_tutorials:/home/haodong/ws_moveit/install/moveit_visual_tools:/home/haodong/ws_moveit/install/rviz_visual_tools:/home/haodong/ws_moveit/install/moveit_task_constructor_visualization:/home/haodong/ws_moveit/install/moveit_task_constructor_demo:/home/haodong/ws_moveit/install/moveit_task_constructor_capabilities:/home/haodong/ws_moveit/install/moveit_task_constructor_core:/home/haodong/ws_moveit/install/rviz_marker_tools:/home/haodong/ws_moveit/install/kortex_bringup:/home/haodong/ws_moveit/install/kinova_gen3_lite_moveit_config:/home/haodong/ws_moveit/install/kinova_gen3_7dof_robotiq_2f_85_moveit_config:/home/haodong/ws_moveit/install/kinova_gen3_6dof_robotiq_2f_85_moveit_config:/home/haodong/ws_moveit/install/kortex_description:/home/haodong/ws_moveit/install/robotiq_description:/home/haodong/ws_moveit/install/robotiq_controllers:/home/haodong/ws_moveit/install/pilz_industrial_motion_planner_testutils:/home/haodong/ws_moveit/install/moveit_runtime:/home/haodong/ws_moveit/install/moveit:/home/haodong/ws_moveit/install/moveit_planners:/home/haodong/ws_moveit/install/pilz_industrial_motion_planner:/home/haodong/ws_moveit/install/pick_ik:/home/haodong/ws_moveit/install/moveit_task_constructor_msgs:/home/haodong/ws_moveit/install/moveit_ros_control_interface:/home/haodong/ws_moveit/install/moveit_plugins:/home/haodong/ws_moveit/install/moveit_simple_controller_manager:/home/haodong/ws_moveit/install/moveit_setup_assistant:/home/haodong/ws_moveit/install/moveit_setup_srdf_plugins:/home/haodong/ws_moveit/install/moveit_setup_core_plugins:/home/haodong/ws_moveit/install/moveit_setup_controllers:/home/haodong/ws_moveit/install/moveit_setup_app_plugins:/home/haodong/ws_moveit/install/moveit_setup_framework:/home/haodong/ws_moveit/install/moveit_servo:/home/haodong/ws_moveit/install/moveit_ros_trajectory_cache:/home/haodong/ws_moveit/install/moveit_ros:/home/haodong/ws_moveit/install/moveit_ros_visualization:/home/haodong/ws_moveit/install/moveit_py:/home/haodong/ws_moveit/install/moveit_hybrid_planning:/home/haodong/ws_moveit/install/moveit_ros_planning_interface:/home/haodong/ws_moveit/install/moveit_ros_benchmarks:/home/haodong/ws_moveit/install/moveit_ros_warehouse:/home/haodong/ws_moveit/install/moveit_ros_robot_interaction:/home/haodong/ws_moveit/install/moveit_ros_perception:/home/haodong/ws_moveit/install/moveit_resources_prbt_pg70_support:/home/haodong/ws_moveit/install/moveit_resources_prbt_moveit_config:/home/haodong/ws_moveit/install/moveit_ros_move_group:/home/haodong/ws_moveit/install/moveit_planners_ompl:/home/haodong/ws_moveit/install/moveit_kinematics:/home/haodong/ws_moveit/install/moveit_ros_planning:/home/haodong/ws_moveit/install/moveit_ros_occupancy_map_monitor:/home/haodong/ws_moveit/install/moveit_resources_prbt_support:/home/haodong/ws_moveit/install/moveit_resources_prbt_ikfast_manipulator_plugin:/home/haodong/ws_moveit/install/moveit_resources:/home/haodong/ws_moveit/install/moveit_resources_pr2_description:/home/haodong/ws_moveit/install/moveit_resources_panda_moveit_config:/home/haodong/ws_moveit/install/dual_arm_panda_moveit_config:/home/haodong/ws_moveit/install/moveit_resources_panda_description:/home/haodong/ws_moveit/install/moveit_resources_fanuc_moveit_config:/home/haodong/ws_moveit/install/moveit_resources_fanuc_description:/home/haodong/ws_moveit/install/moveit_planners_stomp:/home/haodong/ws_moveit/install/moveit_planners_chomp:/home/haodong/ws_moveit/install/chomp_motion_planner:/home/haodong/ws_moveit/install/moveit_core:/home/haodong/ws_moveit/install/moveit_msgs:/home/haodong/ws_moveit/install/moveit_common:/home/haodong/ws_moveit/install/kortex_driver:/home/haodong/ws_moveit/install/kortex_api:/home/haodong/ws/franka/install:/opt/ros/jazzy/opt/gz_sim_vendor:/opt/ros/jazzy/opt/gz_sensors_vendor:/opt/ros/jazzy/opt/gz_physics_vendor:/opt/ros/jazzy/opt/sdformat_vendor:/opt/ros/jazzy/opt/gz_gui_vendor:/opt/ros/jazzy/opt/gz_transport_vendor:/opt/ros/jazzy/opt/gz_rendering_vendor:/opt/ros/jazzy/opt/gz_plugin_vendor:/opt/ros/jazzy/opt/gz_fuel_tools_vendor:/opt/ros/jazzy/opt/gz_msgs_vendor:/opt/ros/jazzy/opt/gz_common_vendor:/opt/ros/jazzy/opt/gz_math_vendor:/opt/ros/jazzy/opt/gz_utils_vendor:/opt/ros/jazzy/opt/gz_tools_vendor:/opt/ros/jazzy/opt/gz_ogre_next_vendor:/opt/ros/jazzy/opt/gz_dartsim_vendor:/opt/ros/jazzy/opt/gz_cmake_vendor:/home/haodong/Swarm_Module/Swarm_Module_ws/install/dynamixel_motor:/home/haodong/ws_moveit/install/moveit_configs_utils:/opt/ros/jazzy DEBUGINFOD_URLS=https://debuginfod.ubuntu.com PYTHONPATH=/home/haodong/Swarm_Module/Swarm_Module_ws/install/dynamixel_sdk_custom_interfaces/lib/python3.12/site-packages:/home/haodong/Swarm_Module/Swarm_Module_ws/install/dynamixel_motor/lib/python3.12/site-packages:/home/haodong/ws_moveit/install/moveit_task_constructor_core/lib/python3.12/site-packages:/home/haodong/ws_moveit/install/moveit_task_constructor_msgs/lib/python3.12/site-packages:/home/haodong/ws_moveit/install/moveit_py/lib/python3.12/site-packages:/home/haodong/ws_moveit/install/moveit_msgs/lib/python3.12/site-packages:/home/haodong/ws_moveit/install/moveit_configs_utils/lib/python3.12/site-packages:/home/haodong/ws/franka/install/lib/python3.12/site-packages:/opt/ros/jazzy/lib/python3.12/site-packages /usr/bin/cmake --install /home/haodong/Swarm_Module/Swarm_Module_ws/build/dynamixel_sdk_examples
[4.835s] Level 1:colcon.colcon_core.environment:checking '/home/haodong/Swarm_Module/Swarm_Module_ws/install/dynamixel_sdk_examples' for CMake config files
[4.835s] Level 1:colcon.colcon_core.shell:create_environment_hook('dynamixel_sdk_examples', 'cmake_prefix_path')
[4.836s] INFO:colcon.colcon_core.shell:Creating environment hook '/home/haodong/Swarm_Module/Swarm_Module_ws/install/dynamixel_sdk_examples/share/dynamixel_sdk_examples/hook/cmake_prefix_path.ps1'
[4.838s] INFO:colcon.colcon_core.shell:Creating environment descriptor '/home/haodong/Swarm_Module/Swarm_Module_ws/install/dynamixel_sdk_examples/share/dynamixel_sdk_examples/hook/cmake_prefix_path.dsv'
[4.839s] INFO:colcon.colcon_core.shell:Creating environment hook '/home/haodong/Swarm_Module/Swarm_Module_ws/install/dynamixel_sdk_examples/share/dynamixel_sdk_examples/hook/cmake_prefix_path.sh'
[4.842s] Level 1:colcon.colcon_core.environment:checking '/home/haodong/Swarm_Module/Swarm_Module_ws/install/dynamixel_sdk_examples/lib'
[4.842s] Level 1:colcon.colcon_core.environment:checking '/home/haodong/Swarm_Module/Swarm_Module_ws/install/dynamixel_sdk_examples/bin'
[4.842s] Level 1:colcon.colcon_core.environment:checking '/home/haodong/Swarm_Module/Swarm_Module_ws/install/dynamixel_sdk_examples/lib/pkgconfig/dynamixel_sdk_examples.pc'
[4.843s] Level 1:colcon.colcon_core.environment:checking '/home/haodong/Swarm_Module/Swarm_Module_ws/install/dynamixel_sdk_examples/lib/python3.12/site-packages'
[4.844s] Level 1:colcon.colcon_core.environment:checking '/home/haodong/Swarm_Module/Swarm_Module_ws/install/dynamixel_sdk_examples/bin'
[4.845s] INFO:colcon.colcon_core.shell:Creating package script '/home/haodong/Swarm_Module/Swarm_Module_ws/install/dynamixel_sdk_examples/share/dynamixel_sdk_examples/package.ps1'
[4.847s] INFO:colcon.colcon_core.shell:Creating package descriptor '/home/haodong/Swarm_Module/Swarm_Module_ws/install/dynamixel_sdk_examples/share/dynamixel_sdk_examples/package.dsv'
[4.849s] INFO:colcon.colcon_core.shell:Creating package script '/home/haodong/Swarm_Module/Swarm_Module_ws/install/dynamixel_sdk_examples/share/dynamixel_sdk_examples/package.sh'
[4.850s] INFO:colcon.colcon_core.shell:Creating package script '/home/haodong/Swarm_Module/Swarm_Module_ws/install/dynamixel_sdk_examples/share/dynamixel_sdk_examples/package.bash'
[4.852s] INFO:colcon.colcon_core.shell:Creating package script '/home/haodong/Swarm_Module/Swarm_Module_ws/install/dynamixel_sdk_examples/share/dynamixel_sdk_examples/package.zsh'
[4.853s] Level 1:colcon.colcon_core.environment:create_file_with_runtime_dependencies(/home/haodong/Swarm_Module/Swarm_Module_ws/install/dynamixel_sdk_examples/share/colcon-core/packages/dynamixel_sdk_examples)
[5.024s] Level 1:colcon.colcon_core.environment:create_environment_scripts_only(dynamixel_sdk_examples)
[5.025s] Level 1:colcon.colcon_core.environment:checking '/home/haodong/Swarm_Module/Swarm_Module_ws/install/dynamixel_sdk_examples' for CMake module files
[5.027s] Level 1:colcon.colcon_core.environment:checking '/home/haodong/Swarm_Module/Swarm_Module_ws/install/dynamixel_sdk_examples' for CMake config files
[5.027s] Level 1:colcon.colcon_core.shell:create_environment_hook('dynamixel_sdk_examples', 'cmake_prefix_path')
[5.028s] INFO:colcon.colcon_core.shell:Creating environment hook '/home/haodong/Swarm_Module/Swarm_Module_ws/install/dynamixel_sdk_examples/share/dynamixel_sdk_examples/hook/cmake_prefix_path.ps1'
[5.030s] INFO:colcon.colcon_core.shell:Creating environment descriptor '/home/haodong/Swarm_Module/Swarm_Module_ws/install/dynamixel_sdk_examples/share/dynamixel_sdk_examples/hook/cmake_prefix_path.dsv'
[5.031s] INFO:colcon.colcon_core.shell:Creating environment hook '/home/haodong/Swarm_Module/Swarm_Module_ws/install/dynamixel_sdk_examples/share/dynamixel_sdk_examples/hook/cmake_prefix_path.sh'
[5.034s] Level 1:colcon.colcon_core.environment:checking '/home/haodong/Swarm_Module/Swarm_Module_ws/install/dynamixel_sdk_examples/lib'
[5.034s] Level 1:colcon.colcon_core.environment:checking '/home/haodong/Swarm_Module/Swarm_Module_ws/install/dynamixel_sdk_examples/bin'
[5.034s] Level 1:colcon.colcon_core.environment:checking '/home/haodong/Swarm_Module/Swarm_Module_ws/install/dynamixel_sdk_examples/lib/pkgconfig/dynamixel_sdk_examples.pc'
[5.035s] Level 1:colcon.colcon_core.environment:checking '/home/haodong/Swarm_Module/Swarm_Module_ws/install/dynamixel_sdk_examples/lib/python3.12/site-packages'
[5.036s] Level 1:colcon.colcon_core.environment:checking '/home/haodong/Swarm_Module/Swarm_Module_ws/install/dynamixel_sdk_examples/bin'
[5.037s] INFO:colcon.colcon_core.shell:Creating package script '/home/haodong/Swarm_Module/Swarm_Module_ws/install/dynamixel_sdk_examples/share/dynamixel_sdk_examples/package.ps1'
[5.039s] INFO:colcon.colcon_core.shell:Creating package descriptor '/home/haodong/Swarm_Module/Swarm_Module_ws/install/dynamixel_sdk_examples/share/dynamixel_sdk_examples/package.dsv'
[5.041s] INFO:colcon.colcon_core.shell:Creating package script '/home/haodong/Swarm_Module/Swarm_Module_ws/install/dynamixel_sdk_examples/share/dynamixel_sdk_examples/package.sh'
[5.043s] INFO:colcon.colcon_core.shell:Creating package script '/home/haodong/Swarm_Module/Swarm_Module_ws/install/dynamixel_sdk_examples/share/dynamixel_sdk_examples/package.bash'
[5.045s] INFO:colcon.colcon_core.shell:Creating package script '/home/haodong/Swarm_Module/Swarm_Module_ws/install/dynamixel_sdk_examples/share/dynamixel_sdk_examples/package.zsh'
[5.046s] Level 1:colcon.colcon_core.environment:create_file_with_runtime_dependencies(/home/haodong/Swarm_Module/Swarm_Module_ws/install/dynamixel_sdk_examples/share/colcon-core/packages/dynamixel_sdk_examples)
[5.047s] INFO:colcon.colcon_ros.task.ament_python.build:Building ROS package in '/home/haodong/Swarm_Module/Swarm_Module_ws/src/dynamixel_motor' with build type 'ament_python'
[5.048s] Level 1:colcon.colcon_core.shell:create_environment_hook('dynamixel_motor', 'ament_prefix_path')
[5.049s] INFO:colcon.colcon_core.shell:Creating environment hook '/home/haodong/Swarm_Module/Swarm_Module_ws/install/dynamixel_motor/share/dynamixel_motor/hook/ament_prefix_path.ps1'
[5.051s] INFO:colcon.colcon_core.shell:Creating environment descriptor '/home/haodong/Swarm_Module/Swarm_Module_ws/install/dynamixel_motor/share/dynamixel_motor/hook/ament_prefix_path.dsv'
[5.054s] INFO:colcon.colcon_core.shell:Creating environment hook '/home/haodong/Swarm_Module/Swarm_Module_ws/install/dynamixel_motor/share/dynamixel_motor/hook/ament_prefix_path.sh'
[5.056s] INFO:colcon.colcon_core.shell:Skip shell extension 'powershell' for command environment: Not usable outside of PowerShell
[5.056s] DEBUG:colcon.colcon_core.shell:Skip shell extension 'dsv' for command environment
[5.512s] INFO:colcon.colcon_core.task.python.build:Building Python package in '/home/haodong/Swarm_Module/Swarm_Module_ws/src/dynamixel_motor'
[5.512s] INFO:colcon.colcon_core.shell:Skip shell extension 'powershell' for command environment: Not usable outside of PowerShell
[5.512s] DEBUG:colcon.colcon_core.shell:Skip shell extension 'dsv' for command environment
[6.345s] DEBUG:colcon.colcon_core.event_handler.log_command:Invoking command in '/home/haodong/Swarm_Module/Swarm_Module_ws/src/dynamixel_motor': DEBUGINFOD_URLS=https://debuginfod.ubuntu.com PYTHONPATH=/home/haodong/Swarm_Module/Swarm_Module_ws/build/dynamixel_motor/prefix_override:/usr/lib/python3/dist-packages/colcon_core/task/python/colcon_distutils_commands:/home/haodong/Swarm_Module/Swarm_Module_ws/install/dynamixel_motor/lib/python3.12/site-packages:/home/haodong/Swarm_Module/Swarm_Module_ws/install/dynamixel_sdk_custom_interfaces/lib/python3.12/site-packages:/home/haodong/Swarm_Module/Swarm_Module_ws/install/dynamixel_motor/lib/python3.12/site-packages:/home/haodong/ws_moveit/install/moveit_task_constructor_core/lib/python3.12/site-packages:/home/haodong/ws_moveit/install/moveit_task_constructor_msgs/lib/python3.12/site-packages:/home/haodong/ws_moveit/install/moveit_py/lib/python3.12/site-packages:/home/haodong/ws_moveit/install/moveit_msgs/lib/python3.12/site-packages:/home/haodong/ws_moveit/install/moveit_configs_utils/lib/python3.12/site-packages:/home/haodong/ws/franka/install/lib/python3.12/site-packages:/opt/ros/jazzy/lib/python3.12/site-packages /usr/bin/python3 -W ignore:setup.py install is deprecated setup.py egg_info --egg-base ../../build/dynamixel_motor build --build-base /home/haodong/Swarm_Module/Swarm_Module_ws/build/dynamixel_motor/build install --record /home/haodong/Swarm_Module/Swarm_Module_ws/build/dynamixel_motor/install.log --single-version-externally-managed install_data
[7.135s] Level 1:colcon.colcon_core.environment:checking '/home/haodong/Swarm_Module/Swarm_Module_ws/install/dynamixel_motor' for CMake module files
[7.136s] DEBUG:colcon.colcon_core.event_handler.log_command:Invoked command in '/home/haodong/Swarm_Module/Swarm_Module_ws/src/dynamixel_motor' returned '0': DEBUGINFOD_URLS=https://debuginfod.ubuntu.com PYTHONPATH=/home/haodong/Swarm_Module/Swarm_Module_ws/build/dynamixel_motor/prefix_override:/usr/lib/python3/dist-packages/colcon_core/task/python/colcon_distutils_commands:/home/haodong/Swarm_Module/Swarm_Module_ws/install/dynamixel_motor/lib/python3.12/site-packages:/home/haodong/Swarm_Module/Swarm_Module_ws/install/dynamixel_sdk_custom_interfaces/lib/python3.12/site-packages:/home/haodong/Swarm_Module/Swarm_Module_ws/install/dynamixel_motor/lib/python3.12/site-packages:/home/haodong/ws_moveit/install/moveit_task_constructor_core/lib/python3.12/site-packages:/home/haodong/ws_moveit/install/moveit_task_constructor_msgs/lib/python3.12/site-packages:/home/haodong/ws_moveit/install/moveit_py/lib/python3.12/site-packages:/home/haodong/ws_moveit/install/moveit_msgs/lib/python3.12/site-packages:/home/haodong/ws_moveit/install/moveit_configs_utils/lib/python3.12/site-packages:/home/haodong/ws/franka/install/lib/python3.12/site-packages:/opt/ros/jazzy/lib/python3.12/site-packages /usr/bin/python3 -W ignore:setup.py install is deprecated setup.py egg_info --egg-base ../../build/dynamixel_motor build --build-base /home/haodong/Swarm_Module/Swarm_Module_ws/build/dynamixel_motor/build install --record /home/haodong/Swarm_Module/Swarm_Module_ws/build/dynamixel_motor/install.log --single-version-externally-managed install_data
[7.136s] Level 1:colcon.colcon_core.environment:checking '/home/haodong/Swarm_Module/Swarm_Module_ws/install/dynamixel_motor' for CMake config files
[7.137s] Level 1:colcon.colcon_core.environment:checking '/home/haodong/Swarm_Module/Swarm_Module_ws/install/dynamixel_motor/lib'
[7.137s] Level 1:colcon.colcon_core.environment:checking '/home/haodong/Swarm_Module/Swarm_Module_ws/install/dynamixel_motor/bin'
[7.137s] Level 1:colcon.colcon_core.environment:checking '/home/haodong/Swarm_Module/Swarm_Module_ws/install/dynamixel_motor/lib/pkgconfig/dynamixel_motor.pc'
[7.137s] Level 1:colcon.colcon_core.environment:checking '/home/haodong/Swarm_Module/Swarm_Module_ws/install/dynamixel_motor/lib/python3.12/site-packages'
[7.137s] Level 1:colcon.colcon_core.shell:create_environment_hook('dynamixel_motor', 'pythonpath')
[7.137s] INFO:colcon.colcon_core.shell:Creating environment hook '/home/haodong/Swarm_Module/Swarm_Module_ws/install/dynamixel_motor/share/dynamixel_motor/hook/pythonpath.ps1'
[7.138s] INFO:colcon.colcon_core.shell:Creating environment descriptor '/home/haodong/Swarm_Module/Swarm_Module_ws/install/dynamixel_motor/share/dynamixel_motor/hook/pythonpath.dsv'
[7.138s] INFO:colcon.colcon_core.shell:Creating environment hook '/home/haodong/Swarm_Module/Swarm_Module_ws/install/dynamixel_motor/share/dynamixel_motor/hook/pythonpath.sh'
[7.139s] Level 1:colcon.colcon_core.environment:checking '/home/haodong/Swarm_Module/Swarm_Module_ws/install/dynamixel_motor/bin'
[7.139s] Level 1:colcon.colcon_core.environment:create_environment_scripts_only(dynamixel_motor)
[7.139s] INFO:colcon.colcon_core.shell:Creating package script '/home/haodong/Swarm_Module/Swarm_Module_ws/install/dynamixel_motor/share/dynamixel_motor/package.ps1'
[7.139s] INFO:colcon.colcon_core.shell:Creating package descriptor '/home/haodong/Swarm_Module/Swarm_Module_ws/install/dynamixel_motor/share/dynamixel_motor/package.dsv'
[7.140s] INFO:colcon.colcon_core.shell:Creating package script '/home/haodong/Swarm_Module/Swarm_Module_ws/install/dynamixel_motor/share/dynamixel_motor/package.sh'
[7.140s] INFO:colcon.colcon_core.shell:Creating package script '/home/haodong/Swarm_Module/Swarm_Module_ws/install/dynamixel_motor/share/dynamixel_motor/package.bash'
[7.141s] INFO:colcon.colcon_core.shell:Creating package script '/home/haodong/Swarm_Module/Swarm_Module_ws/install/dynamixel_motor/share/dynamixel_motor/package.zsh'
[7.141s] Level 1:colcon.colcon_core.environment:create_file_with_runtime_dependencies(/home/haodong/Swarm_Module/Swarm_Module_ws/install/dynamixel_motor/share/colcon-core/packages/dynamixel_motor)
[7.141s] DEBUG:colcon.colcon_parallel_executor.executor.parallel:closing loop
[7.142s] DEBUG:colcon.colcon_parallel_executor.executor.parallel:loop closed
[7.142s] DEBUG:colcon.colcon_parallel_executor.executor.parallel:run_until_complete finished with '0'
[7.142s] DEBUG:colcon.colcon_core.event_reactor:joining thread
[7.149s] INFO:colcon.colcon_core.plugin_system:Skipping extension 'colcon_notification.desktop_notification.terminal_notifier': Not used on non-Darwin systems
[7.149s] INFO:colcon.colcon_core.plugin_system:Skipping extension 'colcon_notification.desktop_notification.win32': Not used on non-Windows systems
[7.150s] INFO:colcon.colcon_notification.desktop_notification:Sending desktop notification using 'notify2'
[7.166s] DEBUG:colcon.colcon_core.event_reactor:joined thread
[7.166s] INFO:colcon.colcon_core.shell:Creating prefix script '/home/haodong/Swarm_Module/Swarm_Module_ws/install/local_setup.ps1'
[7.167s] INFO:colcon.colcon_core.shell:Creating prefix util module '/home/haodong/Swarm_Module/Swarm_Module_ws/install/_local_setup_util_ps1.py'
[7.168s] INFO:colcon.colcon_core.shell:Creating prefix chain script '/home/haodong/Swarm_Module/Swarm_Module_ws/install/setup.ps1'
[7.173s] INFO:colcon.colcon_core.shell:Creating prefix script '/home/haodong/Swarm_Module/Swarm_Module_ws/install/local_setup.sh'
[7.174s] INFO:colcon.colcon_core.shell:Creating prefix util module '/home/haodong/Swarm_Module/Swarm_Module_ws/install/_local_setup_util_sh.py'
[7.175s] INFO:colcon.colcon_core.shell:Creating prefix chain script '/home/haodong/Swarm_Module/Swarm_Module_ws/install/setup.sh'
[7.179s] INFO:colcon.colcon_core.shell:Creating prefix script '/home/haodong/Swarm_Module/Swarm_Module_ws/install/local_setup.bash'
[7.180s] INFO:colcon.colcon_core.shell:Creating prefix chain script '/home/haodong/Swarm_Module/Swarm_Module_ws/install/setup.bash'
[7.185s] INFO:colcon.colcon_core.shell:Creating prefix script '/home/haodong/Swarm_Module/Swarm_Module_ws/install/local_setup.zsh'
[7.185s] INFO:colcon.colcon_core.shell:Creating prefix chain script '/home/haodong/Swarm_Module/Swarm_Module_ws/install/setup.zsh'
