[0.038s] Invoking command in '/home/haodong/modular_ws/build/dynamixel_sdk': CMAKE_PREFIX_PATH=${CMAKE_PREFIX_PATH}:/home/haodong/modular_ws/install/dynamixel_motor:/home/haodong/ws_moveit/install/moveit_configs_utils:/opt/ros/jazzy DEBUGINFOD_URLS=https://debuginfod.ubuntu.com /usr/bin/cmake --build /home/haodong/modular_ws/build/dynamixel_sdk -- -j12 -l12
[0.161s] [100%] Built target dynamixel_sdk
[0.192s] Invoked command in '/home/haodong/modular_ws/build/dynamixel_sdk' returned '0': CMAKE_PREFIX_PATH=${CMAKE_PREFIX_PATH}:/home/haodong/modular_ws/install/dynamixel_motor:/home/haodong/ws_moveit/install/moveit_configs_utils:/opt/ros/jazzy DEBUGINFOD_URLS=https://debuginfod.ubuntu.com /usr/bin/cmake --build /home/haodong/modular_ws/build/dynamixel_sdk -- -j12 -l12
[0.348s] Invoking command in '/home/haodong/modular_ws/build/dynamixel_sdk': CMAKE_PREFIX_PATH=${CMAKE_PREFIX_PATH}:/home/haodong/modular_ws/install/dynamixel_motor:/home/haodong/ws_moveit/install/moveit_configs_utils:/opt/ros/jazzy DEBUGINFOD_URLS=https://debuginfod.ubuntu.com /usr/bin/cmake --install /home/haodong/modular_ws/build/dynamixel_sdk
[0.367s] -- Install configuration: ""
[0.367s] -- Up-to-date: /home/haodong/modular_ws/install/dynamixel_sdk/include/
[0.367s] -- Up-to-date: /home/haodong/modular_ws/install/dynamixel_sdk/include//dynamixel_sdk
[0.367s] -- Up-to-date: /home/haodong/modular_ws/install/dynamixel_sdk/include//dynamixel_sdk/group_sync_write.h
[0.368s] -- Up-to-date: /home/haodong/modular_ws/install/dynamixel_sdk/include//dynamixel_sdk/port_handler.h
[0.368s] -- Up-to-date: /home/haodong/modular_ws/install/dynamixel_sdk/include//dynamixel_sdk/port_handler_arduino.h
[0.368s] -- Up-to-date: /home/haodong/modular_ws/install/dynamixel_sdk/include//dynamixel_sdk/port_handler_linux.h
[0.368s] -- Up-to-date: /home/haodong/modular_ws/install/dynamixel_sdk/include//dynamixel_sdk/port_handler_mac.h
[0.368s] -- Up-to-date: /home/haodong/modular_ws/install/dynamixel_sdk/include//dynamixel_sdk/protocol2_packet_handler.h
[0.368s] -- Up-to-date: /home/haodong/modular_ws/install/dynamixel_sdk/include//dynamixel_sdk/group_bulk_read.h
[0.369s] -- Up-to-date: /home/haodong/modular_ws/install/dynamixel_sdk/include//dynamixel_sdk/port_handler_windows.h
[0.369s] -- Up-to-date: /home/haodong/modular_ws/install/dynamixel_sdk/include//dynamixel_sdk/protocol1_packet_handler.h
[0.369s] -- Up-to-date: /home/haodong/modular_ws/install/dynamixel_sdk/include//dynamixel_sdk/dynamixel_sdk.h
[0.369s] -- Up-to-date: /home/haodong/modular_ws/install/dynamixel_sdk/include//dynamixel_sdk/group_sync_read.h
[0.369s] -- Up-to-date: /home/haodong/modular_ws/install/dynamixel_sdk/include//dynamixel_sdk/group_bulk_write.h
[0.370s] -- Up-to-date: /home/haodong/modular_ws/install/dynamixel_sdk/include//dynamixel_sdk/packet_handler.h
[0.370s] -- Up-to-date: /home/haodong/modular_ws/install/dynamixel_sdk/lib/libdynamixel_sdk.so
[0.370s] -- Up-to-date: /home/haodong/modular_ws/install/dynamixel_sdk/share/dynamixel_sdk/environment/library_path.sh
[0.370s] -- Up-to-date: /home/haodong/modular_ws/install/dynamixel_sdk/share/dynamixel_sdk/environment/library_path.dsv
[0.370s] -- Up-to-date: /home/haodong/modular_ws/install/dynamixel_sdk/share/ament_index/resource_index/package_run_dependencies/dynamixel_sdk
[0.370s] -- Up-to-date: /home/haodong/modular_ws/install/dynamixel_sdk/share/ament_index/resource_index/parent_prefix_path/dynamixel_sdk
[0.371s] -- Up-to-date: /home/haodong/modular_ws/install/dynamixel_sdk/share/dynamixel_sdk/environment/ament_prefix_path.sh
[0.371s] -- Up-to-date: /home/haodong/modular_ws/install/dynamixel_sdk/share/dynamixel_sdk/environment/ament_prefix_path.dsv
[0.371s] -- Up-to-date: /home/haodong/modular_ws/install/dynamixel_sdk/share/dynamixel_sdk/environment/path.sh
[0.371s] -- Up-to-date: /home/haodong/modular_ws/install/dynamixel_sdk/share/dynamixel_sdk/environment/path.dsv
[0.371s] -- Up-to-date: /home/haodong/modular_ws/install/dynamixel_sdk/share/dynamixel_sdk/local_setup.bash
[0.371s] -- Up-to-date: /home/haodong/modular_ws/install/dynamixel_sdk/share/dynamixel_sdk/local_setup.sh
[0.371s] -- Up-to-date: /home/haodong/modular_ws/install/dynamixel_sdk/share/dynamixel_sdk/local_setup.zsh
[0.372s] -- Up-to-date: /home/haodong/modular_ws/install/dynamixel_sdk/share/dynamixel_sdk/local_setup.dsv
[0.372s] -- Installing: /home/haodong/modular_ws/install/dynamixel_sdk/share/dynamixel_sdk/package.dsv
[0.372s] -- Up-to-date: /home/haodong/modular_ws/install/dynamixel_sdk/share/ament_index/resource_index/packages/dynamixel_sdk
[0.372s] -- Up-to-date: /home/haodong/modular_ws/install/dynamixel_sdk/share/dynamixel_sdk/cmake/ament_cmake_export_include_directories-extras.cmake
[0.372s] -- Up-to-date: /home/haodong/modular_ws/install/dynamixel_sdk/share/dynamixel_sdk/cmake/ament_cmake_export_libraries-extras.cmake
[0.372s] -- Up-to-date: /home/haodong/modular_ws/install/dynamixel_sdk/share/dynamixel_sdk/cmake/dynamixel_sdkConfig.cmake
[0.372s] -- Up-to-date: /home/haodong/modular_ws/install/dynamixel_sdk/share/dynamixel_sdk/cmake/dynamixel_sdkConfig-version.cmake
[0.372s] -- Up-to-date: /home/haodong/modular_ws/install/dynamixel_sdk/share/dynamixel_sdk/package.xml
[0.374s] Invoked command in '/home/haodong/modular_ws/build/dynamixel_sdk' returned '0': CMAKE_PREFIX_PATH=${CMAKE_PREFIX_PATH}:/home/haodong/modular_ws/install/dynamixel_motor:/home/haodong/ws_moveit/install/moveit_configs_utils:/opt/ros/jazzy DEBUGINFOD_URLS=https://debuginfod.ubuntu.com /usr/bin/cmake --install /home/haodong/modular_ws/build/dynamixel_sdk
