running egg_info
creating ../../build/dynamixel_motor/dynamixel_motor.egg-info
writing ../../build/dynamixel_motor/dynamixel_motor.egg-info/PKG-INFO
writing dependency_links to ../../build/dynamixel_motor/dynamixel_motor.egg-info/dependency_links.txt
writing entry points to ../../build/dynamixel_motor/dynamixel_motor.egg-info/entry_points.txt
writing requirements to ../../build/dynamixel_motor/dynamixel_motor.egg-info/requires.txt
writing top-level names to ../../build/dynamixel_motor/dynamixel_motor.egg-info/top_level.txt
writing manifest file '../../build/dynamixel_motor/dynamixel_motor.egg-info/SOURCES.txt'
reading manifest file '../../build/dynamixel_motor/dynamixel_motor.egg-info/SOURCES.txt'
adding license file 'LICENSE'
writing manifest file '../../build/dynamixel_motor/dynamixel_motor.egg-info/SOURCES.txt'
running build
running build_py
creating /home/haodong/Swarm_Module/Swarm_Module_ws/build/dynamixel_motor/build
creating /home/haodong/Swarm_Module/Swarm_Module_ws/build/dynamixel_motor/build/lib
creating /home/haodong/Swarm_Module/Swarm_Module_ws/build/dynamixel_motor/build/lib/dynamixel_motor
copying dynamixel_motor/MovementControl.py -> /home/haodong/Swarm_Module/Swarm_Module_ws/build/dynamixel_motor/build/lib/dynamixel_motor
copying dynamixel_motor/__init__.py -> /home/haodong/Swarm_Module/Swarm_Module_ws/build/dynamixel_motor/build/lib/dynamixel_motor
running install
running install_lib
creating /home/haodong/Swarm_Module/Swarm_Module_ws/install/dynamixel_motor/lib/python3.12/site-packages/dynamixel_motor
copying /home/haodong/Swarm_Module/Swarm_Module_ws/build/dynamixel_motor/build/lib/dynamixel_motor/MovementControl.py -> /home/haodong/Swarm_Module/Swarm_Module_ws/install/dynamixel_motor/lib/python3.12/site-packages/dynamixel_motor
copying /home/haodong/Swarm_Module/Swarm_Module_ws/build/dynamixel_motor/build/lib/dynamixel_motor/__init__.py -> /home/haodong/Swarm_Module/Swarm_Module_ws/install/dynamixel_motor/lib/python3.12/site-packages/dynamixel_motor
byte-compiling /home/haodong/Swarm_Module/Swarm_Module_ws/install/dynamixel_motor/lib/python3.12/site-packages/dynamixel_motor/MovementControl.py to MovementControl.cpython-312.pyc
byte-compiling /home/haodong/Swarm_Module/Swarm_Module_ws/install/dynamixel_motor/lib/python3.12/site-packages/dynamixel_motor/__init__.py to __init__.cpython-312.pyc
running install_data
creating /home/haodong/Swarm_Module/Swarm_Module_ws/install/dynamixel_motor/share/ament_index
creating /home/haodong/Swarm_Module/Swarm_Module_ws/install/dynamixel_motor/share/ament_index/resource_index
creating /home/haodong/Swarm_Module/Swarm_Module_ws/install/dynamixel_motor/share/ament_index/resource_index/packages
copying resource/dynamixel_motor -> /home/haodong/Swarm_Module/Swarm_Module_ws/install/dynamixel_motor/share/ament_index/resource_index/packages
copying package.xml -> /home/haodong/Swarm_Module/Swarm_Module_ws/install/dynamixel_motor/share/dynamixel_motor
copying launch/run_module.launch.xml -> /home/haodong/Swarm_Module/Swarm_Module_ws/install/dynamixel_motor/share/dynamixel_motor
running install_egg_info
Copying ../../build/dynamixel_motor/dynamixel_motor.egg-info to /home/haodong/Swarm_Module/Swarm_Module_ws/install/dynamixel_motor/lib/python3.12/site-packages/dynamixel_motor-0.0.0-py3.12.egg-info
running install_scripts
Installing MovementControl script to /home/haodong/Swarm_Module/Swarm_Module_ws/install/dynamixel_motor/lib/dynamixel_motor
writing list of installed files to '/home/haodong/Swarm_Module/Swarm_Module_ws/build/dynamixel_motor/install.log'
