[1.280s] Invoking command in '/home/haodong/Swarm_Module/Swarm_Module_ws/src/dynamixel_motor': AMENT_PREFIX_PATH=/home/haodong/Swarm_Module/Swarm_Module_ws/install/dynamixel_sdk_examples:/home/haodong/Swarm_Module/Swarm_Module_ws/install/dynamixel_sdk_custom_interfaces:/home/haodong/Swarm_Module/Swarm_Module_ws/install/dynamixel_sdk:${AMENT_PREFIX_PATH} CMAKE_PREFIX_PATH=/home/haodong/Swarm_Module/Swarm_Module_ws/install/dynamixel_sdk_examples:/home/haodong/Swarm_Module/Swarm_Module_ws/install/dynamixel_sdk_custom_interfaces:/home/haodong/Swarm_Module/Swarm_Module_ws/install/dynamixel_sdk:${CMAKE_PREFIX_PATH} DEBUGINFOD_URLS=https://debuginfod.ubuntu.com LD_LIBRARY_PATH=/home/haodong/Swarm_Module/Swarm_Module_ws/install/dynamixel_sdk_custom_interfaces/lib:/home/haodong/Swarm_Module/Swarm_Module_ws/install/dynamixel_sdk/lib:${LD_LIBRARY_PATH} PYTHONPATH=/home/haodong/Swarm_Module/Swarm_Module_ws/build/dynamixel_motor/prefix_override:/usr/lib/python3/dist-packages/colcon_core/task/python/colcon_distutils_commands:/home/haodong/Swarm_Module/Swarm_Module_ws/install/dynamixel_motor/lib/python3.12/site-packages:/home/haodong/Swarm_Module/Swarm_Module_ws/install/dynamixel_sdk_custom_interfaces/lib/python3.12/site-packages:${PYTHONPATH} /usr/bin/python3 -W ignore:setup.py install is deprecated setup.py egg_info --egg-base ../../build/dynamixel_motor build --build-base /home/haodong/Swarm_Module/Swarm_Module_ws/build/dynamixel_motor/build install --record /home/haodong/Swarm_Module/Swarm_Module_ws/build/dynamixel_motor/install.log --single-version-externally-managed install_data
[1.647s] running egg_info
[1.648s] creating ../../build/dynamixel_motor/dynamixel_motor.egg-info
[1.680s] writing ../../build/dynamixel_motor/dynamixel_motor.egg-info/PKG-INFO
[1.680s] writing dependency_links to ../../build/dynamixel_motor/dynamixel_motor.egg-info/dependency_links.txt
[1.681s] writing entry points to ../../build/dynamixel_motor/dynamixel_motor.egg-info/entry_points.txt
[1.681s] writing requirements to ../../build/dynamixel_motor/dynamixel_motor.egg-info/requires.txt
[1.681s] writing top-level names to ../../build/dynamixel_motor/dynamixel_motor.egg-info/top_level.txt
[1.681s] writing manifest file '../../build/dynamixel_motor/dynamixel_motor.egg-info/SOURCES.txt'
[1.745s] reading manifest file '../../build/dynamixel_motor/dynamixel_motor.egg-info/SOURCES.txt'
[1.746s] adding license file 'LICENSE'
[1.746s] writing manifest file '../../build/dynamixel_motor/dynamixel_motor.egg-info/SOURCES.txt'
[1.747s] running build
[1.747s] running build_py
[1.748s] creating /home/haodong/Swarm_Module/Swarm_Module_ws/build/dynamixel_motor/build
[1.748s] creating /home/haodong/Swarm_Module/Swarm_Module_ws/build/dynamixel_motor/build/lib
[1.748s] creating /home/haodong/Swarm_Module/Swarm_Module_ws/build/dynamixel_motor/build/lib/dynamixel_motor
[1.748s] copying dynamixel_motor/MovementControl.py -> /home/haodong/Swarm_Module/Swarm_Module_ws/build/dynamixel_motor/build/lib/dynamixel_motor
[1.748s] copying dynamixel_motor/__init__.py -> /home/haodong/Swarm_Module/Swarm_Module_ws/build/dynamixel_motor/build/lib/dynamixel_motor
[1.748s] running install
[1.754s] running install_lib
[1.787s] creating /home/haodong/Swarm_Module/Swarm_Module_ws/install/dynamixel_motor/lib/python3.12/site-packages/dynamixel_motor
[1.787s] copying /home/haodong/Swarm_Module/Swarm_Module_ws/build/dynamixel_motor/build/lib/dynamixel_motor/MovementControl.py -> /home/haodong/Swarm_Module/Swarm_Module_ws/install/dynamixel_motor/lib/python3.12/site-packages/dynamixel_motor
[1.787s] copying /home/haodong/Swarm_Module/Swarm_Module_ws/build/dynamixel_motor/build/lib/dynamixel_motor/__init__.py -> /home/haodong/Swarm_Module/Swarm_Module_ws/install/dynamixel_motor/lib/python3.12/site-packages/dynamixel_motor
[1.787s] byte-compiling /home/haodong/Swarm_Module/Swarm_Module_ws/install/dynamixel_motor/lib/python3.12/site-packages/dynamixel_motor/MovementControl.py to MovementControl.cpython-312.pyc
[1.792s] byte-compiling /home/haodong/Swarm_Module/Swarm_Module_ws/install/dynamixel_motor/lib/python3.12/site-packages/dynamixel_motor/__init__.py to __init__.cpython-312.pyc
[1.792s] running install_data
[1.793s] creating /home/haodong/Swarm_Module/Swarm_Module_ws/install/dynamixel_motor/share/ament_index
[1.793s] creating /home/haodong/Swarm_Module/Swarm_Module_ws/install/dynamixel_motor/share/ament_index/resource_index
[1.793s] creating /home/haodong/Swarm_Module/Swarm_Module_ws/install/dynamixel_motor/share/ament_index/resource_index/packages
[1.793s] copying resource/dynamixel_motor -> /home/haodong/Swarm_Module/Swarm_Module_ws/install/dynamixel_motor/share/ament_index/resource_index/packages
[1.793s] copying package.xml -> /home/haodong/Swarm_Module/Swarm_Module_ws/install/dynamixel_motor/share/dynamixel_motor
[1.793s] copying launch/run_module.launch.xml -> /home/haodong/Swarm_Module/Swarm_Module_ws/install/dynamixel_motor/share/dynamixel_motor
[1.793s] running install_egg_info
[1.829s] Copying ../../build/dynamixel_motor/dynamixel_motor.egg-info to /home/haodong/Swarm_Module/Swarm_Module_ws/install/dynamixel_motor/lib/python3.12/site-packages/dynamixel_motor-0.0.0-py3.12.egg-info
[1.830s] running install_scripts
[2.028s] Installing MovementControl script to /home/haodong/Swarm_Module/Swarm_Module_ws/install/dynamixel_motor/lib/dynamixel_motor
[2.029s] writing list of installed files to '/home/haodong/Swarm_Module/Swarm_Module_ws/build/dynamixel_motor/install.log'
[2.051s] Invoked command in '/home/haodong/Swarm_Module/Swarm_Module_ws/src/dynamixel_motor' returned '0': AMENT_PREFIX_PATH=/home/haodong/Swarm_Module/Swarm_Module_ws/install/dynamixel_sdk_examples:/home/haodong/Swarm_Module/Swarm_Module_ws/install/dynamixel_sdk_custom_interfaces:/home/haodong/Swarm_Module/Swarm_Module_ws/install/dynamixel_sdk:${AMENT_PREFIX_PATH} CMAKE_PREFIX_PATH=/home/haodong/Swarm_Module/Swarm_Module_ws/install/dynamixel_sdk_examples:/home/haodong/Swarm_Module/Swarm_Module_ws/install/dynamixel_sdk_custom_interfaces:/home/haodong/Swarm_Module/Swarm_Module_ws/install/dynamixel_sdk:${CMAKE_PREFIX_PATH} DEBUGINFOD_URLS=https://debuginfod.ubuntu.com LD_LIBRARY_PATH=/home/haodong/Swarm_Module/Swarm_Module_ws/install/dynamixel_sdk_custom_interfaces/lib:/home/haodong/Swarm_Module/Swarm_Module_ws/install/dynamixel_sdk/lib:${LD_LIBRARY_PATH} PYTHONPATH=/home/haodong/Swarm_Module/Swarm_Module_ws/build/dynamixel_motor/prefix_override:/usr/lib/python3/dist-packages/colcon_core/task/python/colcon_distutils_commands:/home/haodong/Swarm_Module/Swarm_Module_ws/install/dynamixel_motor/lib/python3.12/site-packages:/home/haodong/Swarm_Module/Swarm_Module_ws/install/dynamixel_sdk_custom_interfaces/lib/python3.12/site-packages:${PYTHONPATH} /usr/bin/python3 -W ignore:setup.py install is deprecated setup.py egg_info --egg-base ../../build/dynamixel_motor build --build-base /home/haodong/Swarm_Module/Swarm_Module_ws/build/dynamixel_motor/build install --record /home/haodong/Swarm_Module/Swarm_Module_ws/build/dynamixel_motor/install.log --single-version-externally-managed install_data
